2024-11-21 09:07:12,288 DEBUG    root            Metrics collector initialized...
2024-11-21 09:07:12,288 DEBUG    root            Loaded Command Group: ['gcloud', 'components']
2024-11-21 09:07:12,291 DEBUG    root            Loaded Command Group: ['gcloud', 'components', 'update']
2024-11-21 09:07:12,291 DEBUG    root            Running [gcloud.components.update] with arguments: [--no-compile-python: "False", --quiet: "True", COMPONENT-IDS:6: "['alpha', 'beta', 'gke-gcloud-auth-plugin', 'kubectl', 'skaffold', 'minikube']"]
2024-11-21 09:07:12,291 INFO     ___FILE_ONLY___ Beginning update. This process may take several minutes.

2024-11-21 09:07:12,305 DEBUG    urllib3.connectionpool Starting new HTTPS connection (1): dl.google.com:443
2024-11-21 09:07:12,467 DEBUG    urllib3.connectionpool https://dl.google.com:443 "GET /dl/cloudsdk/channels/rapid/components-2.json HTTP/1.1" 200 227816
2024-11-21 09:07:12,516 INFO     ___FILE_ONLY___ 

2024-11-21 09:07:12,516 INFO     ___FILE_ONLY___ 
Your current Google Cloud CLI version is: 502.0.0

2024-11-21 09:07:12,516 INFO     ___FILE_ONLY___ Installing components from version: 502.0.0

2024-11-21 09:07:12,516 INFO     ___FILE_ONLY___ 

2024-11-21 09:07:12,517 DEBUG    root            Chosen display Format:table[box,title="These components will be removed."](details.display_name:label=Name:align=left,version.version_string:label=Version:align=right,data.size.size(zero="",min=1048576):label=Size:align=right)
2024-11-21 09:07:12,517 DEBUG    root            Chosen display Format:table[box,title="These components will be updated."](details.display_name:label=Name:align=left,version.version_string:label=Version:align=right,data.size.size(zero="",min=1048576):label=Size:align=right)
2024-11-21 09:07:12,517 DEBUG    root            Chosen display Format:table[box,title="These components will be installed."](details.display_name:label=Name:align=left,version.version_string:label=Version:align=right,data.size.size(zero="",min=1048576):label=Size:align=right)
2024-11-21 09:07:12,533 INFO     ___FILE_ONLY___ ┌─────────────────────────────────────────────────────────────────────────────┐
2024-11-21 09:07:12,533 INFO     ___FILE_ONLY___ 

2024-11-21 09:07:12,533 INFO     ___FILE_ONLY___ │                     These components will be installed.                     │
2024-11-21 09:07:12,533 INFO     ___FILE_ONLY___ 

2024-11-21 09:07:12,533 INFO     ___FILE_ONLY___ ├─────────────────────────────────────────────────────┬────────────┬──────────┤
2024-11-21 09:07:12,533 INFO     ___FILE_ONLY___ 

2024-11-21 09:07:12,533 INFO     ___FILE_ONLY___ │                         Name                        │  Version   │   Size   │
2024-11-21 09:07:12,533 INFO     ___FILE_ONLY___ 

2024-11-21 09:07:12,533 INFO     ___FILE_ONLY___ ├─────────────────────────────────────────────────────┼────────────┼──────────┤
2024-11-21 09:07:12,533 INFO     ___FILE_ONLY___ 

2024-11-21 09:07:12,533 INFO     ___FILE_ONLY___ │ 
2024-11-21 09:07:12,533 INFO     ___FILE_ONLY___ Google Cloud CLI Core Libraries (Platform Specific)
2024-11-21 09:07:12,533 INFO     ___FILE_ONLY___  
2024-11-21 09:07:12,533 INFO     ___FILE_ONLY___ │ 
2024-11-21 09:07:12,533 INFO     ___FILE_ONLY___ 2024.08.30
2024-11-21 09:07:12,533 INFO     ___FILE_ONLY___  
2024-11-21 09:07:12,533 INFO     ___FILE_ONLY___ │ 
2024-11-21 09:07:12,533 INFO     ___FILE_ONLY___  < 1 MiB
2024-11-21 09:07:12,533 INFO     ___FILE_ONLY___  
2024-11-21 09:07:12,533 INFO     ___FILE_ONLY___ │
2024-11-21 09:07:12,533 INFO     ___FILE_ONLY___ 

2024-11-21 09:07:12,533 INFO     ___FILE_ONLY___ │ 
2024-11-21 09:07:12,533 INFO     ___FILE_ONLY___ Minikube (Platform Specific)                       
2024-11-21 09:07:12,533 INFO     ___FILE_ONLY___  
2024-11-21 09:07:12,534 INFO     ___FILE_ONLY___ │ 
2024-11-21 09:07:12,534 INFO     ___FILE_ONLY___     1.34.0
2024-11-21 09:07:12,534 INFO     ___FILE_ONLY___  
2024-11-21 09:07:12,534 INFO     ___FILE_ONLY___ │ 
2024-11-21 09:07:12,534 INFO     ___FILE_ONLY___ 37.2 MiB
2024-11-21 09:07:12,534 INFO     ___FILE_ONLY___  
2024-11-21 09:07:12,534 INFO     ___FILE_ONLY___ │
2024-11-21 09:07:12,534 INFO     ___FILE_ONLY___ 

2024-11-21 09:07:12,534 INFO     ___FILE_ONLY___ │ 
2024-11-21 09:07:12,534 INFO     ___FILE_ONLY___ Skaffold (Platform Specific)                       
2024-11-21 09:07:12,534 INFO     ___FILE_ONLY___  
2024-11-21 09:07:12,534 INFO     ___FILE_ONLY___ │ 
2024-11-21 09:07:12,534 INFO     ___FILE_ONLY___     2.13.1
2024-11-21 09:07:12,534 INFO     ___FILE_ONLY___  
2024-11-21 09:07:12,534 INFO     ___FILE_ONLY___ │ 
2024-11-21 09:07:12,534 INFO     ___FILE_ONLY___ 22.9 MiB
2024-11-21 09:07:12,534 INFO     ___FILE_ONLY___  
2024-11-21 09:07:12,534 INFO     ___FILE_ONLY___ │
2024-11-21 09:07:12,534 INFO     ___FILE_ONLY___ 

2024-11-21 09:07:12,534 INFO     ___FILE_ONLY___ │ 
2024-11-21 09:07:12,534 INFO     ___FILE_ONLY___ gcloud Alpha Commands                              
2024-11-21 09:07:12,534 INFO     ___FILE_ONLY___  
2024-11-21 09:07:12,534 INFO     ___FILE_ONLY___ │ 
2024-11-21 09:07:12,534 INFO     ___FILE_ONLY___ 2024.11.15
2024-11-21 09:07:12,534 INFO     ___FILE_ONLY___  
2024-11-21 09:07:12,534 INFO     ___FILE_ONLY___ │ 
2024-11-21 09:07:12,534 INFO     ___FILE_ONLY___  < 1 MiB
2024-11-21 09:07:12,534 INFO     ___FILE_ONLY___  
2024-11-21 09:07:12,534 INFO     ___FILE_ONLY___ │
2024-11-21 09:07:12,534 INFO     ___FILE_ONLY___ 

2024-11-21 09:07:12,534 INFO     ___FILE_ONLY___ │ 
2024-11-21 09:07:12,534 INFO     ___FILE_ONLY___ gcloud Beta Commands                               
2024-11-21 09:07:12,534 INFO     ___FILE_ONLY___  
2024-11-21 09:07:12,534 INFO     ___FILE_ONLY___ │ 
2024-11-21 09:07:12,534 INFO     ___FILE_ONLY___ 2024.11.15
2024-11-21 09:07:12,534 INFO     ___FILE_ONLY___  
2024-11-21 09:07:12,534 INFO     ___FILE_ONLY___ │ 
2024-11-21 09:07:12,534 INFO     ___FILE_ONLY___  < 1 MiB
2024-11-21 09:07:12,534 INFO     ___FILE_ONLY___  
2024-11-21 09:07:12,534 INFO     ___FILE_ONLY___ │
2024-11-21 09:07:12,534 INFO     ___FILE_ONLY___ 

2024-11-21 09:07:12,535 INFO     ___FILE_ONLY___ │ 
2024-11-21 09:07:12,535 INFO     ___FILE_ONLY___ gcloud cli dependencies (Platform Specific)        
2024-11-21 09:07:12,535 INFO     ___FILE_ONLY___  
2024-11-21 09:07:12,535 INFO     ___FILE_ONLY___ │ 
2024-11-21 09:07:12,535 INFO     ___FILE_ONLY___ 2021.04.16
2024-11-21 09:07:12,535 INFO     ___FILE_ONLY___  
2024-11-21 09:07:12,535 INFO     ___FILE_ONLY___ │ 
2024-11-21 09:07:12,535 INFO     ___FILE_ONLY___  < 1 MiB
2024-11-21 09:07:12,535 INFO     ___FILE_ONLY___  
2024-11-21 09:07:12,535 INFO     ___FILE_ONLY___ │
2024-11-21 09:07:12,535 INFO     ___FILE_ONLY___ 

2024-11-21 09:07:12,535 INFO     ___FILE_ONLY___ │ 
2024-11-21 09:07:12,535 INFO     ___FILE_ONLY___ gke-gcloud-auth-plugin (Platform Specific)         
2024-11-21 09:07:12,535 INFO     ___FILE_ONLY___  
2024-11-21 09:07:12,535 INFO     ___FILE_ONLY___ │ 
2024-11-21 09:07:12,535 INFO     ___FILE_ONLY___      0.5.9
2024-11-21 09:07:12,535 INFO     ___FILE_ONLY___  
2024-11-21 09:07:12,535 INFO     ___FILE_ONLY___ │ 
2024-11-21 09:07:12,535 INFO     ___FILE_ONLY___  4.0 MiB
2024-11-21 09:07:12,535 INFO     ___FILE_ONLY___  
2024-11-21 09:07:12,535 INFO     ___FILE_ONLY___ │
2024-11-21 09:07:12,535 INFO     ___FILE_ONLY___ 

2024-11-21 09:07:12,535 INFO     ___FILE_ONLY___ │ 
2024-11-21 09:07:12,535 INFO     ___FILE_ONLY___ kubectl                                            
2024-11-21 09:07:12,535 INFO     ___FILE_ONLY___  
2024-11-21 09:07:12,535 INFO     ___FILE_ONLY___ │ 
2024-11-21 09:07:12,535 INFO     ___FILE_ONLY___     1.30.5
2024-11-21 09:07:12,535 INFO     ___FILE_ONLY___  
2024-11-21 09:07:12,535 INFO     ___FILE_ONLY___ │ 
2024-11-21 09:07:12,535 INFO     ___FILE_ONLY___  < 1 MiB
2024-11-21 09:07:12,535 INFO     ___FILE_ONLY___  
2024-11-21 09:07:12,535 INFO     ___FILE_ONLY___ │
2024-11-21 09:07:12,535 INFO     ___FILE_ONLY___ 

2024-11-21 09:07:12,535 INFO     ___FILE_ONLY___ │ 
2024-11-21 09:07:12,535 INFO     ___FILE_ONLY___ kubectl (Platform Specific)                        
2024-11-21 09:07:12,535 INFO     ___FILE_ONLY___  
2024-11-21 09:07:12,535 INFO     ___FILE_ONLY___ │ 
2024-11-21 09:07:12,535 INFO     ___FILE_ONLY___     1.30.6
2024-11-21 09:07:12,535 INFO     ___FILE_ONLY___  
2024-11-21 09:07:12,535 INFO     ___FILE_ONLY___ │ 
2024-11-21 09:07:12,535 INFO     ___FILE_ONLY___ 86.1 MiB
2024-11-21 09:07:12,536 INFO     ___FILE_ONLY___  
2024-11-21 09:07:12,536 INFO     ___FILE_ONLY___ │
2024-11-21 09:07:12,536 INFO     ___FILE_ONLY___ 

2024-11-21 09:07:12,536 INFO     ___FILE_ONLY___ └─────────────────────────────────────────────────────┴────────────┴──────────┘
2024-11-21 09:07:12,536 INFO     ___FILE_ONLY___ 

2024-11-21 09:07:12,536 INFO     ___FILE_ONLY___ 

2024-11-21 09:07:12,537 DEBUG    urllib3.connectionpool Starting new HTTPS connection (1): dl.google.com:443
2024-11-21 09:07:12,674 DEBUG    urllib3.connectionpool https://dl.google.com:443 "GET /dl/cloudsdk/channels/rapid/RELEASE_NOTES HTTP/1.1" 200 1314602
2024-11-21 09:07:12,776 INFO     ___FILE_ONLY___ For the latest full release notes, please visit:
  https://cloud.google.com/sdk/release_notes


2024-11-21 09:07:12,776 INFO     ___FILE_ONLY___ Performing in place update...


2024-11-21 09:07:12,812 INFO     ___FILE_ONLY___ ╔════════════════════════════════════════════════════════════╗

2024-11-21 09:07:12,812 INFO     ___FILE_ONLY___ ╠═ Downloading: Google Cloud CLI Core Libraries (Platfor... ═╣

2024-11-21 09:07:12,812 INFO     ___FILE_ONLY___ ╚
2024-11-21 09:07:12,816 DEBUG    urllib3.connectionpool Starting new HTTPS connection (1): dl.google.com:443
2024-11-21 09:07:12,953 DEBUG    urllib3.connectionpool https://dl.google.com:443 "GET /dl/cloudsdk/channels/rapid/components/google-cloud-sdk-core-nix-20240830134514.tar.gz HTTP/1.1" 200 2306
2024-11-21 09:07:12,954 INFO     ___FILE_ONLY___ ════════════════════════════════════════════════════════════
2024-11-21 09:07:12,955 INFO     ___FILE_ONLY___ ╝

2024-11-21 09:07:12,975 INFO     ___FILE_ONLY___ ╔════════════════════════════════════════════════════════════╗

2024-11-21 09:07:12,975 INFO     ___FILE_ONLY___ ╠═ Downloading: Minikube                                    ═╣

2024-11-21 09:07:12,975 INFO     ___FILE_ONLY___ ╚
2024-11-21 09:07:12,975 INFO     ___FILE_ONLY___ ════════════════════════════════════════════════════════════
2024-11-21 09:07:12,975 INFO     ___FILE_ONLY___ ╝

2024-11-21 09:07:12,986 INFO     ___FILE_ONLY___ ╔════════════════════════════════════════════════════════════╗

2024-11-21 09:07:12,986 INFO     ___FILE_ONLY___ ╠═ Downloading: Minikube (Platform Specific)                ═╣

2024-11-21 09:07:12,986 INFO     ___FILE_ONLY___ ╚
2024-11-21 09:07:12,993 DEBUG    urllib3.connectionpool Starting new HTTPS connection (1): dl.google.com:443
2024-11-21 09:07:13,141 DEBUG    urllib3.connectionpool https://dl.google.com:443 "GET /dl/cloudsdk/channels/rapid/components/google-cloud-sdk-minikube-darwin-arm-20240927140238.tar.gz HTTP/1.1" 200 38981244
2024-11-21 09:07:13,666 INFO     ___FILE_ONLY___ ═
2024-11-21 09:07:13,667 INFO     ___FILE_ONLY___ ═
2024-11-21 09:07:13,668 INFO     ___FILE_ONLY___ ═
2024-11-21 09:07:13,674 INFO     ___FILE_ONLY___ ═
2024-11-21 09:07:13,675 INFO     ___FILE_ONLY___ ═
2024-11-21 09:07:13,675 INFO     ___FILE_ONLY___ ═
2024-11-21 09:07:13,676 INFO     ___FILE_ONLY___ ═
2024-11-21 09:07:13,677 INFO     ___FILE_ONLY___ ═
2024-11-21 09:07:13,678 INFO     ___FILE_ONLY___ ═
2024-11-21 09:07:13,679 INFO     ___FILE_ONLY___ ═
2024-11-21 09:07:13,679 INFO     ___FILE_ONLY___ ═
2024-11-21 09:07:13,680 INFO     ___FILE_ONLY___ ═
2024-11-21 09:07:13,688 INFO     ___FILE_ONLY___ ═
2024-11-21 09:07:13,688 INFO     ___FILE_ONLY___ ═
2024-11-21 09:07:13,698 INFO     ___FILE_ONLY___ ═
2024-11-21 09:07:13,698 INFO     ___FILE_ONLY___ ═
2024-11-21 09:07:13,699 INFO     ___FILE_ONLY___ ═
2024-11-21 09:07:13,700 INFO     ___FILE_ONLY___ ═
2024-11-21 09:07:13,700 INFO     ___FILE_ONLY___ ═
2024-11-21 09:07:13,701 INFO     ___FILE_ONLY___ ═
2024-11-21 09:07:13,702 INFO     ___FILE_ONLY___ ═
2024-11-21 09:07:13,702 INFO     ___FILE_ONLY___ ═
2024-11-21 09:07:13,703 INFO     ___FILE_ONLY___ ═
2024-11-21 09:07:13,704 INFO     ___FILE_ONLY___ ═
2024-11-21 09:07:13,705 INFO     ___FILE_ONLY___ ═
2024-11-21 09:07:13,706 INFO     ___FILE_ONLY___ ═
2024-11-21 09:07:13,707 INFO     ___FILE_ONLY___ ═
2024-11-21 09:07:13,707 INFO     ___FILE_ONLY___ ═
2024-11-21 09:07:13,708 INFO     ___FILE_ONLY___ ═
2024-11-21 09:07:13,708 INFO     ___FILE_ONLY___ ═
2024-11-21 09:07:13,709 INFO     ___FILE_ONLY___ ═
2024-11-21 09:07:13,710 INFO     ___FILE_ONLY___ ═
2024-11-21 09:07:13,710 INFO     ___FILE_ONLY___ ═
2024-11-21 09:07:13,711 INFO     ___FILE_ONLY___ ═
2024-11-21 09:07:13,711 INFO     ___FILE_ONLY___ ═
2024-11-21 09:07:13,712 INFO     ___FILE_ONLY___ ═
2024-11-21 09:07:13,712 INFO     ___FILE_ONLY___ ═
2024-11-21 09:07:13,713 INFO     ___FILE_ONLY___ ═
2024-11-21 09:07:13,713 INFO     ___FILE_ONLY___ ═
2024-11-21 09:07:13,714 INFO     ___FILE_ONLY___ ═
2024-11-21 09:07:13,715 INFO     ___FILE_ONLY___ ═
2024-11-21 09:07:13,715 INFO     ___FILE_ONLY___ ═
2024-11-21 09:07:13,716 INFO     ___FILE_ONLY___ ═
2024-11-21 09:07:13,716 INFO     ___FILE_ONLY___ ═
2024-11-21 09:07:13,717 INFO     ___FILE_ONLY___ ═
2024-11-21 09:07:13,717 INFO     ___FILE_ONLY___ ═
2024-11-21 09:07:13,717 INFO     ___FILE_ONLY___ ═
2024-11-21 09:07:13,718 INFO     ___FILE_ONLY___ ═
2024-11-21 09:07:13,719 INFO     ___FILE_ONLY___ ═
2024-11-21 09:07:13,720 INFO     ___FILE_ONLY___ ═
2024-11-21 09:07:13,721 INFO     ___FILE_ONLY___ ═
2024-11-21 09:07:13,722 INFO     ___FILE_ONLY___ ═
2024-11-21 09:07:13,722 INFO     ___FILE_ONLY___ ═
2024-11-21 09:07:13,723 INFO     ___FILE_ONLY___ ═
2024-11-21 09:07:13,723 INFO     ___FILE_ONLY___ ═
2024-11-21 09:07:13,724 INFO     ___FILE_ONLY___ ═
2024-11-21 09:07:13,724 INFO     ___FILE_ONLY___ ═
2024-11-21 09:07:13,724 INFO     ___FILE_ONLY___ ═
2024-11-21 09:07:13,725 INFO     ___FILE_ONLY___ ═
2024-11-21 09:07:13,725 INFO     ___FILE_ONLY___ ═
2024-11-21 09:07:13,725 INFO     ___FILE_ONLY___ ╝

2024-11-21 09:07:13,735 INFO     ___FILE_ONLY___ ╔════════════════════════════════════════════════════════════╗

2024-11-21 09:07:13,735 INFO     ___FILE_ONLY___ ╠═ Downloading: Skaffold                                    ═╣

2024-11-21 09:07:13,735 INFO     ___FILE_ONLY___ ╚
2024-11-21 09:07:13,735 INFO     ___FILE_ONLY___ ════════════════════════════════════════════════════════════
2024-11-21 09:07:13,735 INFO     ___FILE_ONLY___ ╝

2024-11-21 09:07:13,746 INFO     ___FILE_ONLY___ ╔════════════════════════════════════════════════════════════╗

2024-11-21 09:07:13,746 INFO     ___FILE_ONLY___ ╠═ Downloading: Skaffold (Platform Specific)                ═╣

2024-11-21 09:07:13,746 INFO     ___FILE_ONLY___ ╚
2024-11-21 09:07:13,748 DEBUG    urllib3.connectionpool Starting new HTTPS connection (1): dl.google.com:443
2024-11-21 09:07:13,885 DEBUG    urllib3.connectionpool https://dl.google.com:443 "GET /dl/cloudsdk/channels/rapid/components/google-cloud-sdk-skaffold-darwin-arm-20240806142304.tar.gz HTTP/1.1" 200 24031362
2024-11-21 09:07:14,218 INFO     ___FILE_ONLY___ ═
2024-11-21 09:07:14,219 INFO     ___FILE_ONLY___ ═
2024-11-21 09:07:14,219 INFO     ___FILE_ONLY___ ═
2024-11-21 09:07:14,220 INFO     ___FILE_ONLY___ ═
2024-11-21 09:07:14,221 INFO     ___FILE_ONLY___ ═
2024-11-21 09:07:14,221 INFO     ___FILE_ONLY___ ═
2024-11-21 09:07:14,222 INFO     ___FILE_ONLY___ ═
2024-11-21 09:07:14,223 INFO     ___FILE_ONLY___ ═
2024-11-21 09:07:14,223 INFO     ___FILE_ONLY___ ═
2024-11-21 09:07:14,224 INFO     ___FILE_ONLY___ ═
2024-11-21 09:07:14,224 INFO     ___FILE_ONLY___ ═
2024-11-21 09:07:14,225 INFO     ___FILE_ONLY___ ═
2024-11-21 09:07:14,226 INFO     ___FILE_ONLY___ ═
2024-11-21 09:07:14,227 INFO     ___FILE_ONLY___ ═
2024-11-21 09:07:14,227 INFO     ___FILE_ONLY___ ═
2024-11-21 09:07:14,228 INFO     ___FILE_ONLY___ ═
2024-11-21 09:07:14,229 INFO     ___FILE_ONLY___ ═
2024-11-21 09:07:14,229 INFO     ___FILE_ONLY___ ═
2024-11-21 09:07:14,229 INFO     ___FILE_ONLY___ ═
2024-11-21 09:07:14,230 INFO     ___FILE_ONLY___ ═
2024-11-21 09:07:14,231 INFO     ___FILE_ONLY___ ═
2024-11-21 09:07:14,231 INFO     ___FILE_ONLY___ ═
2024-11-21 09:07:14,232 INFO     ___FILE_ONLY___ ═
2024-11-21 09:07:14,232 INFO     ___FILE_ONLY___ ═
2024-11-21 09:07:14,233 INFO     ___FILE_ONLY___ ═
2024-11-21 09:07:14,233 INFO     ___FILE_ONLY___ ═
2024-11-21 09:07:14,233 INFO     ___FILE_ONLY___ ═
2024-11-21 09:07:14,234 INFO     ___FILE_ONLY___ ═
2024-11-21 09:07:14,234 INFO     ___FILE_ONLY___ ═
2024-11-21 09:07:14,235 INFO     ___FILE_ONLY___ ═
2024-11-21 09:07:14,235 INFO     ___FILE_ONLY___ ═
2024-11-21 09:07:14,235 INFO     ___FILE_ONLY___ ═
2024-11-21 09:07:14,236 INFO     ___FILE_ONLY___ ═
2024-11-21 09:07:14,236 INFO     ___FILE_ONLY___ ═
2024-11-21 09:07:14,237 INFO     ___FILE_ONLY___ ═
2024-11-21 09:07:14,238 INFO     ___FILE_ONLY___ ═
2024-11-21 09:07:14,238 INFO     ___FILE_ONLY___ ═
2024-11-21 09:07:14,239 INFO     ___FILE_ONLY___ ═
2024-11-21 09:07:14,239 INFO     ___FILE_ONLY___ ═
2024-11-21 09:07:14,239 INFO     ___FILE_ONLY___ ═
2024-11-21 09:07:14,240 INFO     ___FILE_ONLY___ ═
2024-11-21 09:07:14,240 INFO     ___FILE_ONLY___ ═
2024-11-21 09:07:14,241 INFO     ___FILE_ONLY___ ═
2024-11-21 09:07:14,241 INFO     ___FILE_ONLY___ ═
2024-11-21 09:07:14,241 INFO     ___FILE_ONLY___ ═
2024-11-21 09:07:14,242 INFO     ___FILE_ONLY___ ═
2024-11-21 09:07:14,242 INFO     ___FILE_ONLY___ ═
2024-11-21 09:07:14,242 INFO     ___FILE_ONLY___ ═
2024-11-21 09:07:14,243 INFO     ___FILE_ONLY___ ═
2024-11-21 09:07:14,243 INFO     ___FILE_ONLY___ ═
2024-11-21 09:07:14,243 INFO     ___FILE_ONLY___ ═
2024-11-21 09:07:14,244 INFO     ___FILE_ONLY___ ═
2024-11-21 09:07:14,244 INFO     ___FILE_ONLY___ ═
2024-11-21 09:07:14,245 INFO     ___FILE_ONLY___ ═
2024-11-21 09:07:14,245 INFO     ___FILE_ONLY___ ═
2024-11-21 09:07:14,245 INFO     ___FILE_ONLY___ ═
2024-11-21 09:07:14,246 INFO     ___FILE_ONLY___ ═
2024-11-21 09:07:14,246 INFO     ___FILE_ONLY___ ═
2024-11-21 09:07:14,246 INFO     ___FILE_ONLY___ ═
2024-11-21 09:07:14,247 INFO     ___FILE_ONLY___ ═
2024-11-21 09:07:14,247 INFO     ___FILE_ONLY___ ╝

2024-11-21 09:07:14,258 INFO     ___FILE_ONLY___ ╔════════════════════════════════════════════════════════════╗

2024-11-21 09:07:14,259 INFO     ___FILE_ONLY___ ╠═ Downloading: gcloud Alpha Commands                       ═╣

2024-11-21 09:07:14,259 INFO     ___FILE_ONLY___ ╚
2024-11-21 09:07:14,261 DEBUG    urllib3.connectionpool Starting new HTTPS connection (1): dl.google.com:443
2024-11-21 09:07:14,398 DEBUG    urllib3.connectionpool https://dl.google.com:443 "GET /dl/cloudsdk/channels/rapid/components/google-cloud-sdk-alpha-20241115154308.tar.gz HTTP/1.1" 200 800
2024-11-21 09:07:14,399 INFO     ___FILE_ONLY___ ════════════════════════════════════════════════════════════
2024-11-21 09:07:14,399 INFO     ___FILE_ONLY___ ╝

2024-11-21 09:07:14,414 INFO     ___FILE_ONLY___ ╔════════════════════════════════════════════════════════════╗

2024-11-21 09:07:14,415 INFO     ___FILE_ONLY___ ╠═ Downloading: gcloud Beta Commands                        ═╣

2024-11-21 09:07:14,415 INFO     ___FILE_ONLY___ ╚
2024-11-21 09:07:14,418 DEBUG    urllib3.connectionpool Starting new HTTPS connection (1): dl.google.com:443
2024-11-21 09:07:14,566 DEBUG    urllib3.connectionpool https://dl.google.com:443 "GET /dl/cloudsdk/channels/rapid/components/google-cloud-sdk-beta-20241115154308.tar.gz HTTP/1.1" 200 797
2024-11-21 09:07:14,567 INFO     ___FILE_ONLY___ ════════════════════════════════════════════════════════════
2024-11-21 09:07:14,567 INFO     ___FILE_ONLY___ ╝

2024-11-21 09:07:14,585 INFO     ___FILE_ONLY___ ╔════════════════════════════════════════════════════════════╗

2024-11-21 09:07:14,586 INFO     ___FILE_ONLY___ ╠═ Downloading: gcloud cli dependencies (Platform Specific) ═╣

2024-11-21 09:07:14,586 INFO     ___FILE_ONLY___ ╚
2024-11-21 09:07:14,590 DEBUG    urllib3.connectionpool Starting new HTTPS connection (1): dl.google.com:443
2024-11-21 09:07:14,746 DEBUG    urllib3.connectionpool https://dl.google.com:443 "GET /dl/cloudsdk/channels/rapid/components/google-cloud-sdk-gcloud-deps-darwin-x86_64-20210416153011.tar.gz HTTP/1.1" 200 105
2024-11-21 09:07:14,747 INFO     ___FILE_ONLY___ ════════════════════════════════════════════════════════════
2024-11-21 09:07:14,747 INFO     ___FILE_ONLY___ ╝

2024-11-21 09:07:14,765 INFO     ___FILE_ONLY___ ╔════════════════════════════════════════════════════════════╗

2024-11-21 09:07:14,765 INFO     ___FILE_ONLY___ ╠═ Downloading: gke-gcloud-auth-plugin                      ═╣

2024-11-21 09:07:14,765 INFO     ___FILE_ONLY___ ╚
2024-11-21 09:07:14,765 INFO     ___FILE_ONLY___ ════════════════════════════════════════════════════════════
2024-11-21 09:07:14,765 INFO     ___FILE_ONLY___ ╝

2024-11-21 09:07:14,776 INFO     ___FILE_ONLY___ ╔════════════════════════════════════════════════════════════╗

2024-11-21 09:07:14,776 INFO     ___FILE_ONLY___ ╠═ Downloading: gke-gcloud-auth-plugin (Platform Specific)  ═╣

2024-11-21 09:07:14,776 INFO     ___FILE_ONLY___ ╚
2024-11-21 09:07:14,779 DEBUG    urllib3.connectionpool Starting new HTTPS connection (1): dl.google.com:443
2024-11-21 09:07:14,942 DEBUG    urllib3.connectionpool https://dl.google.com:443 "GET /dl/cloudsdk/channels/rapid/components/google-cloud-sdk-gke-gcloud-auth-plugin-darwin-arm-20240628141907.tar.gz HTTP/1.1" 200 4148014
2024-11-21 09:07:15,059 INFO     ___FILE_ONLY___ ═
2024-11-21 09:07:15,060 INFO     ___FILE_ONLY___ ═
2024-11-21 09:07:15,060 INFO     ___FILE_ONLY___ ═
2024-11-21 09:07:15,060 INFO     ___FILE_ONLY___ ═
2024-11-21 09:07:15,060 INFO     ___FILE_ONLY___ ═
2024-11-21 09:07:15,060 INFO     ___FILE_ONLY___ ═
2024-11-21 09:07:15,060 INFO     ___FILE_ONLY___ ═
2024-11-21 09:07:15,061 INFO     ___FILE_ONLY___ ═
2024-11-21 09:07:15,061 INFO     ___FILE_ONLY___ ═
2024-11-21 09:07:15,061 INFO     ___FILE_ONLY___ ═
2024-11-21 09:07:15,061 INFO     ___FILE_ONLY___ ═
2024-11-21 09:07:15,061 INFO     ___FILE_ONLY___ ═
2024-11-21 09:07:15,061 INFO     ___FILE_ONLY___ ═
2024-11-21 09:07:15,062 INFO     ___FILE_ONLY___ ═
2024-11-21 09:07:15,062 INFO     ___FILE_ONLY___ ═
2024-11-21 09:07:15,062 INFO     ___FILE_ONLY___ ═
2024-11-21 09:07:15,062 INFO     ___FILE_ONLY___ ═
2024-11-21 09:07:15,062 INFO     ___FILE_ONLY___ ═
2024-11-21 09:07:15,064 INFO     ___FILE_ONLY___ ═
2024-11-21 09:07:15,065 INFO     ___FILE_ONLY___ ═
2024-11-21 09:07:15,065 INFO     ___FILE_ONLY___ ═
2024-11-21 09:07:15,065 INFO     ___FILE_ONLY___ ═
2024-11-21 09:07:15,065 INFO     ___FILE_ONLY___ ═
2024-11-21 09:07:15,066 INFO     ___FILE_ONLY___ ═
2024-11-21 09:07:15,066 INFO     ___FILE_ONLY___ ═
2024-11-21 09:07:15,066 INFO     ___FILE_ONLY___ ═
2024-11-21 09:07:15,066 INFO     ___FILE_ONLY___ ═
2024-11-21 09:07:15,066 INFO     ___FILE_ONLY___ ═
2024-11-21 09:07:15,067 INFO     ___FILE_ONLY___ ═
2024-11-21 09:07:15,067 INFO     ___FILE_ONLY___ ═
2024-11-21 09:07:15,067 INFO     ___FILE_ONLY___ ═
2024-11-21 09:07:15,067 INFO     ___FILE_ONLY___ ═
2024-11-21 09:07:15,067 INFO     ___FILE_ONLY___ ═
2024-11-21 09:07:15,067 INFO     ___FILE_ONLY___ ═
2024-11-21 09:07:15,067 INFO     ___FILE_ONLY___ ═
2024-11-21 09:07:15,068 INFO     ___FILE_ONLY___ ═
2024-11-21 09:07:15,068 INFO     ___FILE_ONLY___ ═
2024-11-21 09:07:15,068 INFO     ___FILE_ONLY___ ═
2024-11-21 09:07:15,068 INFO     ___FILE_ONLY___ ═
2024-11-21 09:07:15,068 INFO     ___FILE_ONLY___ ═
2024-11-21 09:07:15,068 INFO     ___FILE_ONLY___ ═
2024-11-21 09:07:15,068 INFO     ___FILE_ONLY___ ═
2024-11-21 09:07:15,069 INFO     ___FILE_ONLY___ ═
2024-11-21 09:07:15,069 INFO     ___FILE_ONLY___ ═
2024-11-21 09:07:15,069 INFO     ___FILE_ONLY___ ═
2024-11-21 09:07:15,069 INFO     ___FILE_ONLY___ ═
2024-11-21 09:07:15,069 INFO     ___FILE_ONLY___ ═
2024-11-21 09:07:15,069 INFO     ___FILE_ONLY___ ═
2024-11-21 09:07:15,069 INFO     ___FILE_ONLY___ ═
2024-11-21 09:07:15,069 INFO     ___FILE_ONLY___ ═
2024-11-21 09:07:15,070 INFO     ___FILE_ONLY___ ═
2024-11-21 09:07:15,070 INFO     ___FILE_ONLY___ ═
2024-11-21 09:07:15,070 INFO     ___FILE_ONLY___ ═
2024-11-21 09:07:15,070 INFO     ___FILE_ONLY___ ═
2024-11-21 09:07:15,070 INFO     ___FILE_ONLY___ ═
2024-11-21 09:07:15,070 INFO     ___FILE_ONLY___ ═
2024-11-21 09:07:15,071 INFO     ___FILE_ONLY___ ═
2024-11-21 09:07:15,071 INFO     ___FILE_ONLY___ ═
2024-11-21 09:07:15,071 INFO     ___FILE_ONLY___ ═
2024-11-21 09:07:15,071 INFO     ___FILE_ONLY___ ═
2024-11-21 09:07:15,071 INFO     ___FILE_ONLY___ ╝

2024-11-21 09:07:15,083 INFO     ___FILE_ONLY___ ╔════════════════════════════════════════════════════════════╗

2024-11-21 09:07:15,083 INFO     ___FILE_ONLY___ ╠═ Downloading: kubectl                                     ═╣

2024-11-21 09:07:15,084 INFO     ___FILE_ONLY___ ╚
2024-11-21 09:07:15,087 DEBUG    urllib3.connectionpool Starting new HTTPS connection (1): dl.google.com:443
2024-11-21 09:07:15,251 DEBUG    urllib3.connectionpool https://dl.google.com:443 "GET /dl/cloudsdk/channels/rapid/components/google-cloud-sdk-kubectl-20241004144944.tar.gz HTTP/1.1" 200 36206
2024-11-21 09:07:15,260 INFO     ___FILE_ONLY___ ═══════════════════════════
2024-11-21 09:07:15,261 INFO     ___FILE_ONLY___ ═══════════════════════════
2024-11-21 09:07:15,261 INFO     ___FILE_ONLY___ ══════
2024-11-21 09:07:15,261 INFO     ___FILE_ONLY___ ╝

2024-11-21 09:07:15,276 INFO     ___FILE_ONLY___ ╔════════════════════════════════════════════════════════════╗

2024-11-21 09:07:15,277 INFO     ___FILE_ONLY___ ╠═ Downloading: kubectl (Platform Specific)                 ═╣

2024-11-21 09:07:15,277 INFO     ___FILE_ONLY___ ╚
2024-11-21 09:07:15,280 DEBUG    urllib3.connectionpool Starting new HTTPS connection (1): dl.google.com:443
2024-11-21 09:07:15,439 DEBUG    urllib3.connectionpool https://dl.google.com:443 "GET /dl/cloudsdk/channels/rapid/components/google-cloud-sdk-kubectl-darwin-arm-20241108162203.tar.gz HTTP/1.1" 200 90277960
2024-11-21 09:07:16,573 INFO     ___FILE_ONLY___ ═
2024-11-21 09:07:16,575 INFO     ___FILE_ONLY___ ═
2024-11-21 09:07:16,576 INFO     ___FILE_ONLY___ ═
2024-11-21 09:07:16,577 INFO     ___FILE_ONLY___ ═
2024-11-21 09:07:16,579 INFO     ___FILE_ONLY___ ═
2024-11-21 09:07:16,580 INFO     ___FILE_ONLY___ ═
2024-11-21 09:07:16,581 INFO     ___FILE_ONLY___ ═
2024-11-21 09:07:16,582 INFO     ___FILE_ONLY___ ═
2024-11-21 09:07:16,583 INFO     ___FILE_ONLY___ ═
2024-11-21 09:07:16,584 INFO     ___FILE_ONLY___ ═
2024-11-21 09:07:16,585 INFO     ___FILE_ONLY___ ═
2024-11-21 09:07:16,587 INFO     ___FILE_ONLY___ ═
2024-11-21 09:07:16,588 INFO     ___FILE_ONLY___ ═
2024-11-21 09:07:16,589 INFO     ___FILE_ONLY___ ═
2024-11-21 09:07:16,590 INFO     ___FILE_ONLY___ ═
2024-11-21 09:07:16,590 INFO     ___FILE_ONLY___ ═
2024-11-21 09:07:16,592 INFO     ___FILE_ONLY___ ═
2024-11-21 09:07:16,594 INFO     ___FILE_ONLY___ ═
2024-11-21 09:07:16,595 INFO     ___FILE_ONLY___ ═
2024-11-21 09:07:16,596 INFO     ___FILE_ONLY___ ═
2024-11-21 09:07:16,597 INFO     ___FILE_ONLY___ ═
2024-11-21 09:07:16,597 INFO     ___FILE_ONLY___ ═
2024-11-21 09:07:16,599 INFO     ___FILE_ONLY___ ═
2024-11-21 09:07:16,600 INFO     ___FILE_ONLY___ ═
2024-11-21 09:07:16,601 INFO     ___FILE_ONLY___ ═
2024-11-21 09:07:16,602 INFO     ___FILE_ONLY___ ═
2024-11-21 09:07:16,603 INFO     ___FILE_ONLY___ ═
2024-11-21 09:07:16,604 INFO     ___FILE_ONLY___ ═
2024-11-21 09:07:16,606 INFO     ___FILE_ONLY___ ═
2024-11-21 09:07:16,607 INFO     ___FILE_ONLY___ ═
2024-11-21 09:07:16,608 INFO     ___FILE_ONLY___ ═
2024-11-21 09:07:16,609 INFO     ___FILE_ONLY___ ═
2024-11-21 09:07:16,609 INFO     ___FILE_ONLY___ ═
2024-11-21 09:07:16,611 INFO     ___FILE_ONLY___ ═
2024-11-21 09:07:16,612 INFO     ___FILE_ONLY___ ═
2024-11-21 09:07:16,613 INFO     ___FILE_ONLY___ ═
2024-11-21 09:07:16,614 INFO     ___FILE_ONLY___ ═
2024-11-21 09:07:16,615 INFO     ___FILE_ONLY___ ═
2024-11-21 09:07:16,615 INFO     ___FILE_ONLY___ ═
2024-11-21 09:07:16,616 INFO     ___FILE_ONLY___ ═
2024-11-21 09:07:16,617 INFO     ___FILE_ONLY___ ═
2024-11-21 09:07:16,618 INFO     ___FILE_ONLY___ ═
2024-11-21 09:07:16,619 INFO     ___FILE_ONLY___ ═
2024-11-21 09:07:16,619 INFO     ___FILE_ONLY___ ═
2024-11-21 09:07:16,621 INFO     ___FILE_ONLY___ ═
2024-11-21 09:07:16,622 INFO     ___FILE_ONLY___ ═
2024-11-21 09:07:16,623 INFO     ___FILE_ONLY___ ═
2024-11-21 09:07:16,624 INFO     ___FILE_ONLY___ ═
2024-11-21 09:07:16,624 INFO     ___FILE_ONLY___ ═
2024-11-21 09:07:16,625 INFO     ___FILE_ONLY___ ═
2024-11-21 09:07:16,626 INFO     ___FILE_ONLY___ ═
2024-11-21 09:07:16,627 INFO     ___FILE_ONLY___ ═
2024-11-21 09:07:16,627 INFO     ___FILE_ONLY___ ═
2024-11-21 09:07:16,628 INFO     ___FILE_ONLY___ ═
2024-11-21 09:07:16,629 INFO     ___FILE_ONLY___ ═
2024-11-21 09:07:16,630 INFO     ___FILE_ONLY___ ═
2024-11-21 09:07:16,631 INFO     ___FILE_ONLY___ ═
2024-11-21 09:07:16,632 INFO     ___FILE_ONLY___ ═
2024-11-21 09:07:16,633 INFO     ___FILE_ONLY___ ═
2024-11-21 09:07:16,633 INFO     ___FILE_ONLY___ ═
2024-11-21 09:07:16,633 INFO     ___FILE_ONLY___ ╝

2024-11-21 09:07:16,644 INFO     ___FILE_ONLY___ ╔════════════════════════════════════════════════════════════╗

2024-11-21 09:07:16,644 INFO     ___FILE_ONLY___ ╠═ Installing: Google Cloud CLI Core Libraries (Platform... ═╣

2024-11-21 09:07:16,644 INFO     ___FILE_ONLY___ ╚
2024-11-21 09:07:16,645 INFO     ___FILE_ONLY___ ══════════════════════════════
2024-11-21 09:07:16,645 INFO     ___FILE_ONLY___ ══════════════════════════════
2024-11-21 09:07:16,645 INFO     ___FILE_ONLY___ ╝

2024-11-21 09:07:16,652 INFO     ___FILE_ONLY___ ╔════════════════════════════════════════════════════════════╗

2024-11-21 09:07:16,652 INFO     ___FILE_ONLY___ ╠═ Installing: Minikube                                     ═╣

2024-11-21 09:07:16,652 INFO     ___FILE_ONLY___ ╚
2024-11-21 09:07:16,653 INFO     ___FILE_ONLY___ ════════════════════════════════════════════════════════════
2024-11-21 09:07:16,653 INFO     ___FILE_ONLY___ ╝

2024-11-21 09:07:16,658 INFO     ___FILE_ONLY___ ╔════════════════════════════════════════════════════════════╗

2024-11-21 09:07:16,658 INFO     ___FILE_ONLY___ ╠═ Installing: Minikube (Platform Specific)                 ═╣

2024-11-21 09:07:16,658 INFO     ___FILE_ONLY___ ╚
2024-11-21 09:07:17,002 INFO     ___FILE_ONLY___ ════════════════════════════════════════════════════════════
2024-11-21 09:07:17,003 INFO     ___FILE_ONLY___ ╝

2024-11-21 09:07:17,015 INFO     ___FILE_ONLY___ ╔════════════════════════════════════════════════════════════╗

2024-11-21 09:07:17,016 INFO     ___FILE_ONLY___ ╠═ Installing: Skaffold                                     ═╣

2024-11-21 09:07:17,016 INFO     ___FILE_ONLY___ ╚
2024-11-21 09:07:17,017 INFO     ___FILE_ONLY___ ════════════════════════════════════════════════════════════
2024-11-21 09:07:17,017 INFO     ___FILE_ONLY___ ╝

2024-11-21 09:07:17,022 INFO     ___FILE_ONLY___ ╔════════════════════════════════════════════════════════════╗

2024-11-21 09:07:17,022 INFO     ___FILE_ONLY___ ╠═ Installing: Skaffold (Platform Specific)                 ═╣

2024-11-21 09:07:17,022 INFO     ___FILE_ONLY___ ╚
2024-11-21 09:07:17,304 INFO     ___FILE_ONLY___ ════════════════════════════════════════════════════════════
2024-11-21 09:07:17,305 INFO     ___FILE_ONLY___ ╝

2024-11-21 09:07:17,316 INFO     ___FILE_ONLY___ ╔════════════════════════════════════════════════════════════╗

2024-11-21 09:07:17,317 INFO     ___FILE_ONLY___ ╠═ Installing: gcloud Alpha Commands                        ═╣

2024-11-21 09:07:17,317 INFO     ___FILE_ONLY___ ╚
2024-11-21 09:07:17,318 INFO     ___FILE_ONLY___ ════════════════════════════════════════════════════════════
2024-11-21 09:07:17,318 INFO     ___FILE_ONLY___ ╝

2024-11-21 09:07:17,324 INFO     ___FILE_ONLY___ ╔════════════════════════════════════════════════════════════╗

2024-11-21 09:07:17,324 INFO     ___FILE_ONLY___ ╠═ Installing: gcloud Beta Commands                         ═╣

2024-11-21 09:07:17,324 INFO     ___FILE_ONLY___ ╚
2024-11-21 09:07:17,325 INFO     ___FILE_ONLY___ ════════════════════════════════════════════════════════════
2024-11-21 09:07:17,326 INFO     ___FILE_ONLY___ ╝

2024-11-21 09:07:17,331 INFO     ___FILE_ONLY___ ╔════════════════════════════════════════════════════════════╗

2024-11-21 09:07:17,331 INFO     ___FILE_ONLY___ ╠═ Installing: gcloud cli dependencies (Platform Specific)  ═╣

2024-11-21 09:07:17,331 INFO     ___FILE_ONLY___ ╚
2024-11-21 09:07:17,332 INFO     ___FILE_ONLY___ ════════════════════════════════════════════════════════════
2024-11-21 09:07:17,332 INFO     ___FILE_ONLY___ ╝

2024-11-21 09:07:17,337 INFO     ___FILE_ONLY___ ╔════════════════════════════════════════════════════════════╗

2024-11-21 09:07:17,338 INFO     ___FILE_ONLY___ ╠═ Installing: gke-gcloud-auth-plugin                       ═╣

2024-11-21 09:07:17,338 INFO     ___FILE_ONLY___ ╚
2024-11-21 09:07:17,339 INFO     ___FILE_ONLY___ ════════════════════════════════════════════════════════════
2024-11-21 09:07:17,339 INFO     ___FILE_ONLY___ ╝

2024-11-21 09:07:17,345 INFO     ___FILE_ONLY___ ╔════════════════════════════════════════════════════════════╗

2024-11-21 09:07:17,345 INFO     ___FILE_ONLY___ ╠═ Installing: gke-gcloud-auth-plugin (Platform Specific)   ═╣

2024-11-21 09:07:17,345 INFO     ___FILE_ONLY___ ╚
2024-11-21 09:07:17,397 INFO     ___FILE_ONLY___ ════════════════════════════════════════════════════════════
2024-11-21 09:07:17,397 INFO     ___FILE_ONLY___ ╝

2024-11-21 09:07:17,409 INFO     ___FILE_ONLY___ ╔════════════════════════════════════════════════════════════╗

2024-11-21 09:07:17,409 INFO     ___FILE_ONLY___ ╠═ Installing: kubectl                                      ═╣

2024-11-21 09:07:17,409 INFO     ___FILE_ONLY___ ╚
2024-11-21 09:07:17,411 INFO     ___FILE_ONLY___ ════════════════════════════════════════════════════════════
2024-11-21 09:07:17,411 INFO     ___FILE_ONLY___ ╝

2024-11-21 09:07:17,419 INFO     ___FILE_ONLY___ ╔════════════════════════════════════════════════════════════╗

2024-11-21 09:07:17,419 INFO     ___FILE_ONLY___ ╠═ Installing: kubectl (Platform Specific)                  ═╣

2024-11-21 09:07:17,419 INFO     ___FILE_ONLY___ ╚
2024-11-21 09:07:17,995 INFO     ___FILE_ONLY___ ══════════
2024-11-21 09:07:18,094 INFO     ___FILE_ONLY___ ══════════
2024-11-21 09:07:18,200 INFO     ___FILE_ONLY___ ══════════
2024-11-21 09:07:18,297 INFO     ___FILE_ONLY___ ══════════
2024-11-21 09:07:18,396 INFO     ___FILE_ONLY___ ══════════
2024-11-21 09:07:18,502 INFO     ___FILE_ONLY___ ══════════
2024-11-21 09:07:18,502 INFO     ___FILE_ONLY___ ╝

2024-11-21 09:07:18,508 DEBUG    root            Updating notification cache...
2024-11-21 09:07:18,509 INFO     ___FILE_ONLY___ 

2024-11-21 09:07:18,515 INFO     ___FILE_ONLY___ Performing post processing steps...
2024-11-21 09:07:18,515 DEBUG    root            Executing command: ['/Users/gabrielpaura/Library/Application Support/cloud-code/installer/google-cloud-sdk/bin/gcloud', 'components', 'post-process', '--no-compile-python']
2024-11-21 09:07:19,055 DEBUG    ___FILE_ONLY___ 
2024-11-21 09:07:19,055 DEBUG    ___FILE_ONLY___ 
2024-11-21 09:07:19,281 INFO     ___FILE_ONLY___ 
Update done!


2024-11-21 09:07:19,284 WARNING  root              There are other instances of Google Cloud tools on your system PATH.
  Please remove the following to avoid confusion or accidental invocation:

  /Applications/Docker.app/Contents/Resources/bin/kubectl

  
2024-11-21 09:07:19,286 DEBUG    root            Chosen display Format:none
2024-11-21 09:07:19,287 INFO     root            Display format: "none"
2024-11-21 09:07:19,289 DEBUG    root            Executing command: ['curl', '--silent', '-O', 'https://dl.google.com/dl/cloudsdk/channels/rapid/python-3.11.6-macos11.tar.gz']
2024-11-21 09:07:20,040 DEBUG    root            Executing command: ['tar', '-xf', 'python-3.11.6-macos11.tar.gz']
2024-11-21 09:07:20,096 DEBUG    root            Executing command: ['sudo', 'installer', '-target', '/', '-pkg', './python-3.11.6-macos11.pkg']
