2024-11-21 09:09:04,883 DEBUG    root            Metrics collector initialized...
2024-11-21 09:09:04,884 DEBUG    root            Loaded Command Group: ['gcloud', 'components']
2024-11-21 09:09:04,886 DEBUG    root            Loaded Command Group: ['gcloud', 'components', 'update']
2024-11-21 09:09:04,887 DEBUG    root            Running [gcloud.components.update] with arguments: [--no-compile-python: "False", --quiet: "True", COMPONENT-IDS:6: "['alpha', 'beta', 'gke-gcloud-auth-plugin', 'kubectl', 'skaffold', 'minikube']"]
2024-11-21 09:09:04,887 INFO     ___FILE_ONLY___ Beginning update. This process may take several minutes.

2024-11-21 09:09:04,905 DEBUG    urllib3.connectionpool Starting new HTTPS connection (1): dl.google.com:443
2024-11-21 09:09:05,049 DEBUG    urllib3.connectionpool https://dl.google.com:443 "GET /dl/cloudsdk/channels/rapid/components-2.json HTTP/1.1" 200 227816
2024-11-21 09:09:05,088 INFO     ___FILE_ONLY___ 

2024-11-21 09:09:05,088 INFO     ___FILE_ONLY___ 
Your current Google Cloud CLI version is: 502.0.0

2024-11-21 09:09:05,088 INFO     ___FILE_ONLY___ Installing components from version: 502.0.0

2024-11-21 09:09:05,088 INFO     ___FILE_ONLY___ 

2024-11-21 09:09:05,088 DEBUG    root            Chosen display Format:table[box,title="These components will be removed."](details.display_name:label=Name:align=left,version.version_string:label=Version:align=right,data.size.size(zero="",min=1048576):label=Size:align=right)
2024-11-21 09:09:05,089 DEBUG    root            Chosen display Format:table[box,title="These components will be updated."](details.display_name:label=Name:align=left,version.version_string:label=Version:align=right,data.size.size(zero="",min=1048576):label=Size:align=right)
2024-11-21 09:09:05,089 DEBUG    root            Chosen display Format:table[box,title="These components will be installed."](details.display_name:label=Name:align=left,version.version_string:label=Version:align=right,data.size.size(zero="",min=1048576):label=Size:align=right)
2024-11-21 09:09:05,113 INFO     ___FILE_ONLY___ ┌─────────────────────────────────────────────────────────────────────────────┐
2024-11-21 09:09:05,113 INFO     ___FILE_ONLY___ 

2024-11-21 09:09:05,113 INFO     ___FILE_ONLY___ │                     These components will be installed.                     │
2024-11-21 09:09:05,113 INFO     ___FILE_ONLY___ 

2024-11-21 09:09:05,113 INFO     ___FILE_ONLY___ ├─────────────────────────────────────────────────────┬────────────┬──────────┤
2024-11-21 09:09:05,113 INFO     ___FILE_ONLY___ 

2024-11-21 09:09:05,113 INFO     ___FILE_ONLY___ │                         Name                        │  Version   │   Size   │
2024-11-21 09:09:05,113 INFO     ___FILE_ONLY___ 

2024-11-21 09:09:05,113 INFO     ___FILE_ONLY___ ├─────────────────────────────────────────────────────┼────────────┼──────────┤
2024-11-21 09:09:05,113 INFO     ___FILE_ONLY___ 

2024-11-21 09:09:05,113 INFO     ___FILE_ONLY___ │ 
2024-11-21 09:09:05,113 INFO     ___FILE_ONLY___ Google Cloud CLI Core Libraries (Platform Specific)
2024-11-21 09:09:05,113 INFO     ___FILE_ONLY___  
2024-11-21 09:09:05,113 INFO     ___FILE_ONLY___ │ 
2024-11-21 09:09:05,113 INFO     ___FILE_ONLY___ 2024.08.30
2024-11-21 09:09:05,113 INFO     ___FILE_ONLY___  
2024-11-21 09:09:05,113 INFO     ___FILE_ONLY___ │ 
2024-11-21 09:09:05,113 INFO     ___FILE_ONLY___  < 1 MiB
2024-11-21 09:09:05,113 INFO     ___FILE_ONLY___  
2024-11-21 09:09:05,113 INFO     ___FILE_ONLY___ │
2024-11-21 09:09:05,113 INFO     ___FILE_ONLY___ 

2024-11-21 09:09:05,113 INFO     ___FILE_ONLY___ │ 
2024-11-21 09:09:05,113 INFO     ___FILE_ONLY___ Minikube (Platform Specific)                       
2024-11-21 09:09:05,113 INFO     ___FILE_ONLY___  
2024-11-21 09:09:05,113 INFO     ___FILE_ONLY___ │ 
2024-11-21 09:09:05,113 INFO     ___FILE_ONLY___     1.34.0
2024-11-21 09:09:05,113 INFO     ___FILE_ONLY___  
2024-11-21 09:09:05,113 INFO     ___FILE_ONLY___ │ 
2024-11-21 09:09:05,113 INFO     ___FILE_ONLY___ 37.2 MiB
2024-11-21 09:09:05,113 INFO     ___FILE_ONLY___  
2024-11-21 09:09:05,113 INFO     ___FILE_ONLY___ │
2024-11-21 09:09:05,113 INFO     ___FILE_ONLY___ 

2024-11-21 09:09:05,113 INFO     ___FILE_ONLY___ │ 
2024-11-21 09:09:05,113 INFO     ___FILE_ONLY___ Skaffold (Platform Specific)                       
2024-11-21 09:09:05,113 INFO     ___FILE_ONLY___  
2024-11-21 09:09:05,113 INFO     ___FILE_ONLY___ │ 
2024-11-21 09:09:05,113 INFO     ___FILE_ONLY___     2.13.1
2024-11-21 09:09:05,113 INFO     ___FILE_ONLY___  
2024-11-21 09:09:05,113 INFO     ___FILE_ONLY___ │ 
2024-11-21 09:09:05,113 INFO     ___FILE_ONLY___ 22.9 MiB
2024-11-21 09:09:05,114 INFO     ___FILE_ONLY___  
2024-11-21 09:09:05,114 INFO     ___FILE_ONLY___ │
2024-11-21 09:09:05,114 INFO     ___FILE_ONLY___ 

2024-11-21 09:09:05,114 INFO     ___FILE_ONLY___ │ 
2024-11-21 09:09:05,114 INFO     ___FILE_ONLY___ gcloud Alpha Commands                              
2024-11-21 09:09:05,114 INFO     ___FILE_ONLY___  
2024-11-21 09:09:05,114 INFO     ___FILE_ONLY___ │ 
2024-11-21 09:09:05,114 INFO     ___FILE_ONLY___ 2024.11.15
2024-11-21 09:09:05,114 INFO     ___FILE_ONLY___  
2024-11-21 09:09:05,114 INFO     ___FILE_ONLY___ │ 
2024-11-21 09:09:05,114 INFO     ___FILE_ONLY___  < 1 MiB
2024-11-21 09:09:05,114 INFO     ___FILE_ONLY___  
2024-11-21 09:09:05,114 INFO     ___FILE_ONLY___ │
2024-11-21 09:09:05,114 INFO     ___FILE_ONLY___ 

2024-11-21 09:09:05,114 INFO     ___FILE_ONLY___ │ 
2024-11-21 09:09:05,114 INFO     ___FILE_ONLY___ gcloud Beta Commands                               
2024-11-21 09:09:05,114 INFO     ___FILE_ONLY___  
2024-11-21 09:09:05,114 INFO     ___FILE_ONLY___ │ 
2024-11-21 09:09:05,114 INFO     ___FILE_ONLY___ 2024.11.15
2024-11-21 09:09:05,114 INFO     ___FILE_ONLY___  
2024-11-21 09:09:05,114 INFO     ___FILE_ONLY___ │ 
2024-11-21 09:09:05,114 INFO     ___FILE_ONLY___  < 1 MiB
2024-11-21 09:09:05,114 INFO     ___FILE_ONLY___  
2024-11-21 09:09:05,114 INFO     ___FILE_ONLY___ │
2024-11-21 09:09:05,114 INFO     ___FILE_ONLY___ 

2024-11-21 09:09:05,114 INFO     ___FILE_ONLY___ │ 
2024-11-21 09:09:05,114 INFO     ___FILE_ONLY___ gcloud cli dependencies (Platform Specific)        
2024-11-21 09:09:05,114 INFO     ___FILE_ONLY___  
2024-11-21 09:09:05,114 INFO     ___FILE_ONLY___ │ 
2024-11-21 09:09:05,114 INFO     ___FILE_ONLY___ 2021.04.16
2024-11-21 09:09:05,114 INFO     ___FILE_ONLY___  
2024-11-21 09:09:05,114 INFO     ___FILE_ONLY___ │ 
2024-11-21 09:09:05,114 INFO     ___FILE_ONLY___  < 1 MiB
2024-11-21 09:09:05,114 INFO     ___FILE_ONLY___  
2024-11-21 09:09:05,114 INFO     ___FILE_ONLY___ │
2024-11-21 09:09:05,114 INFO     ___FILE_ONLY___ 

2024-11-21 09:09:05,114 INFO     ___FILE_ONLY___ │ 
2024-11-21 09:09:05,114 INFO     ___FILE_ONLY___ gke-gcloud-auth-plugin (Platform Specific)         
2024-11-21 09:09:05,114 INFO     ___FILE_ONLY___  
2024-11-21 09:09:05,114 INFO     ___FILE_ONLY___ │ 
2024-11-21 09:09:05,114 INFO     ___FILE_ONLY___      0.5.9
2024-11-21 09:09:05,114 INFO     ___FILE_ONLY___  
2024-11-21 09:09:05,114 INFO     ___FILE_ONLY___ │ 
2024-11-21 09:09:05,114 INFO     ___FILE_ONLY___  4.0 MiB
2024-11-21 09:09:05,114 INFO     ___FILE_ONLY___  
2024-11-21 09:09:05,114 INFO     ___FILE_ONLY___ │
2024-11-21 09:09:05,114 INFO     ___FILE_ONLY___ 

2024-11-21 09:09:05,114 INFO     ___FILE_ONLY___ │ 
2024-11-21 09:09:05,114 INFO     ___FILE_ONLY___ kubectl                                            
2024-11-21 09:09:05,114 INFO     ___FILE_ONLY___  
2024-11-21 09:09:05,114 INFO     ___FILE_ONLY___ │ 
2024-11-21 09:09:05,114 INFO     ___FILE_ONLY___     1.30.5
2024-11-21 09:09:05,114 INFO     ___FILE_ONLY___  
2024-11-21 09:09:05,114 INFO     ___FILE_ONLY___ │ 
2024-11-21 09:09:05,114 INFO     ___FILE_ONLY___  < 1 MiB
2024-11-21 09:09:05,114 INFO     ___FILE_ONLY___  
2024-11-21 09:09:05,114 INFO     ___FILE_ONLY___ │
2024-11-21 09:09:05,114 INFO     ___FILE_ONLY___ 

2024-11-21 09:09:05,115 INFO     ___FILE_ONLY___ │ 
2024-11-21 09:09:05,115 INFO     ___FILE_ONLY___ kubectl (Platform Specific)                        
2024-11-21 09:09:05,115 INFO     ___FILE_ONLY___  
2024-11-21 09:09:05,115 INFO     ___FILE_ONLY___ │ 
2024-11-21 09:09:05,115 INFO     ___FILE_ONLY___     1.30.6
2024-11-21 09:09:05,115 INFO     ___FILE_ONLY___  
2024-11-21 09:09:05,115 INFO     ___FILE_ONLY___ │ 
2024-11-21 09:09:05,115 INFO     ___FILE_ONLY___ 86.1 MiB
2024-11-21 09:09:05,115 INFO     ___FILE_ONLY___  
2024-11-21 09:09:05,115 INFO     ___FILE_ONLY___ │
2024-11-21 09:09:05,115 INFO     ___FILE_ONLY___ 

2024-11-21 09:09:05,115 INFO     ___FILE_ONLY___ └─────────────────────────────────────────────────────┴────────────┴──────────┘
2024-11-21 09:09:05,115 INFO     ___FILE_ONLY___ 

2024-11-21 09:09:05,115 INFO     ___FILE_ONLY___ 

2024-11-21 09:09:05,117 DEBUG    urllib3.connectionpool Starting new HTTPS connection (1): dl.google.com:443
2024-11-21 09:09:05,262 DEBUG    urllib3.connectionpool https://dl.google.com:443 "GET /dl/cloudsdk/channels/rapid/RELEASE_NOTES HTTP/1.1" 200 1314602
2024-11-21 09:09:05,349 INFO     ___FILE_ONLY___ For the latest full release notes, please visit:
  https://cloud.google.com/sdk/release_notes


2024-11-21 09:09:05,349 INFO     ___FILE_ONLY___ Performing in place update...


2024-11-21 09:09:05,358 INFO     ___FILE_ONLY___ ╔════════════════════════════════════════════════════════════╗

2024-11-21 09:09:05,358 INFO     ___FILE_ONLY___ ╠═ Downloading: Google Cloud CLI Core Libraries (Platfor... ═╣

2024-11-21 09:09:05,358 INFO     ___FILE_ONLY___ ╚
2024-11-21 09:09:05,363 DEBUG    urllib3.connectionpool Starting new HTTPS connection (1): dl.google.com:443
2024-11-21 09:09:05,543 DEBUG    urllib3.connectionpool https://dl.google.com:443 "GET /dl/cloudsdk/channels/rapid/components/google-cloud-sdk-core-nix-20240830134514.tar.gz HTTP/1.1" 200 2306
2024-11-21 09:09:05,544 INFO     ___FILE_ONLY___ ════════════════════════════════════════════════════════════
2024-11-21 09:09:05,544 INFO     ___FILE_ONLY___ ╝

2024-11-21 09:09:05,557 INFO     ___FILE_ONLY___ ╔════════════════════════════════════════════════════════════╗

2024-11-21 09:09:05,557 INFO     ___FILE_ONLY___ ╠═ Downloading: Minikube                                    ═╣

2024-11-21 09:09:05,557 INFO     ___FILE_ONLY___ ╚
2024-11-21 09:09:05,557 INFO     ___FILE_ONLY___ ════════════════════════════════════════════════════════════
2024-11-21 09:09:05,557 INFO     ___FILE_ONLY___ ╝

2024-11-21 09:09:05,562 INFO     ___FILE_ONLY___ ╔════════════════════════════════════════════════════════════╗

2024-11-21 09:09:05,562 INFO     ___FILE_ONLY___ ╠═ Downloading: Minikube (Platform Specific)                ═╣

2024-11-21 09:09:05,562 INFO     ___FILE_ONLY___ ╚
2024-11-21 09:09:05,565 DEBUG    urllib3.connectionpool Starting new HTTPS connection (1): dl.google.com:443
2024-11-21 09:09:05,712 DEBUG    urllib3.connectionpool https://dl.google.com:443 "GET /dl/cloudsdk/channels/rapid/components/google-cloud-sdk-minikube-darwin-arm-20240927140238.tar.gz HTTP/1.1" 200 38981244
2024-11-21 09:09:06,242 INFO     ___FILE_ONLY___ ═
2024-11-21 09:09:06,243 INFO     ___FILE_ONLY___ ═
2024-11-21 09:09:06,243 INFO     ___FILE_ONLY___ ═
2024-11-21 09:09:06,244 INFO     ___FILE_ONLY___ ═
2024-11-21 09:09:06,244 INFO     ___FILE_ONLY___ ═
2024-11-21 09:09:06,245 INFO     ___FILE_ONLY___ ═
2024-11-21 09:09:06,245 INFO     ___FILE_ONLY___ ═
2024-11-21 09:09:06,246 INFO     ___FILE_ONLY___ ═
2024-11-21 09:09:06,246 INFO     ___FILE_ONLY___ ═
2024-11-21 09:09:06,247 INFO     ___FILE_ONLY___ ═
2024-11-21 09:09:06,247 INFO     ___FILE_ONLY___ ═
2024-11-21 09:09:06,248 INFO     ___FILE_ONLY___ ═
2024-11-21 09:09:06,248 INFO     ___FILE_ONLY___ ═
2024-11-21 09:09:06,249 INFO     ___FILE_ONLY___ ═
2024-11-21 09:09:06,249 INFO     ___FILE_ONLY___ ═
2024-11-21 09:09:06,250 INFO     ___FILE_ONLY___ ═
2024-11-21 09:09:06,250 INFO     ___FILE_ONLY___ ═
2024-11-21 09:09:06,251 INFO     ___FILE_ONLY___ ═
2024-11-21 09:09:06,251 INFO     ___FILE_ONLY___ ═
2024-11-21 09:09:06,252 INFO     ___FILE_ONLY___ ═
2024-11-21 09:09:06,252 INFO     ___FILE_ONLY___ ═
2024-11-21 09:09:06,253 INFO     ___FILE_ONLY___ ═
2024-11-21 09:09:06,253 INFO     ___FILE_ONLY___ ═
2024-11-21 09:09:06,253 INFO     ___FILE_ONLY___ ═
2024-11-21 09:09:06,254 INFO     ___FILE_ONLY___ ═
2024-11-21 09:09:06,254 INFO     ___FILE_ONLY___ ═
2024-11-21 09:09:06,255 INFO     ___FILE_ONLY___ ═
2024-11-21 09:09:06,255 INFO     ___FILE_ONLY___ ═
2024-11-21 09:09:06,256 INFO     ___FILE_ONLY___ ═
2024-11-21 09:09:06,256 INFO     ___FILE_ONLY___ ═
2024-11-21 09:09:06,256 INFO     ___FILE_ONLY___ ═
2024-11-21 09:09:06,257 INFO     ___FILE_ONLY___ ═
2024-11-21 09:09:06,257 INFO     ___FILE_ONLY___ ═
2024-11-21 09:09:06,258 INFO     ___FILE_ONLY___ ═
2024-11-21 09:09:06,258 INFO     ___FILE_ONLY___ ═
2024-11-21 09:09:06,258 INFO     ___FILE_ONLY___ ═
2024-11-21 09:09:06,259 INFO     ___FILE_ONLY___ ═
2024-11-21 09:09:06,259 INFO     ___FILE_ONLY___ ═
2024-11-21 09:09:06,260 INFO     ___FILE_ONLY___ ═
2024-11-21 09:09:06,260 INFO     ___FILE_ONLY___ ═
2024-11-21 09:09:06,260 INFO     ___FILE_ONLY___ ═
2024-11-21 09:09:06,261 INFO     ___FILE_ONLY___ ═
2024-11-21 09:09:06,261 INFO     ___FILE_ONLY___ ═
2024-11-21 09:09:06,262 INFO     ___FILE_ONLY___ ═
2024-11-21 09:09:06,262 INFO     ___FILE_ONLY___ ═
2024-11-21 09:09:06,262 INFO     ___FILE_ONLY___ ═
2024-11-21 09:09:06,263 INFO     ___FILE_ONLY___ ═
2024-11-21 09:09:06,263 INFO     ___FILE_ONLY___ ═
2024-11-21 09:09:06,264 INFO     ___FILE_ONLY___ ═
2024-11-21 09:09:06,264 INFO     ___FILE_ONLY___ ═
2024-11-21 09:09:06,264 INFO     ___FILE_ONLY___ ═
2024-11-21 09:09:06,265 INFO     ___FILE_ONLY___ ═
2024-11-21 09:09:06,265 INFO     ___FILE_ONLY___ ═
2024-11-21 09:09:06,266 INFO     ___FILE_ONLY___ ═
2024-11-21 09:09:06,266 INFO     ___FILE_ONLY___ ═
2024-11-21 09:09:06,266 INFO     ___FILE_ONLY___ ═
2024-11-21 09:09:06,267 INFO     ___FILE_ONLY___ ═
2024-11-21 09:09:06,267 INFO     ___FILE_ONLY___ ═
2024-11-21 09:09:06,267 INFO     ___FILE_ONLY___ ═
2024-11-21 09:09:06,268 INFO     ___FILE_ONLY___ ═
2024-11-21 09:09:06,268 INFO     ___FILE_ONLY___ ╝

2024-11-21 09:09:06,275 INFO     ___FILE_ONLY___ ╔════════════════════════════════════════════════════════════╗

2024-11-21 09:09:06,276 INFO     ___FILE_ONLY___ ╠═ Downloading: Skaffold                                    ═╣

2024-11-21 09:09:06,276 INFO     ___FILE_ONLY___ ╚
2024-11-21 09:09:06,276 INFO     ___FILE_ONLY___ ════════════════════════════════════════════════════════════
2024-11-21 09:09:06,276 INFO     ___FILE_ONLY___ ╝

2024-11-21 09:09:06,281 INFO     ___FILE_ONLY___ ╔════════════════════════════════════════════════════════════╗

2024-11-21 09:09:06,281 INFO     ___FILE_ONLY___ ╠═ Downloading: Skaffold (Platform Specific)                ═╣

2024-11-21 09:09:06,281 INFO     ___FILE_ONLY___ ╚
2024-11-21 09:09:06,283 DEBUG    urllib3.connectionpool Starting new HTTPS connection (1): dl.google.com:443
2024-11-21 09:09:06,434 DEBUG    urllib3.connectionpool https://dl.google.com:443 "GET /dl/cloudsdk/channels/rapid/components/google-cloud-sdk-skaffold-darwin-arm-20240806142304.tar.gz HTTP/1.1" 200 24031362
2024-11-21 09:09:06,775 INFO     ___FILE_ONLY___ ═
2024-11-21 09:09:06,776 INFO     ___FILE_ONLY___ ═
2024-11-21 09:09:06,776 INFO     ___FILE_ONLY___ ═
2024-11-21 09:09:06,777 INFO     ___FILE_ONLY___ ═
2024-11-21 09:09:06,777 INFO     ___FILE_ONLY___ ═
2024-11-21 09:09:06,778 INFO     ___FILE_ONLY___ ═
2024-11-21 09:09:06,778 INFO     ___FILE_ONLY___ ═
2024-11-21 09:09:06,779 INFO     ___FILE_ONLY___ ═
2024-11-21 09:09:06,779 INFO     ___FILE_ONLY___ ═
2024-11-21 09:09:06,780 INFO     ___FILE_ONLY___ ═
2024-11-21 09:09:06,781 INFO     ___FILE_ONLY___ ═
2024-11-21 09:09:06,781 INFO     ___FILE_ONLY___ ═
2024-11-21 09:09:06,781 INFO     ___FILE_ONLY___ ═
2024-11-21 09:09:06,781 INFO     ___FILE_ONLY___ ═
2024-11-21 09:09:06,782 INFO     ___FILE_ONLY___ ═
2024-11-21 09:09:06,782 INFO     ___FILE_ONLY___ ═
2024-11-21 09:09:06,782 INFO     ___FILE_ONLY___ ═
2024-11-21 09:09:06,782 INFO     ___FILE_ONLY___ ═
2024-11-21 09:09:06,782 INFO     ___FILE_ONLY___ ═
2024-11-21 09:09:06,783 INFO     ___FILE_ONLY___ ═
2024-11-21 09:09:06,783 INFO     ___FILE_ONLY___ ═
2024-11-21 09:09:06,783 INFO     ___FILE_ONLY___ ═
2024-11-21 09:09:06,784 INFO     ___FILE_ONLY___ ═
2024-11-21 09:09:06,784 INFO     ___FILE_ONLY___ ═
2024-11-21 09:09:06,784 INFO     ___FILE_ONLY___ ═
2024-11-21 09:09:06,785 INFO     ___FILE_ONLY___ ═
2024-11-21 09:09:06,785 INFO     ___FILE_ONLY___ ═
2024-11-21 09:09:06,785 INFO     ___FILE_ONLY___ ═
2024-11-21 09:09:06,785 INFO     ___FILE_ONLY___ ═
2024-11-21 09:09:06,785 INFO     ___FILE_ONLY___ ═
2024-11-21 09:09:06,786 INFO     ___FILE_ONLY___ ═
2024-11-21 09:09:06,786 INFO     ___FILE_ONLY___ ═
2024-11-21 09:09:06,786 INFO     ___FILE_ONLY___ ═
2024-11-21 09:09:06,786 INFO     ___FILE_ONLY___ ═
2024-11-21 09:09:06,786 INFO     ___FILE_ONLY___ ═
2024-11-21 09:09:06,787 INFO     ___FILE_ONLY___ ═
2024-11-21 09:09:06,787 INFO     ___FILE_ONLY___ ═
2024-11-21 09:09:06,787 INFO     ___FILE_ONLY___ ═
2024-11-21 09:09:06,787 INFO     ___FILE_ONLY___ ═
2024-11-21 09:09:06,788 INFO     ___FILE_ONLY___ ═
2024-11-21 09:09:06,788 INFO     ___FILE_ONLY___ ═
2024-11-21 09:09:06,788 INFO     ___FILE_ONLY___ ═
2024-11-21 09:09:06,789 INFO     ___FILE_ONLY___ ═
2024-11-21 09:09:06,789 INFO     ___FILE_ONLY___ ═
2024-11-21 09:09:06,789 INFO     ___FILE_ONLY___ ═
2024-11-21 09:09:06,789 INFO     ___FILE_ONLY___ ═
2024-11-21 09:09:06,790 INFO     ___FILE_ONLY___ ═
2024-11-21 09:09:06,790 INFO     ___FILE_ONLY___ ═
2024-11-21 09:09:06,790 INFO     ___FILE_ONLY___ ═
2024-11-21 09:09:06,790 INFO     ___FILE_ONLY___ ═
2024-11-21 09:09:06,791 INFO     ___FILE_ONLY___ ═
2024-11-21 09:09:06,791 INFO     ___FILE_ONLY___ ═
2024-11-21 09:09:06,791 INFO     ___FILE_ONLY___ ═
2024-11-21 09:09:06,791 INFO     ___FILE_ONLY___ ═
2024-11-21 09:09:06,791 INFO     ___FILE_ONLY___ ═
2024-11-21 09:09:06,792 INFO     ___FILE_ONLY___ ═
2024-11-21 09:09:06,792 INFO     ___FILE_ONLY___ ═
2024-11-21 09:09:06,792 INFO     ___FILE_ONLY___ ═
2024-11-21 09:09:06,792 INFO     ___FILE_ONLY___ ═
2024-11-21 09:09:06,793 INFO     ___FILE_ONLY___ ═
2024-11-21 09:09:06,793 INFO     ___FILE_ONLY___ ╝

2024-11-21 09:09:06,799 INFO     ___FILE_ONLY___ ╔════════════════════════════════════════════════════════════╗

2024-11-21 09:09:06,799 INFO     ___FILE_ONLY___ ╠═ Downloading: gcloud Alpha Commands                       ═╣

2024-11-21 09:09:06,800 INFO     ___FILE_ONLY___ ╚
2024-11-21 09:09:06,801 DEBUG    urllib3.connectionpool Starting new HTTPS connection (1): dl.google.com:443
2024-11-21 09:09:06,943 DEBUG    urllib3.connectionpool https://dl.google.com:443 "GET /dl/cloudsdk/channels/rapid/components/google-cloud-sdk-alpha-20241115154308.tar.gz HTTP/1.1" 200 800
2024-11-21 09:09:06,944 INFO     ___FILE_ONLY___ ════════════════════════════════════════════════════════════
2024-11-21 09:09:06,944 INFO     ___FILE_ONLY___ ╝

2024-11-21 09:09:06,958 INFO     ___FILE_ONLY___ ╔════════════════════════════════════════════════════════════╗

2024-11-21 09:09:06,958 INFO     ___FILE_ONLY___ ╠═ Downloading: gcloud Beta Commands                        ═╣

2024-11-21 09:09:06,958 INFO     ___FILE_ONLY___ ╚
2024-11-21 09:09:06,960 DEBUG    urllib3.connectionpool Starting new HTTPS connection (1): dl.google.com:443
2024-11-21 09:09:07,117 DEBUG    urllib3.connectionpool https://dl.google.com:443 "GET /dl/cloudsdk/channels/rapid/components/google-cloud-sdk-beta-20241115154308.tar.gz HTTP/1.1" 200 797
2024-11-21 09:09:07,119 INFO     ___FILE_ONLY___ ════════════════════════════════════════════════════════════
2024-11-21 09:09:07,119 INFO     ___FILE_ONLY___ ╝

2024-11-21 09:09:07,131 INFO     ___FILE_ONLY___ ╔════════════════════════════════════════════════════════════╗

2024-11-21 09:09:07,131 INFO     ___FILE_ONLY___ ╠═ Downloading: gcloud cli dependencies (Platform Specific) ═╣

2024-11-21 09:09:07,131 INFO     ___FILE_ONLY___ ╚
2024-11-21 09:09:07,134 DEBUG    urllib3.connectionpool Starting new HTTPS connection (1): dl.google.com:443
2024-11-21 09:09:07,269 DEBUG    urllib3.connectionpool https://dl.google.com:443 "GET /dl/cloudsdk/channels/rapid/components/google-cloud-sdk-gcloud-deps-darwin-x86_64-20210416153011.tar.gz HTTP/1.1" 200 105
2024-11-21 09:09:07,271 INFO     ___FILE_ONLY___ ════════════════════════════════════════════════════════════
2024-11-21 09:09:07,271 INFO     ___FILE_ONLY___ ╝

2024-11-21 09:09:07,318 INFO     ___FILE_ONLY___ ╔════════════════════════════════════════════════════════════╗

2024-11-21 09:09:07,318 INFO     ___FILE_ONLY___ ╠═ Downloading: gke-gcloud-auth-plugin                      ═╣

2024-11-21 09:09:07,318 INFO     ___FILE_ONLY___ ╚
2024-11-21 09:09:07,318 INFO     ___FILE_ONLY___ ════════════════════════════════════════════════════════════
2024-11-21 09:09:07,318 INFO     ___FILE_ONLY___ ╝

2024-11-21 09:09:07,324 INFO     ___FILE_ONLY___ ╔════════════════════════════════════════════════════════════╗

2024-11-21 09:09:07,324 INFO     ___FILE_ONLY___ ╠═ Downloading: gke-gcloud-auth-plugin (Platform Specific)  ═╣

2024-11-21 09:09:07,324 INFO     ___FILE_ONLY___ ╚
2024-11-21 09:09:07,326 DEBUG    urllib3.connectionpool Starting new HTTPS connection (1): dl.google.com:443
2024-11-21 09:09:07,467 DEBUG    urllib3.connectionpool https://dl.google.com:443 "GET /dl/cloudsdk/channels/rapid/components/google-cloud-sdk-gke-gcloud-auth-plugin-darwin-arm-20240628141907.tar.gz HTTP/1.1" 200 4148014
2024-11-21 09:09:07,575 INFO     ___FILE_ONLY___ ═
2024-11-21 09:09:07,576 INFO     ___FILE_ONLY___ ═
2024-11-21 09:09:07,576 INFO     ___FILE_ONLY___ ═
2024-11-21 09:09:07,576 INFO     ___FILE_ONLY___ ═
2024-11-21 09:09:07,576 INFO     ___FILE_ONLY___ ═
2024-11-21 09:09:07,577 INFO     ___FILE_ONLY___ ═
2024-11-21 09:09:07,581 INFO     ___FILE_ONLY___ ═
2024-11-21 09:09:07,581 INFO     ___FILE_ONLY___ ═
2024-11-21 09:09:07,582 INFO     ___FILE_ONLY___ ═
2024-11-21 09:09:07,583 INFO     ___FILE_ONLY___ ═
2024-11-21 09:09:07,583 INFO     ___FILE_ONLY___ ═
2024-11-21 09:09:07,583 INFO     ___FILE_ONLY___ ═
2024-11-21 09:09:07,583 INFO     ___FILE_ONLY___ ═
2024-11-21 09:09:07,584 INFO     ___FILE_ONLY___ ═
2024-11-21 09:09:07,584 INFO     ___FILE_ONLY___ ═
2024-11-21 09:09:07,584 INFO     ___FILE_ONLY___ ═
2024-11-21 09:09:07,584 INFO     ___FILE_ONLY___ ═
2024-11-21 09:09:07,584 INFO     ___FILE_ONLY___ ═
2024-11-21 09:09:07,584 INFO     ___FILE_ONLY___ ═
2024-11-21 09:09:07,584 INFO     ___FILE_ONLY___ ═
2024-11-21 09:09:07,585 INFO     ___FILE_ONLY___ ═
2024-11-21 09:09:07,585 INFO     ___FILE_ONLY___ ═
2024-11-21 09:09:07,585 INFO     ___FILE_ONLY___ ═
2024-11-21 09:09:07,585 INFO     ___FILE_ONLY___ ═
2024-11-21 09:09:07,585 INFO     ___FILE_ONLY___ ═
2024-11-21 09:09:07,585 INFO     ___FILE_ONLY___ ═
2024-11-21 09:09:07,585 INFO     ___FILE_ONLY___ ═
2024-11-21 09:09:07,585 INFO     ___FILE_ONLY___ ═
2024-11-21 09:09:07,585 INFO     ___FILE_ONLY___ ═
2024-11-21 09:09:07,586 INFO     ___FILE_ONLY___ ═
2024-11-21 09:09:07,586 INFO     ___FILE_ONLY___ ═
2024-11-21 09:09:07,586 INFO     ___FILE_ONLY___ ═
2024-11-21 09:09:07,586 INFO     ___FILE_ONLY___ ═
2024-11-21 09:09:07,586 INFO     ___FILE_ONLY___ ═
2024-11-21 09:09:07,586 INFO     ___FILE_ONLY___ ═
2024-11-21 09:09:07,586 INFO     ___FILE_ONLY___ ═
2024-11-21 09:09:07,587 INFO     ___FILE_ONLY___ ═
2024-11-21 09:09:07,587 INFO     ___FILE_ONLY___ ═
2024-11-21 09:09:07,587 INFO     ___FILE_ONLY___ ═
2024-11-21 09:09:07,587 INFO     ___FILE_ONLY___ ═
2024-11-21 09:09:07,587 INFO     ___FILE_ONLY___ ═
2024-11-21 09:09:07,587 INFO     ___FILE_ONLY___ ═
2024-11-21 09:09:07,587 INFO     ___FILE_ONLY___ ═
2024-11-21 09:09:07,588 INFO     ___FILE_ONLY___ ═
2024-11-21 09:09:07,588 INFO     ___FILE_ONLY___ ═
2024-11-21 09:09:07,588 INFO     ___FILE_ONLY___ ═
2024-11-21 09:09:07,588 INFO     ___FILE_ONLY___ ═
2024-11-21 09:09:07,588 INFO     ___FILE_ONLY___ ═
2024-11-21 09:09:07,589 INFO     ___FILE_ONLY___ ═
2024-11-21 09:09:07,589 INFO     ___FILE_ONLY___ ═
2024-11-21 09:09:07,589 INFO     ___FILE_ONLY___ ═
2024-11-21 09:09:07,589 INFO     ___FILE_ONLY___ ═
2024-11-21 09:09:07,589 INFO     ___FILE_ONLY___ ═
2024-11-21 09:09:07,589 INFO     ___FILE_ONLY___ ═
2024-11-21 09:09:07,589 INFO     ___FILE_ONLY___ ═
2024-11-21 09:09:07,589 INFO     ___FILE_ONLY___ ═
2024-11-21 09:09:07,589 INFO     ___FILE_ONLY___ ═
2024-11-21 09:09:07,589 INFO     ___FILE_ONLY___ ═
2024-11-21 09:09:07,589 INFO     ___FILE_ONLY___ ═
2024-11-21 09:09:07,589 INFO     ___FILE_ONLY___ ═
2024-11-21 09:09:07,589 INFO     ___FILE_ONLY___ ╝

2024-11-21 09:09:07,596 INFO     ___FILE_ONLY___ ╔════════════════════════════════════════════════════════════╗

2024-11-21 09:09:07,596 INFO     ___FILE_ONLY___ ╠═ Downloading: kubectl                                     ═╣

2024-11-21 09:09:07,596 INFO     ___FILE_ONLY___ ╚
2024-11-21 09:09:07,604 DEBUG    urllib3.connectionpool Starting new HTTPS connection (1): dl.google.com:443
2024-11-21 09:09:07,754 DEBUG    urllib3.connectionpool https://dl.google.com:443 "GET /dl/cloudsdk/channels/rapid/components/google-cloud-sdk-kubectl-20241004144944.tar.gz HTTP/1.1" 200 36206
2024-11-21 09:09:07,762 INFO     ___FILE_ONLY___ ═══════════════════════════
2024-11-21 09:09:07,763 INFO     ___FILE_ONLY___ ═══════════════════════════
2024-11-21 09:09:07,763 INFO     ___FILE_ONLY___ ══════
2024-11-21 09:09:07,763 INFO     ___FILE_ONLY___ ╝

2024-11-21 09:09:07,784 INFO     ___FILE_ONLY___ ╔════════════════════════════════════════════════════════════╗

2024-11-21 09:09:07,784 INFO     ___FILE_ONLY___ ╠═ Downloading: kubectl (Platform Specific)                 ═╣

2024-11-21 09:09:07,784 INFO     ___FILE_ONLY___ ╚
2024-11-21 09:09:07,788 DEBUG    urllib3.connectionpool Starting new HTTPS connection (1): dl.google.com:443
2024-11-21 09:09:07,946 DEBUG    urllib3.connectionpool https://dl.google.com:443 "GET /dl/cloudsdk/channels/rapid/components/google-cloud-sdk-kubectl-darwin-arm-20241108162203.tar.gz HTTP/1.1" 200 90277960
2024-11-21 09:09:09,139 INFO     ___FILE_ONLY___ ═
2024-11-21 09:09:09,141 INFO     ___FILE_ONLY___ ═
2024-11-21 09:09:09,142 INFO     ___FILE_ONLY___ ═
2024-11-21 09:09:09,143 INFO     ___FILE_ONLY___ ═
2024-11-21 09:09:09,144 INFO     ___FILE_ONLY___ ═
2024-11-21 09:09:09,145 INFO     ___FILE_ONLY___ ═
2024-11-21 09:09:09,146 INFO     ___FILE_ONLY___ ═
2024-11-21 09:09:09,146 INFO     ___FILE_ONLY___ ═
2024-11-21 09:09:09,147 INFO     ___FILE_ONLY___ ═
2024-11-21 09:09:09,148 INFO     ___FILE_ONLY___ ═
2024-11-21 09:09:09,149 INFO     ___FILE_ONLY___ ═
2024-11-21 09:09:09,149 INFO     ___FILE_ONLY___ ═
2024-11-21 09:09:09,151 INFO     ___FILE_ONLY___ ═
2024-11-21 09:09:09,152 INFO     ___FILE_ONLY___ ═
2024-11-21 09:09:09,153 INFO     ___FILE_ONLY___ ═
2024-11-21 09:09:09,153 INFO     ___FILE_ONLY___ ═
2024-11-21 09:09:09,154 INFO     ___FILE_ONLY___ ═
2024-11-21 09:09:09,155 INFO     ___FILE_ONLY___ ═
2024-11-21 09:09:09,156 INFO     ___FILE_ONLY___ ═
2024-11-21 09:09:09,157 INFO     ___FILE_ONLY___ ═
2024-11-21 09:09:09,158 INFO     ___FILE_ONLY___ ═
2024-11-21 09:09:09,159 INFO     ___FILE_ONLY___ ═
2024-11-21 09:09:09,161 INFO     ___FILE_ONLY___ ═
2024-11-21 09:09:09,161 INFO     ___FILE_ONLY___ ═
2024-11-21 09:09:09,162 INFO     ___FILE_ONLY___ ═
2024-11-21 09:09:09,163 INFO     ___FILE_ONLY___ ═
2024-11-21 09:09:09,163 INFO     ___FILE_ONLY___ ═
2024-11-21 09:09:09,164 INFO     ___FILE_ONLY___ ═
2024-11-21 09:09:09,165 INFO     ___FILE_ONLY___ ═
2024-11-21 09:09:09,166 INFO     ___FILE_ONLY___ ═
2024-11-21 09:09:09,167 INFO     ___FILE_ONLY___ ═
2024-11-21 09:09:09,168 INFO     ___FILE_ONLY___ ═
2024-11-21 09:09:09,169 INFO     ___FILE_ONLY___ ═
2024-11-21 09:09:09,170 INFO     ___FILE_ONLY___ ═
2024-11-21 09:09:09,170 INFO     ___FILE_ONLY___ ═
2024-11-21 09:09:09,172 INFO     ___FILE_ONLY___ ═
2024-11-21 09:09:09,173 INFO     ___FILE_ONLY___ ═
2024-11-21 09:09:09,173 INFO     ___FILE_ONLY___ ═
2024-11-21 09:09:09,174 INFO     ___FILE_ONLY___ ═
2024-11-21 09:09:09,175 INFO     ___FILE_ONLY___ ═
2024-11-21 09:09:09,176 INFO     ___FILE_ONLY___ ═
2024-11-21 09:09:09,177 INFO     ___FILE_ONLY___ ═
2024-11-21 09:09:09,179 INFO     ___FILE_ONLY___ ═
2024-11-21 09:09:09,179 INFO     ___FILE_ONLY___ ═
2024-11-21 09:09:09,180 INFO     ___FILE_ONLY___ ═
2024-11-21 09:09:09,181 INFO     ___FILE_ONLY___ ═
2024-11-21 09:09:09,182 INFO     ___FILE_ONLY___ ═
2024-11-21 09:09:09,184 INFO     ___FILE_ONLY___ ═
2024-11-21 09:09:09,184 INFO     ___FILE_ONLY___ ═
2024-11-21 09:09:09,185 INFO     ___FILE_ONLY___ ═
2024-11-21 09:09:09,186 INFO     ___FILE_ONLY___ ═
2024-11-21 09:09:09,187 INFO     ___FILE_ONLY___ ═
2024-11-21 09:09:09,188 INFO     ___FILE_ONLY___ ═
2024-11-21 09:09:09,189 INFO     ___FILE_ONLY___ ═
2024-11-21 09:09:09,190 INFO     ___FILE_ONLY___ ═
2024-11-21 09:09:09,190 INFO     ___FILE_ONLY___ ═
2024-11-21 09:09:09,191 INFO     ___FILE_ONLY___ ═
2024-11-21 09:09:09,192 INFO     ___FILE_ONLY___ ═
2024-11-21 09:09:09,192 INFO     ___FILE_ONLY___ ═
2024-11-21 09:09:09,193 INFO     ___FILE_ONLY___ ═
2024-11-21 09:09:09,193 INFO     ___FILE_ONLY___ ╝

2024-11-21 09:09:09,218 INFO     ___FILE_ONLY___ ╔════════════════════════════════════════════════════════════╗

2024-11-21 09:09:09,218 INFO     ___FILE_ONLY___ ╠═ Installing: Google Cloud CLI Core Libraries (Platform... ═╣

2024-11-21 09:09:09,218 INFO     ___FILE_ONLY___ ╚
2024-11-21 09:09:09,219 INFO     ___FILE_ONLY___ ══════════════════════════════
2024-11-21 09:09:09,219 INFO     ___FILE_ONLY___ ══════════════════════════════
2024-11-21 09:09:09,219 INFO     ___FILE_ONLY___ ╝

2024-11-21 09:09:09,226 INFO     ___FILE_ONLY___ ╔════════════════════════════════════════════════════════════╗

2024-11-21 09:09:09,226 INFO     ___FILE_ONLY___ ╠═ Installing: Minikube                                     ═╣

2024-11-21 09:09:09,227 INFO     ___FILE_ONLY___ ╚
2024-11-21 09:09:09,228 INFO     ___FILE_ONLY___ ════════════════════════════════════════════════════════════
2024-11-21 09:09:09,228 INFO     ___FILE_ONLY___ ╝

2024-11-21 09:09:09,232 INFO     ___FILE_ONLY___ ╔════════════════════════════════════════════════════════════╗

2024-11-21 09:09:09,232 INFO     ___FILE_ONLY___ ╠═ Installing: Minikube (Platform Specific)                 ═╣

2024-11-21 09:09:09,232 INFO     ___FILE_ONLY___ ╚
2024-11-21 09:09:09,594 INFO     ___FILE_ONLY___ ════════════════════════════════════════════════════════════
2024-11-21 09:09:09,594 INFO     ___FILE_ONLY___ ╝

2024-11-21 09:09:09,602 INFO     ___FILE_ONLY___ ╔════════════════════════════════════════════════════════════╗

2024-11-21 09:09:09,602 INFO     ___FILE_ONLY___ ╠═ Installing: Skaffold                                     ═╣

2024-11-21 09:09:09,602 INFO     ___FILE_ONLY___ ╚
2024-11-21 09:09:09,604 INFO     ___FILE_ONLY___ ════════════════════════════════════════════════════════════
2024-11-21 09:09:09,604 INFO     ___FILE_ONLY___ ╝

2024-11-21 09:09:09,608 INFO     ___FILE_ONLY___ ╔════════════════════════════════════════════════════════════╗

2024-11-21 09:09:09,608 INFO     ___FILE_ONLY___ ╠═ Installing: Skaffold (Platform Specific)                 ═╣

2024-11-21 09:09:09,608 INFO     ___FILE_ONLY___ ╚
2024-11-21 09:09:09,883 INFO     ___FILE_ONLY___ ════════════════════════════════════════════════════════════
2024-11-21 09:09:09,883 INFO     ___FILE_ONLY___ ╝

2024-11-21 09:09:09,890 INFO     ___FILE_ONLY___ ╔════════════════════════════════════════════════════════════╗

2024-11-21 09:09:09,890 INFO     ___FILE_ONLY___ ╠═ Installing: gcloud Alpha Commands                        ═╣

2024-11-21 09:09:09,890 INFO     ___FILE_ONLY___ ╚
2024-11-21 09:09:09,891 INFO     ___FILE_ONLY___ ════════════════════════════════════════════════════════════
2024-11-21 09:09:09,891 INFO     ___FILE_ONLY___ ╝

2024-11-21 09:09:09,897 INFO     ___FILE_ONLY___ ╔════════════════════════════════════════════════════════════╗

2024-11-21 09:09:09,897 INFO     ___FILE_ONLY___ ╠═ Installing: gcloud Beta Commands                         ═╣

2024-11-21 09:09:09,897 INFO     ___FILE_ONLY___ ╚
2024-11-21 09:09:09,898 INFO     ___FILE_ONLY___ ════════════════════════════════════════════════════════════
2024-11-21 09:09:09,898 INFO     ___FILE_ONLY___ ╝

2024-11-21 09:09:09,903 INFO     ___FILE_ONLY___ ╔════════════════════════════════════════════════════════════╗

2024-11-21 09:09:09,903 INFO     ___FILE_ONLY___ ╠═ Installing: gcloud cli dependencies (Platform Specific)  ═╣

2024-11-21 09:09:09,903 INFO     ___FILE_ONLY___ ╚
2024-11-21 09:09:09,904 INFO     ___FILE_ONLY___ ════════════════════════════════════════════════════════════
2024-11-21 09:09:09,904 INFO     ___FILE_ONLY___ ╝

2024-11-21 09:09:09,909 INFO     ___FILE_ONLY___ ╔════════════════════════════════════════════════════════════╗

2024-11-21 09:09:09,909 INFO     ___FILE_ONLY___ ╠═ Installing: gke-gcloud-auth-plugin                       ═╣

2024-11-21 09:09:09,909 INFO     ___FILE_ONLY___ ╚
2024-11-21 09:09:09,910 INFO     ___FILE_ONLY___ ════════════════════════════════════════════════════════════
2024-11-21 09:09:09,910 INFO     ___FILE_ONLY___ ╝

2024-11-21 09:09:09,914 INFO     ___FILE_ONLY___ ╔════════════════════════════════════════════════════════════╗

2024-11-21 09:09:09,914 INFO     ___FILE_ONLY___ ╠═ Installing: gke-gcloud-auth-plugin (Platform Specific)   ═╣

2024-11-21 09:09:09,915 INFO     ___FILE_ONLY___ ╚
2024-11-21 09:09:09,985 INFO     ___FILE_ONLY___ ════════════════════════════════════════════════════════════
2024-11-21 09:09:09,985 INFO     ___FILE_ONLY___ ╝

2024-11-21 09:09:09,993 INFO     ___FILE_ONLY___ ╔════════════════════════════════════════════════════════════╗

2024-11-21 09:09:09,993 INFO     ___FILE_ONLY___ ╠═ Installing: kubectl                                      ═╣

2024-11-21 09:09:09,993 INFO     ___FILE_ONLY___ ╚
2024-11-21 09:09:09,995 INFO     ___FILE_ONLY___ ════════════════════════════════════════════════════════════
2024-11-21 09:09:09,995 INFO     ___FILE_ONLY___ ╝

2024-11-21 09:09:10,001 INFO     ___FILE_ONLY___ ╔════════════════════════════════════════════════════════════╗

2024-11-21 09:09:10,001 INFO     ___FILE_ONLY___ ╠═ Installing: kubectl (Platform Specific)                  ═╣

2024-11-21 09:09:10,001 INFO     ___FILE_ONLY___ ╚
2024-11-21 09:09:10,544 INFO     ___FILE_ONLY___ ══════════
2024-11-21 09:09:10,640 INFO     ___FILE_ONLY___ ══════════
2024-11-21 09:09:10,738 INFO     ___FILE_ONLY___ ══════════
2024-11-21 09:09:10,837 INFO     ___FILE_ONLY___ ══════════
2024-11-21 09:09:10,938 INFO     ___FILE_ONLY___ ══════════
2024-11-21 09:09:11,048 INFO     ___FILE_ONLY___ ══════════
2024-11-21 09:09:11,048 INFO     ___FILE_ONLY___ ╝

2024-11-21 09:09:11,056 DEBUG    root            Updating notification cache...
2024-11-21 09:09:11,057 INFO     ___FILE_ONLY___ 

2024-11-21 09:09:11,064 INFO     ___FILE_ONLY___ Performing post processing steps...
2024-11-21 09:09:11,064 DEBUG    root            Executing command: ['/Users/gabrielpaura/Library/Application Support/cloud-code/installer/google-cloud-sdk/bin/gcloud', 'components', 'post-process', '--no-compile-python']
2024-11-21 09:09:11,614 DEBUG    ___FILE_ONLY___ 
2024-11-21 09:09:11,615 DEBUG    ___FILE_ONLY___ 
2024-11-21 09:09:11,832 INFO     ___FILE_ONLY___ 
Update done!


2024-11-21 09:09:11,833 WARNING  root              There are other instances of Google Cloud tools on your system PATH.
  Please remove the following to avoid confusion or accidental invocation:

  /Applications/Docker.app/Contents/Resources/bin/kubectl

  
2024-11-21 09:09:11,835 DEBUG    root            Chosen display Format:none
2024-11-21 09:09:11,835 INFO     root            Display format: "none"
2024-11-21 09:09:11,837 DEBUG    root            Executing command: ['curl', '--silent', '-O', 'https://dl.google.com/dl/cloudsdk/channels/rapid/python-3.11.6-macos11.tar.gz']
2024-11-21 09:09:12,538 DEBUG    root            Executing command: ['tar', '-xf', 'python-3.11.6-macos11.tar.gz']
2024-11-21 09:09:12,595 DEBUG    root            Executing command: ['sudo', 'installer', '-target', '/', '-pkg', './python-3.11.6-macos11.pkg']
