2024-11-21 09:06:50,092 DEBUG    root            Loaded Command Group: ['gcloud', 'components']
2024-11-21 09:06:50,095 DEBUG    root            Loaded Command Group: ['gcloud', 'components', 'update']
2024-11-21 09:06:50,097 DEBUG    root            Running [gcloud.components.update] with arguments: [--no-compile-python: "False", --quiet: "True"]
2024-11-21 09:06:50,098 INFO     ___FILE_ONLY___ Beginning update. This process may take several minutes.

2024-11-21 09:06:50,114 DEBUG    urllib3.connectionpool Starting new HTTPS connection (1): dl.google.com:443
2024-11-21 09:06:50,269 DEBUG    urllib3.connectionpool https://dl.google.com:443 "GET /dl/cloudsdk/channels/rapid/components-2.json HTTP/1.1" 200 227816
2024-11-21 09:06:50,314 INFO     ___FILE_ONLY___ 

2024-11-21 09:06:50,314 INFO     ___FILE_ONLY___ 
Your current Google Cloud CLI version is: 501.0.0

2024-11-21 09:06:50,314 INFO     ___FILE_ONLY___ You will be upgraded to version: 502.0.0

2024-11-21 09:06:50,315 INFO     ___FILE_ONLY___ 

2024-11-21 09:06:50,315 DEBUG    root            Chosen display Format:table[box,title="These components will be removed."](details.display_name:label=Name:align=left,version.version_string:label=Version:align=right,data.size.size(zero="",min=1048576):label=Size:align=right)
2024-11-21 09:06:50,316 DEBUG    root            Chosen display Format:table[box,title="These components will be updated."](details.display_name:label=Name:align=left,version.version_string:label=Version:align=right,data.size.size(zero="",min=1048576):label=Size:align=right)
2024-11-21 09:06:50,336 INFO     ___FILE_ONLY___ ┌─────────────────────────────────────────────────────────┐
2024-11-21 09:06:50,336 INFO     ___FILE_ONLY___ 

2024-11-21 09:06:50,336 INFO     ___FILE_ONLY___ │            These components will be updated.            │
2024-11-21 09:06:50,336 INFO     ___FILE_ONLY___ 

2024-11-21 09:06:50,336 INFO     ___FILE_ONLY___ ├─────────────────────────────────┬────────────┬──────────┤
2024-11-21 09:06:50,336 INFO     ___FILE_ONLY___ 

2024-11-21 09:06:50,336 INFO     ___FILE_ONLY___ │               Name              │  Version   │   Size   │
2024-11-21 09:06:50,336 INFO     ___FILE_ONLY___ 

2024-11-21 09:06:50,336 INFO     ___FILE_ONLY___ ├─────────────────────────────────┼────────────┼──────────┤
2024-11-21 09:06:50,336 INFO     ___FILE_ONLY___ 

2024-11-21 09:06:50,336 INFO     ___FILE_ONLY___ │ 
2024-11-21 09:06:50,336 INFO     ___FILE_ONLY___ Google Cloud CLI Core Libraries
2024-11-21 09:06:50,336 INFO     ___FILE_ONLY___  
2024-11-21 09:06:50,336 INFO     ___FILE_ONLY___ │ 
2024-11-21 09:06:50,336 INFO     ___FILE_ONLY___ 2024.11.15
2024-11-21 09:06:50,337 INFO     ___FILE_ONLY___  
2024-11-21 09:06:50,337 INFO     ___FILE_ONLY___ │ 
2024-11-21 09:06:50,337 INFO     ___FILE_ONLY___ 20.4 MiB
2024-11-21 09:06:50,337 INFO     ___FILE_ONLY___  
2024-11-21 09:06:50,337 INFO     ___FILE_ONLY___ │
2024-11-21 09:06:50,337 INFO     ___FILE_ONLY___ 

2024-11-21 09:06:50,337 INFO     ___FILE_ONLY___ └─────────────────────────────────┴────────────┴──────────┘
2024-11-21 09:06:50,337 INFO     ___FILE_ONLY___ 

2024-11-21 09:06:50,337 DEBUG    root            Chosen display Format:table[box,title="These components will be installed."](details.display_name:label=Name:align=left,version.version_string:label=Version:align=right,data.size.size(zero="",min=1048576):label=Size:align=right)
2024-11-21 09:06:50,338 INFO     ___FILE_ONLY___ ┌────────────────────────────────────────────────────────────────────────────┐
2024-11-21 09:06:50,338 INFO     ___FILE_ONLY___ 

2024-11-21 09:06:50,338 INFO     ___FILE_ONLY___ │                    These components will be installed.                     │
2024-11-21 09:06:50,338 INFO     ___FILE_ONLY___ 

2024-11-21 09:06:50,338 INFO     ___FILE_ONLY___ ├─────────────────────────────────────────────────────┬────────────┬─────────┤
2024-11-21 09:06:50,338 INFO     ___FILE_ONLY___ 

2024-11-21 09:06:50,338 INFO     ___FILE_ONLY___ │                         Name                        │  Version   │   Size  │
2024-11-21 09:06:50,338 INFO     ___FILE_ONLY___ 

2024-11-21 09:06:50,339 INFO     ___FILE_ONLY___ ├─────────────────────────────────────────────────────┼────────────┼─────────┤
2024-11-21 09:06:50,339 INFO     ___FILE_ONLY___ 

2024-11-21 09:06:50,339 INFO     ___FILE_ONLY___ │ 
2024-11-21 09:06:50,339 INFO     ___FILE_ONLY___ Google Cloud CLI Core Libraries (Platform Specific)
2024-11-21 09:06:50,339 INFO     ___FILE_ONLY___  
2024-11-21 09:06:50,339 INFO     ___FILE_ONLY___ │ 
2024-11-21 09:06:50,339 INFO     ___FILE_ONLY___ 2024.08.30
2024-11-21 09:06:50,339 INFO     ___FILE_ONLY___  
2024-11-21 09:06:50,339 INFO     ___FILE_ONLY___ │ 
2024-11-21 09:06:50,339 INFO     ___FILE_ONLY___ < 1 MiB
2024-11-21 09:06:50,339 INFO     ___FILE_ONLY___  
2024-11-21 09:06:50,339 INFO     ___FILE_ONLY___ │
2024-11-21 09:06:50,339 INFO     ___FILE_ONLY___ 

2024-11-21 09:06:50,339 INFO     ___FILE_ONLY___ │ 
2024-11-21 09:06:50,339 INFO     ___FILE_ONLY___ gcloud cli dependencies (Platform Specific)        
2024-11-21 09:06:50,339 INFO     ___FILE_ONLY___  
2024-11-21 09:06:50,339 INFO     ___FILE_ONLY___ │ 
2024-11-21 09:06:50,339 INFO     ___FILE_ONLY___ 2021.04.16
2024-11-21 09:06:50,339 INFO     ___FILE_ONLY___  
2024-11-21 09:06:50,339 INFO     ___FILE_ONLY___ │ 
2024-11-21 09:06:50,339 INFO     ___FILE_ONLY___ < 1 MiB
2024-11-21 09:06:50,339 INFO     ___FILE_ONLY___  
2024-11-21 09:06:50,339 INFO     ___FILE_ONLY___ │
2024-11-21 09:06:50,339 INFO     ___FILE_ONLY___ 

2024-11-21 09:06:50,339 INFO     ___FILE_ONLY___ └─────────────────────────────────────────────────────┴────────────┴─────────┘
2024-11-21 09:06:50,339 INFO     ___FILE_ONLY___ 

2024-11-21 09:06:50,339 INFO     ___FILE_ONLY___ 

2024-11-21 09:06:50,341 DEBUG    urllib3.connectionpool Starting new HTTPS connection (1): dl.google.com:443
2024-11-21 09:06:50,505 DEBUG    urllib3.connectionpool https://dl.google.com:443 "GET /dl/cloudsdk/channels/rapid/RELEASE_NOTES HTTP/1.1" 200 1314602
2024-11-21 09:06:50,608 INFO     ___FILE_ONLY___ The following release notes are new in this upgrade.
Please read carefully for information about new features, breaking changes,
and bugs fixed.  The latest full release notes can be viewed at:
  https://cloud.google.com/sdk/release_notes


2024-11-21 09:06:50,608 INFO     ___FILE_ONLY___ 
2024-11-21 09:06:50,608 INFO     ___FILE_ONLY___ 502.0.0 (2024-11-19)

2024-11-21 09:06:50,608 INFO     ___FILE_ONLY___ 
2024-11-21 09:06:50,608 INFO     ___FILE_ONLY___   
2024-11-21 09:06:50,608 INFO     ___FILE_ONLY___ AI

2024-11-21 09:06:50,608 INFO     ___FILE_ONLY___       ▪
2024-11-21 09:06:50,608 INFO     ___FILE_ONLY___  
2024-11-21 09:06:50,608 INFO     ___FILE_ONLY___ Added
2024-11-21 09:06:50,608 INFO     ___FILE_ONLY___  
2024-11-21 09:06:50,608 INFO     ___FILE_ONLY___ machine-type
2024-11-21 09:06:50,608 INFO     ___FILE_ONLY___  
2024-11-21 09:06:50,608 INFO     ___FILE_ONLY___ to
2024-11-21 09:06:50,608 INFO     ___FILE_ONLY___  
2024-11-21 09:06:50,608 INFO     ___FILE_ONLY___ gcloud
2024-11-21 09:06:50,608 INFO     ___FILE_ONLY___  
2024-11-21 09:06:50,608 INFO     ___FILE_ONLY___ ai
2024-11-21 09:06:50,608 INFO     ___FILE_ONLY___  
2024-11-21 09:06:50,608 INFO     ___FILE_ONLY___ index-endpoints
2024-11-21 09:06:50,608 INFO     ___FILE_ONLY___ 

2024-11-21 09:06:50,608 INFO     ___FILE_ONLY___         
2024-11-21 09:06:50,609 INFO     ___FILE_ONLY___ mutate-deployed-index.
2024-11-21 09:06:50,609 INFO     ___FILE_ONLY___ 

2024-11-21 09:06:50,609 INFO     ___FILE_ONLY___       ▪
2024-11-21 09:06:50,609 INFO     ___FILE_ONLY___  
2024-11-21 09:06:50,609 INFO     ___FILE_ONLY___ Added
2024-11-21 09:06:50,609 INFO     ___FILE_ONLY___  
2024-11-21 09:06:50,609 INFO     ___FILE_ONLY___ --psc-automation-configs
2024-11-21 09:06:50,609 INFO     ___FILE_ONLY___  
2024-11-21 09:06:50,609 INFO     ___FILE_ONLY___ flag
2024-11-21 09:06:50,609 INFO     ___FILE_ONLY___  
2024-11-21 09:06:50,609 INFO     ___FILE_ONLY___ to
2024-11-21 09:06:50,609 INFO     ___FILE_ONLY___  
2024-11-21 09:06:50,609 INFO     ___FILE_ONLY___ gcloud
2024-11-21 09:06:50,609 INFO     ___FILE_ONLY___  
2024-11-21 09:06:50,609 INFO     ___FILE_ONLY___ ai
2024-11-21 09:06:50,609 INFO     ___FILE_ONLY___  
2024-11-21 09:06:50,609 INFO     ___FILE_ONLY___ index-endpoints
2024-11-21 09:06:50,609 INFO     ___FILE_ONLY___ 

2024-11-21 09:06:50,609 INFO     ___FILE_ONLY___         
2024-11-21 09:06:50,609 INFO     ___FILE_ONLY___ deploy-index
2024-11-21 09:06:50,609 INFO     ___FILE_ONLY___  
2024-11-21 09:06:50,609 INFO     ___FILE_ONLY___ to
2024-11-21 09:06:50,609 INFO     ___FILE_ONLY___  
2024-11-21 09:06:50,609 INFO     ___FILE_ONLY___ support
2024-11-21 09:06:50,609 INFO     ___FILE_ONLY___  
2024-11-21 09:06:50,609 INFO     ___FILE_ONLY___ Private
2024-11-21 09:06:50,609 INFO     ___FILE_ONLY___  
2024-11-21 09:06:50,609 INFO     ___FILE_ONLY___ Service
2024-11-21 09:06:50,609 INFO     ___FILE_ONLY___  
2024-11-21 09:06:50,609 INFO     ___FILE_ONLY___ Connect
2024-11-21 09:06:50,609 INFO     ___FILE_ONLY___  
2024-11-21 09:06:50,609 INFO     ___FILE_ONLY___ automation.
2024-11-21 09:06:50,609 INFO     ___FILE_ONLY___ 

2024-11-21 09:06:50,609 INFO     ___FILE_ONLY___ 

2024-11-21 09:06:50,609 INFO     ___FILE_ONLY___ 
2024-11-21 09:06:50,609 INFO     ___FILE_ONLY___   
2024-11-21 09:06:50,609 INFO     ___FILE_ONLY___ AlloyDB

2024-11-21 09:06:50,609 INFO     ___FILE_ONLY___       ▪
2024-11-21 09:06:50,609 INFO     ___FILE_ONLY___  
2024-11-21 09:06:50,609 INFO     ___FILE_ONLY___ Added
2024-11-21 09:06:50,609 INFO     ___FILE_ONLY___  
2024-11-21 09:06:50,609 INFO     ___FILE_ONLY___ export
2024-11-21 09:06:50,609 INFO     ___FILE_ONLY___  
2024-11-21 09:06:50,609 INFO     ___FILE_ONLY___ command
2024-11-21 09:06:50,609 INFO     ___FILE_ONLY___  
2024-11-21 09:06:50,609 INFO     ___FILE_ONLY___ to
2024-11-21 09:06:50,609 INFO     ___FILE_ONLY___  
2024-11-21 09:06:50,609 INFO     ___FILE_ONLY___ support
2024-11-21 09:06:50,609 INFO     ___FILE_ONLY___  
2024-11-21 09:06:50,609 INFO     ___FILE_ONLY___ exporting
2024-11-21 09:06:50,609 INFO     ___FILE_ONLY___  
2024-11-21 09:06:50,609 INFO     ___FILE_ONLY___ data
2024-11-21 09:06:50,609 INFO     ___FILE_ONLY___  
2024-11-21 09:06:50,609 INFO     ___FILE_ONLY___ from
2024-11-21 09:06:50,609 INFO     ___FILE_ONLY___  
2024-11-21 09:06:50,609 INFO     ___FILE_ONLY___ an
2024-11-21 09:06:50,609 INFO     ___FILE_ONLY___  
2024-11-21 09:06:50,609 INFO     ___FILE_ONLY___ AlloyDB
2024-11-21 09:06:50,609 INFO     ___FILE_ONLY___ 

2024-11-21 09:06:50,609 INFO     ___FILE_ONLY___         
2024-11-21 09:06:50,609 INFO     ___FILE_ONLY___ cluster
2024-11-21 09:06:50,609 INFO     ___FILE_ONLY___  
2024-11-21 09:06:50,609 INFO     ___FILE_ONLY___ to
2024-11-21 09:06:50,609 INFO     ___FILE_ONLY___  
2024-11-21 09:06:50,610 INFO     ___FILE_ONLY___ Google
2024-11-21 09:06:50,610 INFO     ___FILE_ONLY___  
2024-11-21 09:06:50,610 INFO     ___FILE_ONLY___ Cloud
2024-11-21 09:06:50,610 INFO     ___FILE_ONLY___  
2024-11-21 09:06:50,610 INFO     ___FILE_ONLY___ Storage
2024-11-21 09:06:50,610 INFO     ___FILE_ONLY___  
2024-11-21 09:06:50,610 INFO     ___FILE_ONLY___ in
2024-11-21 09:06:50,610 INFO     ___FILE_ONLY___  
2024-11-21 09:06:50,610 INFO     ___FILE_ONLY___ alpha
2024-11-21 09:06:50,610 INFO     ___FILE_ONLY___  
2024-11-21 09:06:50,610 INFO     ___FILE_ONLY___ and
2024-11-21 09:06:50,610 INFO     ___FILE_ONLY___  
2024-11-21 09:06:50,610 INFO     ___FILE_ONLY___ beta
2024-11-21 09:06:50,610 INFO     ___FILE_ONLY___  
2024-11-21 09:06:50,610 INFO     ___FILE_ONLY___ tracks.
2024-11-21 09:06:50,610 INFO     ___FILE_ONLY___ 

2024-11-21 09:06:50,610 INFO     ___FILE_ONLY___ 

2024-11-21 09:06:50,610 INFO     ___FILE_ONLY___ 
2024-11-21 09:06:50,610 INFO     ___FILE_ONLY___   
2024-11-21 09:06:50,610 INFO     ___FILE_ONLY___ Cloud Backup DR

2024-11-21 09:06:50,610 INFO     ___FILE_ONLY___       ▪
2024-11-21 09:06:50,610 INFO     ___FILE_ONLY___  
2024-11-21 09:06:50,610 INFO     ___FILE_ONLY___ Promoted
2024-11-21 09:06:50,610 INFO     ___FILE_ONLY___  
2024-11-21 09:06:50,610 INFO     ___FILE_ONLY___ gcloud
2024-11-21 09:06:50,610 INFO     ___FILE_ONLY___  
2024-11-21 09:06:50,610 INFO     ___FILE_ONLY___ backup-dr
2024-11-21 09:06:50,610 INFO     ___FILE_ONLY___  
2024-11-21 09:06:50,610 INFO     ___FILE_ONLY___ backup-vaults,
2024-11-21 09:06:50,610 INFO     ___FILE_ONLY___  
2024-11-21 09:06:50,610 INFO     ___FILE_ONLY___ gcloud
2024-11-21 09:06:50,610 INFO     ___FILE_ONLY___  
2024-11-21 09:06:50,610 INFO     ___FILE_ONLY___ backup-dr
2024-11-21 09:06:50,610 INFO     ___FILE_ONLY___ 

2024-11-21 09:06:50,610 INFO     ___FILE_ONLY___         
2024-11-21 09:06:50,610 INFO     ___FILE_ONLY___ backup-plans,
2024-11-21 09:06:50,610 INFO     ___FILE_ONLY___  
2024-11-21 09:06:50,610 INFO     ___FILE_ONLY___ gcloud
2024-11-21 09:06:50,610 INFO     ___FILE_ONLY___  
2024-11-21 09:06:50,610 INFO     ___FILE_ONLY___ backup-dr
2024-11-21 09:06:50,610 INFO     ___FILE_ONLY___  
2024-11-21 09:06:50,610 INFO     ___FILE_ONLY___ backup-plan-associations,
2024-11-21 09:06:50,610 INFO     ___FILE_ONLY___  
2024-11-21 09:06:50,610 INFO     ___FILE_ONLY___ gcloud
2024-11-21 09:06:50,610 INFO     ___FILE_ONLY___ 

2024-11-21 09:06:50,610 INFO     ___FILE_ONLY___         
2024-11-21 09:06:50,610 INFO     ___FILE_ONLY___ backup-dr
2024-11-21 09:06:50,610 INFO     ___FILE_ONLY___  
2024-11-21 09:06:50,610 INFO     ___FILE_ONLY___ backups
2024-11-21 09:06:50,610 INFO     ___FILE_ONLY___  
2024-11-21 09:06:50,610 INFO     ___FILE_ONLY___ and
2024-11-21 09:06:50,610 INFO     ___FILE_ONLY___  
2024-11-21 09:06:50,610 INFO     ___FILE_ONLY___ gcloud
2024-11-21 09:06:50,610 INFO     ___FILE_ONLY___  
2024-11-21 09:06:50,610 INFO     ___FILE_ONLY___ backup-dr
2024-11-21 09:06:50,610 INFO     ___FILE_ONLY___  
2024-11-21 09:06:50,610 INFO     ___FILE_ONLY___ data-sources
2024-11-21 09:06:50,610 INFO     ___FILE_ONLY___  
2024-11-21 09:06:50,610 INFO     ___FILE_ONLY___ command
2024-11-21 09:06:50,610 INFO     ___FILE_ONLY___  
2024-11-21 09:06:50,610 INFO     ___FILE_ONLY___ groups
2024-11-21 09:06:50,610 INFO     ___FILE_ONLY___  
2024-11-21 09:06:50,610 INFO     ___FILE_ONLY___ to
2024-11-21 09:06:50,610 INFO     ___FILE_ONLY___ 

2024-11-21 09:06:50,611 INFO     ___FILE_ONLY___         
2024-11-21 09:06:50,611 INFO     ___FILE_ONLY___ GA.
2024-11-21 09:06:50,611 INFO     ___FILE_ONLY___ 

2024-11-21 09:06:50,611 INFO     ___FILE_ONLY___ 

2024-11-21 09:06:50,611 INFO     ___FILE_ONLY___ 
2024-11-21 09:06:50,611 INFO     ___FILE_ONLY___   
2024-11-21 09:06:50,611 INFO     ___FILE_ONLY___ Cloud Identity-Aware Proxy

2024-11-21 09:06:50,611 INFO     ___FILE_ONLY___       ▪
2024-11-21 09:06:50,611 INFO     ___FILE_ONLY___  
2024-11-21 09:06:50,611 INFO     ___FILE_ONLY___ Promoted
2024-11-21 09:06:50,611 INFO     ___FILE_ONLY___  
2024-11-21 09:06:50,611 INFO     ___FILE_ONLY___ gcloud
2024-11-21 09:06:50,611 INFO     ___FILE_ONLY___  
2024-11-21 09:06:50,611 INFO     ___FILE_ONLY___ iap
2024-11-21 09:06:50,611 INFO     ___FILE_ONLY___  
2024-11-21 09:06:50,611 INFO     ___FILE_ONLY___ web
2024-11-21 09:06:50,611 INFO     ___FILE_ONLY___  
2024-11-21 09:06:50,611 INFO     ___FILE_ONLY___ enable/disable
2024-11-21 09:06:50,611 INFO     ___FILE_ONLY___  
2024-11-21 09:06:50,611 INFO     ___FILE_ONLY___ to
2024-11-21 09:06:50,611 INFO     ___FILE_ONLY___  
2024-11-21 09:06:50,611 INFO     ___FILE_ONLY___ beta
2024-11-21 09:06:50,611 INFO     ___FILE_ONLY___  
2024-11-21 09:06:50,611 INFO     ___FILE_ONLY___ and
2024-11-21 09:06:50,611 INFO     ___FILE_ONLY___  
2024-11-21 09:06:50,611 INFO     ___FILE_ONLY___ GA.
2024-11-21 09:06:50,611 INFO     ___FILE_ONLY___  
2024-11-21 09:06:50,611 INFO     ___FILE_ONLY___ Added
2024-11-21 09:06:50,611 INFO     ___FILE_ONLY___  
2024-11-21 09:06:50,611 INFO     ___FILE_ONLY___ --region
2024-11-21 09:06:50,611 INFO     ___FILE_ONLY___ 

2024-11-21 09:06:50,611 INFO     ___FILE_ONLY___         
2024-11-21 09:06:50,611 INFO     ___FILE_ONLY___ flag
2024-11-21 09:06:50,611 INFO     ___FILE_ONLY___  
2024-11-21 09:06:50,611 INFO     ___FILE_ONLY___ support
2024-11-21 09:06:50,611 INFO     ___FILE_ONLY___  
2024-11-21 09:06:50,611 INFO     ___FILE_ONLY___ to
2024-11-21 09:06:50,611 INFO     ___FILE_ONLY___  
2024-11-21 09:06:50,611 INFO     ___FILE_ONLY___ --resource-type=backend-services.
2024-11-21 09:06:50,611 INFO     ___FILE_ONLY___ 

2024-11-21 09:06:50,611 INFO     ___FILE_ONLY___ 

2024-11-21 09:06:50,611 INFO     ___FILE_ONLY___ 
2024-11-21 09:06:50,611 INFO     ___FILE_ONLY___   
2024-11-21 09:06:50,611 INFO     ___FILE_ONLY___ Cloud SQL

2024-11-21 09:06:50,611 INFO     ___FILE_ONLY___       ▪
2024-11-21 09:06:50,611 INFO     ___FILE_ONLY___  
2024-11-21 09:06:50,611 INFO     ___FILE_ONLY___ Added
2024-11-21 09:06:50,611 INFO     ___FILE_ONLY___  
2024-11-21 09:06:50,611 INFO     ___FILE_ONLY___ --failover-dr-replica-name
2024-11-21 09:06:50,611 INFO     ___FILE_ONLY___  
2024-11-21 09:06:50,611 INFO     ___FILE_ONLY___ and
2024-11-21 09:06:50,611 INFO     ___FILE_ONLY___  
2024-11-21 09:06:50,611 INFO     ___FILE_ONLY___ --clear-failover-dr-replica-name
2024-11-21 09:06:50,611 INFO     ___FILE_ONLY___ 

2024-11-21 09:06:50,611 INFO     ___FILE_ONLY___         
2024-11-21 09:06:50,611 INFO     ___FILE_ONLY___ flags
2024-11-21 09:06:50,611 INFO     ___FILE_ONLY___  
2024-11-21 09:06:50,611 INFO     ___FILE_ONLY___ to
2024-11-21 09:06:50,611 INFO     ___FILE_ONLY___  
2024-11-21 09:06:50,612 INFO     ___FILE_ONLY___ gcloud
2024-11-21 09:06:50,612 INFO     ___FILE_ONLY___  
2024-11-21 09:06:50,612 INFO     ___FILE_ONLY___ sql
2024-11-21 09:06:50,612 INFO     ___FILE_ONLY___  
2024-11-21 09:06:50,612 INFO     ___FILE_ONLY___ instances
2024-11-21 09:06:50,612 INFO     ___FILE_ONLY___  
2024-11-21 09:06:50,612 INFO     ___FILE_ONLY___ patch
2024-11-21 09:06:50,612 INFO     ___FILE_ONLY___  
2024-11-21 09:06:50,612 INFO     ___FILE_ONLY___ command.
2024-11-21 09:06:50,612 INFO     ___FILE_ONLY___  
2024-11-21 09:06:50,612 INFO     ___FILE_ONLY___ These
2024-11-21 09:06:50,612 INFO     ___FILE_ONLY___  
2024-11-21 09:06:50,612 INFO     ___FILE_ONLY___ flags
2024-11-21 09:06:50,612 INFO     ___FILE_ONLY___  
2024-11-21 09:06:50,612 INFO     ___FILE_ONLY___ can
2024-11-21 09:06:50,612 INFO     ___FILE_ONLY___  
2024-11-21 09:06:50,612 INFO     ___FILE_ONLY___ be
2024-11-21 09:06:50,612 INFO     ___FILE_ONLY___  
2024-11-21 09:06:50,612 INFO     ___FILE_ONLY___ used
2024-11-21 09:06:50,612 INFO     ___FILE_ONLY___  
2024-11-21 09:06:50,612 INFO     ___FILE_ONLY___ to
2024-11-21 09:06:50,612 INFO     ___FILE_ONLY___ 

2024-11-21 09:06:50,612 INFO     ___FILE_ONLY___         
2024-11-21 09:06:50,612 INFO     ___FILE_ONLY___ set
2024-11-21 09:06:50,612 INFO     ___FILE_ONLY___  
2024-11-21 09:06:50,612 INFO     ___FILE_ONLY___ and
2024-11-21 09:06:50,612 INFO     ___FILE_ONLY___  
2024-11-21 09:06:50,612 INFO     ___FILE_ONLY___ unset
2024-11-21 09:06:50,612 INFO     ___FILE_ONLY___  
2024-11-21 09:06:50,612 INFO     ___FILE_ONLY___ a
2024-11-21 09:06:50,612 INFO     ___FILE_ONLY___  
2024-11-21 09:06:50,612 INFO     ___FILE_ONLY___ disaster
2024-11-21 09:06:50,612 INFO     ___FILE_ONLY___  
2024-11-21 09:06:50,612 INFO     ___FILE_ONLY___ recovery
2024-11-21 09:06:50,612 INFO     ___FILE_ONLY___  
2024-11-21 09:06:50,612 INFO     ___FILE_ONLY___ replica
2024-11-21 09:06:50,612 INFO     ___FILE_ONLY___  
2024-11-21 09:06:50,612 INFO     ___FILE_ONLY___ for
2024-11-21 09:06:50,612 INFO     ___FILE_ONLY___  
2024-11-21 09:06:50,612 INFO     ___FILE_ONLY___ a
2024-11-21 09:06:50,612 INFO     ___FILE_ONLY___  
2024-11-21 09:06:50,612 INFO     ___FILE_ONLY___ Cloud
2024-11-21 09:06:50,612 INFO     ___FILE_ONLY___  
2024-11-21 09:06:50,612 INFO     ___FILE_ONLY___ SQL
2024-11-21 09:06:50,612 INFO     ___FILE_ONLY___  
2024-11-21 09:06:50,612 INFO     ___FILE_ONLY___ primary
2024-11-21 09:06:50,612 INFO     ___FILE_ONLY___ 

2024-11-21 09:06:50,612 INFO     ___FILE_ONLY___         
2024-11-21 09:06:50,612 INFO     ___FILE_ONLY___ instance.
2024-11-21 09:06:50,612 INFO     ___FILE_ONLY___ 

2024-11-21 09:06:50,612 INFO     ___FILE_ONLY___       ▪
2024-11-21 09:06:50,612 INFO     ___FILE_ONLY___  
2024-11-21 09:06:50,612 INFO     ___FILE_ONLY___ Add
2024-11-21 09:06:50,613 INFO     ___FILE_ONLY___  
2024-11-21 09:06:50,613 INFO     ___FILE_ONLY___ --[no-]enable-private-service-connect
2024-11-21 09:06:50,613 INFO     ___FILE_ONLY___  
2024-11-21 09:06:50,613 INFO     ___FILE_ONLY___ flag
2024-11-21 09:06:50,613 INFO     ___FILE_ONLY___  
2024-11-21 09:06:50,613 INFO     ___FILE_ONLY___ to
2024-11-21 09:06:50,613 INFO     ___FILE_ONLY___  
2024-11-21 09:06:50,613 INFO     ___FILE_ONLY___ gcloud
2024-11-21 09:06:50,613 INFO     ___FILE_ONLY___  
2024-11-21 09:06:50,613 INFO     ___FILE_ONLY___ beta
2024-11-21 09:06:50,613 INFO     ___FILE_ONLY___  
2024-11-21 09:06:50,613 INFO     ___FILE_ONLY___ sql
2024-11-21 09:06:50,613 INFO     ___FILE_ONLY___ 

2024-11-21 09:06:50,613 INFO     ___FILE_ONLY___         
2024-11-21 09:06:50,613 INFO     ___FILE_ONLY___ instances
2024-11-21 09:06:50,613 INFO     ___FILE_ONLY___  
2024-11-21 09:06:50,613 INFO     ___FILE_ONLY___ patch
2024-11-21 09:06:50,613 INFO     ___FILE_ONLY___  
2024-11-21 09:06:50,613 INFO     ___FILE_ONLY___ command
2024-11-21 09:06:50,613 INFO     ___FILE_ONLY___  
2024-11-21 09:06:50,613 INFO     ___FILE_ONLY___ to
2024-11-21 09:06:50,613 INFO     ___FILE_ONLY___  
2024-11-21 09:06:50,613 INFO     ___FILE_ONLY___ support
2024-11-21 09:06:50,613 INFO     ___FILE_ONLY___  
2024-11-21 09:06:50,613 INFO     ___FILE_ONLY___ enabling
2024-11-21 09:06:50,613 INFO     ___FILE_ONLY___  
2024-11-21 09:06:50,613 INFO     ___FILE_ONLY___ and
2024-11-21 09:06:50,613 INFO     ___FILE_ONLY___  
2024-11-21 09:06:50,613 INFO     ___FILE_ONLY___ disabling
2024-11-21 09:06:50,613 INFO     ___FILE_ONLY___  
2024-11-21 09:06:50,613 INFO     ___FILE_ONLY___ Private
2024-11-21 09:06:50,613 INFO     ___FILE_ONLY___ 

2024-11-21 09:06:50,613 INFO     ___FILE_ONLY___         
2024-11-21 09:06:50,613 INFO     ___FILE_ONLY___ Service
2024-11-21 09:06:50,613 INFO     ___FILE_ONLY___  
2024-11-21 09:06:50,613 INFO     ___FILE_ONLY___ Connect
2024-11-21 09:06:50,613 INFO     ___FILE_ONLY___  
2024-11-21 09:06:50,613 INFO     ___FILE_ONLY___ for
2024-11-21 09:06:50,613 INFO     ___FILE_ONLY___  
2024-11-21 09:06:50,613 INFO     ___FILE_ONLY___ Cloud
2024-11-21 09:06:50,613 INFO     ___FILE_ONLY___  
2024-11-21 09:06:50,613 INFO     ___FILE_ONLY___ SQL
2024-11-21 09:06:50,613 INFO     ___FILE_ONLY___  
2024-11-21 09:06:50,613 INFO     ___FILE_ONLY___ instances.
2024-11-21 09:06:50,613 INFO     ___FILE_ONLY___ 

2024-11-21 09:06:50,613 INFO     ___FILE_ONLY___ 

2024-11-21 09:06:50,613 INFO     ___FILE_ONLY___ 
2024-11-21 09:06:50,613 INFO     ___FILE_ONLY___   
2024-11-21 09:06:50,613 INFO     ___FILE_ONLY___ Compute Engine

2024-11-21 09:06:50,613 INFO     ___FILE_ONLY___       ▪
2024-11-21 09:06:50,613 INFO     ___FILE_ONLY___  
2024-11-21 09:06:50,613 INFO     ___FILE_ONLY___ Added
2024-11-21 09:06:50,613 INFO     ___FILE_ONLY___  
2024-11-21 09:06:50,613 INFO     ___FILE_ONLY___ --require-specific-reservation
2024-11-21 09:06:50,613 INFO     ___FILE_ONLY___  
2024-11-21 09:06:50,613 INFO     ___FILE_ONLY___ flag
2024-11-21 09:06:50,613 INFO     ___FILE_ONLY___  
2024-11-21 09:06:50,613 INFO     ___FILE_ONLY___ to
2024-11-21 09:06:50,613 INFO     ___FILE_ONLY___  
2024-11-21 09:06:50,613 INFO     ___FILE_ONLY___ gcloud
2024-11-21 09:06:50,613 INFO     ___FILE_ONLY___  
2024-11-21 09:06:50,613 INFO     ___FILE_ONLY___ beta
2024-11-21 09:06:50,613 INFO     ___FILE_ONLY___  
2024-11-21 09:06:50,613 INFO     ___FILE_ONLY___ compute
2024-11-21 09:06:50,613 INFO     ___FILE_ONLY___ 

2024-11-21 09:06:50,614 INFO     ___FILE_ONLY___         
2024-11-21 09:06:50,614 INFO     ___FILE_ONLY___ reservations
2024-11-21 09:06:50,614 INFO     ___FILE_ONLY___  
2024-11-21 09:06:50,614 INFO     ___FILE_ONLY___ create
2024-11-21 09:06:50,614 INFO     ___FILE_ONLY___  
2024-11-21 09:06:50,614 INFO     ___FILE_ONLY___ and
2024-11-21 09:06:50,614 INFO     ___FILE_ONLY___  
2024-11-21 09:06:50,614 INFO     ___FILE_ONLY___ gcloud
2024-11-21 09:06:50,614 INFO     ___FILE_ONLY___  
2024-11-21 09:06:50,614 INFO     ___FILE_ONLY___ beta
2024-11-21 09:06:50,614 INFO     ___FILE_ONLY___  
2024-11-21 09:06:50,614 INFO     ___FILE_ONLY___ compute
2024-11-21 09:06:50,614 INFO     ___FILE_ONLY___  
2024-11-21 09:06:50,614 INFO     ___FILE_ONLY___ reservations
2024-11-21 09:06:50,614 INFO     ___FILE_ONLY___  
2024-11-21 09:06:50,614 INFO     ___FILE_ONLY___ update.
2024-11-21 09:06:50,614 INFO     ___FILE_ONLY___ 

2024-11-21 09:06:50,614 INFO     ___FILE_ONLY___       ▪
2024-11-21 09:06:50,614 INFO     ___FILE_ONLY___  
2024-11-21 09:06:50,614 INFO     ___FILE_ONLY___ Added
2024-11-21 09:06:50,614 INFO     ___FILE_ONLY___  
2024-11-21 09:06:50,614 INFO     ___FILE_ONLY___ --reservation-name
2024-11-21 09:06:50,614 INFO     ___FILE_ONLY___  
2024-11-21 09:06:50,614 INFO     ___FILE_ONLY___ flag
2024-11-21 09:06:50,614 INFO     ___FILE_ONLY___  
2024-11-21 09:06:50,614 INFO     ___FILE_ONLY___ to
2024-11-21 09:06:50,614 INFO     ___FILE_ONLY___  
2024-11-21 09:06:50,614 INFO     ___FILE_ONLY___ gcloud
2024-11-21 09:06:50,614 INFO     ___FILE_ONLY___  
2024-11-21 09:06:50,614 INFO     ___FILE_ONLY___ beta
2024-11-21 09:06:50,614 INFO     ___FILE_ONLY___  
2024-11-21 09:06:50,614 INFO     ___FILE_ONLY___ compute
2024-11-21 09:06:50,614 INFO     ___FILE_ONLY___  
2024-11-21 09:06:50,614 INFO     ___FILE_ONLY___ reservations
2024-11-21 09:06:50,614 INFO     ___FILE_ONLY___ 

2024-11-21 09:06:50,614 INFO     ___FILE_ONLY___         
2024-11-21 09:06:50,614 INFO     ___FILE_ONLY___ create
2024-11-21 09:06:50,614 INFO     ___FILE_ONLY___  
2024-11-21 09:06:50,614 INFO     ___FILE_ONLY___ and
2024-11-21 09:06:50,614 INFO     ___FILE_ONLY___  
2024-11-21 09:06:50,614 INFO     ___FILE_ONLY___ gcloud
2024-11-21 09:06:50,614 INFO     ___FILE_ONLY___  
2024-11-21 09:06:50,614 INFO     ___FILE_ONLY___ beta
2024-11-21 09:06:50,614 INFO     ___FILE_ONLY___  
2024-11-21 09:06:50,614 INFO     ___FILE_ONLY___ compute
2024-11-21 09:06:50,614 INFO     ___FILE_ONLY___  
2024-11-21 09:06:50,614 INFO     ___FILE_ONLY___ reservations
2024-11-21 09:06:50,614 INFO     ___FILE_ONLY___  
2024-11-21 09:06:50,614 INFO     ___FILE_ONLY___ update.
2024-11-21 09:06:50,614 INFO     ___FILE_ONLY___ 

2024-11-21 09:06:50,614 INFO     ___FILE_ONLY___       ▪
2024-11-21 09:06:50,614 INFO     ___FILE_ONLY___  
2024-11-21 09:06:50,614 INFO     ___FILE_ONLY___ Added
2024-11-21 09:06:50,614 INFO     ___FILE_ONLY___  
2024-11-21 09:06:50,614 INFO     ___FILE_ONLY___ --deployment-type
2024-11-21 09:06:50,614 INFO     ___FILE_ONLY___  
2024-11-21 09:06:50,614 INFO     ___FILE_ONLY___ flag
2024-11-21 09:06:50,614 INFO     ___FILE_ONLY___  
2024-11-21 09:06:50,614 INFO     ___FILE_ONLY___ to
2024-11-21 09:06:50,614 INFO     ___FILE_ONLY___  
2024-11-21 09:06:50,614 INFO     ___FILE_ONLY___ gcloud
2024-11-21 09:06:50,614 INFO     ___FILE_ONLY___  
2024-11-21 09:06:50,614 INFO     ___FILE_ONLY___ beta
2024-11-21 09:06:50,614 INFO     ___FILE_ONLY___  
2024-11-21 09:06:50,614 INFO     ___FILE_ONLY___ compute
2024-11-21 09:06:50,615 INFO     ___FILE_ONLY___  
2024-11-21 09:06:50,615 INFO     ___FILE_ONLY___ reservations
2024-11-21 09:06:50,615 INFO     ___FILE_ONLY___ 

2024-11-21 09:06:50,615 INFO     ___FILE_ONLY___         
2024-11-21 09:06:50,615 INFO     ___FILE_ONLY___ create
2024-11-21 09:06:50,615 INFO     ___FILE_ONLY___  
2024-11-21 09:06:50,615 INFO     ___FILE_ONLY___ and
2024-11-21 09:06:50,615 INFO     ___FILE_ONLY___  
2024-11-21 09:06:50,615 INFO     ___FILE_ONLY___ gcloud
2024-11-21 09:06:50,615 INFO     ___FILE_ONLY___  
2024-11-21 09:06:50,615 INFO     ___FILE_ONLY___ beta
2024-11-21 09:06:50,615 INFO     ___FILE_ONLY___  
2024-11-21 09:06:50,615 INFO     ___FILE_ONLY___ compute
2024-11-21 09:06:50,615 INFO     ___FILE_ONLY___  
2024-11-21 09:06:50,615 INFO     ___FILE_ONLY___ reservations
2024-11-21 09:06:50,615 INFO     ___FILE_ONLY___  
2024-11-21 09:06:50,615 INFO     ___FILE_ONLY___ update.
2024-11-21 09:06:50,615 INFO     ___FILE_ONLY___ 

2024-11-21 09:06:50,615 INFO     ___FILE_ONLY___       ▪
2024-11-21 09:06:50,615 INFO     ___FILE_ONLY___  
2024-11-21 09:06:50,615 INFO     ___FILE_ONLY___ Added
2024-11-21 09:06:50,615 INFO     ___FILE_ONLY___  
2024-11-21 09:06:50,615 INFO     ___FILE_ONLY___ --scheduling-type
2024-11-21 09:06:50,615 INFO     ___FILE_ONLY___  
2024-11-21 09:06:50,615 INFO     ___FILE_ONLY___ flag
2024-11-21 09:06:50,615 INFO     ___FILE_ONLY___  
2024-11-21 09:06:50,615 INFO     ___FILE_ONLY___ to
2024-11-21 09:06:50,615 INFO     ___FILE_ONLY___  
2024-11-21 09:06:50,615 INFO     ___FILE_ONLY___ gcloud
2024-11-21 09:06:50,615 INFO     ___FILE_ONLY___  
2024-11-21 09:06:50,615 INFO     ___FILE_ONLY___ beta
2024-11-21 09:06:50,615 INFO     ___FILE_ONLY___  
2024-11-21 09:06:50,615 INFO     ___FILE_ONLY___ compute
2024-11-21 09:06:50,615 INFO     ___FILE_ONLY___  
2024-11-21 09:06:50,615 INFO     ___FILE_ONLY___ reservations
2024-11-21 09:06:50,615 INFO     ___FILE_ONLY___ 

2024-11-21 09:06:50,615 INFO     ___FILE_ONLY___         
2024-11-21 09:06:50,615 INFO     ___FILE_ONLY___ create
2024-11-21 09:06:50,615 INFO     ___FILE_ONLY___  
2024-11-21 09:06:50,615 INFO     ___FILE_ONLY___ and
2024-11-21 09:06:50,615 INFO     ___FILE_ONLY___  
2024-11-21 09:06:50,615 INFO     ___FILE_ONLY___ gcloud
2024-11-21 09:06:50,615 INFO     ___FILE_ONLY___  
2024-11-21 09:06:50,615 INFO     ___FILE_ONLY___ beta
2024-11-21 09:06:50,615 INFO     ___FILE_ONLY___  
2024-11-21 09:06:50,615 INFO     ___FILE_ONLY___ compute
2024-11-21 09:06:50,615 INFO     ___FILE_ONLY___  
2024-11-21 09:06:50,615 INFO     ___FILE_ONLY___ reservations
2024-11-21 09:06:50,615 INFO     ___FILE_ONLY___  
2024-11-21 09:06:50,615 INFO     ___FILE_ONLY___ update.
2024-11-21 09:06:50,615 INFO     ___FILE_ONLY___ 

2024-11-21 09:06:50,615 INFO     ___FILE_ONLY___       ▪
2024-11-21 09:06:50,615 INFO     ___FILE_ONLY___  
2024-11-21 09:06:50,615 INFO     ___FILE_ONLY___ Support
2024-11-21 09:06:50,615 INFO     ___FILE_ONLY___  
2024-11-21 09:06:50,615 INFO     ___FILE_ONLY___ --provisioning-model=reservation-bound
2024-11-21 09:06:50,615 INFO     ___FILE_ONLY___  
2024-11-21 09:06:50,615 INFO     ___FILE_ONLY___ in
2024-11-21 09:06:50,615 INFO     ___FILE_ONLY___  
2024-11-21 09:06:50,615 INFO     ___FILE_ONLY___ beta
2024-11-21 09:06:50,615 INFO     ___FILE_ONLY___  
2024-11-21 09:06:50,615 INFO     ___FILE_ONLY___ for
2024-11-21 09:06:50,615 INFO     ___FILE_ONLY___  
2024-11-21 09:06:50,615 INFO     ___FILE_ONLY___ gcloud
2024-11-21 09:06:50,615 INFO     ___FILE_ONLY___ 

2024-11-21 09:06:50,615 INFO     ___FILE_ONLY___         
2024-11-21 09:06:50,616 INFO     ___FILE_ONLY___ compute
2024-11-21 09:06:50,616 INFO     ___FILE_ONLY___  
2024-11-21 09:06:50,616 INFO     ___FILE_ONLY___ instances
2024-11-21 09:06:50,616 INFO     ___FILE_ONLY___  
2024-11-21 09:06:50,616 INFO     ___FILE_ONLY___ create,
2024-11-21 09:06:50,616 INFO     ___FILE_ONLY___  
2024-11-21 09:06:50,616 INFO     ___FILE_ONLY___ gcloud
2024-11-21 09:06:50,616 INFO     ___FILE_ONLY___  
2024-11-21 09:06:50,616 INFO     ___FILE_ONLY___ compute
2024-11-21 09:06:50,616 INFO     ___FILE_ONLY___  
2024-11-21 09:06:50,616 INFO     ___FILE_ONLY___ instances
2024-11-21 09:06:50,616 INFO     ___FILE_ONLY___  
2024-11-21 09:06:50,616 INFO     ___FILE_ONLY___ bulk
2024-11-21 09:06:50,616 INFO     ___FILE_ONLY___  
2024-11-21 09:06:50,616 INFO     ___FILE_ONLY___ create,
2024-11-21 09:06:50,616 INFO     ___FILE_ONLY___  
2024-11-21 09:06:50,616 INFO     ___FILE_ONLY___ and
2024-11-21 09:06:50,616 INFO     ___FILE_ONLY___ 

2024-11-21 09:06:50,616 INFO     ___FILE_ONLY___         
2024-11-21 09:06:50,616 INFO     ___FILE_ONLY___ gcloud
2024-11-21 09:06:50,616 INFO     ___FILE_ONLY___  
2024-11-21 09:06:50,616 INFO     ___FILE_ONLY___ compute
2024-11-21 09:06:50,616 INFO     ___FILE_ONLY___  
2024-11-21 09:06:50,616 INFO     ___FILE_ONLY___ instance-templates
2024-11-21 09:06:50,616 INFO     ___FILE_ONLY___  
2024-11-21 09:06:50,616 INFO     ___FILE_ONLY___ create
2024-11-21 09:06:50,616 INFO     ___FILE_ONLY___  
2024-11-21 09:06:50,616 INFO     ___FILE_ONLY___ commands.
2024-11-21 09:06:50,616 INFO     ___FILE_ONLY___ 

2024-11-21 09:06:50,616 INFO     ___FILE_ONLY___       ▪
2024-11-21 09:06:50,616 INFO     ___FILE_ONLY___  
2024-11-21 09:06:50,616 INFO     ___FILE_ONLY___ Added
2024-11-21 09:06:50,616 INFO     ___FILE_ONLY___  
2024-11-21 09:06:50,616 INFO     ___FILE_ONLY___ gcloud
2024-11-21 09:06:50,616 INFO     ___FILE_ONLY___  
2024-11-21 09:06:50,616 INFO     ___FILE_ONLY___ compute
2024-11-21 09:06:50,616 INFO     ___FILE_ONLY___  
2024-11-21 09:06:50,616 INFO     ___FILE_ONLY___ disks
2024-11-21 09:06:50,616 INFO     ___FILE_ONLY___  
2024-11-21 09:06:50,616 INFO     ___FILE_ONLY___ convert
2024-11-21 09:06:50,616 INFO     ___FILE_ONLY___  
2024-11-21 09:06:50,616 INFO     ___FILE_ONLY___ command.
2024-11-21 09:06:50,616 INFO     ___FILE_ONLY___ 

2024-11-21 09:06:50,616 INFO     ___FILE_ONLY___ 

2024-11-21 09:06:50,616 INFO     ___FILE_ONLY___ 
2024-11-21 09:06:50,616 INFO     ___FILE_ONLY___   
2024-11-21 09:06:50,616 INFO     ___FILE_ONLY___ Eventarc

2024-11-21 09:06:50,616 INFO     ___FILE_ONLY___       ▪
2024-11-21 09:06:50,616 INFO     ___FILE_ONLY___  
2024-11-21 09:06:50,616 INFO     ___FILE_ONLY___ Added
2024-11-21 09:06:50,616 INFO     ___FILE_ONLY___  
2024-11-21 09:06:50,616 INFO     ___FILE_ONLY___ --labels
2024-11-21 09:06:50,616 INFO     ___FILE_ONLY___  
2024-11-21 09:06:50,616 INFO     ___FILE_ONLY___ to
2024-11-21 09:06:50,616 INFO     ___FILE_ONLY___  
2024-11-21 09:06:50,616 INFO     ___FILE_ONLY___ gcloud
2024-11-21 09:06:50,616 INFO     ___FILE_ONLY___  
2024-11-21 09:06:50,616 INFO     ___FILE_ONLY___ eventarc
2024-11-21 09:06:50,616 INFO     ___FILE_ONLY___  
2024-11-21 09:06:50,616 INFO     ___FILE_ONLY___ triggers
2024-11-21 09:06:50,616 INFO     ___FILE_ONLY___  
2024-11-21 09:06:50,616 INFO     ___FILE_ONLY___ create
2024-11-21 09:06:50,616 INFO     ___FILE_ONLY___  
2024-11-21 09:06:50,616 INFO     ___FILE_ONLY___ and
2024-11-21 09:06:50,616 INFO     ___FILE_ONLY___  
2024-11-21 09:06:50,616 INFO     ___FILE_ONLY___ gcloud
2024-11-21 09:06:50,616 INFO     ___FILE_ONLY___  
2024-11-21 09:06:50,616 INFO     ___FILE_ONLY___ eventarc
2024-11-21 09:06:50,616 INFO     ___FILE_ONLY___ 

2024-11-21 09:06:50,617 INFO     ___FILE_ONLY___         
2024-11-21 09:06:50,617 INFO     ___FILE_ONLY___ triggers
2024-11-21 09:06:50,617 INFO     ___FILE_ONLY___  
2024-11-21 09:06:50,617 INFO     ___FILE_ONLY___ update
2024-11-21 09:06:50,617 INFO     ___FILE_ONLY___  
2024-11-21 09:06:50,617 INFO     ___FILE_ONLY___ to
2024-11-21 09:06:50,617 INFO     ___FILE_ONLY___  
2024-11-21 09:06:50,617 INFO     ___FILE_ONLY___ support
2024-11-21 09:06:50,617 INFO     ___FILE_ONLY___  
2024-11-21 09:06:50,617 INFO     ___FILE_ONLY___ labelling
2024-11-21 09:06:50,617 INFO     ___FILE_ONLY___  
2024-11-21 09:06:50,617 INFO     ___FILE_ONLY___ Eventarc
2024-11-21 09:06:50,617 INFO     ___FILE_ONLY___  
2024-11-21 09:06:50,617 INFO     ___FILE_ONLY___ triggers.
2024-11-21 09:06:50,617 INFO     ___FILE_ONLY___ 

2024-11-21 09:06:50,617 INFO     ___FILE_ONLY___       ▪
2024-11-21 09:06:50,617 INFO     ___FILE_ONLY___  
2024-11-21 09:06:50,617 INFO     ___FILE_ONLY___ Added
2024-11-21 09:06:50,617 INFO     ___FILE_ONLY___  
2024-11-21 09:06:50,617 INFO     ___FILE_ONLY___ --labels
2024-11-21 09:06:50,617 INFO     ___FILE_ONLY___  
2024-11-21 09:06:50,617 INFO     ___FILE_ONLY___ to
2024-11-21 09:06:50,617 INFO     ___FILE_ONLY___  
2024-11-21 09:06:50,617 INFO     ___FILE_ONLY___ gcloud
2024-11-21 09:06:50,617 INFO     ___FILE_ONLY___  
2024-11-21 09:06:50,617 INFO     ___FILE_ONLY___ beta
2024-11-21 09:06:50,617 INFO     ___FILE_ONLY___  
2024-11-21 09:06:50,617 INFO     ___FILE_ONLY___ eventarc
2024-11-21 09:06:50,617 INFO     ___FILE_ONLY___  
2024-11-21 09:06:50,617 INFO     ___FILE_ONLY___ message-buses
2024-11-21 09:06:50,617 INFO     ___FILE_ONLY___  
2024-11-21 09:06:50,617 INFO     ___FILE_ONLY___ create
2024-11-21 09:06:50,617 INFO     ___FILE_ONLY___  
2024-11-21 09:06:50,617 INFO     ___FILE_ONLY___ and
2024-11-21 09:06:50,617 INFO     ___FILE_ONLY___ 

2024-11-21 09:06:50,617 INFO     ___FILE_ONLY___         
2024-11-21 09:06:50,617 INFO     ___FILE_ONLY___ gcloud
2024-11-21 09:06:50,617 INFO     ___FILE_ONLY___  
2024-11-21 09:06:50,617 INFO     ___FILE_ONLY___ beta
2024-11-21 09:06:50,617 INFO     ___FILE_ONLY___  
2024-11-21 09:06:50,617 INFO     ___FILE_ONLY___ eventarc
2024-11-21 09:06:50,617 INFO     ___FILE_ONLY___  
2024-11-21 09:06:50,617 INFO     ___FILE_ONLY___ message-buses
2024-11-21 09:06:50,617 INFO     ___FILE_ONLY___  
2024-11-21 09:06:50,617 INFO     ___FILE_ONLY___ update
2024-11-21 09:06:50,617 INFO     ___FILE_ONLY___  
2024-11-21 09:06:50,617 INFO     ___FILE_ONLY___ to
2024-11-21 09:06:50,617 INFO     ___FILE_ONLY___  
2024-11-21 09:06:50,617 INFO     ___FILE_ONLY___ support
2024-11-21 09:06:50,617 INFO     ___FILE_ONLY___  
2024-11-21 09:06:50,617 INFO     ___FILE_ONLY___ labelling
2024-11-21 09:06:50,617 INFO     ___FILE_ONLY___  
2024-11-21 09:06:50,617 INFO     ___FILE_ONLY___ Eventarc
2024-11-21 09:06:50,617 INFO     ___FILE_ONLY___ 

2024-11-21 09:06:50,617 INFO     ___FILE_ONLY___         
2024-11-21 09:06:50,617 INFO     ___FILE_ONLY___ message
2024-11-21 09:06:50,617 INFO     ___FILE_ONLY___  
2024-11-21 09:06:50,617 INFO     ___FILE_ONLY___ buses.
2024-11-21 09:06:50,617 INFO     ___FILE_ONLY___ 

2024-11-21 09:06:50,617 INFO     ___FILE_ONLY___       ▪
2024-11-21 09:06:50,617 INFO     ___FILE_ONLY___  
2024-11-21 09:06:50,617 INFO     ___FILE_ONLY___ Added
2024-11-21 09:06:50,617 INFO     ___FILE_ONLY___  
2024-11-21 09:06:50,617 INFO     ___FILE_ONLY___ --labels
2024-11-21 09:06:50,617 INFO     ___FILE_ONLY___  
2024-11-21 09:06:50,617 INFO     ___FILE_ONLY___ to
2024-11-21 09:06:50,617 INFO     ___FILE_ONLY___  
2024-11-21 09:06:50,617 INFO     ___FILE_ONLY___ gcloud
2024-11-21 09:06:50,617 INFO     ___FILE_ONLY___  
2024-11-21 09:06:50,617 INFO     ___FILE_ONLY___ beta
2024-11-21 09:06:50,618 INFO     ___FILE_ONLY___  
2024-11-21 09:06:50,618 INFO     ___FILE_ONLY___ eventarc
2024-11-21 09:06:50,618 INFO     ___FILE_ONLY___  
2024-11-21 09:06:50,618 INFO     ___FILE_ONLY___ google-api-sources
2024-11-21 09:06:50,618 INFO     ___FILE_ONLY___  
2024-11-21 09:06:50,618 INFO     ___FILE_ONLY___ create
2024-11-21 09:06:50,618 INFO     ___FILE_ONLY___  
2024-11-21 09:06:50,618 INFO     ___FILE_ONLY___ and
2024-11-21 09:06:50,618 INFO     ___FILE_ONLY___ 

2024-11-21 09:06:50,618 INFO     ___FILE_ONLY___         
2024-11-21 09:06:50,618 INFO     ___FILE_ONLY___ gcloud
2024-11-21 09:06:50,618 INFO     ___FILE_ONLY___  
2024-11-21 09:06:50,618 INFO     ___FILE_ONLY___ beta
2024-11-21 09:06:50,618 INFO     ___FILE_ONLY___  
2024-11-21 09:06:50,618 INFO     ___FILE_ONLY___ eventarc
2024-11-21 09:06:50,618 INFO     ___FILE_ONLY___  
2024-11-21 09:06:50,618 INFO     ___FILE_ONLY___ google-api-sources
2024-11-21 09:06:50,618 INFO     ___FILE_ONLY___  
2024-11-21 09:06:50,618 INFO     ___FILE_ONLY___ update
2024-11-21 09:06:50,618 INFO     ___FILE_ONLY___  
2024-11-21 09:06:50,618 INFO     ___FILE_ONLY___ to
2024-11-21 09:06:50,618 INFO     ___FILE_ONLY___  
2024-11-21 09:06:50,618 INFO     ___FILE_ONLY___ support
2024-11-21 09:06:50,618 INFO     ___FILE_ONLY___  
2024-11-21 09:06:50,618 INFO     ___FILE_ONLY___ labelling
2024-11-21 09:06:50,618 INFO     ___FILE_ONLY___ 

2024-11-21 09:06:50,618 INFO     ___FILE_ONLY___         
2024-11-21 09:06:50,618 INFO     ___FILE_ONLY___ Eventarc
2024-11-21 09:06:50,618 INFO     ___FILE_ONLY___  
2024-11-21 09:06:50,618 INFO     ___FILE_ONLY___ Google
2024-11-21 09:06:50,618 INFO     ___FILE_ONLY___  
2024-11-21 09:06:50,618 INFO     ___FILE_ONLY___ API
2024-11-21 09:06:50,618 INFO     ___FILE_ONLY___  
2024-11-21 09:06:50,618 INFO     ___FILE_ONLY___ sources.
2024-11-21 09:06:50,618 INFO     ___FILE_ONLY___ 

2024-11-21 09:06:50,618 INFO     ___FILE_ONLY___ 

2024-11-21 09:06:50,618 INFO     ___FILE_ONLY___ 
2024-11-21 09:06:50,618 INFO     ___FILE_ONLY___   
2024-11-21 09:06:50,618 INFO     ___FILE_ONLY___ GKE Hub

2024-11-21 09:06:50,618 INFO     ___FILE_ONLY___       ▪
2024-11-21 09:06:50,618 INFO     ___FILE_ONLY___  
2024-11-21 09:06:50,618 INFO     ___FILE_ONLY___ Added
2024-11-21 09:06:50,618 INFO     ___FILE_ONLY___  
2024-11-21 09:06:50,618 INFO     ___FILE_ONLY___ support
2024-11-21 09:06:50,618 INFO     ___FILE_ONLY___  
2024-11-21 09:06:50,618 INFO     ___FILE_ONLY___ for
2024-11-21 09:06:50,618 INFO     ___FILE_ONLY___  
2024-11-21 09:06:50,618 INFO     ___FILE_ONLY___ stopping
2024-11-21 09:06:50,618 INFO     ___FILE_ONLY___  
2024-11-21 09:06:50,618 INFO     ___FILE_ONLY___ and
2024-11-21 09:06:50,618 INFO     ___FILE_ONLY___  
2024-11-21 09:06:50,618 INFO     ___FILE_ONLY___ resuming
2024-11-21 09:06:50,618 INFO     ___FILE_ONLY___  
2024-11-21 09:06:50,618 INFO     ___FILE_ONLY___ syncing
2024-11-21 09:06:50,618 INFO     ___FILE_ONLY___  
2024-11-21 09:06:50,618 INFO     ___FILE_ONLY___ configs
2024-11-21 09:06:50,618 INFO     ___FILE_ONLY___  
2024-11-21 09:06:50,618 INFO     ___FILE_ONLY___ to
2024-11-21 09:06:50,618 INFO     ___FILE_ONLY___  
2024-11-21 09:06:50,618 INFO     ___FILE_ONLY___ gcloud
2024-11-21 09:06:50,618 INFO     ___FILE_ONLY___ 

2024-11-21 09:06:50,618 INFO     ___FILE_ONLY___         
2024-11-21 09:06:50,618 INFO     ___FILE_ONLY___ beta
2024-11-21 09:06:50,618 INFO     ___FILE_ONLY___  
2024-11-21 09:06:50,618 INFO     ___FILE_ONLY___ container
2024-11-21 09:06:50,618 INFO     ___FILE_ONLY___  
2024-11-21 09:06:50,619 INFO     ___FILE_ONLY___ fleet
2024-11-21 09:06:50,619 INFO     ___FILE_ONLY___  
2024-11-21 09:06:50,619 INFO     ___FILE_ONLY___ config-management
2024-11-21 09:06:50,619 INFO     ___FILE_ONLY___  
2024-11-21 09:06:50,619 INFO     ___FILE_ONLY___ apply
2024-11-21 09:06:50,619 INFO     ___FILE_ONLY___  
2024-11-21 09:06:50,619 INFO     ___FILE_ONLY___ through
2024-11-21 09:06:50,619 INFO     ___FILE_ONLY___  
2024-11-21 09:06:50,619 INFO     ___FILE_ONLY___ a
2024-11-21 09:06:50,619 INFO     ___FILE_ONLY___  
2024-11-21 09:06:50,619 INFO     ___FILE_ONLY___ new
2024-11-21 09:06:50,619 INFO     ___FILE_ONLY___  
2024-11-21 09:06:50,619 INFO     ___FILE_ONLY___ Boolean
2024-11-21 09:06:50,619 INFO     ___FILE_ONLY___ 

2024-11-21 09:06:50,619 INFO     ___FILE_ONLY___         
2024-11-21 09:06:50,619 INFO     ___FILE_ONLY___ field
2024-11-21 09:06:50,619 INFO     ___FILE_ONLY___  
2024-11-21 09:06:50,619 INFO     ___FILE_ONLY___ configSync.stopSyncing
2024-11-21 09:06:50,619 INFO     ___FILE_ONLY___  
2024-11-21 09:06:50,619 INFO     ___FILE_ONLY___ in
2024-11-21 09:06:50,619 INFO     ___FILE_ONLY___  
2024-11-21 09:06:50,619 INFO     ___FILE_ONLY___ the
2024-11-21 09:06:50,619 INFO     ___FILE_ONLY___  
2024-11-21 09:06:50,619 INFO     ___FILE_ONLY___ config
2024-11-21 09:06:50,619 INFO     ___FILE_ONLY___  
2024-11-21 09:06:50,619 INFO     ___FILE_ONLY___ file
2024-11-21 09:06:50,619 INFO     ___FILE_ONLY___  
2024-11-21 09:06:50,619 INFO     ___FILE_ONLY___ specified
2024-11-21 09:06:50,619 INFO     ___FILE_ONLY___  
2024-11-21 09:06:50,619 INFO     ___FILE_ONLY___ in
2024-11-21 09:06:50,619 INFO     ___FILE_ONLY___  
2024-11-21 09:06:50,619 INFO     ___FILE_ONLY___ flag
2024-11-21 09:06:50,619 INFO     ___FILE_ONLY___ 

2024-11-21 09:06:50,619 INFO     ___FILE_ONLY___         
2024-11-21 09:06:50,619 INFO     ___FILE_ONLY___ --config.
2024-11-21 09:06:50,619 INFO     ___FILE_ONLY___ 

2024-11-21 09:06:50,619 INFO     ___FILE_ONLY___ 

2024-11-21 09:06:50,619 INFO     ___FILE_ONLY___ 
2024-11-21 09:06:50,619 INFO     ___FILE_ONLY___   
2024-11-21 09:06:50,619 INFO     ___FILE_ONLY___ Identity and Access Management

2024-11-21 09:06:50,619 INFO     ___FILE_ONLY___       ▪
2024-11-21 09:06:50,619 INFO     ___FILE_ONLY___  
2024-11-21 09:06:50,619 INFO     ___FILE_ONLY___ Added
2024-11-21 09:06:50,619 INFO     ___FILE_ONLY___  
2024-11-21 09:06:50,619 INFO     ___FILE_ONLY___ gcloud
2024-11-21 09:06:50,619 INFO     ___FILE_ONLY___  
2024-11-21 09:06:50,619 INFO     ___FILE_ONLY___ iam
2024-11-21 09:06:50,619 INFO     ___FILE_ONLY___  
2024-11-21 09:06:50,619 INFO     ___FILE_ONLY___ oauth-clients
2024-11-21 09:06:50,619 INFO     ___FILE_ONLY___  
2024-11-21 09:06:50,619 INFO     ___FILE_ONLY___ commands
2024-11-21 09:06:50,619 INFO     ___FILE_ONLY___  
2024-11-21 09:06:50,619 INFO     ___FILE_ONLY___ for
2024-11-21 09:06:50,620 INFO     ___FILE_ONLY___  
2024-11-21 09:06:50,620 INFO     ___FILE_ONLY___ OAuth
2024-11-21 09:06:50,620 INFO     ___FILE_ONLY___  
2024-11-21 09:06:50,620 INFO     ___FILE_ONLY___ application
2024-11-21 09:06:50,620 INFO     ___FILE_ONLY___ 

2024-11-21 09:06:50,620 INFO     ___FILE_ONLY___         
2024-11-21 09:06:50,620 INFO     ___FILE_ONLY___ integration
2024-11-21 09:06:50,620 INFO     ___FILE_ONLY___  
2024-11-21 09:06:50,620 INFO     ___FILE_ONLY___ to
2024-11-21 09:06:50,620 INFO     ___FILE_ONLY___  
2024-11-21 09:06:50,620 INFO     ___FILE_ONLY___ Workforce
2024-11-21 09:06:50,620 INFO     ___FILE_ONLY___  
2024-11-21 09:06:50,620 INFO     ___FILE_ONLY___ Identity
2024-11-21 09:06:50,620 INFO     ___FILE_ONLY___  
2024-11-21 09:06:50,620 INFO     ___FILE_ONLY___ Federation
2024-11-21 09:06:50,620 INFO     ___FILE_ONLY___  
2024-11-21 09:06:50,620 INFO     ___FILE_ONLY___ management.
2024-11-21 09:06:50,620 INFO     ___FILE_ONLY___ 

2024-11-21 09:06:50,620 INFO     ___FILE_ONLY___ 

2024-11-21 09:06:50,620 INFO     ___FILE_ONLY___ 
2024-11-21 09:06:50,620 INFO     ___FILE_ONLY___   
2024-11-21 09:06:50,620 INFO     ___FILE_ONLY___ Network Connectivity

2024-11-21 09:06:50,620 INFO     ___FILE_ONLY___       ▪
2024-11-21 09:06:50,620 INFO     ___FILE_ONLY___  
2024-11-21 09:06:50,620 INFO     ___FILE_ONLY___ Added
2024-11-21 09:06:50,620 INFO     ___FILE_ONLY___  
2024-11-21 09:06:50,620 INFO     ___FILE_ONLY___ --group
2024-11-21 09:06:50,620 INFO     ___FILE_ONLY___  
2024-11-21 09:06:50,620 INFO     ___FILE_ONLY___ flag
2024-11-21 09:06:50,620 INFO     ___FILE_ONLY___  
2024-11-21 09:06:50,620 INFO     ___FILE_ONLY___ for
2024-11-21 09:06:50,620 INFO     ___FILE_ONLY___  
2024-11-21 09:06:50,620 INFO     ___FILE_ONLY___ hybrid
2024-11-21 09:06:50,620 INFO     ___FILE_ONLY___  
2024-11-21 09:06:50,620 INFO     ___FILE_ONLY___ spokes.
2024-11-21 09:06:50,620 INFO     ___FILE_ONLY___ 

2024-11-21 09:06:50,620 INFO     ___FILE_ONLY___ 

2024-11-21 09:06:50,620 INFO     ___FILE_ONLY___ 
2024-11-21 09:06:50,620 INFO     ___FILE_ONLY___   
2024-11-21 09:06:50,620 INFO     ___FILE_ONLY___ Network Management

2024-11-21 09:06:50,620 INFO     ___FILE_ONLY___       ▪
2024-11-21 09:06:50,620 INFO     ___FILE_ONLY___  
2024-11-21 09:06:50,620 INFO     ___FILE_ONLY___ Added
2024-11-21 09:06:50,620 INFO     ___FILE_ONLY___  
2024-11-21 09:06:50,620 INFO     ___FILE_ONLY___ --destination-fqdn
2024-11-21 09:06:50,620 INFO     ___FILE_ONLY___  
2024-11-21 09:06:50,620 INFO     ___FILE_ONLY___ flag
2024-11-21 09:06:50,620 INFO     ___FILE_ONLY___  
2024-11-21 09:06:50,620 INFO     ___FILE_ONLY___ to
2024-11-21 09:06:50,620 INFO     ___FILE_ONLY___  
2024-11-21 09:06:50,620 INFO     ___FILE_ONLY___ gcloud
2024-11-21 09:06:50,620 INFO     ___FILE_ONLY___  
2024-11-21 09:06:50,620 INFO     ___FILE_ONLY___ network-management
2024-11-21 09:06:50,620 INFO     ___FILE_ONLY___ 

2024-11-21 09:06:50,620 INFO     ___FILE_ONLY___         
2024-11-21 09:06:50,620 INFO     ___FILE_ONLY___ connectivity-tests
2024-11-21 09:06:50,620 INFO     ___FILE_ONLY___  
2024-11-21 09:06:50,620 INFO     ___FILE_ONLY___ to
2024-11-21 09:06:50,620 INFO     ___FILE_ONLY___  
2024-11-21 09:06:50,620 INFO     ___FILE_ONLY___ allow
2024-11-21 09:06:50,620 INFO     ___FILE_ONLY___  
2024-11-21 09:06:50,620 INFO     ___FILE_ONLY___ executing
2024-11-21 09:06:50,620 INFO     ___FILE_ONLY___  
2024-11-21 09:06:50,620 INFO     ___FILE_ONLY___ Connectivity
2024-11-21 09:06:50,621 INFO     ___FILE_ONLY___  
2024-11-21 09:06:50,621 INFO     ___FILE_ONLY___ tests
2024-11-21 09:06:50,621 INFO     ___FILE_ONLY___  
2024-11-21 09:06:50,621 INFO     ___FILE_ONLY___ to
2024-11-21 09:06:50,621 INFO     ___FILE_ONLY___  
2024-11-21 09:06:50,621 INFO     ___FILE_ONLY___ DNS
2024-11-21 09:06:50,621 INFO     ___FILE_ONLY___ 

2024-11-21 09:06:50,621 INFO     ___FILE_ONLY___         
2024-11-21 09:06:50,621 INFO     ___FILE_ONLY___ endpoint
2024-11-21 09:06:50,621 INFO     ___FILE_ONLY___  
2024-11-21 09:06:50,621 INFO     ___FILE_ONLY___ of
2024-11-21 09:06:50,621 INFO     ___FILE_ONLY___  
2024-11-21 09:06:50,621 INFO     ___FILE_ONLY___ Google
2024-11-21 09:06:50,621 INFO     ___FILE_ONLY___  
2024-11-21 09:06:50,621 INFO     ___FILE_ONLY___ Kubernetes
2024-11-21 09:06:50,621 INFO     ___FILE_ONLY___  
2024-11-21 09:06:50,621 INFO     ___FILE_ONLY___ Engine
2024-11-21 09:06:50,621 INFO     ___FILE_ONLY___  
2024-11-21 09:06:50,621 INFO     ___FILE_ONLY___ cluster
2024-11-21 09:06:50,621 INFO     ___FILE_ONLY___  
2024-11-21 09:06:50,621 INFO     ___FILE_ONLY___ control
2024-11-21 09:06:50,621 INFO     ___FILE_ONLY___  
2024-11-21 09:06:50,621 INFO     ___FILE_ONLY___ plane.
2024-11-21 09:06:50,621 INFO     ___FILE_ONLY___ 

2024-11-21 09:06:50,621 INFO     ___FILE_ONLY___ 

2024-11-21 09:06:50,621 INFO     ___FILE_ONLY___    
2024-11-21 09:06:50,621 INFO     ___FILE_ONLY___  
2024-11-21 09:06:50,621 INFO     ___FILE_ONLY___ Subscribe
2024-11-21 09:06:50,621 INFO     ___FILE_ONLY___  
2024-11-21 09:06:50,621 INFO     ___FILE_ONLY___ to
2024-11-21 09:06:50,621 INFO     ___FILE_ONLY___  
2024-11-21 09:06:50,621 INFO     ___FILE_ONLY___ these
2024-11-21 09:06:50,621 INFO     ___FILE_ONLY___  
2024-11-21 09:06:50,621 INFO     ___FILE_ONLY___ release
2024-11-21 09:06:50,621 INFO     ___FILE_ONLY___  
2024-11-21 09:06:50,621 INFO     ___FILE_ONLY___ notes
2024-11-21 09:06:50,621 INFO     ___FILE_ONLY___  
2024-11-21 09:06:50,621 INFO     ___FILE_ONLY___ at
2024-11-21 09:06:50,621 INFO     ___FILE_ONLY___ 

2024-11-21 09:06:50,621 INFO     ___FILE_ONLY___     
2024-11-21 09:06:50,621 INFO     ___FILE_ONLY___ https://groups.google.com/forum/#!forum/google-cloud-sdk-announce
2024-11-21 09:06:50,621 INFO     ___FILE_ONLY___ 

2024-11-21 09:06:50,621 INFO     ___FILE_ONLY___     
2024-11-21 09:06:50,621 INFO     ___FILE_ONLY___ (https://groups.google.com/forum/#!forum/google-cloud-sdk-announce).
2024-11-21 09:06:50,621 INFO     ___FILE_ONLY___ 

2024-11-21 09:06:50,621 INFO     ___FILE_ONLY___ 
2024-11-21 09:06:50,621 INFO     ___FILE_ONLY___ 

2024-11-21 09:06:50,622 INFO     ___FILE_ONLY___ Performing in place update...


2024-11-21 09:06:50,630 INFO     ___FILE_ONLY___ ╔════════════════════════════════════════════════════════════╗

2024-11-21 09:06:50,630 INFO     ___FILE_ONLY___ ╠═ Downloading: Google Cloud CLI Core Libraries             ═╣

2024-11-21 09:06:50,630 INFO     ___FILE_ONLY___ ╚
2024-11-21 09:06:50,634 DEBUG    urllib3.connectionpool Starting new HTTPS connection (1): dl.google.com:443
2024-11-21 09:06:50,782 DEBUG    urllib3.connectionpool https://dl.google.com:443 "GET /dl/cloudsdk/channels/rapid/components/google-cloud-sdk-core-20241115154308.tar.gz HTTP/1.1" 200 21438128
2024-11-21 09:06:51,096 INFO     ___FILE_ONLY___ ═
2024-11-21 09:06:51,096 INFO     ___FILE_ONLY___ ═
2024-11-21 09:06:51,096 INFO     ___FILE_ONLY___ ═
2024-11-21 09:06:51,097 INFO     ___FILE_ONLY___ ═
2024-11-21 09:06:51,097 INFO     ___FILE_ONLY___ ═
2024-11-21 09:06:51,097 INFO     ___FILE_ONLY___ ═
2024-11-21 09:06:51,097 INFO     ___FILE_ONLY___ ═
2024-11-21 09:06:51,097 INFO     ___FILE_ONLY___ ═
2024-11-21 09:06:51,097 INFO     ___FILE_ONLY___ ═
2024-11-21 09:06:51,097 INFO     ___FILE_ONLY___ ═
2024-11-21 09:06:51,098 INFO     ___FILE_ONLY___ ═
2024-11-21 09:06:51,098 INFO     ___FILE_ONLY___ ═
2024-11-21 09:06:51,098 INFO     ___FILE_ONLY___ ═
2024-11-21 09:06:51,098 INFO     ___FILE_ONLY___ ═
2024-11-21 09:06:51,098 INFO     ___FILE_ONLY___ ═
2024-11-21 09:06:51,099 INFO     ___FILE_ONLY___ ═
2024-11-21 09:06:51,099 INFO     ___FILE_ONLY___ ═
2024-11-21 09:06:51,099 INFO     ___FILE_ONLY___ ═
2024-11-21 09:06:51,099 INFO     ___FILE_ONLY___ ═
2024-11-21 09:06:51,099 INFO     ___FILE_ONLY___ ═
2024-11-21 09:06:51,099 INFO     ___FILE_ONLY___ ═
2024-11-21 09:06:51,100 INFO     ___FILE_ONLY___ ═
2024-11-21 09:06:51,100 INFO     ___FILE_ONLY___ ═
2024-11-21 09:06:51,100 INFO     ___FILE_ONLY___ ═
2024-11-21 09:06:51,101 INFO     ___FILE_ONLY___ ═
2024-11-21 09:06:51,101 INFO     ___FILE_ONLY___ ═
2024-11-21 09:06:51,101 INFO     ___FILE_ONLY___ ═
2024-11-21 09:06:51,101 INFO     ___FILE_ONLY___ ═
2024-11-21 09:06:51,101 INFO     ___FILE_ONLY___ ═
2024-11-21 09:06:51,102 INFO     ___FILE_ONLY___ ═
2024-11-21 09:06:51,102 INFO     ___FILE_ONLY___ ═
2024-11-21 09:06:51,102 INFO     ___FILE_ONLY___ ═
2024-11-21 09:06:51,102 INFO     ___FILE_ONLY___ ═
2024-11-21 09:06:51,102 INFO     ___FILE_ONLY___ ═
2024-11-21 09:06:51,102 INFO     ___FILE_ONLY___ ═
2024-11-21 09:06:51,103 INFO     ___FILE_ONLY___ ═
2024-11-21 09:06:51,103 INFO     ___FILE_ONLY___ ═
2024-11-21 09:06:51,103 INFO     ___FILE_ONLY___ ═
2024-11-21 09:06:51,103 INFO     ___FILE_ONLY___ ═
2024-11-21 09:06:51,103 INFO     ___FILE_ONLY___ ═
2024-11-21 09:06:51,103 INFO     ___FILE_ONLY___ ═
2024-11-21 09:06:51,104 INFO     ___FILE_ONLY___ ═
2024-11-21 09:06:51,104 INFO     ___FILE_ONLY___ ═
2024-11-21 09:06:51,104 INFO     ___FILE_ONLY___ ═
2024-11-21 09:06:51,104 INFO     ___FILE_ONLY___ ═
2024-11-21 09:06:51,105 INFO     ___FILE_ONLY___ ═
2024-11-21 09:06:51,105 INFO     ___FILE_ONLY___ ═
2024-11-21 09:06:51,105 INFO     ___FILE_ONLY___ ═
2024-11-21 09:06:51,106 INFO     ___FILE_ONLY___ ═
2024-11-21 09:06:51,106 INFO     ___FILE_ONLY___ ═
2024-11-21 09:06:51,106 INFO     ___FILE_ONLY___ ═
2024-11-21 09:06:51,106 INFO     ___FILE_ONLY___ ═
2024-11-21 09:06:51,106 INFO     ___FILE_ONLY___ ═
2024-11-21 09:06:51,107 INFO     ___FILE_ONLY___ ═
2024-11-21 09:06:51,107 INFO     ___FILE_ONLY___ ═
2024-11-21 09:06:51,107 INFO     ___FILE_ONLY___ ═
2024-11-21 09:06:51,107 INFO     ___FILE_ONLY___ ═
2024-11-21 09:06:51,107 INFO     ___FILE_ONLY___ ═
2024-11-21 09:06:51,108 INFO     ___FILE_ONLY___ ═
2024-11-21 09:06:51,108 INFO     ___FILE_ONLY___ ═
2024-11-21 09:06:51,108 INFO     ___FILE_ONLY___ ╝

2024-11-21 09:06:51,115 INFO     ___FILE_ONLY___ ╔════════════════════════════════════════════════════════════╗

2024-11-21 09:06:51,116 INFO     ___FILE_ONLY___ ╠═ Downloading: Google Cloud CLI Core Libraries (Platfor... ═╣

2024-11-21 09:06:51,116 INFO     ___FILE_ONLY___ ╚
2024-11-21 09:06:51,118 DEBUG    urllib3.connectionpool Starting new HTTPS connection (1): dl.google.com:443
2024-11-21 09:06:51,265 DEBUG    urllib3.connectionpool https://dl.google.com:443 "GET /dl/cloudsdk/channels/rapid/components/google-cloud-sdk-core-nix-20240830134514.tar.gz HTTP/1.1" 200 2306
2024-11-21 09:06:51,265 INFO     ___FILE_ONLY___ ════════════════════════════════════════════════════════════
2024-11-21 09:06:51,265 INFO     ___FILE_ONLY___ ╝

2024-11-21 09:06:51,271 INFO     ___FILE_ONLY___ ╔════════════════════════════════════════════════════════════╗

2024-11-21 09:06:51,271 INFO     ___FILE_ONLY___ ╠═ Downloading: gcloud cli dependencies (Platform Specific) ═╣

2024-11-21 09:06:51,271 INFO     ___FILE_ONLY___ ╚
2024-11-21 09:06:51,273 DEBUG    urllib3.connectionpool Starting new HTTPS connection (1): dl.google.com:443
2024-11-21 09:06:51,410 DEBUG    urllib3.connectionpool https://dl.google.com:443 "GET /dl/cloudsdk/channels/rapid/components/google-cloud-sdk-gcloud-deps-darwin-x86_64-20210416153011.tar.gz HTTP/1.1" 200 105
2024-11-21 09:06:51,412 INFO     ___FILE_ONLY___ ════════════════════════════════════════════════════════════
2024-11-21 09:06:51,412 INFO     ___FILE_ONLY___ ╝

2024-11-21 09:06:51,429 INFO     ___FILE_ONLY___ ╔════════════════════════════════════════════════════════════╗

2024-11-21 09:06:51,429 INFO     ___FILE_ONLY___ ╠═ Uninstalling: Google Cloud CLI Core Libraries            ═╣

2024-11-21 09:06:51,429 INFO     ___FILE_ONLY___ ╚
2024-11-21 09:06:51,460 INFO     ___FILE_ONLY___ ═
2024-11-21 09:06:51,493 INFO     ___FILE_ONLY___ ═
2024-11-21 09:06:51,513 INFO     ___FILE_ONLY___ ═
2024-11-21 09:06:51,535 INFO     ___FILE_ONLY___ ═
2024-11-21 09:06:51,558 INFO     ___FILE_ONLY___ ═
2024-11-21 09:06:51,581 INFO     ___FILE_ONLY___ ═
2024-11-21 09:06:51,601 INFO     ___FILE_ONLY___ ═
2024-11-21 09:06:51,621 INFO     ___FILE_ONLY___ ═
2024-11-21 09:06:51,642 INFO     ___FILE_ONLY___ ═
2024-11-21 09:06:51,662 INFO     ___FILE_ONLY___ ═
2024-11-21 09:06:51,683 INFO     ___FILE_ONLY___ ═
2024-11-21 09:06:51,704 INFO     ___FILE_ONLY___ ═
2024-11-21 09:06:51,726 INFO     ___FILE_ONLY___ ═
2024-11-21 09:06:51,745 INFO     ___FILE_ONLY___ ═
2024-11-21 09:06:51,766 INFO     ___FILE_ONLY___ ═
2024-11-21 09:06:51,788 INFO     ___FILE_ONLY___ ═
2024-11-21 09:06:51,811 INFO     ___FILE_ONLY___ ═
2024-11-21 09:06:51,834 INFO     ___FILE_ONLY___ ═
2024-11-21 09:06:51,857 INFO     ___FILE_ONLY___ ═
2024-11-21 09:06:51,879 INFO     ___FILE_ONLY___ ═
2024-11-21 09:06:51,902 INFO     ___FILE_ONLY___ ═
2024-11-21 09:06:51,926 INFO     ___FILE_ONLY___ ═
2024-11-21 09:06:51,947 INFO     ___FILE_ONLY___ ═
2024-11-21 09:06:51,966 INFO     ___FILE_ONLY___ ═
2024-11-21 09:06:51,985 INFO     ___FILE_ONLY___ ═
2024-11-21 09:06:52,003 INFO     ___FILE_ONLY___ ═
2024-11-21 09:06:52,021 INFO     ___FILE_ONLY___ ═
2024-11-21 09:06:52,043 INFO     ___FILE_ONLY___ ═
2024-11-21 09:06:52,063 INFO     ___FILE_ONLY___ ═
2024-11-21 09:06:52,085 INFO     ___FILE_ONLY___ ═
2024-11-21 09:06:52,105 INFO     ___FILE_ONLY___ ═
2024-11-21 09:06:52,126 INFO     ___FILE_ONLY___ ═
2024-11-21 09:06:52,145 INFO     ___FILE_ONLY___ ═
2024-11-21 09:06:52,163 INFO     ___FILE_ONLY___ ═
2024-11-21 09:06:52,183 INFO     ___FILE_ONLY___ ═
2024-11-21 09:06:52,202 INFO     ___FILE_ONLY___ ═
2024-11-21 09:06:52,220 INFO     ___FILE_ONLY___ ═
2024-11-21 09:06:52,238 INFO     ___FILE_ONLY___ ═
2024-11-21 09:06:52,259 INFO     ___FILE_ONLY___ ═
2024-11-21 09:06:52,279 INFO     ___FILE_ONLY___ ═
2024-11-21 09:06:52,299 INFO     ___FILE_ONLY___ ═
2024-11-21 09:06:52,319 INFO     ___FILE_ONLY___ ═
2024-11-21 09:06:52,345 INFO     ___FILE_ONLY___ ═
2024-11-21 09:06:52,368 INFO     ___FILE_ONLY___ ═
2024-11-21 09:06:52,389 INFO     ___FILE_ONLY___ ═
2024-11-21 09:06:52,409 INFO     ___FILE_ONLY___ ═
2024-11-21 09:06:52,427 INFO     ___FILE_ONLY___ ═
2024-11-21 09:06:52,447 INFO     ___FILE_ONLY___ ═
2024-11-21 09:06:52,465 INFO     ___FILE_ONLY___ ═
2024-11-21 09:06:52,483 INFO     ___FILE_ONLY___ ═
2024-11-21 09:06:52,501 INFO     ___FILE_ONLY___ ═
2024-11-21 09:06:52,522 INFO     ___FILE_ONLY___ ═
2024-11-21 09:06:52,541 INFO     ___FILE_ONLY___ ═
2024-11-21 09:06:52,561 INFO     ___FILE_ONLY___ ═
2024-11-21 09:06:52,582 INFO     ___FILE_ONLY___ ═
2024-11-21 09:06:52,704 INFO     ___FILE_ONLY___ ═
2024-11-21 09:06:52,726 INFO     ___FILE_ONLY___ ═
2024-11-21 09:06:52,746 INFO     ___FILE_ONLY___ ═
2024-11-21 09:06:52,770 INFO     ___FILE_ONLY___ ═
2024-11-21 09:06:52,797 INFO     ___FILE_ONLY___ ═
2024-11-21 09:06:52,797 INFO     ___FILE_ONLY___ ╝

2024-11-21 09:06:54,218 INFO     ___FILE_ONLY___ ╔════════════════════════════════════════════════════════════╗

2024-11-21 09:06:54,219 INFO     ___FILE_ONLY___ ╠═ Installing: Google Cloud CLI Core Libraries              ═╣

2024-11-21 09:06:54,219 INFO     ___FILE_ONLY___ ╚
