2024-11-21 09:12:19,194 DEBUG    root            Metrics collector initialized...
2024-11-21 09:12:19,195 DEBUG    root            Loaded Command Group: ['gcloud', 'components']
2024-11-21 09:12:19,197 DEBUG    root            Loaded Command Group: ['gcloud', 'components', 'update']
2024-11-21 09:12:19,197 DEBUG    root            Running [gcloud.components.update] with arguments: [--no-compile-python: "False", --quiet: "True", COMPONENT-IDS:6: "['alpha', 'beta', 'gke-gcloud-auth-plugin', 'kubectl', 'skaffold', 'minikube']"]
2024-11-21 09:12:19,197 INFO     ___FILE_ONLY___ Beginning update. This process may take several minutes.

2024-11-21 09:12:19,215 DEBUG    urllib3.connectionpool Starting new HTTPS connection (1): dl.google.com:443
2024-11-21 09:12:19,360 DEBUG    urllib3.connectionpool https://dl.google.com:443 "GET /dl/cloudsdk/channels/rapid/components-2.json HTTP/1.1" 200 227816
2024-11-21 09:12:19,396 INFO     ___FILE_ONLY___ 

2024-11-21 09:12:19,397 INFO     ___FILE_ONLY___ 
Your current Google Cloud CLI version is: 502.0.0

2024-11-21 09:12:19,397 INFO     ___FILE_ONLY___ Installing components from version: 502.0.0

2024-11-21 09:12:19,397 INFO     ___FILE_ONLY___ 

2024-11-21 09:12:19,397 DEBUG    root            Chosen display Format:table[box,title="These components will be removed."](details.display_name:label=Name:align=left,version.version_string:label=Version:align=right,data.size.size(zero="",min=1048576):label=Size:align=right)
2024-11-21 09:12:19,397 DEBUG    root            Chosen display Format:table[box,title="These components will be updated."](details.display_name:label=Name:align=left,version.version_string:label=Version:align=right,data.size.size(zero="",min=1048576):label=Size:align=right)
2024-11-21 09:12:19,398 DEBUG    root            Chosen display Format:table[box,title="These components will be installed."](details.display_name:label=Name:align=left,version.version_string:label=Version:align=right,data.size.size(zero="",min=1048576):label=Size:align=right)
2024-11-21 09:12:19,426 INFO     ___FILE_ONLY___ ┌─────────────────────────────────────────────────────────────────────────────┐
2024-11-21 09:12:19,427 INFO     ___FILE_ONLY___ 

2024-11-21 09:12:19,427 INFO     ___FILE_ONLY___ │                     These components will be installed.                     │
2024-11-21 09:12:19,427 INFO     ___FILE_ONLY___ 

2024-11-21 09:12:19,427 INFO     ___FILE_ONLY___ ├─────────────────────────────────────────────────────┬────────────┬──────────┤
2024-11-21 09:12:19,427 INFO     ___FILE_ONLY___ 

2024-11-21 09:12:19,427 INFO     ___FILE_ONLY___ │                         Name                        │  Version   │   Size   │
2024-11-21 09:12:19,427 INFO     ___FILE_ONLY___ 

2024-11-21 09:12:19,427 INFO     ___FILE_ONLY___ ├─────────────────────────────────────────────────────┼────────────┼──────────┤
2024-11-21 09:12:19,427 INFO     ___FILE_ONLY___ 

2024-11-21 09:12:19,427 INFO     ___FILE_ONLY___ │ 
2024-11-21 09:12:19,427 INFO     ___FILE_ONLY___ Google Cloud CLI Core Libraries (Platform Specific)
2024-11-21 09:12:19,427 INFO     ___FILE_ONLY___  
2024-11-21 09:12:19,427 INFO     ___FILE_ONLY___ │ 
2024-11-21 09:12:19,427 INFO     ___FILE_ONLY___ 2024.08.30
2024-11-21 09:12:19,427 INFO     ___FILE_ONLY___  
2024-11-21 09:12:19,427 INFO     ___FILE_ONLY___ │ 
2024-11-21 09:12:19,427 INFO     ___FILE_ONLY___  < 1 MiB
2024-11-21 09:12:19,427 INFO     ___FILE_ONLY___  
2024-11-21 09:12:19,427 INFO     ___FILE_ONLY___ │
2024-11-21 09:12:19,427 INFO     ___FILE_ONLY___ 

2024-11-21 09:12:19,427 INFO     ___FILE_ONLY___ │ 
2024-11-21 09:12:19,427 INFO     ___FILE_ONLY___ Minikube (Platform Specific)                       
2024-11-21 09:12:19,427 INFO     ___FILE_ONLY___  
2024-11-21 09:12:19,427 INFO     ___FILE_ONLY___ │ 
2024-11-21 09:12:19,427 INFO     ___FILE_ONLY___     1.34.0
2024-11-21 09:12:19,427 INFO     ___FILE_ONLY___  
2024-11-21 09:12:19,427 INFO     ___FILE_ONLY___ │ 
2024-11-21 09:12:19,427 INFO     ___FILE_ONLY___ 37.2 MiB
2024-11-21 09:12:19,427 INFO     ___FILE_ONLY___  
2024-11-21 09:12:19,427 INFO     ___FILE_ONLY___ │
2024-11-21 09:12:19,427 INFO     ___FILE_ONLY___ 

2024-11-21 09:12:19,427 INFO     ___FILE_ONLY___ │ 
2024-11-21 09:12:19,427 INFO     ___FILE_ONLY___ Skaffold (Platform Specific)                       
2024-11-21 09:12:19,427 INFO     ___FILE_ONLY___  
2024-11-21 09:12:19,427 INFO     ___FILE_ONLY___ │ 
2024-11-21 09:12:19,427 INFO     ___FILE_ONLY___     2.13.1
2024-11-21 09:12:19,427 INFO     ___FILE_ONLY___  
2024-11-21 09:12:19,427 INFO     ___FILE_ONLY___ │ 
2024-11-21 09:12:19,427 INFO     ___FILE_ONLY___ 22.9 MiB
2024-11-21 09:12:19,427 INFO     ___FILE_ONLY___  
2024-11-21 09:12:19,427 INFO     ___FILE_ONLY___ │
2024-11-21 09:12:19,427 INFO     ___FILE_ONLY___ 

2024-11-21 09:12:19,427 INFO     ___FILE_ONLY___ │ 
2024-11-21 09:12:19,427 INFO     ___FILE_ONLY___ gcloud Alpha Commands                              
2024-11-21 09:12:19,427 INFO     ___FILE_ONLY___  
2024-11-21 09:12:19,427 INFO     ___FILE_ONLY___ │ 
2024-11-21 09:12:19,427 INFO     ___FILE_ONLY___ 2024.11.15
2024-11-21 09:12:19,427 INFO     ___FILE_ONLY___  
2024-11-21 09:12:19,427 INFO     ___FILE_ONLY___ │ 
2024-11-21 09:12:19,428 INFO     ___FILE_ONLY___  < 1 MiB
2024-11-21 09:12:19,428 INFO     ___FILE_ONLY___  
2024-11-21 09:12:19,428 INFO     ___FILE_ONLY___ │
2024-11-21 09:12:19,428 INFO     ___FILE_ONLY___ 

2024-11-21 09:12:19,428 INFO     ___FILE_ONLY___ │ 
2024-11-21 09:12:19,428 INFO     ___FILE_ONLY___ gcloud Beta Commands                               
2024-11-21 09:12:19,428 INFO     ___FILE_ONLY___  
2024-11-21 09:12:19,428 INFO     ___FILE_ONLY___ │ 
2024-11-21 09:12:19,428 INFO     ___FILE_ONLY___ 2024.11.15
2024-11-21 09:12:19,428 INFO     ___FILE_ONLY___  
2024-11-21 09:12:19,428 INFO     ___FILE_ONLY___ │ 
2024-11-21 09:12:19,428 INFO     ___FILE_ONLY___  < 1 MiB
2024-11-21 09:12:19,428 INFO     ___FILE_ONLY___  
2024-11-21 09:12:19,428 INFO     ___FILE_ONLY___ │
2024-11-21 09:12:19,428 INFO     ___FILE_ONLY___ 

2024-11-21 09:12:19,428 INFO     ___FILE_ONLY___ │ 
2024-11-21 09:12:19,428 INFO     ___FILE_ONLY___ gcloud cli dependencies (Platform Specific)        
2024-11-21 09:12:19,428 INFO     ___FILE_ONLY___  
2024-11-21 09:12:19,428 INFO     ___FILE_ONLY___ │ 
2024-11-21 09:12:19,428 INFO     ___FILE_ONLY___ 2021.04.16
2024-11-21 09:12:19,428 INFO     ___FILE_ONLY___  
2024-11-21 09:12:19,428 INFO     ___FILE_ONLY___ │ 
2024-11-21 09:12:19,428 INFO     ___FILE_ONLY___  < 1 MiB
2024-11-21 09:12:19,428 INFO     ___FILE_ONLY___  
2024-11-21 09:12:19,428 INFO     ___FILE_ONLY___ │
2024-11-21 09:12:19,428 INFO     ___FILE_ONLY___ 

2024-11-21 09:12:19,428 INFO     ___FILE_ONLY___ │ 
2024-11-21 09:12:19,428 INFO     ___FILE_ONLY___ gke-gcloud-auth-plugin (Platform Specific)         
2024-11-21 09:12:19,428 INFO     ___FILE_ONLY___  
2024-11-21 09:12:19,428 INFO     ___FILE_ONLY___ │ 
2024-11-21 09:12:19,428 INFO     ___FILE_ONLY___      0.5.9
2024-11-21 09:12:19,428 INFO     ___FILE_ONLY___  
2024-11-21 09:12:19,428 INFO     ___FILE_ONLY___ │ 
2024-11-21 09:12:19,428 INFO     ___FILE_ONLY___  4.0 MiB
2024-11-21 09:12:19,428 INFO     ___FILE_ONLY___  
2024-11-21 09:12:19,428 INFO     ___FILE_ONLY___ │
2024-11-21 09:12:19,428 INFO     ___FILE_ONLY___ 

2024-11-21 09:12:19,428 INFO     ___FILE_ONLY___ │ 
2024-11-21 09:12:19,428 INFO     ___FILE_ONLY___ kubectl                                            
2024-11-21 09:12:19,428 INFO     ___FILE_ONLY___  
2024-11-21 09:12:19,428 INFO     ___FILE_ONLY___ │ 
2024-11-21 09:12:19,428 INFO     ___FILE_ONLY___     1.30.5
2024-11-21 09:12:19,428 INFO     ___FILE_ONLY___  
2024-11-21 09:12:19,428 INFO     ___FILE_ONLY___ │ 
2024-11-21 09:12:19,428 INFO     ___FILE_ONLY___  < 1 MiB
2024-11-21 09:12:19,428 INFO     ___FILE_ONLY___  
2024-11-21 09:12:19,428 INFO     ___FILE_ONLY___ │
2024-11-21 09:12:19,428 INFO     ___FILE_ONLY___ 

2024-11-21 09:12:19,428 INFO     ___FILE_ONLY___ │ 
2024-11-21 09:12:19,428 INFO     ___FILE_ONLY___ kubectl (Platform Specific)                        
2024-11-21 09:12:19,428 INFO     ___FILE_ONLY___  
2024-11-21 09:12:19,428 INFO     ___FILE_ONLY___ │ 
2024-11-21 09:12:19,428 INFO     ___FILE_ONLY___     1.30.6
2024-11-21 09:12:19,428 INFO     ___FILE_ONLY___  
2024-11-21 09:12:19,428 INFO     ___FILE_ONLY___ │ 
2024-11-21 09:12:19,428 INFO     ___FILE_ONLY___ 86.1 MiB
2024-11-21 09:12:19,428 INFO     ___FILE_ONLY___  
2024-11-21 09:12:19,428 INFO     ___FILE_ONLY___ │
2024-11-21 09:12:19,428 INFO     ___FILE_ONLY___ 

2024-11-21 09:12:19,428 INFO     ___FILE_ONLY___ └─────────────────────────────────────────────────────┴────────────┴──────────┘
2024-11-21 09:12:19,428 INFO     ___FILE_ONLY___ 

2024-11-21 09:12:19,429 INFO     ___FILE_ONLY___ 

2024-11-21 09:12:19,430 DEBUG    urllib3.connectionpool Starting new HTTPS connection (1): dl.google.com:443
2024-11-21 09:12:19,752 DEBUG    urllib3.connectionpool https://dl.google.com:443 "GET /dl/cloudsdk/channels/rapid/RELEASE_NOTES HTTP/1.1" 200 1314602
2024-11-21 09:12:19,861 INFO     ___FILE_ONLY___ For the latest full release notes, please visit:
  https://cloud.google.com/sdk/release_notes


2024-11-21 09:12:19,861 INFO     ___FILE_ONLY___ Performing in place update...


2024-11-21 09:12:19,873 INFO     ___FILE_ONLY___ ╔════════════════════════════════════════════════════════════╗

2024-11-21 09:12:19,873 INFO     ___FILE_ONLY___ ╠═ Downloading: Google Cloud CLI Core Libraries (Platfor... ═╣

2024-11-21 09:12:19,873 INFO     ___FILE_ONLY___ ╚
2024-11-21 09:12:19,881 DEBUG    urllib3.connectionpool Starting new HTTPS connection (1): dl.google.com:443
2024-11-21 09:12:20,021 DEBUG    urllib3.connectionpool https://dl.google.com:443 "GET /dl/cloudsdk/channels/rapid/components/google-cloud-sdk-core-nix-20240830134514.tar.gz HTTP/1.1" 200 2306
2024-11-21 09:12:20,022 INFO     ___FILE_ONLY___ ════════════════════════════════════════════════════════════
2024-11-21 09:12:20,022 INFO     ___FILE_ONLY___ ╝

2024-11-21 09:12:20,035 INFO     ___FILE_ONLY___ ╔════════════════════════════════════════════════════════════╗

2024-11-21 09:12:20,035 INFO     ___FILE_ONLY___ ╠═ Downloading: Minikube                                    ═╣

2024-11-21 09:12:20,035 INFO     ___FILE_ONLY___ ╚
2024-11-21 09:12:20,035 INFO     ___FILE_ONLY___ ════════════════════════════════════════════════════════════
2024-11-21 09:12:20,035 INFO     ___FILE_ONLY___ ╝

2024-11-21 09:12:20,047 INFO     ___FILE_ONLY___ ╔════════════════════════════════════════════════════════════╗

2024-11-21 09:12:20,048 INFO     ___FILE_ONLY___ ╠═ Downloading: Minikube (Platform Specific)                ═╣

2024-11-21 09:12:20,048 INFO     ___FILE_ONLY___ ╚
2024-11-21 09:12:20,051 DEBUG    urllib3.connectionpool Starting new HTTPS connection (1): dl.google.com:443
2024-11-21 09:12:20,199 DEBUG    urllib3.connectionpool https://dl.google.com:443 "GET /dl/cloudsdk/channels/rapid/components/google-cloud-sdk-minikube-darwin-arm-20240927140238.tar.gz HTTP/1.1" 200 38981244
2024-11-21 09:12:20,743 INFO     ___FILE_ONLY___ ═
2024-11-21 09:12:20,744 INFO     ___FILE_ONLY___ ═
2024-11-21 09:12:20,745 INFO     ___FILE_ONLY___ ═
2024-11-21 09:12:20,747 INFO     ___FILE_ONLY___ ═
2024-11-21 09:12:20,748 INFO     ___FILE_ONLY___ ═
2024-11-21 09:12:20,749 INFO     ___FILE_ONLY___ ═
2024-11-21 09:12:20,750 INFO     ___FILE_ONLY___ ═
2024-11-21 09:12:20,750 INFO     ___FILE_ONLY___ ═
2024-11-21 09:12:20,751 INFO     ___FILE_ONLY___ ═
2024-11-21 09:12:20,752 INFO     ___FILE_ONLY___ ═
2024-11-21 09:12:20,752 INFO     ___FILE_ONLY___ ═
2024-11-21 09:12:20,753 INFO     ___FILE_ONLY___ ═
2024-11-21 09:12:20,754 INFO     ___FILE_ONLY___ ═
2024-11-21 09:12:20,754 INFO     ___FILE_ONLY___ ═
2024-11-21 09:12:20,755 INFO     ___FILE_ONLY___ ═
2024-11-21 09:12:20,755 INFO     ___FILE_ONLY___ ═
2024-11-21 09:12:20,756 INFO     ___FILE_ONLY___ ═
2024-11-21 09:12:20,757 INFO     ___FILE_ONLY___ ═
2024-11-21 09:12:20,758 INFO     ___FILE_ONLY___ ═
2024-11-21 09:12:20,758 INFO     ___FILE_ONLY___ ═
2024-11-21 09:12:20,759 INFO     ___FILE_ONLY___ ═
2024-11-21 09:12:20,759 INFO     ___FILE_ONLY___ ═
2024-11-21 09:12:20,760 INFO     ___FILE_ONLY___ ═
2024-11-21 09:12:20,760 INFO     ___FILE_ONLY___ ═
2024-11-21 09:12:20,761 INFO     ___FILE_ONLY___ ═
2024-11-21 09:12:20,761 INFO     ___FILE_ONLY___ ═
2024-11-21 09:12:20,762 INFO     ___FILE_ONLY___ ═
2024-11-21 09:12:20,763 INFO     ___FILE_ONLY___ ═
2024-11-21 09:12:20,764 INFO     ___FILE_ONLY___ ═
2024-11-21 09:12:20,765 INFO     ___FILE_ONLY___ ═
2024-11-21 09:12:20,765 INFO     ___FILE_ONLY___ ═
2024-11-21 09:12:20,766 INFO     ___FILE_ONLY___ ═
2024-11-21 09:12:20,767 INFO     ___FILE_ONLY___ ═
2024-11-21 09:12:20,767 INFO     ___FILE_ONLY___ ═
2024-11-21 09:12:20,768 INFO     ___FILE_ONLY___ ═
2024-11-21 09:12:20,768 INFO     ___FILE_ONLY___ ═
2024-11-21 09:12:20,768 INFO     ___FILE_ONLY___ ═
2024-11-21 09:12:20,769 INFO     ___FILE_ONLY___ ═
2024-11-21 09:12:20,770 INFO     ___FILE_ONLY___ ═
2024-11-21 09:12:20,771 INFO     ___FILE_ONLY___ ═
2024-11-21 09:12:20,771 INFO     ___FILE_ONLY___ ═
2024-11-21 09:12:20,772 INFO     ___FILE_ONLY___ ═
2024-11-21 09:12:20,773 INFO     ___FILE_ONLY___ ═
2024-11-21 09:12:20,775 INFO     ___FILE_ONLY___ ═
2024-11-21 09:12:20,775 INFO     ___FILE_ONLY___ ═
2024-11-21 09:12:20,776 INFO     ___FILE_ONLY___ ═
2024-11-21 09:12:20,777 INFO     ___FILE_ONLY___ ═
2024-11-21 09:12:20,778 INFO     ___FILE_ONLY___ ═
2024-11-21 09:12:20,779 INFO     ___FILE_ONLY___ ═
2024-11-21 09:12:20,779 INFO     ___FILE_ONLY___ ═
2024-11-21 09:12:20,780 INFO     ___FILE_ONLY___ ═
2024-11-21 09:12:20,780 INFO     ___FILE_ONLY___ ═
2024-11-21 09:12:20,781 INFO     ___FILE_ONLY___ ═
2024-11-21 09:12:20,781 INFO     ___FILE_ONLY___ ═
2024-11-21 09:12:20,782 INFO     ___FILE_ONLY___ ═
2024-11-21 09:12:20,782 INFO     ___FILE_ONLY___ ═
2024-11-21 09:12:20,783 INFO     ___FILE_ONLY___ ═
2024-11-21 09:12:20,784 INFO     ___FILE_ONLY___ ═
2024-11-21 09:12:20,785 INFO     ___FILE_ONLY___ ═
2024-11-21 09:12:20,803 INFO     ___FILE_ONLY___ ═
2024-11-21 09:12:20,803 INFO     ___FILE_ONLY___ ╝

2024-11-21 09:12:20,813 INFO     ___FILE_ONLY___ ╔════════════════════════════════════════════════════════════╗

2024-11-21 09:12:20,815 INFO     ___FILE_ONLY___ ╠═ Downloading: Skaffold                                    ═╣

2024-11-21 09:12:20,815 INFO     ___FILE_ONLY___ ╚
2024-11-21 09:12:20,815 INFO     ___FILE_ONLY___ ════════════════════════════════════════════════════════════
2024-11-21 09:12:20,815 INFO     ___FILE_ONLY___ ╝

2024-11-21 09:12:20,821 INFO     ___FILE_ONLY___ ╔════════════════════════════════════════════════════════════╗

2024-11-21 09:12:20,821 INFO     ___FILE_ONLY___ ╠═ Downloading: Skaffold (Platform Specific)                ═╣

2024-11-21 09:12:20,821 INFO     ___FILE_ONLY___ ╚
2024-11-21 09:12:20,824 DEBUG    urllib3.connectionpool Starting new HTTPS connection (1): dl.google.com:443
2024-11-21 09:12:20,971 DEBUG    urllib3.connectionpool https://dl.google.com:443 "GET /dl/cloudsdk/channels/rapid/components/google-cloud-sdk-skaffold-darwin-arm-20240806142304.tar.gz HTTP/1.1" 200 24031362
2024-11-21 09:12:21,325 INFO     ___FILE_ONLY___ ═
2024-11-21 09:12:21,326 INFO     ___FILE_ONLY___ ═
2024-11-21 09:12:21,326 INFO     ___FILE_ONLY___ ═
2024-11-21 09:12:21,327 INFO     ___FILE_ONLY___ ═
2024-11-21 09:12:21,328 INFO     ___FILE_ONLY___ ═
2024-11-21 09:12:21,328 INFO     ___FILE_ONLY___ ═
2024-11-21 09:12:21,328 INFO     ___FILE_ONLY___ ═
2024-11-21 09:12:21,329 INFO     ___FILE_ONLY___ ═
2024-11-21 09:12:21,329 INFO     ___FILE_ONLY___ ═
2024-11-21 09:12:21,330 INFO     ___FILE_ONLY___ ═
2024-11-21 09:12:21,330 INFO     ___FILE_ONLY___ ═
2024-11-21 09:12:21,331 INFO     ___FILE_ONLY___ ═
2024-11-21 09:12:21,331 INFO     ___FILE_ONLY___ ═
2024-11-21 09:12:21,332 INFO     ___FILE_ONLY___ ═
2024-11-21 09:12:21,332 INFO     ___FILE_ONLY___ ═
2024-11-21 09:12:21,332 INFO     ___FILE_ONLY___ ═
2024-11-21 09:12:21,334 INFO     ___FILE_ONLY___ ═
2024-11-21 09:12:21,335 INFO     ___FILE_ONLY___ ═
2024-11-21 09:12:21,336 INFO     ___FILE_ONLY___ ═
2024-11-21 09:12:21,336 INFO     ___FILE_ONLY___ ═
2024-11-21 09:12:21,338 INFO     ___FILE_ONLY___ ═
2024-11-21 09:12:21,338 INFO     ___FILE_ONLY___ ═
2024-11-21 09:12:21,338 INFO     ___FILE_ONLY___ ═
2024-11-21 09:12:21,339 INFO     ___FILE_ONLY___ ═
2024-11-21 09:12:21,339 INFO     ___FILE_ONLY___ ═
2024-11-21 09:12:21,340 INFO     ___FILE_ONLY___ ═
2024-11-21 09:12:21,340 INFO     ___FILE_ONLY___ ═
2024-11-21 09:12:21,340 INFO     ___FILE_ONLY___ ═
2024-11-21 09:12:21,341 INFO     ___FILE_ONLY___ ═
2024-11-21 09:12:21,341 INFO     ___FILE_ONLY___ ═
2024-11-21 09:12:21,342 INFO     ___FILE_ONLY___ ═
2024-11-21 09:12:21,342 INFO     ___FILE_ONLY___ ═
2024-11-21 09:12:21,342 INFO     ___FILE_ONLY___ ═
2024-11-21 09:12:21,343 INFO     ___FILE_ONLY___ ═
2024-11-21 09:12:21,343 INFO     ___FILE_ONLY___ ═
2024-11-21 09:12:21,344 INFO     ___FILE_ONLY___ ═
2024-11-21 09:12:21,344 INFO     ___FILE_ONLY___ ═
2024-11-21 09:12:21,344 INFO     ___FILE_ONLY___ ═
2024-11-21 09:12:21,345 INFO     ___FILE_ONLY___ ═
2024-11-21 09:12:21,345 INFO     ___FILE_ONLY___ ═
2024-11-21 09:12:21,345 INFO     ___FILE_ONLY___ ═
2024-11-21 09:12:21,346 INFO     ___FILE_ONLY___ ═
2024-11-21 09:12:21,346 INFO     ___FILE_ONLY___ ═
2024-11-21 09:12:21,347 INFO     ___FILE_ONLY___ ═
2024-11-21 09:12:21,347 INFO     ___FILE_ONLY___ ═
2024-11-21 09:12:21,348 INFO     ___FILE_ONLY___ ═
2024-11-21 09:12:21,348 INFO     ___FILE_ONLY___ ═
2024-11-21 09:12:21,348 INFO     ___FILE_ONLY___ ═
2024-11-21 09:12:21,349 INFO     ___FILE_ONLY___ ═
2024-11-21 09:12:21,349 INFO     ___FILE_ONLY___ ═
2024-11-21 09:12:21,349 INFO     ___FILE_ONLY___ ═
2024-11-21 09:12:21,350 INFO     ___FILE_ONLY___ ═
2024-11-21 09:12:21,350 INFO     ___FILE_ONLY___ ═
2024-11-21 09:12:21,350 INFO     ___FILE_ONLY___ ═
2024-11-21 09:12:21,351 INFO     ___FILE_ONLY___ ═
2024-11-21 09:12:21,351 INFO     ___FILE_ONLY___ ═
2024-11-21 09:12:21,351 INFO     ___FILE_ONLY___ ═
2024-11-21 09:12:21,351 INFO     ___FILE_ONLY___ ═
2024-11-21 09:12:21,352 INFO     ___FILE_ONLY___ ═
2024-11-21 09:12:21,352 INFO     ___FILE_ONLY___ ═
2024-11-21 09:12:21,352 INFO     ___FILE_ONLY___ ╝

2024-11-21 09:12:21,366 INFO     ___FILE_ONLY___ ╔════════════════════════════════════════════════════════════╗

2024-11-21 09:12:21,366 INFO     ___FILE_ONLY___ ╠═ Downloading: gcloud Alpha Commands                       ═╣

2024-11-21 09:12:21,366 INFO     ___FILE_ONLY___ ╚
2024-11-21 09:12:21,368 DEBUG    urllib3.connectionpool Starting new HTTPS connection (1): dl.google.com:443
2024-11-21 09:12:21,506 DEBUG    urllib3.connectionpool https://dl.google.com:443 "GET /dl/cloudsdk/channels/rapid/components/google-cloud-sdk-alpha-20241115154308.tar.gz HTTP/1.1" 200 800
2024-11-21 09:12:21,507 INFO     ___FILE_ONLY___ ════════════════════════════════════════════════════════════
2024-11-21 09:12:21,507 INFO     ___FILE_ONLY___ ╝

2024-11-21 09:12:21,515 INFO     ___FILE_ONLY___ ╔════════════════════════════════════════════════════════════╗

2024-11-21 09:12:21,515 INFO     ___FILE_ONLY___ ╠═ Downloading: gcloud Beta Commands                        ═╣

2024-11-21 09:12:21,515 INFO     ___FILE_ONLY___ ╚
2024-11-21 09:12:21,517 DEBUG    urllib3.connectionpool Starting new HTTPS connection (1): dl.google.com:443
2024-11-21 09:12:21,659 DEBUG    urllib3.connectionpool https://dl.google.com:443 "GET /dl/cloudsdk/channels/rapid/components/google-cloud-sdk-beta-20241115154308.tar.gz HTTP/1.1" 200 797
2024-11-21 09:12:21,661 INFO     ___FILE_ONLY___ ════════════════════════════════════════════════════════════
2024-11-21 09:12:21,661 INFO     ___FILE_ONLY___ ╝

2024-11-21 09:12:21,678 INFO     ___FILE_ONLY___ ╔════════════════════════════════════════════════════════════╗

2024-11-21 09:12:21,678 INFO     ___FILE_ONLY___ ╠═ Downloading: gcloud cli dependencies (Platform Specific) ═╣

2024-11-21 09:12:21,678 INFO     ___FILE_ONLY___ ╚
2024-11-21 09:12:21,682 DEBUG    urllib3.connectionpool Starting new HTTPS connection (1): dl.google.com:443
2024-11-21 09:12:21,831 DEBUG    urllib3.connectionpool https://dl.google.com:443 "GET /dl/cloudsdk/channels/rapid/components/google-cloud-sdk-gcloud-deps-darwin-x86_64-20210416153011.tar.gz HTTP/1.1" 200 105
2024-11-21 09:12:21,833 INFO     ___FILE_ONLY___ ════════════════════════════════════════════════════════════
2024-11-21 09:12:21,833 INFO     ___FILE_ONLY___ ╝

2024-11-21 09:12:21,854 INFO     ___FILE_ONLY___ ╔════════════════════════════════════════════════════════════╗

2024-11-21 09:12:21,855 INFO     ___FILE_ONLY___ ╠═ Downloading: gke-gcloud-auth-plugin                      ═╣

2024-11-21 09:12:21,855 INFO     ___FILE_ONLY___ ╚
2024-11-21 09:12:21,855 INFO     ___FILE_ONLY___ ════════════════════════════════════════════════════════════
2024-11-21 09:12:21,855 INFO     ___FILE_ONLY___ ╝

2024-11-21 09:12:21,866 INFO     ___FILE_ONLY___ ╔════════════════════════════════════════════════════════════╗

2024-11-21 09:12:21,867 INFO     ___FILE_ONLY___ ╠═ Downloading: gke-gcloud-auth-plugin (Platform Specific)  ═╣

2024-11-21 09:12:21,867 INFO     ___FILE_ONLY___ ╚
2024-11-21 09:12:21,870 DEBUG    urllib3.connectionpool Starting new HTTPS connection (1): dl.google.com:443
2024-11-21 09:12:22,020 DEBUG    urllib3.connectionpool https://dl.google.com:443 "GET /dl/cloudsdk/channels/rapid/components/google-cloud-sdk-gke-gcloud-auth-plugin-darwin-arm-20240628141907.tar.gz HTTP/1.1" 200 4148014
2024-11-21 09:12:22,136 INFO     ___FILE_ONLY___ ═
2024-11-21 09:12:22,137 INFO     ___FILE_ONLY___ ═
2024-11-21 09:12:22,137 INFO     ___FILE_ONLY___ ═
2024-11-21 09:12:22,137 INFO     ___FILE_ONLY___ ═
2024-11-21 09:12:22,138 INFO     ___FILE_ONLY___ ═
2024-11-21 09:12:22,138 INFO     ___FILE_ONLY___ ═
2024-11-21 09:12:22,138 INFO     ___FILE_ONLY___ ═
2024-11-21 09:12:22,138 INFO     ___FILE_ONLY___ ═
2024-11-21 09:12:22,138 INFO     ___FILE_ONLY___ ═
2024-11-21 09:12:22,138 INFO     ___FILE_ONLY___ ═
2024-11-21 09:12:22,139 INFO     ___FILE_ONLY___ ═
2024-11-21 09:12:22,139 INFO     ___FILE_ONLY___ ═
2024-11-21 09:12:22,139 INFO     ___FILE_ONLY___ ═
2024-11-21 09:12:22,139 INFO     ___FILE_ONLY___ ═
2024-11-21 09:12:22,139 INFO     ___FILE_ONLY___ ═
2024-11-21 09:12:22,139 INFO     ___FILE_ONLY___ ═
2024-11-21 09:12:22,140 INFO     ___FILE_ONLY___ ═
2024-11-21 09:12:22,140 INFO     ___FILE_ONLY___ ═
2024-11-21 09:12:22,140 INFO     ___FILE_ONLY___ ═
2024-11-21 09:12:22,141 INFO     ___FILE_ONLY___ ═
2024-11-21 09:12:22,141 INFO     ___FILE_ONLY___ ═
2024-11-21 09:12:22,141 INFO     ___FILE_ONLY___ ═
2024-11-21 09:12:22,141 INFO     ___FILE_ONLY___ ═
2024-11-21 09:12:22,141 INFO     ___FILE_ONLY___ ═
2024-11-21 09:12:22,142 INFO     ___FILE_ONLY___ ═
2024-11-21 09:12:22,142 INFO     ___FILE_ONLY___ ═
2024-11-21 09:12:22,142 INFO     ___FILE_ONLY___ ═
2024-11-21 09:12:22,142 INFO     ___FILE_ONLY___ ═
2024-11-21 09:12:22,142 INFO     ___FILE_ONLY___ ═
2024-11-21 09:12:22,142 INFO     ___FILE_ONLY___ ═
2024-11-21 09:12:22,143 INFO     ___FILE_ONLY___ ═
2024-11-21 09:12:22,143 INFO     ___FILE_ONLY___ ═
2024-11-21 09:12:22,143 INFO     ___FILE_ONLY___ ═
2024-11-21 09:12:22,143 INFO     ___FILE_ONLY___ ═
2024-11-21 09:12:22,143 INFO     ___FILE_ONLY___ ═
2024-11-21 09:12:22,143 INFO     ___FILE_ONLY___ ═
2024-11-21 09:12:22,143 INFO     ___FILE_ONLY___ ═
2024-11-21 09:12:22,144 INFO     ___FILE_ONLY___ ═
2024-11-21 09:12:22,144 INFO     ___FILE_ONLY___ ═
2024-11-21 09:12:22,144 INFO     ___FILE_ONLY___ ═
2024-11-21 09:12:22,144 INFO     ___FILE_ONLY___ ═
2024-11-21 09:12:22,144 INFO     ___FILE_ONLY___ ═
2024-11-21 09:12:22,144 INFO     ___FILE_ONLY___ ═
2024-11-21 09:12:22,144 INFO     ___FILE_ONLY___ ═
2024-11-21 09:12:22,144 INFO     ___FILE_ONLY___ ═
2024-11-21 09:12:22,145 INFO     ___FILE_ONLY___ ═
2024-11-21 09:12:22,145 INFO     ___FILE_ONLY___ ═
2024-11-21 09:12:22,145 INFO     ___FILE_ONLY___ ═
2024-11-21 09:12:22,145 INFO     ___FILE_ONLY___ ═
2024-11-21 09:12:22,145 INFO     ___FILE_ONLY___ ═
2024-11-21 09:12:22,145 INFO     ___FILE_ONLY___ ═
2024-11-21 09:12:22,145 INFO     ___FILE_ONLY___ ═
2024-11-21 09:12:22,146 INFO     ___FILE_ONLY___ ═
2024-11-21 09:12:22,146 INFO     ___FILE_ONLY___ ═
2024-11-21 09:12:22,146 INFO     ___FILE_ONLY___ ═
2024-11-21 09:12:22,146 INFO     ___FILE_ONLY___ ═
2024-11-21 09:12:22,146 INFO     ___FILE_ONLY___ ═
2024-11-21 09:12:22,146 INFO     ___FILE_ONLY___ ═
2024-11-21 09:12:22,147 INFO     ___FILE_ONLY___ ═
2024-11-21 09:12:22,147 INFO     ___FILE_ONLY___ ═
2024-11-21 09:12:22,147 INFO     ___FILE_ONLY___ ╝

2024-11-21 09:12:22,158 INFO     ___FILE_ONLY___ ╔════════════════════════════════════════════════════════════╗

2024-11-21 09:12:22,158 INFO     ___FILE_ONLY___ ╠═ Downloading: kubectl                                     ═╣

2024-11-21 09:12:22,159 INFO     ___FILE_ONLY___ ╚
2024-11-21 09:12:22,168 DEBUG    urllib3.connectionpool Starting new HTTPS connection (1): dl.google.com:443
2024-11-21 09:12:22,314 DEBUG    urllib3.connectionpool https://dl.google.com:443 "GET /dl/cloudsdk/channels/rapid/components/google-cloud-sdk-kubectl-20241004144944.tar.gz HTTP/1.1" 200 36206
2024-11-21 09:12:22,324 INFO     ___FILE_ONLY___ ═══════════════════════════
2024-11-21 09:12:22,325 INFO     ___FILE_ONLY___ ═══════════════════════════
2024-11-21 09:12:22,325 INFO     ___FILE_ONLY___ ══════
2024-11-21 09:12:22,325 INFO     ___FILE_ONLY___ ╝

2024-11-21 09:12:22,338 INFO     ___FILE_ONLY___ ╔════════════════════════════════════════════════════════════╗

2024-11-21 09:12:22,338 INFO     ___FILE_ONLY___ ╠═ Downloading: kubectl (Platform Specific)                 ═╣

2024-11-21 09:12:22,339 INFO     ___FILE_ONLY___ ╚
2024-11-21 09:12:22,343 DEBUG    urllib3.connectionpool Starting new HTTPS connection (1): dl.google.com:443
2024-11-21 09:12:22,512 DEBUG    urllib3.connectionpool https://dl.google.com:443 "GET /dl/cloudsdk/channels/rapid/components/google-cloud-sdk-kubectl-darwin-arm-20241108162203.tar.gz HTTP/1.1" 200 90277960
2024-11-21 09:12:23,652 INFO     ___FILE_ONLY___ ═
2024-11-21 09:12:23,654 INFO     ___FILE_ONLY___ ═
2024-11-21 09:12:23,656 INFO     ___FILE_ONLY___ ═
2024-11-21 09:12:23,656 INFO     ___FILE_ONLY___ ═
2024-11-21 09:12:23,658 INFO     ___FILE_ONLY___ ═
2024-11-21 09:12:23,659 INFO     ___FILE_ONLY___ ═
2024-11-21 09:12:23,660 INFO     ___FILE_ONLY___ ═
2024-11-21 09:12:23,660 INFO     ___FILE_ONLY___ ═
2024-11-21 09:12:23,661 INFO     ___FILE_ONLY___ ═
2024-11-21 09:12:23,662 INFO     ___FILE_ONLY___ ═
2024-11-21 09:12:23,663 INFO     ___FILE_ONLY___ ═
2024-11-21 09:12:23,664 INFO     ___FILE_ONLY___ ═
2024-11-21 09:12:23,665 INFO     ___FILE_ONLY___ ═
2024-11-21 09:12:23,666 INFO     ___FILE_ONLY___ ═
2024-11-21 09:12:23,667 INFO     ___FILE_ONLY___ ═
2024-11-21 09:12:23,668 INFO     ___FILE_ONLY___ ═
2024-11-21 09:12:23,669 INFO     ___FILE_ONLY___ ═
2024-11-21 09:12:23,669 INFO     ___FILE_ONLY___ ═
2024-11-21 09:12:23,670 INFO     ___FILE_ONLY___ ═
2024-11-21 09:12:23,671 INFO     ___FILE_ONLY___ ═
2024-11-21 09:12:23,672 INFO     ___FILE_ONLY___ ═
2024-11-21 09:12:23,673 INFO     ___FILE_ONLY___ ═
2024-11-21 09:12:23,674 INFO     ___FILE_ONLY___ ═
2024-11-21 09:12:23,675 INFO     ___FILE_ONLY___ ═
2024-11-21 09:12:23,675 INFO     ___FILE_ONLY___ ═
2024-11-21 09:12:23,676 INFO     ___FILE_ONLY___ ═
2024-11-21 09:12:23,677 INFO     ___FILE_ONLY___ ═
2024-11-21 09:12:23,678 INFO     ___FILE_ONLY___ ═
2024-11-21 09:12:23,679 INFO     ___FILE_ONLY___ ═
2024-11-21 09:12:23,679 INFO     ___FILE_ONLY___ ═
2024-11-21 09:12:23,680 INFO     ___FILE_ONLY___ ═
2024-11-21 09:12:23,681 INFO     ___FILE_ONLY___ ═
2024-11-21 09:12:23,682 INFO     ___FILE_ONLY___ ═
2024-11-21 09:12:23,683 INFO     ___FILE_ONLY___ ═
2024-11-21 09:12:23,684 INFO     ___FILE_ONLY___ ═
2024-11-21 09:12:23,684 INFO     ___FILE_ONLY___ ═
2024-11-21 09:12:23,686 INFO     ___FILE_ONLY___ ═
2024-11-21 09:12:23,687 INFO     ___FILE_ONLY___ ═
2024-11-21 09:12:23,687 INFO     ___FILE_ONLY___ ═
2024-11-21 09:12:23,688 INFO     ___FILE_ONLY___ ═
2024-11-21 09:12:23,689 INFO     ___FILE_ONLY___ ═
2024-11-21 09:12:23,689 INFO     ___FILE_ONLY___ ═
2024-11-21 09:12:23,690 INFO     ___FILE_ONLY___ ═
2024-11-21 09:12:23,691 INFO     ___FILE_ONLY___ ═
2024-11-21 09:12:23,692 INFO     ___FILE_ONLY___ ═
2024-11-21 09:12:23,693 INFO     ___FILE_ONLY___ ═
2024-11-21 09:12:23,693 INFO     ___FILE_ONLY___ ═
2024-11-21 09:12:23,694 INFO     ___FILE_ONLY___ ═
2024-11-21 09:12:23,695 INFO     ___FILE_ONLY___ ═
2024-11-21 09:12:23,696 INFO     ___FILE_ONLY___ ═
2024-11-21 09:12:23,696 INFO     ___FILE_ONLY___ ═
2024-11-21 09:12:23,697 INFO     ___FILE_ONLY___ ═
2024-11-21 09:12:23,698 INFO     ___FILE_ONLY___ ═
2024-11-21 09:12:23,698 INFO     ___FILE_ONLY___ ═
2024-11-21 09:12:23,699 INFO     ___FILE_ONLY___ ═
2024-11-21 09:12:23,700 INFO     ___FILE_ONLY___ ═
2024-11-21 09:12:23,701 INFO     ___FILE_ONLY___ ═
2024-11-21 09:12:23,702 INFO     ___FILE_ONLY___ ═
2024-11-21 09:12:23,703 INFO     ___FILE_ONLY___ ═
2024-11-21 09:12:23,703 INFO     ___FILE_ONLY___ ═
2024-11-21 09:12:23,703 INFO     ___FILE_ONLY___ ╝

2024-11-21 09:12:23,712 INFO     ___FILE_ONLY___ ╔════════════════════════════════════════════════════════════╗

2024-11-21 09:12:23,712 INFO     ___FILE_ONLY___ ╠═ Installing: Google Cloud CLI Core Libraries (Platform... ═╣

2024-11-21 09:12:23,712 INFO     ___FILE_ONLY___ ╚
2024-11-21 09:12:23,713 INFO     ___FILE_ONLY___ ══════════════════════════════
2024-11-21 09:12:23,713 INFO     ___FILE_ONLY___ ══════════════════════════════
2024-11-21 09:12:23,713 INFO     ___FILE_ONLY___ ╝

2024-11-21 09:12:23,720 INFO     ___FILE_ONLY___ ╔════════════════════════════════════════════════════════════╗

2024-11-21 09:12:23,720 INFO     ___FILE_ONLY___ ╠═ Installing: Minikube                                     ═╣

2024-11-21 09:12:23,720 INFO     ___FILE_ONLY___ ╚
2024-11-21 09:12:23,722 INFO     ___FILE_ONLY___ ════════════════════════════════════════════════════════════
2024-11-21 09:12:23,722 INFO     ___FILE_ONLY___ ╝

2024-11-21 09:12:23,726 INFO     ___FILE_ONLY___ ╔════════════════════════════════════════════════════════════╗

2024-11-21 09:12:23,726 INFO     ___FILE_ONLY___ ╠═ Installing: Minikube (Platform Specific)                 ═╣

2024-11-21 09:12:23,726 INFO     ___FILE_ONLY___ ╚
2024-11-21 09:12:24,096 INFO     ___FILE_ONLY___ ════════════════════════════════════════════════════════════
2024-11-21 09:12:24,097 INFO     ___FILE_ONLY___ ╝

2024-11-21 09:12:24,107 INFO     ___FILE_ONLY___ ╔════════════════════════════════════════════════════════════╗

2024-11-21 09:12:24,107 INFO     ___FILE_ONLY___ ╠═ Installing: Skaffold                                     ═╣

2024-11-21 09:12:24,107 INFO     ___FILE_ONLY___ ╚
2024-11-21 09:12:24,109 INFO     ___FILE_ONLY___ ════════════════════════════════════════════════════════════
2024-11-21 09:12:24,109 INFO     ___FILE_ONLY___ ╝

2024-11-21 09:12:24,113 INFO     ___FILE_ONLY___ ╔════════════════════════════════════════════════════════════╗

2024-11-21 09:12:24,113 INFO     ___FILE_ONLY___ ╠═ Installing: Skaffold (Platform Specific)                 ═╣

2024-11-21 09:12:24,113 INFO     ___FILE_ONLY___ ╚
2024-11-21 09:12:24,381 INFO     ___FILE_ONLY___ ════════════════════════════════════════════════════════════
2024-11-21 09:12:24,381 INFO     ___FILE_ONLY___ ╝

2024-11-21 09:12:24,389 INFO     ___FILE_ONLY___ ╔════════════════════════════════════════════════════════════╗

2024-11-21 09:12:24,389 INFO     ___FILE_ONLY___ ╠═ Installing: gcloud Alpha Commands                        ═╣

2024-11-21 09:12:24,389 INFO     ___FILE_ONLY___ ╚
2024-11-21 09:12:24,390 INFO     ___FILE_ONLY___ ════════════════════════════════════════════════════════════
2024-11-21 09:12:24,390 INFO     ___FILE_ONLY___ ╝

2024-11-21 09:12:24,396 INFO     ___FILE_ONLY___ ╔════════════════════════════════════════════════════════════╗

2024-11-21 09:12:24,396 INFO     ___FILE_ONLY___ ╠═ Installing: gcloud Beta Commands                         ═╣

2024-11-21 09:12:24,396 INFO     ___FILE_ONLY___ ╚
2024-11-21 09:12:24,397 INFO     ___FILE_ONLY___ ════════════════════════════════════════════════════════════
2024-11-21 09:12:24,397 INFO     ___FILE_ONLY___ ╝

2024-11-21 09:12:24,402 INFO     ___FILE_ONLY___ ╔════════════════════════════════════════════════════════════╗

2024-11-21 09:12:24,402 INFO     ___FILE_ONLY___ ╠═ Installing: gcloud cli dependencies (Platform Specific)  ═╣

2024-11-21 09:12:24,402 INFO     ___FILE_ONLY___ ╚
2024-11-21 09:12:24,403 INFO     ___FILE_ONLY___ ════════════════════════════════════════════════════════════
2024-11-21 09:12:24,403 INFO     ___FILE_ONLY___ ╝

2024-11-21 09:12:24,408 INFO     ___FILE_ONLY___ ╔════════════════════════════════════════════════════════════╗

2024-11-21 09:12:24,408 INFO     ___FILE_ONLY___ ╠═ Installing: gke-gcloud-auth-plugin                       ═╣

2024-11-21 09:12:24,408 INFO     ___FILE_ONLY___ ╚
2024-11-21 09:12:24,409 INFO     ___FILE_ONLY___ ════════════════════════════════════════════════════════════
2024-11-21 09:12:24,409 INFO     ___FILE_ONLY___ ╝

2024-11-21 09:12:24,414 INFO     ___FILE_ONLY___ ╔════════════════════════════════════════════════════════════╗

2024-11-21 09:12:24,414 INFO     ___FILE_ONLY___ ╠═ Installing: gke-gcloud-auth-plugin (Platform Specific)   ═╣

2024-11-21 09:12:24,414 INFO     ___FILE_ONLY___ ╚
2024-11-21 09:12:24,459 INFO     ___FILE_ONLY___ ════════════════════════════════════════════════════════════
2024-11-21 09:12:24,459 INFO     ___FILE_ONLY___ ╝

2024-11-21 09:12:24,467 INFO     ___FILE_ONLY___ ╔════════════════════════════════════════════════════════════╗

2024-11-21 09:12:24,467 INFO     ___FILE_ONLY___ ╠═ Installing: kubectl                                      ═╣

2024-11-21 09:12:24,467 INFO     ___FILE_ONLY___ ╚
2024-11-21 09:12:24,468 INFO     ___FILE_ONLY___ ════════════════════════════════════════════════════════════
2024-11-21 09:12:24,468 INFO     ___FILE_ONLY___ ╝

2024-11-21 09:12:24,474 INFO     ___FILE_ONLY___ ╔════════════════════════════════════════════════════════════╗

2024-11-21 09:12:24,474 INFO     ___FILE_ONLY___ ╠═ Installing: kubectl (Platform Specific)                  ═╣

2024-11-21 09:12:24,474 INFO     ___FILE_ONLY___ ╚
2024-11-21 09:12:25,013 INFO     ___FILE_ONLY___ ══════════
2024-11-21 09:12:25,142 INFO     ___FILE_ONLY___ ══════════
2024-11-21 09:12:25,241 INFO     ___FILE_ONLY___ ══════════
2024-11-21 09:12:25,339 INFO     ___FILE_ONLY___ ══════════
2024-11-21 09:12:25,438 INFO     ___FILE_ONLY___ ══════════
2024-11-21 09:12:25,556 INFO     ___FILE_ONLY___ ══════════
2024-11-21 09:12:25,556 INFO     ___FILE_ONLY___ ╝

2024-11-21 09:12:25,563 DEBUG    root            Updating notification cache...
2024-11-21 09:12:25,563 INFO     ___FILE_ONLY___ 

2024-11-21 09:12:25,570 INFO     ___FILE_ONLY___ Performing post processing steps...
2024-11-21 09:12:25,571 DEBUG    root            Executing command: ['/Users/gabrielpaura/Library/Application Support/cloud-code/installer/google-cloud-sdk/bin/gcloud', 'components', 'post-process', '--no-compile-python']
2024-11-21 09:12:26,106 DEBUG    ___FILE_ONLY___ 
2024-11-21 09:12:26,106 DEBUG    ___FILE_ONLY___ 
2024-11-21 09:12:26,335 INFO     ___FILE_ONLY___ 
Update done!


2024-11-21 09:12:26,338 WARNING  root              There are other instances of Google Cloud tools on your system PATH.
  Please remove the following to avoid confusion or accidental invocation:

  /Applications/Docker.app/Contents/Resources/bin/kubectl

  
2024-11-21 09:12:26,340 DEBUG    root            Chosen display Format:none
2024-11-21 09:12:26,341 INFO     root            Display format: "none"
2024-11-21 09:12:26,343 DEBUG    root            Executing command: ['curl', '--silent', '-O', 'https://dl.google.com/dl/cloudsdk/channels/rapid/python-3.11.6-macos11.tar.gz']
2024-11-21 09:12:27,143 DEBUG    root            Executing command: ['tar', '-xf', 'python-3.11.6-macos11.tar.gz']
2024-11-21 09:12:27,209 DEBUG    root            Executing command: ['sudo', 'installer', '-target', '/', '-pkg', './python-3.11.6-macos11.pkg']
