2024-11-21 09:11:31,873 DEBUG    root            Metrics collector initialized...
2024-11-21 09:11:31,874 DEBUG    root            Loaded Command Group: ['gcloud', 'components']
2024-11-21 09:11:31,876 DEBUG    root            Loaded Command Group: ['gcloud', 'components', 'update']
2024-11-21 09:11:31,877 DEBUG    root            Running [gcloud.components.update] with arguments: [--no-compile-python: "False", --quiet: "True", COMPONENT-IDS:6: "['alpha', 'beta', 'gke-gcloud-auth-plugin', 'kubectl', 'skaffold', 'minikube']"]
2024-11-21 09:11:31,877 INFO     ___FILE_ONLY___ Beginning update. This process may take several minutes.

2024-11-21 09:11:31,896 DEBUG    urllib3.connectionpool Starting new HTTPS connection (1): dl.google.com:443
2024-11-21 09:11:32,037 DEBUG    urllib3.connectionpool https://dl.google.com:443 "GET /dl/cloudsdk/channels/rapid/components-2.json HTTP/1.1" 200 227816
2024-11-21 09:11:32,077 INFO     ___FILE_ONLY___ 

2024-11-21 09:11:32,078 INFO     ___FILE_ONLY___ 
Your current Google Cloud CLI version is: 502.0.0

2024-11-21 09:11:32,078 INFO     ___FILE_ONLY___ Installing components from version: 502.0.0

2024-11-21 09:11:32,078 INFO     ___FILE_ONLY___ 

2024-11-21 09:11:32,078 DEBUG    root            Chosen display Format:table[box,title="These components will be removed."](details.display_name:label=Name:align=left,version.version_string:label=Version:align=right,data.size.size(zero="",min=1048576):label=Size:align=right)
2024-11-21 09:11:32,078 DEBUG    root            Chosen display Format:table[box,title="These components will be updated."](details.display_name:label=Name:align=left,version.version_string:label=Version:align=right,data.size.size(zero="",min=1048576):label=Size:align=right)
2024-11-21 09:11:32,078 DEBUG    root            Chosen display Format:table[box,title="These components will be installed."](details.display_name:label=Name:align=left,version.version_string:label=Version:align=right,data.size.size(zero="",min=1048576):label=Size:align=right)
2024-11-21 09:11:32,105 INFO     ___FILE_ONLY___ ┌─────────────────────────────────────────────────────────────────────────────┐
2024-11-21 09:11:32,105 INFO     ___FILE_ONLY___ 

2024-11-21 09:11:32,105 INFO     ___FILE_ONLY___ │                     These components will be installed.                     │
2024-11-21 09:11:32,105 INFO     ___FILE_ONLY___ 

2024-11-21 09:11:32,105 INFO     ___FILE_ONLY___ ├─────────────────────────────────────────────────────┬────────────┬──────────┤
2024-11-21 09:11:32,105 INFO     ___FILE_ONLY___ 

2024-11-21 09:11:32,105 INFO     ___FILE_ONLY___ │                         Name                        │  Version   │   Size   │
2024-11-21 09:11:32,105 INFO     ___FILE_ONLY___ 

2024-11-21 09:11:32,105 INFO     ___FILE_ONLY___ ├─────────────────────────────────────────────────────┼────────────┼──────────┤
2024-11-21 09:11:32,105 INFO     ___FILE_ONLY___ 

2024-11-21 09:11:32,105 INFO     ___FILE_ONLY___ │ 
2024-11-21 09:11:32,105 INFO     ___FILE_ONLY___ Google Cloud CLI Core Libraries (Platform Specific)
2024-11-21 09:11:32,105 INFO     ___FILE_ONLY___  
2024-11-21 09:11:32,105 INFO     ___FILE_ONLY___ │ 
2024-11-21 09:11:32,105 INFO     ___FILE_ONLY___ 2024.08.30
2024-11-21 09:11:32,105 INFO     ___FILE_ONLY___  
2024-11-21 09:11:32,105 INFO     ___FILE_ONLY___ │ 
2024-11-21 09:11:32,105 INFO     ___FILE_ONLY___  < 1 MiB
2024-11-21 09:11:32,105 INFO     ___FILE_ONLY___  
2024-11-21 09:11:32,105 INFO     ___FILE_ONLY___ │
2024-11-21 09:11:32,105 INFO     ___FILE_ONLY___ 

2024-11-21 09:11:32,105 INFO     ___FILE_ONLY___ │ 
2024-11-21 09:11:32,105 INFO     ___FILE_ONLY___ Minikube (Platform Specific)                       
2024-11-21 09:11:32,105 INFO     ___FILE_ONLY___  
2024-11-21 09:11:32,105 INFO     ___FILE_ONLY___ │ 
2024-11-21 09:11:32,105 INFO     ___FILE_ONLY___     1.34.0
2024-11-21 09:11:32,105 INFO     ___FILE_ONLY___  
2024-11-21 09:11:32,105 INFO     ___FILE_ONLY___ │ 
2024-11-21 09:11:32,105 INFO     ___FILE_ONLY___ 37.2 MiB
2024-11-21 09:11:32,105 INFO     ___FILE_ONLY___  
2024-11-21 09:11:32,105 INFO     ___FILE_ONLY___ │
2024-11-21 09:11:32,105 INFO     ___FILE_ONLY___ 

2024-11-21 09:11:32,105 INFO     ___FILE_ONLY___ │ 
2024-11-21 09:11:32,105 INFO     ___FILE_ONLY___ Skaffold (Platform Specific)                       
2024-11-21 09:11:32,105 INFO     ___FILE_ONLY___  
2024-11-21 09:11:32,105 INFO     ___FILE_ONLY___ │ 
2024-11-21 09:11:32,105 INFO     ___FILE_ONLY___     2.13.1
2024-11-21 09:11:32,105 INFO     ___FILE_ONLY___  
2024-11-21 09:11:32,105 INFO     ___FILE_ONLY___ │ 
2024-11-21 09:11:32,105 INFO     ___FILE_ONLY___ 22.9 MiB
2024-11-21 09:11:32,106 INFO     ___FILE_ONLY___  
2024-11-21 09:11:32,106 INFO     ___FILE_ONLY___ │
2024-11-21 09:11:32,106 INFO     ___FILE_ONLY___ 

2024-11-21 09:11:32,106 INFO     ___FILE_ONLY___ │ 
2024-11-21 09:11:32,106 INFO     ___FILE_ONLY___ gcloud Alpha Commands                              
2024-11-21 09:11:32,106 INFO     ___FILE_ONLY___  
2024-11-21 09:11:32,106 INFO     ___FILE_ONLY___ │ 
2024-11-21 09:11:32,106 INFO     ___FILE_ONLY___ 2024.11.15
2024-11-21 09:11:32,106 INFO     ___FILE_ONLY___  
2024-11-21 09:11:32,106 INFO     ___FILE_ONLY___ │ 
2024-11-21 09:11:32,106 INFO     ___FILE_ONLY___  < 1 MiB
2024-11-21 09:11:32,106 INFO     ___FILE_ONLY___  
2024-11-21 09:11:32,106 INFO     ___FILE_ONLY___ │
2024-11-21 09:11:32,106 INFO     ___FILE_ONLY___ 

2024-11-21 09:11:32,106 INFO     ___FILE_ONLY___ │ 
2024-11-21 09:11:32,106 INFO     ___FILE_ONLY___ gcloud Beta Commands                               
2024-11-21 09:11:32,106 INFO     ___FILE_ONLY___  
2024-11-21 09:11:32,106 INFO     ___FILE_ONLY___ │ 
2024-11-21 09:11:32,106 INFO     ___FILE_ONLY___ 2024.11.15
2024-11-21 09:11:32,106 INFO     ___FILE_ONLY___  
2024-11-21 09:11:32,106 INFO     ___FILE_ONLY___ │ 
2024-11-21 09:11:32,106 INFO     ___FILE_ONLY___  < 1 MiB
2024-11-21 09:11:32,106 INFO     ___FILE_ONLY___  
2024-11-21 09:11:32,106 INFO     ___FILE_ONLY___ │
2024-11-21 09:11:32,106 INFO     ___FILE_ONLY___ 

2024-11-21 09:11:32,106 INFO     ___FILE_ONLY___ │ 
2024-11-21 09:11:32,106 INFO     ___FILE_ONLY___ gcloud cli dependencies (Platform Specific)        
2024-11-21 09:11:32,106 INFO     ___FILE_ONLY___  
2024-11-21 09:11:32,106 INFO     ___FILE_ONLY___ │ 
2024-11-21 09:11:32,106 INFO     ___FILE_ONLY___ 2021.04.16
2024-11-21 09:11:32,106 INFO     ___FILE_ONLY___  
2024-11-21 09:11:32,106 INFO     ___FILE_ONLY___ │ 
2024-11-21 09:11:32,106 INFO     ___FILE_ONLY___  < 1 MiB
2024-11-21 09:11:32,106 INFO     ___FILE_ONLY___  
2024-11-21 09:11:32,106 INFO     ___FILE_ONLY___ │
2024-11-21 09:11:32,106 INFO     ___FILE_ONLY___ 

2024-11-21 09:11:32,106 INFO     ___FILE_ONLY___ │ 
2024-11-21 09:11:32,106 INFO     ___FILE_ONLY___ gke-gcloud-auth-plugin (Platform Specific)         
2024-11-21 09:11:32,106 INFO     ___FILE_ONLY___  
2024-11-21 09:11:32,106 INFO     ___FILE_ONLY___ │ 
2024-11-21 09:11:32,106 INFO     ___FILE_ONLY___      0.5.9
2024-11-21 09:11:32,106 INFO     ___FILE_ONLY___  
2024-11-21 09:11:32,106 INFO     ___FILE_ONLY___ │ 
2024-11-21 09:11:32,106 INFO     ___FILE_ONLY___  4.0 MiB
2024-11-21 09:11:32,106 INFO     ___FILE_ONLY___  
2024-11-21 09:11:32,106 INFO     ___FILE_ONLY___ │
2024-11-21 09:11:32,106 INFO     ___FILE_ONLY___ 

2024-11-21 09:11:32,106 INFO     ___FILE_ONLY___ │ 
2024-11-21 09:11:32,106 INFO     ___FILE_ONLY___ kubectl                                            
2024-11-21 09:11:32,106 INFO     ___FILE_ONLY___  
2024-11-21 09:11:32,106 INFO     ___FILE_ONLY___ │ 
2024-11-21 09:11:32,106 INFO     ___FILE_ONLY___     1.30.5
2024-11-21 09:11:32,106 INFO     ___FILE_ONLY___  
2024-11-21 09:11:32,106 INFO     ___FILE_ONLY___ │ 
2024-11-21 09:11:32,106 INFO     ___FILE_ONLY___  < 1 MiB
2024-11-21 09:11:32,106 INFO     ___FILE_ONLY___  
2024-11-21 09:11:32,106 INFO     ___FILE_ONLY___ │
2024-11-21 09:11:32,106 INFO     ___FILE_ONLY___ 

2024-11-21 09:11:32,106 INFO     ___FILE_ONLY___ │ 
2024-11-21 09:11:32,106 INFO     ___FILE_ONLY___ kubectl (Platform Specific)                        
2024-11-21 09:11:32,106 INFO     ___FILE_ONLY___  
2024-11-21 09:11:32,106 INFO     ___FILE_ONLY___ │ 
2024-11-21 09:11:32,107 INFO     ___FILE_ONLY___     1.30.6
2024-11-21 09:11:32,107 INFO     ___FILE_ONLY___  
2024-11-21 09:11:32,107 INFO     ___FILE_ONLY___ │ 
2024-11-21 09:11:32,107 INFO     ___FILE_ONLY___ 86.1 MiB
2024-11-21 09:11:32,107 INFO     ___FILE_ONLY___  
2024-11-21 09:11:32,107 INFO     ___FILE_ONLY___ │
2024-11-21 09:11:32,107 INFO     ___FILE_ONLY___ 

2024-11-21 09:11:32,107 INFO     ___FILE_ONLY___ └─────────────────────────────────────────────────────┴────────────┴──────────┘
2024-11-21 09:11:32,107 INFO     ___FILE_ONLY___ 

2024-11-21 09:11:32,107 INFO     ___FILE_ONLY___ 

2024-11-21 09:11:32,108 DEBUG    urllib3.connectionpool Starting new HTTPS connection (1): dl.google.com:443
2024-11-21 09:11:32,274 DEBUG    urllib3.connectionpool https://dl.google.com:443 "GET /dl/cloudsdk/channels/rapid/RELEASE_NOTES HTTP/1.1" 200 1314602
2024-11-21 09:11:32,389 INFO     ___FILE_ONLY___ For the latest full release notes, please visit:
  https://cloud.google.com/sdk/release_notes


2024-11-21 09:11:32,389 INFO     ___FILE_ONLY___ Performing in place update...


2024-11-21 09:11:32,398 INFO     ___FILE_ONLY___ ╔════════════════════════════════════════════════════════════╗

2024-11-21 09:11:32,398 INFO     ___FILE_ONLY___ ╠═ Downloading: Google Cloud CLI Core Libraries (Platfor... ═╣

2024-11-21 09:11:32,398 INFO     ___FILE_ONLY___ ╚
2024-11-21 09:11:32,404 DEBUG    urllib3.connectionpool Starting new HTTPS connection (1): dl.google.com:443
2024-11-21 09:11:32,550 DEBUG    urllib3.connectionpool https://dl.google.com:443 "GET /dl/cloudsdk/channels/rapid/components/google-cloud-sdk-core-nix-20240830134514.tar.gz HTTP/1.1" 200 2306
2024-11-21 09:11:32,551 INFO     ___FILE_ONLY___ ════════════════════════════════════════════════════════════
2024-11-21 09:11:32,551 INFO     ___FILE_ONLY___ ╝

2024-11-21 09:11:32,571 INFO     ___FILE_ONLY___ ╔════════════════════════════════════════════════════════════╗

2024-11-21 09:11:32,571 INFO     ___FILE_ONLY___ ╠═ Downloading: Minikube                                    ═╣

2024-11-21 09:11:32,571 INFO     ___FILE_ONLY___ ╚
2024-11-21 09:11:32,572 INFO     ___FILE_ONLY___ ════════════════════════════════════════════════════════════
2024-11-21 09:11:32,572 INFO     ___FILE_ONLY___ ╝

2024-11-21 09:11:32,578 INFO     ___FILE_ONLY___ ╔════════════════════════════════════════════════════════════╗

2024-11-21 09:11:32,578 INFO     ___FILE_ONLY___ ╠═ Downloading: Minikube (Platform Specific)                ═╣

2024-11-21 09:11:32,578 INFO     ___FILE_ONLY___ ╚
2024-11-21 09:11:32,580 DEBUG    urllib3.connectionpool Starting new HTTPS connection (1): dl.google.com:443
2024-11-21 09:11:32,742 DEBUG    urllib3.connectionpool https://dl.google.com:443 "GET /dl/cloudsdk/channels/rapid/components/google-cloud-sdk-minikube-darwin-arm-20240927140238.tar.gz HTTP/1.1" 200 38981244
2024-11-21 09:11:33,254 INFO     ___FILE_ONLY___ ═
2024-11-21 09:11:33,255 INFO     ___FILE_ONLY___ ═
2024-11-21 09:11:33,255 INFO     ___FILE_ONLY___ ═
2024-11-21 09:11:33,256 INFO     ___FILE_ONLY___ ═
2024-11-21 09:11:33,257 INFO     ___FILE_ONLY___ ═
2024-11-21 09:11:33,258 INFO     ___FILE_ONLY___ ═
2024-11-21 09:11:33,259 INFO     ___FILE_ONLY___ ═
2024-11-21 09:11:33,259 INFO     ___FILE_ONLY___ ═
2024-11-21 09:11:33,260 INFO     ___FILE_ONLY___ ═
2024-11-21 09:11:33,261 INFO     ___FILE_ONLY___ ═
2024-11-21 09:11:33,261 INFO     ___FILE_ONLY___ ═
2024-11-21 09:11:33,262 INFO     ___FILE_ONLY___ ═
2024-11-21 09:11:33,263 INFO     ___FILE_ONLY___ ═
2024-11-21 09:11:33,264 INFO     ___FILE_ONLY___ ═
2024-11-21 09:11:33,264 INFO     ___FILE_ONLY___ ═
2024-11-21 09:11:33,265 INFO     ___FILE_ONLY___ ═
2024-11-21 09:11:33,265 INFO     ___FILE_ONLY___ ═
2024-11-21 09:11:33,266 INFO     ___FILE_ONLY___ ═
2024-11-21 09:11:33,266 INFO     ___FILE_ONLY___ ═
2024-11-21 09:11:33,267 INFO     ___FILE_ONLY___ ═
2024-11-21 09:11:33,268 INFO     ___FILE_ONLY___ ═
2024-11-21 09:11:33,268 INFO     ___FILE_ONLY___ ═
2024-11-21 09:11:33,269 INFO     ___FILE_ONLY___ ═
2024-11-21 09:11:33,269 INFO     ___FILE_ONLY___ ═
2024-11-21 09:11:33,270 INFO     ___FILE_ONLY___ ═
2024-11-21 09:11:33,271 INFO     ___FILE_ONLY___ ═
2024-11-21 09:11:33,271 INFO     ___FILE_ONLY___ ═
2024-11-21 09:11:33,272 INFO     ___FILE_ONLY___ ═
2024-11-21 09:11:33,272 INFO     ___FILE_ONLY___ ═
2024-11-21 09:11:33,272 INFO     ___FILE_ONLY___ ═
2024-11-21 09:11:33,273 INFO     ___FILE_ONLY___ ═
2024-11-21 09:11:33,274 INFO     ___FILE_ONLY___ ═
2024-11-21 09:11:33,274 INFO     ___FILE_ONLY___ ═
2024-11-21 09:11:33,275 INFO     ___FILE_ONLY___ ═
2024-11-21 09:11:33,275 INFO     ___FILE_ONLY___ ═
2024-11-21 09:11:33,276 INFO     ___FILE_ONLY___ ═
2024-11-21 09:11:33,276 INFO     ___FILE_ONLY___ ═
2024-11-21 09:11:33,277 INFO     ___FILE_ONLY___ ═
2024-11-21 09:11:33,278 INFO     ___FILE_ONLY___ ═
2024-11-21 09:11:33,278 INFO     ___FILE_ONLY___ ═
2024-11-21 09:11:33,279 INFO     ___FILE_ONLY___ ═
2024-11-21 09:11:33,279 INFO     ___FILE_ONLY___ ═
2024-11-21 09:11:33,280 INFO     ___FILE_ONLY___ ═
2024-11-21 09:11:33,280 INFO     ___FILE_ONLY___ ═
2024-11-21 09:11:33,281 INFO     ___FILE_ONLY___ ═
2024-11-21 09:11:33,281 INFO     ___FILE_ONLY___ ═
2024-11-21 09:11:33,281 INFO     ___FILE_ONLY___ ═
2024-11-21 09:11:33,282 INFO     ___FILE_ONLY___ ═
2024-11-21 09:11:33,282 INFO     ___FILE_ONLY___ ═
2024-11-21 09:11:33,283 INFO     ___FILE_ONLY___ ═
2024-11-21 09:11:33,283 INFO     ___FILE_ONLY___ ═
2024-11-21 09:11:33,286 INFO     ___FILE_ONLY___ ═
2024-11-21 09:11:33,286 INFO     ___FILE_ONLY___ ═
2024-11-21 09:11:33,288 INFO     ___FILE_ONLY___ ═
2024-11-21 09:11:33,288 INFO     ___FILE_ONLY___ ═
2024-11-21 09:11:33,288 INFO     ___FILE_ONLY___ ═
2024-11-21 09:11:33,289 INFO     ___FILE_ONLY___ ═
2024-11-21 09:11:33,289 INFO     ___FILE_ONLY___ ═
2024-11-21 09:11:33,290 INFO     ___FILE_ONLY___ ═
2024-11-21 09:11:33,290 INFO     ___FILE_ONLY___ ═
2024-11-21 09:11:33,290 INFO     ___FILE_ONLY___ ╝

2024-11-21 09:11:33,307 INFO     ___FILE_ONLY___ ╔════════════════════════════════════════════════════════════╗

2024-11-21 09:11:33,307 INFO     ___FILE_ONLY___ ╠═ Downloading: Skaffold                                    ═╣

2024-11-21 09:11:33,307 INFO     ___FILE_ONLY___ ╚
2024-11-21 09:11:33,307 INFO     ___FILE_ONLY___ ════════════════════════════════════════════════════════════
2024-11-21 09:11:33,307 INFO     ___FILE_ONLY___ ╝

2024-11-21 09:11:33,313 INFO     ___FILE_ONLY___ ╔════════════════════════════════════════════════════════════╗

2024-11-21 09:11:33,313 INFO     ___FILE_ONLY___ ╠═ Downloading: Skaffold (Platform Specific)                ═╣

2024-11-21 09:11:33,313 INFO     ___FILE_ONLY___ ╚
2024-11-21 09:11:33,315 DEBUG    urllib3.connectionpool Starting new HTTPS connection (1): dl.google.com:443
2024-11-21 09:11:33,458 DEBUG    urllib3.connectionpool https://dl.google.com:443 "GET /dl/cloudsdk/channels/rapid/components/google-cloud-sdk-skaffold-darwin-arm-20240806142304.tar.gz HTTP/1.1" 200 24031362
2024-11-21 09:11:33,800 INFO     ___FILE_ONLY___ ═
2024-11-21 09:11:33,801 INFO     ___FILE_ONLY___ ═
2024-11-21 09:11:33,802 INFO     ___FILE_ONLY___ ═
2024-11-21 09:11:33,802 INFO     ___FILE_ONLY___ ═
2024-11-21 09:11:33,803 INFO     ___FILE_ONLY___ ═
2024-11-21 09:11:33,803 INFO     ___FILE_ONLY___ ═
2024-11-21 09:11:33,804 INFO     ___FILE_ONLY___ ═
2024-11-21 09:11:33,804 INFO     ___FILE_ONLY___ ═
2024-11-21 09:11:33,804 INFO     ___FILE_ONLY___ ═
2024-11-21 09:11:33,805 INFO     ___FILE_ONLY___ ═
2024-11-21 09:11:33,805 INFO     ___FILE_ONLY___ ═
2024-11-21 09:11:33,805 INFO     ___FILE_ONLY___ ═
2024-11-21 09:11:33,806 INFO     ___FILE_ONLY___ ═
2024-11-21 09:11:33,806 INFO     ___FILE_ONLY___ ═
2024-11-21 09:11:33,806 INFO     ___FILE_ONLY___ ═
2024-11-21 09:11:33,807 INFO     ___FILE_ONLY___ ═
2024-11-21 09:11:33,807 INFO     ___FILE_ONLY___ ═
2024-11-21 09:11:33,807 INFO     ___FILE_ONLY___ ═
2024-11-21 09:11:33,808 INFO     ___FILE_ONLY___ ═
2024-11-21 09:11:33,808 INFO     ___FILE_ONLY___ ═
2024-11-21 09:11:33,809 INFO     ___FILE_ONLY___ ═
2024-11-21 09:11:33,809 INFO     ___FILE_ONLY___ ═
2024-11-21 09:11:33,810 INFO     ___FILE_ONLY___ ═
2024-11-21 09:11:33,810 INFO     ___FILE_ONLY___ ═
2024-11-21 09:11:33,810 INFO     ___FILE_ONLY___ ═
2024-11-21 09:11:33,811 INFO     ___FILE_ONLY___ ═
2024-11-21 09:11:33,811 INFO     ___FILE_ONLY___ ═
2024-11-21 09:11:33,811 INFO     ___FILE_ONLY___ ═
2024-11-21 09:11:33,811 INFO     ___FILE_ONLY___ ═
2024-11-21 09:11:33,811 INFO     ___FILE_ONLY___ ═
2024-11-21 09:11:33,812 INFO     ___FILE_ONLY___ ═
2024-11-21 09:11:33,812 INFO     ___FILE_ONLY___ ═
2024-11-21 09:11:33,812 INFO     ___FILE_ONLY___ ═
2024-11-21 09:11:33,812 INFO     ___FILE_ONLY___ ═
2024-11-21 09:11:33,812 INFO     ___FILE_ONLY___ ═
2024-11-21 09:11:33,813 INFO     ___FILE_ONLY___ ═
2024-11-21 09:11:33,813 INFO     ___FILE_ONLY___ ═
2024-11-21 09:11:33,813 INFO     ___FILE_ONLY___ ═
2024-11-21 09:11:33,813 INFO     ___FILE_ONLY___ ═
2024-11-21 09:11:33,813 INFO     ___FILE_ONLY___ ═
2024-11-21 09:11:33,814 INFO     ___FILE_ONLY___ ═
2024-11-21 09:11:33,818 INFO     ___FILE_ONLY___ ═
2024-11-21 09:11:33,818 INFO     ___FILE_ONLY___ ═
2024-11-21 09:11:33,819 INFO     ___FILE_ONLY___ ═
2024-11-21 09:11:33,819 INFO     ___FILE_ONLY___ ═
2024-11-21 09:11:33,819 INFO     ___FILE_ONLY___ ═
2024-11-21 09:11:33,819 INFO     ___FILE_ONLY___ ═
2024-11-21 09:11:33,819 INFO     ___FILE_ONLY___ ═
2024-11-21 09:11:33,820 INFO     ___FILE_ONLY___ ═
2024-11-21 09:11:33,820 INFO     ___FILE_ONLY___ ═
2024-11-21 09:11:33,820 INFO     ___FILE_ONLY___ ═
2024-11-21 09:11:33,820 INFO     ___FILE_ONLY___ ═
2024-11-21 09:11:33,821 INFO     ___FILE_ONLY___ ═
2024-11-21 09:11:33,821 INFO     ___FILE_ONLY___ ═
2024-11-21 09:11:33,821 INFO     ___FILE_ONLY___ ═
2024-11-21 09:11:33,821 INFO     ___FILE_ONLY___ ═
2024-11-21 09:11:33,821 INFO     ___FILE_ONLY___ ═
2024-11-21 09:11:33,822 INFO     ___FILE_ONLY___ ═
2024-11-21 09:11:33,822 INFO     ___FILE_ONLY___ ═
2024-11-21 09:11:33,822 INFO     ___FILE_ONLY___ ═
2024-11-21 09:11:33,822 INFO     ___FILE_ONLY___ ╝

2024-11-21 09:11:33,843 INFO     ___FILE_ONLY___ ╔════════════════════════════════════════════════════════════╗

2024-11-21 09:11:33,843 INFO     ___FILE_ONLY___ ╠═ Downloading: gcloud Alpha Commands                       ═╣

2024-11-21 09:11:33,843 INFO     ___FILE_ONLY___ ╚
2024-11-21 09:11:33,846 DEBUG    urllib3.connectionpool Starting new HTTPS connection (1): dl.google.com:443
2024-11-21 09:11:33,997 DEBUG    urllib3.connectionpool https://dl.google.com:443 "GET /dl/cloudsdk/channels/rapid/components/google-cloud-sdk-alpha-20241115154308.tar.gz HTTP/1.1" 200 800
2024-11-21 09:11:33,998 INFO     ___FILE_ONLY___ ════════════════════════════════════════════════════════════
2024-11-21 09:11:33,998 INFO     ___FILE_ONLY___ ╝

2024-11-21 09:11:34,032 INFO     ___FILE_ONLY___ ╔════════════════════════════════════════════════════════════╗

2024-11-21 09:11:34,033 INFO     ___FILE_ONLY___ ╠═ Downloading: gcloud Beta Commands                        ═╣

2024-11-21 09:11:34,033 INFO     ___FILE_ONLY___ ╚
2024-11-21 09:11:34,038 DEBUG    urllib3.connectionpool Starting new HTTPS connection (1): dl.google.com:443
2024-11-21 09:11:34,197 DEBUG    urllib3.connectionpool https://dl.google.com:443 "GET /dl/cloudsdk/channels/rapid/components/google-cloud-sdk-beta-20241115154308.tar.gz HTTP/1.1" 200 797
2024-11-21 09:11:34,198 INFO     ___FILE_ONLY___ ════════════════════════════════════════════════════════════
2024-11-21 09:11:34,198 INFO     ___FILE_ONLY___ ╝

2024-11-21 09:11:34,211 INFO     ___FILE_ONLY___ ╔════════════════════════════════════════════════════════════╗

2024-11-21 09:11:34,211 INFO     ___FILE_ONLY___ ╠═ Downloading: gcloud cli dependencies (Platform Specific) ═╣

2024-11-21 09:11:34,211 INFO     ___FILE_ONLY___ ╚
2024-11-21 09:11:34,214 DEBUG    urllib3.connectionpool Starting new HTTPS connection (1): dl.google.com:443
2024-11-21 09:11:34,393 DEBUG    urllib3.connectionpool https://dl.google.com:443 "GET /dl/cloudsdk/channels/rapid/components/google-cloud-sdk-gcloud-deps-darwin-x86_64-20210416153011.tar.gz HTTP/1.1" 200 105
2024-11-21 09:11:34,394 INFO     ___FILE_ONLY___ ════════════════════════════════════════════════════════════
2024-11-21 09:11:34,394 INFO     ___FILE_ONLY___ ╝

2024-11-21 09:11:34,425 INFO     ___FILE_ONLY___ ╔════════════════════════════════════════════════════════════╗

2024-11-21 09:11:34,427 INFO     ___FILE_ONLY___ ╠═ Downloading: gke-gcloud-auth-plugin                      ═╣

2024-11-21 09:11:34,427 INFO     ___FILE_ONLY___ ╚
2024-11-21 09:11:34,427 INFO     ___FILE_ONLY___ ════════════════════════════════════════════════════════════
2024-11-21 09:11:34,428 INFO     ___FILE_ONLY___ ╝

2024-11-21 09:11:34,448 INFO     ___FILE_ONLY___ ╔════════════════════════════════════════════════════════════╗

2024-11-21 09:11:34,448 INFO     ___FILE_ONLY___ ╠═ Downloading: gke-gcloud-auth-plugin (Platform Specific)  ═╣

2024-11-21 09:11:34,448 INFO     ___FILE_ONLY___ ╚
2024-11-21 09:11:34,451 DEBUG    urllib3.connectionpool Starting new HTTPS connection (1): dl.google.com:443
2024-11-21 09:11:34,594 DEBUG    urllib3.connectionpool https://dl.google.com:443 "GET /dl/cloudsdk/channels/rapid/components/google-cloud-sdk-gke-gcloud-auth-plugin-darwin-arm-20240628141907.tar.gz HTTP/1.1" 200 4148014
2024-11-21 09:11:34,717 INFO     ___FILE_ONLY___ ═
2024-11-21 09:11:34,717 INFO     ___FILE_ONLY___ ═
2024-11-21 09:11:34,717 INFO     ___FILE_ONLY___ ═
2024-11-21 09:11:34,718 INFO     ___FILE_ONLY___ ═
2024-11-21 09:11:34,718 INFO     ___FILE_ONLY___ ═
2024-11-21 09:11:34,718 INFO     ___FILE_ONLY___ ═
2024-11-21 09:11:34,718 INFO     ___FILE_ONLY___ ═
2024-11-21 09:11:34,718 INFO     ___FILE_ONLY___ ═
2024-11-21 09:11:34,719 INFO     ___FILE_ONLY___ ═
2024-11-21 09:11:34,721 INFO     ___FILE_ONLY___ ═
2024-11-21 09:11:34,721 INFO     ___FILE_ONLY___ ═
2024-11-21 09:11:34,722 INFO     ___FILE_ONLY___ ═
2024-11-21 09:11:34,723 INFO     ___FILE_ONLY___ ═
2024-11-21 09:11:34,725 INFO     ___FILE_ONLY___ ═
2024-11-21 09:11:34,725 INFO     ___FILE_ONLY___ ═
2024-11-21 09:11:34,725 INFO     ___FILE_ONLY___ ═
2024-11-21 09:11:34,726 INFO     ___FILE_ONLY___ ═
2024-11-21 09:11:34,726 INFO     ___FILE_ONLY___ ═
2024-11-21 09:11:34,726 INFO     ___FILE_ONLY___ ═
2024-11-21 09:11:34,726 INFO     ___FILE_ONLY___ ═
2024-11-21 09:11:34,727 INFO     ___FILE_ONLY___ ═
2024-11-21 09:11:34,727 INFO     ___FILE_ONLY___ ═
2024-11-21 09:11:34,727 INFO     ___FILE_ONLY___ ═
2024-11-21 09:11:34,728 INFO     ___FILE_ONLY___ ═
2024-11-21 09:11:34,728 INFO     ___FILE_ONLY___ ═
2024-11-21 09:11:34,728 INFO     ___FILE_ONLY___ ═
2024-11-21 09:11:34,729 INFO     ___FILE_ONLY___ ═
2024-11-21 09:11:34,729 INFO     ___FILE_ONLY___ ═
2024-11-21 09:11:34,729 INFO     ___FILE_ONLY___ ═
2024-11-21 09:11:34,729 INFO     ___FILE_ONLY___ ═
2024-11-21 09:11:34,729 INFO     ___FILE_ONLY___ ═
2024-11-21 09:11:34,729 INFO     ___FILE_ONLY___ ═
2024-11-21 09:11:34,729 INFO     ___FILE_ONLY___ ═
2024-11-21 09:11:34,729 INFO     ___FILE_ONLY___ ═
2024-11-21 09:11:34,729 INFO     ___FILE_ONLY___ ═
2024-11-21 09:11:34,730 INFO     ___FILE_ONLY___ ═
2024-11-21 09:11:34,730 INFO     ___FILE_ONLY___ ═
2024-11-21 09:11:34,730 INFO     ___FILE_ONLY___ ═
2024-11-21 09:11:34,730 INFO     ___FILE_ONLY___ ═
2024-11-21 09:11:34,730 INFO     ___FILE_ONLY___ ═
2024-11-21 09:11:34,730 INFO     ___FILE_ONLY___ ═
2024-11-21 09:11:34,730 INFO     ___FILE_ONLY___ ═
2024-11-21 09:11:34,730 INFO     ___FILE_ONLY___ ═
2024-11-21 09:11:34,730 INFO     ___FILE_ONLY___ ═
2024-11-21 09:11:34,730 INFO     ___FILE_ONLY___ ═
2024-11-21 09:11:34,730 INFO     ___FILE_ONLY___ ═
2024-11-21 09:11:34,730 INFO     ___FILE_ONLY___ ═
2024-11-21 09:11:34,730 INFO     ___FILE_ONLY___ ═
2024-11-21 09:11:34,730 INFO     ___FILE_ONLY___ ═
2024-11-21 09:11:34,730 INFO     ___FILE_ONLY___ ═
2024-11-21 09:11:34,730 INFO     ___FILE_ONLY___ ═
2024-11-21 09:11:34,731 INFO     ___FILE_ONLY___ ═
2024-11-21 09:11:34,731 INFO     ___FILE_ONLY___ ═
2024-11-21 09:11:34,731 INFO     ___FILE_ONLY___ ═
2024-11-21 09:11:34,731 INFO     ___FILE_ONLY___ ═
2024-11-21 09:11:34,731 INFO     ___FILE_ONLY___ ═
2024-11-21 09:11:34,731 INFO     ___FILE_ONLY___ ═
2024-11-21 09:11:34,731 INFO     ___FILE_ONLY___ ═
2024-11-21 09:11:34,731 INFO     ___FILE_ONLY___ ═
2024-11-21 09:11:34,731 INFO     ___FILE_ONLY___ ═
2024-11-21 09:11:34,731 INFO     ___FILE_ONLY___ ╝

2024-11-21 09:11:34,748 INFO     ___FILE_ONLY___ ╔════════════════════════════════════════════════════════════╗

2024-11-21 09:11:34,748 INFO     ___FILE_ONLY___ ╠═ Downloading: kubectl                                     ═╣

2024-11-21 09:11:34,748 INFO     ___FILE_ONLY___ ╚
2024-11-21 09:11:34,760 DEBUG    urllib3.connectionpool Starting new HTTPS connection (1): dl.google.com:443
2024-11-21 09:11:34,900 DEBUG    urllib3.connectionpool https://dl.google.com:443 "GET /dl/cloudsdk/channels/rapid/components/google-cloud-sdk-kubectl-20241004144944.tar.gz HTTP/1.1" 200 36206
2024-11-21 09:11:34,910 INFO     ___FILE_ONLY___ ═══════════════════════════
2024-11-21 09:11:34,911 INFO     ___FILE_ONLY___ ═══════════════════════════
2024-11-21 09:11:34,911 INFO     ___FILE_ONLY___ ══════
2024-11-21 09:11:34,911 INFO     ___FILE_ONLY___ ╝

2024-11-21 09:11:34,934 INFO     ___FILE_ONLY___ ╔════════════════════════════════════════════════════════════╗

2024-11-21 09:11:34,934 INFO     ___FILE_ONLY___ ╠═ Downloading: kubectl (Platform Specific)                 ═╣

2024-11-21 09:11:34,935 INFO     ___FILE_ONLY___ ╚
2024-11-21 09:11:34,939 DEBUG    urllib3.connectionpool Starting new HTTPS connection (1): dl.google.com:443
2024-11-21 09:11:35,093 DEBUG    urllib3.connectionpool https://dl.google.com:443 "GET /dl/cloudsdk/channels/rapid/components/google-cloud-sdk-kubectl-darwin-arm-20241108162203.tar.gz HTTP/1.1" 200 90277960
2024-11-21 09:11:36,321 INFO     ___FILE_ONLY___ ═
2024-11-21 09:11:36,339 INFO     ___FILE_ONLY___ ═
2024-11-21 09:11:36,342 INFO     ___FILE_ONLY___ ═
2024-11-21 09:11:36,347 INFO     ___FILE_ONLY___ ═
2024-11-21 09:11:36,349 INFO     ___FILE_ONLY___ ═
2024-11-21 09:11:36,350 INFO     ___FILE_ONLY___ ═
2024-11-21 09:11:36,351 INFO     ___FILE_ONLY___ ═
2024-11-21 09:11:36,354 INFO     ___FILE_ONLY___ ═
2024-11-21 09:11:36,354 INFO     ___FILE_ONLY___ ═
2024-11-21 09:11:36,355 INFO     ___FILE_ONLY___ ═
2024-11-21 09:11:36,358 INFO     ___FILE_ONLY___ ═
2024-11-21 09:11:36,362 INFO     ___FILE_ONLY___ ═
2024-11-21 09:11:36,395 INFO     ___FILE_ONLY___ ═
2024-11-21 09:11:36,398 INFO     ___FILE_ONLY___ ═
2024-11-21 09:11:36,402 INFO     ___FILE_ONLY___ ═
2024-11-21 09:11:36,403 INFO     ___FILE_ONLY___ ═
2024-11-21 09:11:36,405 INFO     ___FILE_ONLY___ ═
2024-11-21 09:11:36,407 INFO     ___FILE_ONLY___ ═
2024-11-21 09:11:36,409 INFO     ___FILE_ONLY___ ═
2024-11-21 09:11:36,409 INFO     ___FILE_ONLY___ ═
2024-11-21 09:11:36,410 INFO     ___FILE_ONLY___ ═
2024-11-21 09:11:36,411 INFO     ___FILE_ONLY___ ═
2024-11-21 09:11:36,414 INFO     ___FILE_ONLY___ ═
2024-11-21 09:11:36,415 INFO     ___FILE_ONLY___ ═
2024-11-21 09:11:36,416 INFO     ___FILE_ONLY___ ═
2024-11-21 09:11:36,418 INFO     ___FILE_ONLY___ ═
2024-11-21 09:11:36,420 INFO     ___FILE_ONLY___ ═
2024-11-21 09:11:36,424 INFO     ___FILE_ONLY___ ═
2024-11-21 09:11:36,426 INFO     ___FILE_ONLY___ ═
2024-11-21 09:11:36,430 INFO     ___FILE_ONLY___ ═
2024-11-21 09:11:36,431 INFO     ___FILE_ONLY___ ═
2024-11-21 09:11:36,432 INFO     ___FILE_ONLY___ ═
2024-11-21 09:11:36,433 INFO     ___FILE_ONLY___ ═
2024-11-21 09:11:36,437 INFO     ___FILE_ONLY___ ═
2024-11-21 09:11:36,438 INFO     ___FILE_ONLY___ ═
2024-11-21 09:11:36,439 INFO     ___FILE_ONLY___ ═
2024-11-21 09:11:36,440 INFO     ___FILE_ONLY___ ═
2024-11-21 09:11:36,441 INFO     ___FILE_ONLY___ ═
2024-11-21 09:11:36,443 INFO     ___FILE_ONLY___ ═
2024-11-21 09:11:36,445 INFO     ___FILE_ONLY___ ═
2024-11-21 09:11:36,446 INFO     ___FILE_ONLY___ ═
2024-11-21 09:11:36,447 INFO     ___FILE_ONLY___ ═
2024-11-21 09:11:36,448 INFO     ___FILE_ONLY___ ═
2024-11-21 09:11:36,449 INFO     ___FILE_ONLY___ ═
2024-11-21 09:11:36,450 INFO     ___FILE_ONLY___ ═
2024-11-21 09:11:36,451 INFO     ___FILE_ONLY___ ═
2024-11-21 09:11:36,452 INFO     ___FILE_ONLY___ ═
2024-11-21 09:11:36,453 INFO     ___FILE_ONLY___ ═
2024-11-21 09:11:36,454 INFO     ___FILE_ONLY___ ═
2024-11-21 09:11:36,455 INFO     ___FILE_ONLY___ ═
2024-11-21 09:11:36,456 INFO     ___FILE_ONLY___ ═
2024-11-21 09:11:36,457 INFO     ___FILE_ONLY___ ═
2024-11-21 09:11:36,458 INFO     ___FILE_ONLY___ ═
2024-11-21 09:11:36,459 INFO     ___FILE_ONLY___ ═
2024-11-21 09:11:36,460 INFO     ___FILE_ONLY___ ═
2024-11-21 09:11:36,461 INFO     ___FILE_ONLY___ ═
2024-11-21 09:11:36,462 INFO     ___FILE_ONLY___ ═
2024-11-21 09:11:36,463 INFO     ___FILE_ONLY___ ═
2024-11-21 09:11:36,464 INFO     ___FILE_ONLY___ ═
2024-11-21 09:11:36,465 INFO     ___FILE_ONLY___ ═
2024-11-21 09:11:36,465 INFO     ___FILE_ONLY___ ╝

2024-11-21 09:11:36,490 INFO     ___FILE_ONLY___ ╔════════════════════════════════════════════════════════════╗

2024-11-21 09:11:36,490 INFO     ___FILE_ONLY___ ╠═ Installing: Google Cloud CLI Core Libraries (Platform... ═╣

2024-11-21 09:11:36,490 INFO     ___FILE_ONLY___ ╚
2024-11-21 09:11:36,493 INFO     ___FILE_ONLY___ ══════════════════════════════
2024-11-21 09:11:36,494 INFO     ___FILE_ONLY___ ══════════════════════════════
2024-11-21 09:11:36,494 INFO     ___FILE_ONLY___ ╝

2024-11-21 09:11:36,520 INFO     ___FILE_ONLY___ ╔════════════════════════════════════════════════════════════╗

2024-11-21 09:11:36,521 INFO     ___FILE_ONLY___ ╠═ Installing: Minikube                                     ═╣

2024-11-21 09:11:36,521 INFO     ___FILE_ONLY___ ╚
2024-11-21 09:11:36,522 INFO     ___FILE_ONLY___ ════════════════════════════════════════════════════════════
2024-11-21 09:11:36,522 INFO     ___FILE_ONLY___ ╝

2024-11-21 09:11:36,541 INFO     ___FILE_ONLY___ ╔════════════════════════════════════════════════════════════╗

2024-11-21 09:11:36,541 INFO     ___FILE_ONLY___ ╠═ Installing: Minikube (Platform Specific)                 ═╣

2024-11-21 09:11:36,541 INFO     ___FILE_ONLY___ ╚
2024-11-21 09:11:37,113 INFO     ___FILE_ONLY___ ════════════════════════════════════════════════════════════
2024-11-21 09:11:37,115 INFO     ___FILE_ONLY___ ╝

2024-11-21 09:11:37,145 INFO     ___FILE_ONLY___ ╔════════════════════════════════════════════════════════════╗

2024-11-21 09:11:37,145 INFO     ___FILE_ONLY___ ╠═ Installing: Skaffold                                     ═╣

2024-11-21 09:11:37,145 INFO     ___FILE_ONLY___ ╚
2024-11-21 09:11:37,146 INFO     ___FILE_ONLY___ ════════════════════════════════════════════════════════════
2024-11-21 09:11:37,146 INFO     ___FILE_ONLY___ ╝

2024-11-21 09:11:37,167 INFO     ___FILE_ONLY___ ╔════════════════════════════════════════════════════════════╗

2024-11-21 09:11:37,168 INFO     ___FILE_ONLY___ ╠═ Installing: Skaffold (Platform Specific)                 ═╣

2024-11-21 09:11:37,168 INFO     ___FILE_ONLY___ ╚
2024-11-21 09:11:37,513 INFO     ___FILE_ONLY___ ════════════════════════════════════════════════════════════
2024-11-21 09:11:37,514 INFO     ___FILE_ONLY___ ╝

2024-11-21 09:11:37,534 INFO     ___FILE_ONLY___ ╔════════════════════════════════════════════════════════════╗

2024-11-21 09:11:37,534 INFO     ___FILE_ONLY___ ╠═ Installing: gcloud Alpha Commands                        ═╣

2024-11-21 09:11:37,534 INFO     ___FILE_ONLY___ ╚
2024-11-21 09:11:37,535 INFO     ___FILE_ONLY___ ════════════════════════════════════════════════════════════
2024-11-21 09:11:37,535 INFO     ___FILE_ONLY___ ╝

2024-11-21 09:11:37,543 INFO     ___FILE_ONLY___ ╔════════════════════════════════════════════════════════════╗

2024-11-21 09:11:37,543 INFO     ___FILE_ONLY___ ╠═ Installing: gcloud Beta Commands                         ═╣

2024-11-21 09:11:37,543 INFO     ___FILE_ONLY___ ╚
2024-11-21 09:11:37,544 INFO     ___FILE_ONLY___ ════════════════════════════════════════════════════════════
2024-11-21 09:11:37,544 INFO     ___FILE_ONLY___ ╝

2024-11-21 09:11:37,550 INFO     ___FILE_ONLY___ ╔════════════════════════════════════════════════════════════╗

2024-11-21 09:11:37,550 INFO     ___FILE_ONLY___ ╠═ Installing: gcloud cli dependencies (Platform Specific)  ═╣

2024-11-21 09:11:37,550 INFO     ___FILE_ONLY___ ╚
2024-11-21 09:11:37,550 INFO     ___FILE_ONLY___ ════════════════════════════════════════════════════════════
2024-11-21 09:11:37,550 INFO     ___FILE_ONLY___ ╝

2024-11-21 09:11:37,569 INFO     ___FILE_ONLY___ ╔════════════════════════════════════════════════════════════╗

2024-11-21 09:11:37,569 INFO     ___FILE_ONLY___ ╠═ Installing: gke-gcloud-auth-plugin                       ═╣

2024-11-21 09:11:37,569 INFO     ___FILE_ONLY___ ╚
2024-11-21 09:11:37,570 INFO     ___FILE_ONLY___ ════════════════════════════════════════════════════════════
2024-11-21 09:11:37,570 INFO     ___FILE_ONLY___ ╝

2024-11-21 09:11:37,576 INFO     ___FILE_ONLY___ ╔════════════════════════════════════════════════════════════╗

2024-11-21 09:11:37,576 INFO     ___FILE_ONLY___ ╠═ Installing: gke-gcloud-auth-plugin (Platform Specific)   ═╣

2024-11-21 09:11:37,576 INFO     ___FILE_ONLY___ ╚
2024-11-21 09:11:37,629 INFO     ___FILE_ONLY___ ════════════════════════════════════════════════════════════
2024-11-21 09:11:37,633 INFO     ___FILE_ONLY___ ╝

2024-11-21 09:11:37,676 INFO     ___FILE_ONLY___ ╔════════════════════════════════════════════════════════════╗

2024-11-21 09:11:37,676 INFO     ___FILE_ONLY___ ╠═ Installing: kubectl                                      ═╣

2024-11-21 09:11:37,676 INFO     ___FILE_ONLY___ ╚
2024-11-21 09:11:37,678 INFO     ___FILE_ONLY___ ════════════════════════════════════════════════════════════
2024-11-21 09:11:37,678 INFO     ___FILE_ONLY___ ╝

2024-11-21 09:11:37,685 INFO     ___FILE_ONLY___ ╔════════════════════════════════════════════════════════════╗

2024-11-21 09:11:37,685 INFO     ___FILE_ONLY___ ╠═ Installing: kubectl (Platform Specific)                  ═╣

2024-11-21 09:11:37,685 INFO     ___FILE_ONLY___ ╚
2024-11-21 09:11:38,262 INFO     ___FILE_ONLY___ ══════════
2024-11-21 09:11:38,358 INFO     ___FILE_ONLY___ ══════════
2024-11-21 09:11:38,455 INFO     ___FILE_ONLY___ ══════════
2024-11-21 09:11:38,559 INFO     ___FILE_ONLY___ ══════════
2024-11-21 09:11:38,656 INFO     ___FILE_ONLY___ ══════════
2024-11-21 09:11:38,761 INFO     ___FILE_ONLY___ ══════════
2024-11-21 09:11:38,765 INFO     ___FILE_ONLY___ ╝

2024-11-21 09:11:38,785 DEBUG    root            Updating notification cache...
2024-11-21 09:11:38,785 INFO     ___FILE_ONLY___ 

2024-11-21 09:11:38,834 INFO     ___FILE_ONLY___ Performing post processing steps...
2024-11-21 09:11:38,834 DEBUG    root            Executing command: ['/Users/gabrielpaura/Library/Application Support/cloud-code/installer/google-cloud-sdk/bin/gcloud', 'components', 'post-process', '--no-compile-python']
2024-11-21 09:11:39,497 DEBUG    ___FILE_ONLY___ 
2024-11-21 09:11:39,497 DEBUG    ___FILE_ONLY___ 
2024-11-21 09:11:39,599 INFO     ___FILE_ONLY___ 
Update done!


2024-11-21 09:11:39,600 WARNING  root              There are other instances of Google Cloud tools on your system PATH.
  Please remove the following to avoid confusion or accidental invocation:

  /Applications/Docker.app/Contents/Resources/bin/kubectl

  
2024-11-21 09:11:39,602 DEBUG    root            Chosen display Format:none
2024-11-21 09:11:39,602 INFO     root            Display format: "none"
2024-11-21 09:11:39,605 DEBUG    root            Executing command: ['curl', '--silent', '-O', 'https://dl.google.com/dl/cloudsdk/channels/rapid/python-3.11.6-macos11.tar.gz']
2024-11-21 09:11:40,426 DEBUG    root            Executing command: ['tar', '-xf', 'python-3.11.6-macos11.tar.gz']
2024-11-21 09:11:40,492 DEBUG    root            Executing command: ['sudo', 'installer', '-target', '/', '-pkg', './python-3.11.6-macos11.pkg']
