2024-11-21 09:10:24,211 DEBUG    root            Metrics collector initialized...
2024-11-21 09:10:24,212 DEBUG    root            Loaded Command Group: ['gcloud', 'components']
2024-11-21 09:10:24,212 DEBUG    root            Loaded Command Group: ['gcloud', 'components', 'update']
2024-11-21 09:10:24,213 DEBUG    root            Running [gcloud.components.update] with arguments: [--no-compile-python: "False", --quiet: "True", COMPONENT-IDS:6: "['alpha', 'beta', 'gke-gcloud-auth-plugin', 'kubectl', 'skaffold', 'minikube']"]
2024-11-21 09:10:24,213 INFO     ___FILE_ONLY___ Beginning update. This process may take several minutes.

2024-11-21 09:10:24,223 DEBUG    urllib3.connectionpool Starting new HTTPS connection (1): dl.google.com:443
2024-11-21 09:10:24,370 DEBUG    urllib3.connectionpool https://dl.google.com:443 "GET /dl/cloudsdk/channels/rapid/components-2.json HTTP/1.1" 200 227816
2024-11-21 09:10:24,417 INFO     ___FILE_ONLY___ 

2024-11-21 09:10:24,417 INFO     ___FILE_ONLY___ 
Your current Google Cloud CLI version is: 502.0.0

2024-11-21 09:10:24,418 INFO     ___FILE_ONLY___ Installing components from version: 502.0.0

2024-11-21 09:10:24,418 INFO     ___FILE_ONLY___ 

2024-11-21 09:10:24,418 DEBUG    root            Chosen display Format:table[box,title="These components will be removed."](details.display_name:label=Name:align=left,version.version_string:label=Version:align=right,data.size.size(zero="",min=1048576):label=Size:align=right)
2024-11-21 09:10:24,418 DEBUG    root            Chosen display Format:table[box,title="These components will be updated."](details.display_name:label=Name:align=left,version.version_string:label=Version:align=right,data.size.size(zero="",min=1048576):label=Size:align=right)
2024-11-21 09:10:24,418 DEBUG    root            Chosen display Format:table[box,title="These components will be installed."](details.display_name:label=Name:align=left,version.version_string:label=Version:align=right,data.size.size(zero="",min=1048576):label=Size:align=right)
2024-11-21 09:10:24,433 INFO     ___FILE_ONLY___ ┌─────────────────────────────────────────────────────────────────────────────┐
2024-11-21 09:10:24,433 INFO     ___FILE_ONLY___ 

2024-11-21 09:10:24,433 INFO     ___FILE_ONLY___ │                     These components will be installed.                     │
2024-11-21 09:10:24,433 INFO     ___FILE_ONLY___ 

2024-11-21 09:10:24,433 INFO     ___FILE_ONLY___ ├─────────────────────────────────────────────────────┬────────────┬──────────┤
2024-11-21 09:10:24,433 INFO     ___FILE_ONLY___ 

2024-11-21 09:10:24,433 INFO     ___FILE_ONLY___ │                         Name                        │  Version   │   Size   │
2024-11-21 09:10:24,433 INFO     ___FILE_ONLY___ 

2024-11-21 09:10:24,434 INFO     ___FILE_ONLY___ ├─────────────────────────────────────────────────────┼────────────┼──────────┤
2024-11-21 09:10:24,434 INFO     ___FILE_ONLY___ 

2024-11-21 09:10:24,434 INFO     ___FILE_ONLY___ │ 
2024-11-21 09:10:24,434 INFO     ___FILE_ONLY___ Google Cloud CLI Core Libraries (Platform Specific)
2024-11-21 09:10:24,434 INFO     ___FILE_ONLY___  
2024-11-21 09:10:24,434 INFO     ___FILE_ONLY___ │ 
2024-11-21 09:10:24,434 INFO     ___FILE_ONLY___ 2024.08.30
2024-11-21 09:10:24,434 INFO     ___FILE_ONLY___  
2024-11-21 09:10:24,434 INFO     ___FILE_ONLY___ │ 
2024-11-21 09:10:24,434 INFO     ___FILE_ONLY___  < 1 MiB
2024-11-21 09:10:24,434 INFO     ___FILE_ONLY___  
2024-11-21 09:10:24,434 INFO     ___FILE_ONLY___ │
2024-11-21 09:10:24,434 INFO     ___FILE_ONLY___ 

2024-11-21 09:10:24,434 INFO     ___FILE_ONLY___ │ 
2024-11-21 09:10:24,434 INFO     ___FILE_ONLY___ Minikube (Platform Specific)                       
2024-11-21 09:10:24,434 INFO     ___FILE_ONLY___  
2024-11-21 09:10:24,434 INFO     ___FILE_ONLY___ │ 
2024-11-21 09:10:24,434 INFO     ___FILE_ONLY___     1.34.0
2024-11-21 09:10:24,434 INFO     ___FILE_ONLY___  
2024-11-21 09:10:24,434 INFO     ___FILE_ONLY___ │ 
2024-11-21 09:10:24,434 INFO     ___FILE_ONLY___ 37.2 MiB
2024-11-21 09:10:24,434 INFO     ___FILE_ONLY___  
2024-11-21 09:10:24,434 INFO     ___FILE_ONLY___ │
2024-11-21 09:10:24,434 INFO     ___FILE_ONLY___ 

2024-11-21 09:10:24,434 INFO     ___FILE_ONLY___ │ 
2024-11-21 09:10:24,434 INFO     ___FILE_ONLY___ Skaffold (Platform Specific)                       
2024-11-21 09:10:24,434 INFO     ___FILE_ONLY___  
2024-11-21 09:10:24,434 INFO     ___FILE_ONLY___ │ 
2024-11-21 09:10:24,434 INFO     ___FILE_ONLY___     2.13.1
2024-11-21 09:10:24,434 INFO     ___FILE_ONLY___  
2024-11-21 09:10:24,434 INFO     ___FILE_ONLY___ │ 
2024-11-21 09:10:24,434 INFO     ___FILE_ONLY___ 22.9 MiB
2024-11-21 09:10:24,434 INFO     ___FILE_ONLY___  
2024-11-21 09:10:24,434 INFO     ___FILE_ONLY___ │
2024-11-21 09:10:24,434 INFO     ___FILE_ONLY___ 

2024-11-21 09:10:24,434 INFO     ___FILE_ONLY___ │ 
2024-11-21 09:10:24,434 INFO     ___FILE_ONLY___ gcloud Alpha Commands                              
2024-11-21 09:10:24,435 INFO     ___FILE_ONLY___  
2024-11-21 09:10:24,435 INFO     ___FILE_ONLY___ │ 
2024-11-21 09:10:24,435 INFO     ___FILE_ONLY___ 2024.11.15
2024-11-21 09:10:24,435 INFO     ___FILE_ONLY___  
2024-11-21 09:10:24,435 INFO     ___FILE_ONLY___ │ 
2024-11-21 09:10:24,435 INFO     ___FILE_ONLY___  < 1 MiB
2024-11-21 09:10:24,435 INFO     ___FILE_ONLY___  
2024-11-21 09:10:24,435 INFO     ___FILE_ONLY___ │
2024-11-21 09:10:24,435 INFO     ___FILE_ONLY___ 

2024-11-21 09:10:24,435 INFO     ___FILE_ONLY___ │ 
2024-11-21 09:10:24,435 INFO     ___FILE_ONLY___ gcloud Beta Commands                               
2024-11-21 09:10:24,435 INFO     ___FILE_ONLY___  
2024-11-21 09:10:24,435 INFO     ___FILE_ONLY___ │ 
2024-11-21 09:10:24,435 INFO     ___FILE_ONLY___ 2024.11.15
2024-11-21 09:10:24,435 INFO     ___FILE_ONLY___  
2024-11-21 09:10:24,435 INFO     ___FILE_ONLY___ │ 
2024-11-21 09:10:24,435 INFO     ___FILE_ONLY___  < 1 MiB
2024-11-21 09:10:24,435 INFO     ___FILE_ONLY___  
2024-11-21 09:10:24,435 INFO     ___FILE_ONLY___ │
2024-11-21 09:10:24,435 INFO     ___FILE_ONLY___ 

2024-11-21 09:10:24,435 INFO     ___FILE_ONLY___ │ 
2024-11-21 09:10:24,435 INFO     ___FILE_ONLY___ gcloud cli dependencies (Platform Specific)        
2024-11-21 09:10:24,435 INFO     ___FILE_ONLY___  
2024-11-21 09:10:24,435 INFO     ___FILE_ONLY___ │ 
2024-11-21 09:10:24,435 INFO     ___FILE_ONLY___ 2021.04.16
2024-11-21 09:10:24,435 INFO     ___FILE_ONLY___  
2024-11-21 09:10:24,435 INFO     ___FILE_ONLY___ │ 
2024-11-21 09:10:24,435 INFO     ___FILE_ONLY___  < 1 MiB
2024-11-21 09:10:24,435 INFO     ___FILE_ONLY___  
2024-11-21 09:10:24,435 INFO     ___FILE_ONLY___ │
2024-11-21 09:10:24,435 INFO     ___FILE_ONLY___ 

2024-11-21 09:10:24,435 INFO     ___FILE_ONLY___ │ 
2024-11-21 09:10:24,435 INFO     ___FILE_ONLY___ gke-gcloud-auth-plugin (Platform Specific)         
2024-11-21 09:10:24,435 INFO     ___FILE_ONLY___  
2024-11-21 09:10:24,435 INFO     ___FILE_ONLY___ │ 
2024-11-21 09:10:24,435 INFO     ___FILE_ONLY___      0.5.9
2024-11-21 09:10:24,435 INFO     ___FILE_ONLY___  
2024-11-21 09:10:24,435 INFO     ___FILE_ONLY___ │ 
2024-11-21 09:10:24,435 INFO     ___FILE_ONLY___  4.0 MiB
2024-11-21 09:10:24,435 INFO     ___FILE_ONLY___  
2024-11-21 09:10:24,435 INFO     ___FILE_ONLY___ │
2024-11-21 09:10:24,435 INFO     ___FILE_ONLY___ 

2024-11-21 09:10:24,435 INFO     ___FILE_ONLY___ │ 
2024-11-21 09:10:24,435 INFO     ___FILE_ONLY___ kubectl                                            
2024-11-21 09:10:24,435 INFO     ___FILE_ONLY___  
2024-11-21 09:10:24,435 INFO     ___FILE_ONLY___ │ 
2024-11-21 09:10:24,435 INFO     ___FILE_ONLY___     1.30.5
2024-11-21 09:10:24,436 INFO     ___FILE_ONLY___  
2024-11-21 09:10:24,436 INFO     ___FILE_ONLY___ │ 
2024-11-21 09:10:24,436 INFO     ___FILE_ONLY___  < 1 MiB
2024-11-21 09:10:24,436 INFO     ___FILE_ONLY___  
2024-11-21 09:10:24,436 INFO     ___FILE_ONLY___ │
2024-11-21 09:10:24,436 INFO     ___FILE_ONLY___ 

2024-11-21 09:10:24,436 INFO     ___FILE_ONLY___ │ 
2024-11-21 09:10:24,436 INFO     ___FILE_ONLY___ kubectl (Platform Specific)                        
2024-11-21 09:10:24,436 INFO     ___FILE_ONLY___  
2024-11-21 09:10:24,436 INFO     ___FILE_ONLY___ │ 
2024-11-21 09:10:24,436 INFO     ___FILE_ONLY___     1.30.6
2024-11-21 09:10:24,436 INFO     ___FILE_ONLY___  
2024-11-21 09:10:24,436 INFO     ___FILE_ONLY___ │ 
2024-11-21 09:10:24,436 INFO     ___FILE_ONLY___ 86.1 MiB
2024-11-21 09:10:24,436 INFO     ___FILE_ONLY___  
2024-11-21 09:10:24,436 INFO     ___FILE_ONLY___ │
2024-11-21 09:10:24,436 INFO     ___FILE_ONLY___ 

2024-11-21 09:10:24,436 INFO     ___FILE_ONLY___ └─────────────────────────────────────────────────────┴────────────┴──────────┘
2024-11-21 09:10:24,436 INFO     ___FILE_ONLY___ 

2024-11-21 09:10:24,436 INFO     ___FILE_ONLY___ 

2024-11-21 09:10:24,438 DEBUG    urllib3.connectionpool Starting new HTTPS connection (1): dl.google.com:443
2024-11-21 09:10:24,597 DEBUG    urllib3.connectionpool https://dl.google.com:443 "GET /dl/cloudsdk/channels/rapid/RELEASE_NOTES HTTP/1.1" 200 1314602
2024-11-21 09:10:24,704 INFO     ___FILE_ONLY___ For the latest full release notes, please visit:
  https://cloud.google.com/sdk/release_notes


2024-11-21 09:10:24,704 INFO     ___FILE_ONLY___ Performing in place update...


2024-11-21 09:10:24,714 INFO     ___FILE_ONLY___ ╔════════════════════════════════════════════════════════════╗

2024-11-21 09:10:24,714 INFO     ___FILE_ONLY___ ╠═ Downloading: Google Cloud CLI Core Libraries (Platfor... ═╣

2024-11-21 09:10:24,714 INFO     ___FILE_ONLY___ ╚
2024-11-21 09:10:24,716 DEBUG    urllib3.connectionpool Starting new HTTPS connection (1): dl.google.com:443
2024-11-21 09:10:24,870 DEBUG    urllib3.connectionpool https://dl.google.com:443 "GET /dl/cloudsdk/channels/rapid/components/google-cloud-sdk-core-nix-20240830134514.tar.gz HTTP/1.1" 200 2306
2024-11-21 09:10:24,871 INFO     ___FILE_ONLY___ ════════════════════════════════════════════════════════════
2024-11-21 09:10:24,871 INFO     ___FILE_ONLY___ ╝

2024-11-21 09:10:24,880 INFO     ___FILE_ONLY___ ╔════════════════════════════════════════════════════════════╗

2024-11-21 09:10:24,880 INFO     ___FILE_ONLY___ ╠═ Downloading: Minikube                                    ═╣

2024-11-21 09:10:24,880 INFO     ___FILE_ONLY___ ╚
2024-11-21 09:10:24,881 INFO     ___FILE_ONLY___ ════════════════════════════════════════════════════════════
2024-11-21 09:10:24,881 INFO     ___FILE_ONLY___ ╝

2024-11-21 09:10:24,887 INFO     ___FILE_ONLY___ ╔════════════════════════════════════════════════════════════╗

2024-11-21 09:10:24,887 INFO     ___FILE_ONLY___ ╠═ Downloading: Minikube (Platform Specific)                ═╣

2024-11-21 09:10:24,887 INFO     ___FILE_ONLY___ ╚
2024-11-21 09:10:24,890 DEBUG    urllib3.connectionpool Starting new HTTPS connection (1): dl.google.com:443
2024-11-21 09:10:25,041 DEBUG    urllib3.connectionpool https://dl.google.com:443 "GET /dl/cloudsdk/channels/rapid/components/google-cloud-sdk-minikube-darwin-arm-20240927140238.tar.gz HTTP/1.1" 200 38981244
2024-11-21 09:10:25,577 INFO     ___FILE_ONLY___ ═
2024-11-21 09:10:25,578 INFO     ___FILE_ONLY___ ═
2024-11-21 09:10:25,578 INFO     ___FILE_ONLY___ ═
2024-11-21 09:10:25,579 INFO     ___FILE_ONLY___ ═
2024-11-21 09:10:25,579 INFO     ___FILE_ONLY___ ═
2024-11-21 09:10:25,579 INFO     ___FILE_ONLY___ ═
2024-11-21 09:10:25,580 INFO     ___FILE_ONLY___ ═
2024-11-21 09:10:25,580 INFO     ___FILE_ONLY___ ═
2024-11-21 09:10:25,581 INFO     ___FILE_ONLY___ ═
2024-11-21 09:10:25,581 INFO     ___FILE_ONLY___ ═
2024-11-21 09:10:25,581 INFO     ___FILE_ONLY___ ═
2024-11-21 09:10:25,582 INFO     ___FILE_ONLY___ ═
2024-11-21 09:10:25,582 INFO     ___FILE_ONLY___ ═
2024-11-21 09:10:25,583 INFO     ___FILE_ONLY___ ═
2024-11-21 09:10:25,583 INFO     ___FILE_ONLY___ ═
2024-11-21 09:10:25,584 INFO     ___FILE_ONLY___ ═
2024-11-21 09:10:25,584 INFO     ___FILE_ONLY___ ═
2024-11-21 09:10:25,584 INFO     ___FILE_ONLY___ ═
2024-11-21 09:10:25,585 INFO     ___FILE_ONLY___ ═
2024-11-21 09:10:25,585 INFO     ___FILE_ONLY___ ═
2024-11-21 09:10:25,585 INFO     ___FILE_ONLY___ ═
2024-11-21 09:10:25,586 INFO     ___FILE_ONLY___ ═
2024-11-21 09:10:25,586 INFO     ___FILE_ONLY___ ═
2024-11-21 09:10:25,587 INFO     ___FILE_ONLY___ ═
2024-11-21 09:10:25,587 INFO     ___FILE_ONLY___ ═
2024-11-21 09:10:25,587 INFO     ___FILE_ONLY___ ═
2024-11-21 09:10:25,588 INFO     ___FILE_ONLY___ ═
2024-11-21 09:10:25,589 INFO     ___FILE_ONLY___ ═
2024-11-21 09:10:25,589 INFO     ___FILE_ONLY___ ═
2024-11-21 09:10:25,590 INFO     ___FILE_ONLY___ ═
2024-11-21 09:10:25,590 INFO     ___FILE_ONLY___ ═
2024-11-21 09:10:25,590 INFO     ___FILE_ONLY___ ═
2024-11-21 09:10:25,591 INFO     ___FILE_ONLY___ ═
2024-11-21 09:10:25,591 INFO     ___FILE_ONLY___ ═
2024-11-21 09:10:25,592 INFO     ___FILE_ONLY___ ═
2024-11-21 09:10:25,592 INFO     ___FILE_ONLY___ ═
2024-11-21 09:10:25,592 INFO     ___FILE_ONLY___ ═
2024-11-21 09:10:25,593 INFO     ___FILE_ONLY___ ═
2024-11-21 09:10:25,593 INFO     ___FILE_ONLY___ ═
2024-11-21 09:10:25,594 INFO     ___FILE_ONLY___ ═
2024-11-21 09:10:25,595 INFO     ___FILE_ONLY___ ═
2024-11-21 09:10:25,596 INFO     ___FILE_ONLY___ ═
2024-11-21 09:10:25,596 INFO     ___FILE_ONLY___ ═
2024-11-21 09:10:25,596 INFO     ___FILE_ONLY___ ═
2024-11-21 09:10:25,597 INFO     ___FILE_ONLY___ ═
2024-11-21 09:10:25,597 INFO     ___FILE_ONLY___ ═
2024-11-21 09:10:25,597 INFO     ___FILE_ONLY___ ═
2024-11-21 09:10:25,598 INFO     ___FILE_ONLY___ ═
2024-11-21 09:10:25,598 INFO     ___FILE_ONLY___ ═
2024-11-21 09:10:25,599 INFO     ___FILE_ONLY___ ═
2024-11-21 09:10:25,599 INFO     ___FILE_ONLY___ ═
2024-11-21 09:10:25,599 INFO     ___FILE_ONLY___ ═
2024-11-21 09:10:25,600 INFO     ___FILE_ONLY___ ═
2024-11-21 09:10:25,600 INFO     ___FILE_ONLY___ ═
2024-11-21 09:10:25,600 INFO     ___FILE_ONLY___ ═
2024-11-21 09:10:25,601 INFO     ___FILE_ONLY___ ═
2024-11-21 09:10:25,601 INFO     ___FILE_ONLY___ ═
2024-11-21 09:10:25,601 INFO     ___FILE_ONLY___ ═
2024-11-21 09:10:25,602 INFO     ___FILE_ONLY___ ═
2024-11-21 09:10:25,602 INFO     ___FILE_ONLY___ ═
2024-11-21 09:10:25,602 INFO     ___FILE_ONLY___ ╝

2024-11-21 09:10:25,612 INFO     ___FILE_ONLY___ ╔════════════════════════════════════════════════════════════╗

2024-11-21 09:10:25,612 INFO     ___FILE_ONLY___ ╠═ Downloading: Skaffold                                    ═╣

2024-11-21 09:10:25,612 INFO     ___FILE_ONLY___ ╚
2024-11-21 09:10:25,612 INFO     ___FILE_ONLY___ ════════════════════════════════════════════════════════════
2024-11-21 09:10:25,612 INFO     ___FILE_ONLY___ ╝

2024-11-21 09:10:25,617 INFO     ___FILE_ONLY___ ╔════════════════════════════════════════════════════════════╗

2024-11-21 09:10:25,617 INFO     ___FILE_ONLY___ ╠═ Downloading: Skaffold (Platform Specific)                ═╣

2024-11-21 09:10:25,617 INFO     ___FILE_ONLY___ ╚
2024-11-21 09:10:25,619 DEBUG    urllib3.connectionpool Starting new HTTPS connection (1): dl.google.com:443
2024-11-21 09:10:25,769 DEBUG    urllib3.connectionpool https://dl.google.com:443 "GET /dl/cloudsdk/channels/rapid/components/google-cloud-sdk-skaffold-darwin-arm-20240806142304.tar.gz HTTP/1.1" 200 24031362
2024-11-21 09:10:26,127 INFO     ___FILE_ONLY___ ═
2024-11-21 09:10:26,127 INFO     ___FILE_ONLY___ ═
2024-11-21 09:10:26,128 INFO     ___FILE_ONLY___ ═
2024-11-21 09:10:26,128 INFO     ___FILE_ONLY___ ═
2024-11-21 09:10:26,129 INFO     ___FILE_ONLY___ ═
2024-11-21 09:10:26,130 INFO     ___FILE_ONLY___ ═
2024-11-21 09:10:26,131 INFO     ___FILE_ONLY___ ═
2024-11-21 09:10:26,132 INFO     ___FILE_ONLY___ ═
2024-11-21 09:10:26,132 INFO     ___FILE_ONLY___ ═
2024-11-21 09:10:26,133 INFO     ___FILE_ONLY___ ═
2024-11-21 09:10:26,134 INFO     ___FILE_ONLY___ ═
2024-11-21 09:10:26,135 INFO     ___FILE_ONLY___ ═
2024-11-21 09:10:26,136 INFO     ___FILE_ONLY___ ═
2024-11-21 09:10:26,137 INFO     ___FILE_ONLY___ ═
2024-11-21 09:10:26,137 INFO     ___FILE_ONLY___ ═
2024-11-21 09:10:26,138 INFO     ___FILE_ONLY___ ═
2024-11-21 09:10:26,139 INFO     ___FILE_ONLY___ ═
2024-11-21 09:10:26,140 INFO     ___FILE_ONLY___ ═
2024-11-21 09:10:26,140 INFO     ___FILE_ONLY___ ═
2024-11-21 09:10:26,141 INFO     ___FILE_ONLY___ ═
2024-11-21 09:10:26,142 INFO     ___FILE_ONLY___ ═
2024-11-21 09:10:26,142 INFO     ___FILE_ONLY___ ═
2024-11-21 09:10:26,143 INFO     ___FILE_ONLY___ ═
2024-11-21 09:10:26,143 INFO     ___FILE_ONLY___ ═
2024-11-21 09:10:26,143 INFO     ___FILE_ONLY___ ═
2024-11-21 09:10:26,144 INFO     ___FILE_ONLY___ ═
2024-11-21 09:10:26,144 INFO     ___FILE_ONLY___ ═
2024-11-21 09:10:26,144 INFO     ___FILE_ONLY___ ═
2024-11-21 09:10:26,144 INFO     ___FILE_ONLY___ ═
2024-11-21 09:10:26,145 INFO     ___FILE_ONLY___ ═
2024-11-21 09:10:26,145 INFO     ___FILE_ONLY___ ═
2024-11-21 09:10:26,145 INFO     ___FILE_ONLY___ ═
2024-11-21 09:10:26,146 INFO     ___FILE_ONLY___ ═
2024-11-21 09:10:26,146 INFO     ___FILE_ONLY___ ═
2024-11-21 09:10:26,146 INFO     ___FILE_ONLY___ ═
2024-11-21 09:10:26,147 INFO     ___FILE_ONLY___ ═
2024-11-21 09:10:26,147 INFO     ___FILE_ONLY___ ═
2024-11-21 09:10:26,147 INFO     ___FILE_ONLY___ ═
2024-11-21 09:10:26,147 INFO     ___FILE_ONLY___ ═
2024-11-21 09:10:26,148 INFO     ___FILE_ONLY___ ═
2024-11-21 09:10:26,148 INFO     ___FILE_ONLY___ ═
2024-11-21 09:10:26,148 INFO     ___FILE_ONLY___ ═
2024-11-21 09:10:26,149 INFO     ___FILE_ONLY___ ═
2024-11-21 09:10:26,149 INFO     ___FILE_ONLY___ ═
2024-11-21 09:10:26,149 INFO     ___FILE_ONLY___ ═
2024-11-21 09:10:26,150 INFO     ___FILE_ONLY___ ═
2024-11-21 09:10:26,150 INFO     ___FILE_ONLY___ ═
2024-11-21 09:10:26,150 INFO     ___FILE_ONLY___ ═
2024-11-21 09:10:26,150 INFO     ___FILE_ONLY___ ═
2024-11-21 09:10:26,151 INFO     ___FILE_ONLY___ ═
2024-11-21 09:10:26,151 INFO     ___FILE_ONLY___ ═
2024-11-21 09:10:26,151 INFO     ___FILE_ONLY___ ═
2024-11-21 09:10:26,151 INFO     ___FILE_ONLY___ ═
2024-11-21 09:10:26,152 INFO     ___FILE_ONLY___ ═
2024-11-21 09:10:26,152 INFO     ___FILE_ONLY___ ═
2024-11-21 09:10:26,152 INFO     ___FILE_ONLY___ ═
2024-11-21 09:10:26,152 INFO     ___FILE_ONLY___ ═
2024-11-21 09:10:26,153 INFO     ___FILE_ONLY___ ═
2024-11-21 09:10:26,153 INFO     ___FILE_ONLY___ ═
2024-11-21 09:10:26,153 INFO     ___FILE_ONLY___ ═
2024-11-21 09:10:26,153 INFO     ___FILE_ONLY___ ╝

2024-11-21 09:10:26,164 INFO     ___FILE_ONLY___ ╔════════════════════════════════════════════════════════════╗

2024-11-21 09:10:26,164 INFO     ___FILE_ONLY___ ╠═ Downloading: gcloud Alpha Commands                       ═╣

2024-11-21 09:10:26,165 INFO     ___FILE_ONLY___ ╚
2024-11-21 09:10:26,167 DEBUG    urllib3.connectionpool Starting new HTTPS connection (1): dl.google.com:443
2024-11-21 09:10:26,307 DEBUG    urllib3.connectionpool https://dl.google.com:443 "GET /dl/cloudsdk/channels/rapid/components/google-cloud-sdk-alpha-20241115154308.tar.gz HTTP/1.1" 200 800
2024-11-21 09:10:26,308 INFO     ___FILE_ONLY___ ════════════════════════════════════════════════════════════
2024-11-21 09:10:26,308 INFO     ___FILE_ONLY___ ╝

2024-11-21 09:10:26,317 INFO     ___FILE_ONLY___ ╔════════════════════════════════════════════════════════════╗

2024-11-21 09:10:26,318 INFO     ___FILE_ONLY___ ╠═ Downloading: gcloud Beta Commands                        ═╣

2024-11-21 09:10:26,318 INFO     ___FILE_ONLY___ ╚
2024-11-21 09:10:26,321 DEBUG    urllib3.connectionpool Starting new HTTPS connection (1): dl.google.com:443
2024-11-21 09:10:26,465 DEBUG    urllib3.connectionpool https://dl.google.com:443 "GET /dl/cloudsdk/channels/rapid/components/google-cloud-sdk-beta-20241115154308.tar.gz HTTP/1.1" 200 797
2024-11-21 09:10:26,466 INFO     ___FILE_ONLY___ ════════════════════════════════════════════════════════════
2024-11-21 09:10:26,466 INFO     ___FILE_ONLY___ ╝

2024-11-21 09:10:26,474 INFO     ___FILE_ONLY___ ╔════════════════════════════════════════════════════════════╗

2024-11-21 09:10:26,474 INFO     ___FILE_ONLY___ ╠═ Downloading: gcloud cli dependencies (Platform Specific) ═╣

2024-11-21 09:10:26,474 INFO     ___FILE_ONLY___ ╚
2024-11-21 09:10:26,482 DEBUG    urllib3.connectionpool Starting new HTTPS connection (1): dl.google.com:443
2024-11-21 09:10:26,625 DEBUG    urllib3.connectionpool https://dl.google.com:443 "GET /dl/cloudsdk/channels/rapid/components/google-cloud-sdk-gcloud-deps-darwin-x86_64-20210416153011.tar.gz HTTP/1.1" 200 105
2024-11-21 09:10:26,626 INFO     ___FILE_ONLY___ ════════════════════════════════════════════════════════════
2024-11-21 09:10:26,626 INFO     ___FILE_ONLY___ ╝

2024-11-21 09:10:26,636 INFO     ___FILE_ONLY___ ╔════════════════════════════════════════════════════════════╗

2024-11-21 09:10:26,639 INFO     ___FILE_ONLY___ ╠═ Downloading: gke-gcloud-auth-plugin                      ═╣

2024-11-21 09:10:26,639 INFO     ___FILE_ONLY___ ╚
2024-11-21 09:10:26,639 INFO     ___FILE_ONLY___ ════════════════════════════════════════════════════════════
2024-11-21 09:10:26,639 INFO     ___FILE_ONLY___ ╝

2024-11-21 09:10:26,646 INFO     ___FILE_ONLY___ ╔════════════════════════════════════════════════════════════╗

2024-11-21 09:10:26,647 INFO     ___FILE_ONLY___ ╠═ Downloading: gke-gcloud-auth-plugin (Platform Specific)  ═╣

2024-11-21 09:10:26,647 INFO     ___FILE_ONLY___ ╚
2024-11-21 09:10:26,649 DEBUG    urllib3.connectionpool Starting new HTTPS connection (1): dl.google.com:443
2024-11-21 09:10:26,788 DEBUG    urllib3.connectionpool https://dl.google.com:443 "GET /dl/cloudsdk/channels/rapid/components/google-cloud-sdk-gke-gcloud-auth-plugin-darwin-arm-20240628141907.tar.gz HTTP/1.1" 200 4148014
2024-11-21 09:10:26,901 INFO     ___FILE_ONLY___ ═
2024-11-21 09:10:26,901 INFO     ___FILE_ONLY___ ═
2024-11-21 09:10:26,902 INFO     ___FILE_ONLY___ ═
2024-11-21 09:10:26,902 INFO     ___FILE_ONLY___ ═
2024-11-21 09:10:26,902 INFO     ___FILE_ONLY___ ═
2024-11-21 09:10:26,902 INFO     ___FILE_ONLY___ ═
2024-11-21 09:10:26,902 INFO     ___FILE_ONLY___ ═
2024-11-21 09:10:26,902 INFO     ___FILE_ONLY___ ═
2024-11-21 09:10:26,903 INFO     ___FILE_ONLY___ ═
2024-11-21 09:10:26,903 INFO     ___FILE_ONLY___ ═
2024-11-21 09:10:26,903 INFO     ___FILE_ONLY___ ═
2024-11-21 09:10:26,903 INFO     ___FILE_ONLY___ ═
2024-11-21 09:10:26,903 INFO     ___FILE_ONLY___ ═
2024-11-21 09:10:26,903 INFO     ___FILE_ONLY___ ═
2024-11-21 09:10:26,903 INFO     ___FILE_ONLY___ ═
2024-11-21 09:10:26,903 INFO     ___FILE_ONLY___ ═
2024-11-21 09:10:26,903 INFO     ___FILE_ONLY___ ═
2024-11-21 09:10:26,904 INFO     ___FILE_ONLY___ ═
2024-11-21 09:10:26,904 INFO     ___FILE_ONLY___ ═
2024-11-21 09:10:26,904 INFO     ___FILE_ONLY___ ═
2024-11-21 09:10:26,904 INFO     ___FILE_ONLY___ ═
2024-11-21 09:10:26,904 INFO     ___FILE_ONLY___ ═
2024-11-21 09:10:26,904 INFO     ___FILE_ONLY___ ═
2024-11-21 09:10:26,904 INFO     ___FILE_ONLY___ ═
2024-11-21 09:10:26,904 INFO     ___FILE_ONLY___ ═
2024-11-21 09:10:26,904 INFO     ___FILE_ONLY___ ═
2024-11-21 09:10:26,905 INFO     ___FILE_ONLY___ ═
2024-11-21 09:10:26,905 INFO     ___FILE_ONLY___ ═
2024-11-21 09:10:26,905 INFO     ___FILE_ONLY___ ═
2024-11-21 09:10:26,905 INFO     ___FILE_ONLY___ ═
2024-11-21 09:10:26,906 INFO     ___FILE_ONLY___ ═
2024-11-21 09:10:26,906 INFO     ___FILE_ONLY___ ═
2024-11-21 09:10:26,906 INFO     ___FILE_ONLY___ ═
2024-11-21 09:10:26,906 INFO     ___FILE_ONLY___ ═
2024-11-21 09:10:26,907 INFO     ___FILE_ONLY___ ═
2024-11-21 09:10:26,907 INFO     ___FILE_ONLY___ ═
2024-11-21 09:10:26,907 INFO     ___FILE_ONLY___ ═
2024-11-21 09:10:26,908 INFO     ___FILE_ONLY___ ═
2024-11-21 09:10:26,908 INFO     ___FILE_ONLY___ ═
2024-11-21 09:10:26,908 INFO     ___FILE_ONLY___ ═
2024-11-21 09:10:26,908 INFO     ___FILE_ONLY___ ═
2024-11-21 09:10:26,908 INFO     ___FILE_ONLY___ ═
2024-11-21 09:10:26,909 INFO     ___FILE_ONLY___ ═
2024-11-21 09:10:26,909 INFO     ___FILE_ONLY___ ═
2024-11-21 09:10:26,909 INFO     ___FILE_ONLY___ ═
2024-11-21 09:10:26,909 INFO     ___FILE_ONLY___ ═
2024-11-21 09:10:26,909 INFO     ___FILE_ONLY___ ═
2024-11-21 09:10:26,909 INFO     ___FILE_ONLY___ ═
2024-11-21 09:10:26,910 INFO     ___FILE_ONLY___ ═
2024-11-21 09:10:26,910 INFO     ___FILE_ONLY___ ═
2024-11-21 09:10:26,910 INFO     ___FILE_ONLY___ ═
2024-11-21 09:10:26,910 INFO     ___FILE_ONLY___ ═
2024-11-21 09:10:26,910 INFO     ___FILE_ONLY___ ═
2024-11-21 09:10:26,910 INFO     ___FILE_ONLY___ ═
2024-11-21 09:10:26,911 INFO     ___FILE_ONLY___ ═
2024-11-21 09:10:26,911 INFO     ___FILE_ONLY___ ═
2024-11-21 09:10:26,911 INFO     ___FILE_ONLY___ ═
2024-11-21 09:10:26,911 INFO     ___FILE_ONLY___ ═
2024-11-21 09:10:26,911 INFO     ___FILE_ONLY___ ═
2024-11-21 09:10:26,912 INFO     ___FILE_ONLY___ ═
2024-11-21 09:10:26,912 INFO     ___FILE_ONLY___ ╝

2024-11-21 09:10:26,922 INFO     ___FILE_ONLY___ ╔════════════════════════════════════════════════════════════╗

2024-11-21 09:10:26,922 INFO     ___FILE_ONLY___ ╠═ Downloading: kubectl                                     ═╣

2024-11-21 09:10:26,922 INFO     ___FILE_ONLY___ ╚
2024-11-21 09:10:26,926 DEBUG    urllib3.connectionpool Starting new HTTPS connection (1): dl.google.com:443
2024-11-21 09:10:27,144 DEBUG    urllib3.connectionpool https://dl.google.com:443 "GET /dl/cloudsdk/channels/rapid/components/google-cloud-sdk-kubectl-20241004144944.tar.gz HTTP/1.1" 200 36206
2024-11-21 09:10:27,155 INFO     ___FILE_ONLY___ ═══════════════════════════
2024-11-21 09:10:27,155 INFO     ___FILE_ONLY___ ═══════════════════════════
2024-11-21 09:10:27,155 INFO     ___FILE_ONLY___ ══════
2024-11-21 09:10:27,155 INFO     ___FILE_ONLY___ ╝

2024-11-21 09:10:27,170 INFO     ___FILE_ONLY___ ╔════════════════════════════════════════════════════════════╗

2024-11-21 09:10:27,170 INFO     ___FILE_ONLY___ ╠═ Downloading: kubectl (Platform Specific)                 ═╣

2024-11-21 09:10:27,170 INFO     ___FILE_ONLY___ ╚
2024-11-21 09:10:27,174 DEBUG    urllib3.connectionpool Starting new HTTPS connection (1): dl.google.com:443
2024-11-21 09:10:27,329 DEBUG    urllib3.connectionpool https://dl.google.com:443 "GET /dl/cloudsdk/channels/rapid/components/google-cloud-sdk-kubectl-darwin-arm-20241108162203.tar.gz HTTP/1.1" 200 90277960
2024-11-21 09:10:28,481 INFO     ___FILE_ONLY___ ═
2024-11-21 09:10:28,482 INFO     ___FILE_ONLY___ ═
2024-11-21 09:10:28,483 INFO     ___FILE_ONLY___ ═
2024-11-21 09:10:28,484 INFO     ___FILE_ONLY___ ═
2024-11-21 09:10:28,486 INFO     ___FILE_ONLY___ ═
2024-11-21 09:10:28,488 INFO     ___FILE_ONLY___ ═
2024-11-21 09:10:28,489 INFO     ___FILE_ONLY___ ═
2024-11-21 09:10:28,490 INFO     ___FILE_ONLY___ ═
2024-11-21 09:10:28,491 INFO     ___FILE_ONLY___ ═
2024-11-21 09:10:28,492 INFO     ___FILE_ONLY___ ═
2024-11-21 09:10:28,493 INFO     ___FILE_ONLY___ ═
2024-11-21 09:10:28,494 INFO     ___FILE_ONLY___ ═
2024-11-21 09:10:28,495 INFO     ___FILE_ONLY___ ═
2024-11-21 09:10:28,496 INFO     ___FILE_ONLY___ ═
2024-11-21 09:10:28,497 INFO     ___FILE_ONLY___ ═
2024-11-21 09:10:28,497 INFO     ___FILE_ONLY___ ═
2024-11-21 09:10:28,498 INFO     ___FILE_ONLY___ ═
2024-11-21 09:10:28,499 INFO     ___FILE_ONLY___ ═
2024-11-21 09:10:28,500 INFO     ___FILE_ONLY___ ═
2024-11-21 09:10:28,501 INFO     ___FILE_ONLY___ ═
2024-11-21 09:10:28,502 INFO     ___FILE_ONLY___ ═
2024-11-21 09:10:28,503 INFO     ___FILE_ONLY___ ═
2024-11-21 09:10:28,504 INFO     ___FILE_ONLY___ ═
2024-11-21 09:10:28,505 INFO     ___FILE_ONLY___ ═
2024-11-21 09:10:28,506 INFO     ___FILE_ONLY___ ═
2024-11-21 09:10:28,507 INFO     ___FILE_ONLY___ ═
2024-11-21 09:10:28,508 INFO     ___FILE_ONLY___ ═
2024-11-21 09:10:28,511 INFO     ___FILE_ONLY___ ═
2024-11-21 09:10:28,512 INFO     ___FILE_ONLY___ ═
2024-11-21 09:10:28,513 INFO     ___FILE_ONLY___ ═
2024-11-21 09:10:28,513 INFO     ___FILE_ONLY___ ═
2024-11-21 09:10:28,515 INFO     ___FILE_ONLY___ ═
2024-11-21 09:10:28,515 INFO     ___FILE_ONLY___ ═
2024-11-21 09:10:28,518 INFO     ___FILE_ONLY___ ═
2024-11-21 09:10:28,518 INFO     ___FILE_ONLY___ ═
2024-11-21 09:10:28,519 INFO     ___FILE_ONLY___ ═
2024-11-21 09:10:28,520 INFO     ___FILE_ONLY___ ═
2024-11-21 09:10:28,521 INFO     ___FILE_ONLY___ ═
2024-11-21 09:10:28,521 INFO     ___FILE_ONLY___ ═
2024-11-21 09:10:28,522 INFO     ___FILE_ONLY___ ═
2024-11-21 09:10:28,523 INFO     ___FILE_ONLY___ ═
2024-11-21 09:10:28,524 INFO     ___FILE_ONLY___ ═
2024-11-21 09:10:28,525 INFO     ___FILE_ONLY___ ═
2024-11-21 09:10:28,525 INFO     ___FILE_ONLY___ ═
2024-11-21 09:10:28,526 INFO     ___FILE_ONLY___ ═
2024-11-21 09:10:28,527 INFO     ___FILE_ONLY___ ═
2024-11-21 09:10:28,528 INFO     ___FILE_ONLY___ ═
2024-11-21 09:10:28,528 INFO     ___FILE_ONLY___ ═
2024-11-21 09:10:28,529 INFO     ___FILE_ONLY___ ═
2024-11-21 09:10:28,530 INFO     ___FILE_ONLY___ ═
2024-11-21 09:10:28,533 INFO     ___FILE_ONLY___ ═
2024-11-21 09:10:28,534 INFO     ___FILE_ONLY___ ═
2024-11-21 09:10:28,535 INFO     ___FILE_ONLY___ ═
2024-11-21 09:10:28,535 INFO     ___FILE_ONLY___ ═
2024-11-21 09:10:28,536 INFO     ___FILE_ONLY___ ═
2024-11-21 09:10:28,537 INFO     ___FILE_ONLY___ ═
2024-11-21 09:10:28,538 INFO     ___FILE_ONLY___ ═
2024-11-21 09:10:28,538 INFO     ___FILE_ONLY___ ═
2024-11-21 09:10:28,539 INFO     ___FILE_ONLY___ ═
2024-11-21 09:10:28,540 INFO     ___FILE_ONLY___ ═
2024-11-21 09:10:28,540 INFO     ___FILE_ONLY___ ╝

2024-11-21 09:10:28,572 INFO     ___FILE_ONLY___ ╔════════════════════════════════════════════════════════════╗

2024-11-21 09:10:28,572 INFO     ___FILE_ONLY___ ╠═ Installing: Google Cloud CLI Core Libraries (Platform... ═╣

2024-11-21 09:10:28,573 INFO     ___FILE_ONLY___ ╚
2024-11-21 09:10:28,575 INFO     ___FILE_ONLY___ ══════════════════════════════
2024-11-21 09:10:28,575 INFO     ___FILE_ONLY___ ══════════════════════════════
2024-11-21 09:10:28,575 INFO     ___FILE_ONLY___ ╝

2024-11-21 09:10:28,602 INFO     ___FILE_ONLY___ ╔════════════════════════════════════════════════════════════╗

2024-11-21 09:10:28,602 INFO     ___FILE_ONLY___ ╠═ Installing: Minikube                                     ═╣

2024-11-21 09:10:28,602 INFO     ___FILE_ONLY___ ╚
2024-11-21 09:10:28,603 INFO     ___FILE_ONLY___ ════════════════════════════════════════════════════════════
2024-11-21 09:10:28,604 INFO     ___FILE_ONLY___ ╝

2024-11-21 09:10:28,608 INFO     ___FILE_ONLY___ ╔════════════════════════════════════════════════════════════╗

2024-11-21 09:10:28,608 INFO     ___FILE_ONLY___ ╠═ Installing: Minikube (Platform Specific)                 ═╣

2024-11-21 09:10:28,609 INFO     ___FILE_ONLY___ ╚
2024-11-21 09:10:28,930 INFO     ___FILE_ONLY___ ════════════════════════════════════════════════════════════
2024-11-21 09:10:28,930 INFO     ___FILE_ONLY___ ╝

2024-11-21 09:10:28,938 INFO     ___FILE_ONLY___ ╔════════════════════════════════════════════════════════════╗

2024-11-21 09:10:28,938 INFO     ___FILE_ONLY___ ╠═ Installing: Skaffold                                     ═╣

2024-11-21 09:10:28,938 INFO     ___FILE_ONLY___ ╚
2024-11-21 09:10:28,940 INFO     ___FILE_ONLY___ ════════════════════════════════════════════════════════════
2024-11-21 09:10:28,940 INFO     ___FILE_ONLY___ ╝

2024-11-21 09:10:28,958 INFO     ___FILE_ONLY___ ╔════════════════════════════════════════════════════════════╗

2024-11-21 09:10:28,958 INFO     ___FILE_ONLY___ ╠═ Installing: Skaffold (Platform Specific)                 ═╣

2024-11-21 09:10:28,958 INFO     ___FILE_ONLY___ ╚
2024-11-21 09:10:29,231 INFO     ___FILE_ONLY___ ════════════════════════════════════════════════════════════
2024-11-21 09:10:29,231 INFO     ___FILE_ONLY___ ╝

2024-11-21 09:10:29,244 INFO     ___FILE_ONLY___ ╔════════════════════════════════════════════════════════════╗

2024-11-21 09:10:29,244 INFO     ___FILE_ONLY___ ╠═ Installing: gcloud Alpha Commands                        ═╣

2024-11-21 09:10:29,245 INFO     ___FILE_ONLY___ ╚
2024-11-21 09:10:29,245 INFO     ___FILE_ONLY___ ════════════════════════════════════════════════════════════
2024-11-21 09:10:29,245 INFO     ___FILE_ONLY___ ╝

2024-11-21 09:10:29,251 INFO     ___FILE_ONLY___ ╔════════════════════════════════════════════════════════════╗

2024-11-21 09:10:29,251 INFO     ___FILE_ONLY___ ╠═ Installing: gcloud Beta Commands                         ═╣

2024-11-21 09:10:29,251 INFO     ___FILE_ONLY___ ╚
2024-11-21 09:10:29,251 INFO     ___FILE_ONLY___ ════════════════════════════════════════════════════════════
2024-11-21 09:10:29,251 INFO     ___FILE_ONLY___ ╝

2024-11-21 09:10:29,258 INFO     ___FILE_ONLY___ ╔════════════════════════════════════════════════════════════╗

2024-11-21 09:10:29,258 INFO     ___FILE_ONLY___ ╠═ Installing: gcloud cli dependencies (Platform Specific)  ═╣

2024-11-21 09:10:29,258 INFO     ___FILE_ONLY___ ╚
2024-11-21 09:10:29,258 INFO     ___FILE_ONLY___ ════════════════════════════════════════════════════════════
2024-11-21 09:10:29,258 INFO     ___FILE_ONLY___ ╝

2024-11-21 09:10:29,263 INFO     ___FILE_ONLY___ ╔════════════════════════════════════════════════════════════╗

2024-11-21 09:10:29,263 INFO     ___FILE_ONLY___ ╠═ Installing: gke-gcloud-auth-plugin                       ═╣

2024-11-21 09:10:29,263 INFO     ___FILE_ONLY___ ╚
2024-11-21 09:10:29,265 INFO     ___FILE_ONLY___ ════════════════════════════════════════════════════════════
2024-11-21 09:10:29,265 INFO     ___FILE_ONLY___ ╝

2024-11-21 09:10:29,269 INFO     ___FILE_ONLY___ ╔════════════════════════════════════════════════════════════╗

2024-11-21 09:10:29,269 INFO     ___FILE_ONLY___ ╠═ Installing: gke-gcloud-auth-plugin (Platform Specific)   ═╣

2024-11-21 09:10:29,269 INFO     ___FILE_ONLY___ ╚
2024-11-21 09:10:29,320 INFO     ___FILE_ONLY___ ════════════════════════════════════════════════════════════
2024-11-21 09:10:29,320 INFO     ___FILE_ONLY___ ╝

2024-11-21 09:10:29,331 INFO     ___FILE_ONLY___ ╔════════════════════════════════════════════════════════════╗

2024-11-21 09:10:29,331 INFO     ___FILE_ONLY___ ╠═ Installing: kubectl                                      ═╣

2024-11-21 09:10:29,331 INFO     ___FILE_ONLY___ ╚
2024-11-21 09:10:29,333 INFO     ___FILE_ONLY___ ════════════════════════════════════════════════════════════
2024-11-21 09:10:29,333 INFO     ___FILE_ONLY___ ╝

2024-11-21 09:10:29,339 INFO     ___FILE_ONLY___ ╔════════════════════════════════════════════════════════════╗

2024-11-21 09:10:29,339 INFO     ___FILE_ONLY___ ╠═ Installing: kubectl (Platform Specific)                  ═╣

2024-11-21 09:10:29,339 INFO     ___FILE_ONLY___ ╚
2024-11-21 09:10:29,861 INFO     ___FILE_ONLY___ ══════════
2024-11-21 09:10:29,957 INFO     ___FILE_ONLY___ ══════════
2024-11-21 09:10:30,056 INFO     ___FILE_ONLY___ ══════════
2024-11-21 09:10:30,151 INFO     ___FILE_ONLY___ ══════════
2024-11-21 09:10:30,259 INFO     ___FILE_ONLY___ ══════════
2024-11-21 09:10:30,430 INFO     ___FILE_ONLY___ ══════════
2024-11-21 09:10:30,430 INFO     ___FILE_ONLY___ ╝

2024-11-21 09:10:30,448 DEBUG    root            Updating notification cache...
2024-11-21 09:10:30,449 INFO     ___FILE_ONLY___ 

2024-11-21 09:10:30,457 INFO     ___FILE_ONLY___ Performing post processing steps...
2024-11-21 09:10:30,458 DEBUG    root            Executing command: ['/Users/gabrielpaura/Library/Application Support/cloud-code/installer/google-cloud-sdk/bin/gcloud', 'components', 'post-process', '--no-compile-python']
2024-11-21 09:10:31,000 DEBUG    ___FILE_ONLY___ 
2024-11-21 09:10:31,000 DEBUG    ___FILE_ONLY___ 
2024-11-21 09:10:31,226 INFO     ___FILE_ONLY___ 
Update done!


2024-11-21 09:10:31,228 WARNING  root              There are other instances of Google Cloud tools on your system PATH.
  Please remove the following to avoid confusion or accidental invocation:

  /Applications/Docker.app/Contents/Resources/bin/kubectl

  
2024-11-21 09:10:31,229 DEBUG    root            Chosen display Format:none
2024-11-21 09:10:31,229 INFO     root            Display format: "none"
2024-11-21 09:10:31,231 DEBUG    root            Executing command: ['curl', '--silent', '-O', 'https://dl.google.com/dl/cloudsdk/channels/rapid/python-3.11.6-macos11.tar.gz']
2024-11-21 09:10:31,976 DEBUG    root            Executing command: ['tar', '-xf', 'python-3.11.6-macos11.tar.gz']
2024-11-21 09:10:32,057 DEBUG    root            Executing command: ['sudo', 'installer', '-target', '/', '-pkg', './python-3.11.6-macos11.pkg']
