2024-11-18 11:24:15,121 DEBUG    root            Loaded Command Group: ['gcloud', 'components']
2024-11-18 11:24:15,122 DEBUG    root            Loaded Command Group: ['gcloud', 'components', 'install']
2024-11-18 11:24:15,123 DEBUG    root            Running [gcloud.components.install] with arguments: [--no-compile-python: "False", --quiet: "True", COMPONENT-IDS:6: "['alpha', 'beta', 'gke-gcloud-auth-plugin', 'kubectl', 'skaffold', 'minikube']"]
2024-11-18 11:24:15,130 DEBUG    urllib3.connectionpool Starting new HTTPS connection (1): dl.google.com:443
2024-11-18 11:24:15,272 DEBUG    urllib3.connectionpool https://dl.google.com:443 "GET /dl/cloudsdk/channels/rapid/components-v501.0.0.json HTTP/1.1" 200 226997
2024-11-18 11:24:15,309 INFO     ___FILE_ONLY___ 

2024-11-18 11:24:15,309 INFO     ___FILE_ONLY___ 
Your current Google Cloud CLI version is: 501.0.0

2024-11-18 11:24:15,309 INFO     ___FILE_ONLY___ Installing components from version: 501.0.0

2024-11-18 11:24:15,310 INFO     ___FILE_ONLY___ 

2024-11-18 11:24:15,310 DEBUG    root            Chosen display Format:table[box,title="These components will be removed."](details.display_name:label=Name:align=left,version.version_string:label=Version:align=right,data.size.size(zero="",min=1048576):label=Size:align=right)
2024-11-18 11:24:15,310 DEBUG    root            Chosen display Format:table[box,title="These components will be updated."](details.display_name:label=Name:align=left,version.version_string:label=Version:align=right,data.size.size(zero="",min=1048576):label=Size:align=right)
2024-11-18 11:24:15,310 DEBUG    root            Chosen display Format:table[box,title="These components will be installed."](details.display_name:label=Name:align=left,version.version_string:label=Version:align=right,data.size.size(zero="",min=1048576):label=Size:align=right)
2024-11-18 11:24:15,318 INFO     ___FILE_ONLY___ ┌─────────────────────────────────────────────────────────────────────────────┐
2024-11-18 11:24:15,318 INFO     ___FILE_ONLY___ 

2024-11-18 11:24:15,318 INFO     ___FILE_ONLY___ │                     These components will be installed.                     │
2024-11-18 11:24:15,318 INFO     ___FILE_ONLY___ 

2024-11-18 11:24:15,318 INFO     ___FILE_ONLY___ ├─────────────────────────────────────────────────────┬────────────┬──────────┤
2024-11-18 11:24:15,318 INFO     ___FILE_ONLY___ 

2024-11-18 11:24:15,318 INFO     ___FILE_ONLY___ │                         Name                        │  Version   │   Size   │
2024-11-18 11:24:15,318 INFO     ___FILE_ONLY___ 

2024-11-18 11:24:15,318 INFO     ___FILE_ONLY___ ├─────────────────────────────────────────────────────┼────────────┼──────────┤
2024-11-18 11:24:15,318 INFO     ___FILE_ONLY___ 

2024-11-18 11:24:15,318 INFO     ___FILE_ONLY___ │ 
2024-11-18 11:24:15,318 INFO     ___FILE_ONLY___ Google Cloud CLI Core Libraries (Platform Specific)
2024-11-18 11:24:15,318 INFO     ___FILE_ONLY___  
2024-11-18 11:24:15,318 INFO     ___FILE_ONLY___ │ 
2024-11-18 11:24:15,318 INFO     ___FILE_ONLY___ 2024.08.30
2024-11-18 11:24:15,318 INFO     ___FILE_ONLY___  
2024-11-18 11:24:15,318 INFO     ___FILE_ONLY___ │ 
2024-11-18 11:24:15,318 INFO     ___FILE_ONLY___  < 1 MiB
2024-11-18 11:24:15,318 INFO     ___FILE_ONLY___  
2024-11-18 11:24:15,318 INFO     ___FILE_ONLY___ │
2024-11-18 11:24:15,318 INFO     ___FILE_ONLY___ 

2024-11-18 11:24:15,319 INFO     ___FILE_ONLY___ │ 
2024-11-18 11:24:15,319 INFO     ___FILE_ONLY___ Minikube (Platform Specific)                       
2024-11-18 11:24:15,319 INFO     ___FILE_ONLY___  
2024-11-18 11:24:15,319 INFO     ___FILE_ONLY___ │ 
2024-11-18 11:24:15,319 INFO     ___FILE_ONLY___     1.34.0
2024-11-18 11:24:15,319 INFO     ___FILE_ONLY___  
2024-11-18 11:24:15,319 INFO     ___FILE_ONLY___ │ 
2024-11-18 11:24:15,319 INFO     ___FILE_ONLY___ 37.2 MiB
2024-11-18 11:24:15,319 INFO     ___FILE_ONLY___  
2024-11-18 11:24:15,319 INFO     ___FILE_ONLY___ │
2024-11-18 11:24:15,319 INFO     ___FILE_ONLY___ 

2024-11-18 11:24:15,319 INFO     ___FILE_ONLY___ │ 
2024-11-18 11:24:15,319 INFO     ___FILE_ONLY___ Skaffold (Platform Specific)                       
2024-11-18 11:24:15,319 INFO     ___FILE_ONLY___  
2024-11-18 11:24:15,319 INFO     ___FILE_ONLY___ │ 
2024-11-18 11:24:15,319 INFO     ___FILE_ONLY___     2.13.1
2024-11-18 11:24:15,319 INFO     ___FILE_ONLY___  
2024-11-18 11:24:15,319 INFO     ___FILE_ONLY___ │ 
2024-11-18 11:24:15,319 INFO     ___FILE_ONLY___ 22.9 MiB
2024-11-18 11:24:15,319 INFO     ___FILE_ONLY___  
2024-11-18 11:24:15,319 INFO     ___FILE_ONLY___ │
2024-11-18 11:24:15,319 INFO     ___FILE_ONLY___ 

2024-11-18 11:24:15,319 INFO     ___FILE_ONLY___ │ 
2024-11-18 11:24:15,319 INFO     ___FILE_ONLY___ gcloud Alpha Commands                              
2024-11-18 11:24:15,319 INFO     ___FILE_ONLY___  
2024-11-18 11:24:15,319 INFO     ___FILE_ONLY___ │ 
2024-11-18 11:24:15,319 INFO     ___FILE_ONLY___ 2024.11.08
2024-11-18 11:24:15,319 INFO     ___FILE_ONLY___  
2024-11-18 11:24:15,319 INFO     ___FILE_ONLY___ │ 
2024-11-18 11:24:15,319 INFO     ___FILE_ONLY___  < 1 MiB
2024-11-18 11:24:15,319 INFO     ___FILE_ONLY___  
2024-11-18 11:24:15,319 INFO     ___FILE_ONLY___ │
2024-11-18 11:24:15,319 INFO     ___FILE_ONLY___ 

2024-11-18 11:24:15,319 INFO     ___FILE_ONLY___ │ 
2024-11-18 11:24:15,319 INFO     ___FILE_ONLY___ gcloud Beta Commands                               
2024-11-18 11:24:15,319 INFO     ___FILE_ONLY___  
2024-11-18 11:24:15,319 INFO     ___FILE_ONLY___ │ 
2024-11-18 11:24:15,319 INFO     ___FILE_ONLY___ 2024.11.08
2024-11-18 11:24:15,319 INFO     ___FILE_ONLY___  
2024-11-18 11:24:15,319 INFO     ___FILE_ONLY___ │ 
2024-11-18 11:24:15,319 INFO     ___FILE_ONLY___  < 1 MiB
2024-11-18 11:24:15,319 INFO     ___FILE_ONLY___  
2024-11-18 11:24:15,319 INFO     ___FILE_ONLY___ │
2024-11-18 11:24:15,319 INFO     ___FILE_ONLY___ 

2024-11-18 11:24:15,319 INFO     ___FILE_ONLY___ │ 
2024-11-18 11:24:15,319 INFO     ___FILE_ONLY___ gcloud cli dependencies (Platform Specific)        
2024-11-18 11:24:15,319 INFO     ___FILE_ONLY___  
2024-11-18 11:24:15,319 INFO     ___FILE_ONLY___ │ 
2024-11-18 11:24:15,319 INFO     ___FILE_ONLY___ 2021.04.16
2024-11-18 11:24:15,319 INFO     ___FILE_ONLY___  
2024-11-18 11:24:15,319 INFO     ___FILE_ONLY___ │ 
2024-11-18 11:24:15,319 INFO     ___FILE_ONLY___  < 1 MiB
2024-11-18 11:24:15,319 INFO     ___FILE_ONLY___  
2024-11-18 11:24:15,319 INFO     ___FILE_ONLY___ │
2024-11-18 11:24:15,319 INFO     ___FILE_ONLY___ 

2024-11-18 11:24:15,319 INFO     ___FILE_ONLY___ │ 
2024-11-18 11:24:15,319 INFO     ___FILE_ONLY___ gke-gcloud-auth-plugin (Platform Specific)         
2024-11-18 11:24:15,319 INFO     ___FILE_ONLY___  
2024-11-18 11:24:15,319 INFO     ___FILE_ONLY___ │ 
2024-11-18 11:24:15,319 INFO     ___FILE_ONLY___      0.5.9
2024-11-18 11:24:15,319 INFO     ___FILE_ONLY___  
2024-11-18 11:24:15,319 INFO     ___FILE_ONLY___ │ 
2024-11-18 11:24:15,319 INFO     ___FILE_ONLY___  4.0 MiB
2024-11-18 11:24:15,319 INFO     ___FILE_ONLY___  
2024-11-18 11:24:15,319 INFO     ___FILE_ONLY___ │
2024-11-18 11:24:15,320 INFO     ___FILE_ONLY___ 

2024-11-18 11:24:15,320 INFO     ___FILE_ONLY___ │ 
2024-11-18 11:24:15,320 INFO     ___FILE_ONLY___ kubectl                                            
2024-11-18 11:24:15,320 INFO     ___FILE_ONLY___  
2024-11-18 11:24:15,320 INFO     ___FILE_ONLY___ │ 
2024-11-18 11:24:15,320 INFO     ___FILE_ONLY___     1.30.5
2024-11-18 11:24:15,320 INFO     ___FILE_ONLY___  
2024-11-18 11:24:15,320 INFO     ___FILE_ONLY___ │ 
2024-11-18 11:24:15,320 INFO     ___FILE_ONLY___  < 1 MiB
2024-11-18 11:24:15,320 INFO     ___FILE_ONLY___  
2024-11-18 11:24:15,320 INFO     ___FILE_ONLY___ │
2024-11-18 11:24:15,320 INFO     ___FILE_ONLY___ 

2024-11-18 11:24:15,320 INFO     ___FILE_ONLY___ │ 
2024-11-18 11:24:15,320 INFO     ___FILE_ONLY___ kubectl (Platform Specific)                        
2024-11-18 11:24:15,320 INFO     ___FILE_ONLY___  
2024-11-18 11:24:15,320 INFO     ___FILE_ONLY___ │ 
2024-11-18 11:24:15,320 INFO     ___FILE_ONLY___     1.30.6
2024-11-18 11:24:15,320 INFO     ___FILE_ONLY___  
2024-11-18 11:24:15,320 INFO     ___FILE_ONLY___ │ 
2024-11-18 11:24:15,320 INFO     ___FILE_ONLY___ 86.1 MiB
2024-11-18 11:24:15,320 INFO     ___FILE_ONLY___  
2024-11-18 11:24:15,320 INFO     ___FILE_ONLY___ │
2024-11-18 11:24:15,320 INFO     ___FILE_ONLY___ 

2024-11-18 11:24:15,320 INFO     ___FILE_ONLY___ └─────────────────────────────────────────────────────┴────────────┴──────────┘
2024-11-18 11:24:15,320 INFO     ___FILE_ONLY___ 

2024-11-18 11:24:15,320 INFO     ___FILE_ONLY___ 

2024-11-18 11:24:15,321 DEBUG    urllib3.connectionpool Starting new HTTPS connection (1): dl.google.com:443
2024-11-18 11:24:15,460 DEBUG    urllib3.connectionpool https://dl.google.com:443 "GET /dl/cloudsdk/channels/rapid/RELEASE_NOTES HTTP/1.1" 200 1311270
2024-11-18 11:24:15,538 INFO     ___FILE_ONLY___ For the latest full release notes, please visit:
  https://cloud.google.com/sdk/release_notes


2024-11-18 11:24:15,538 INFO     ___FILE_ONLY___ Performing in place update...


2024-11-18 11:24:15,543 INFO     ___FILE_ONLY___ ╔════════════════════════════════════════════════════════════╗

2024-11-18 11:24:15,544 INFO     ___FILE_ONLY___ ╠═ Downloading: Google Cloud CLI Core Libraries (Platfor... ═╣

2024-11-18 11:24:15,544 INFO     ___FILE_ONLY___ ╚
2024-11-18 11:24:15,546 DEBUG    urllib3.connectionpool Starting new HTTPS connection (1): dl.google.com:443
2024-11-18 11:24:15,696 DEBUG    urllib3.connectionpool https://dl.google.com:443 "GET /dl/cloudsdk/channels/rapid/components/google-cloud-sdk-core-nix-20240830134514.tar.gz HTTP/1.1" 200 2306
2024-11-18 11:24:15,697 INFO     ___FILE_ONLY___ ════════════════════════════════════════════════════════════
2024-11-18 11:24:15,697 INFO     ___FILE_ONLY___ ╝

2024-11-18 11:24:15,702 INFO     ___FILE_ONLY___ ╔════════════════════════════════════════════════════════════╗

2024-11-18 11:24:15,702 INFO     ___FILE_ONLY___ ╠═ Downloading: Minikube                                    ═╣

2024-11-18 11:24:15,702 INFO     ___FILE_ONLY___ ╚
2024-11-18 11:24:15,702 INFO     ___FILE_ONLY___ ════════════════════════════════════════════════════════════
2024-11-18 11:24:15,702 INFO     ___FILE_ONLY___ ╝

2024-11-18 11:24:15,707 INFO     ___FILE_ONLY___ ╔════════════════════════════════════════════════════════════╗

2024-11-18 11:24:15,707 INFO     ___FILE_ONLY___ ╠═ Downloading: Minikube (Platform Specific)                ═╣

2024-11-18 11:24:15,707 INFO     ___FILE_ONLY___ ╚
2024-11-18 11:24:15,709 DEBUG    urllib3.connectionpool Starting new HTTPS connection (1): dl.google.com:443
2024-11-18 11:24:15,858 DEBUG    urllib3.connectionpool https://dl.google.com:443 "GET /dl/cloudsdk/channels/rapid/components/google-cloud-sdk-minikube-darwin-arm-20240927140238.tar.gz HTTP/1.1" 200 38981244
2024-11-18 11:24:16,364 INFO     ___FILE_ONLY___ ═
2024-11-18 11:24:16,365 INFO     ___FILE_ONLY___ ═
2024-11-18 11:24:16,367 INFO     ___FILE_ONLY___ ═
2024-11-18 11:24:16,367 INFO     ___FILE_ONLY___ ═
2024-11-18 11:24:16,368 INFO     ___FILE_ONLY___ ═
2024-11-18 11:24:16,368 INFO     ___FILE_ONLY___ ═
2024-11-18 11:24:16,368 INFO     ___FILE_ONLY___ ═
2024-11-18 11:24:16,369 INFO     ___FILE_ONLY___ ═
2024-11-18 11:24:16,369 INFO     ___FILE_ONLY___ ═
2024-11-18 11:24:16,369 INFO     ___FILE_ONLY___ ═
2024-11-18 11:24:16,370 INFO     ___FILE_ONLY___ ═
2024-11-18 11:24:16,370 INFO     ___FILE_ONLY___ ═
2024-11-18 11:24:16,370 INFO     ___FILE_ONLY___ ═
2024-11-18 11:24:16,371 INFO     ___FILE_ONLY___ ═
2024-11-18 11:24:16,371 INFO     ___FILE_ONLY___ ═
2024-11-18 11:24:16,372 INFO     ___FILE_ONLY___ ═
2024-11-18 11:24:16,372 INFO     ___FILE_ONLY___ ═
2024-11-18 11:24:16,372 INFO     ___FILE_ONLY___ ═
2024-11-18 11:24:16,373 INFO     ___FILE_ONLY___ ═
2024-11-18 11:24:16,373 INFO     ___FILE_ONLY___ ═
2024-11-18 11:24:16,373 INFO     ___FILE_ONLY___ ═
2024-11-18 11:24:16,374 INFO     ___FILE_ONLY___ ═
2024-11-18 11:24:16,376 INFO     ___FILE_ONLY___ ═
2024-11-18 11:24:16,376 INFO     ___FILE_ONLY___ ═
2024-11-18 11:24:16,377 INFO     ___FILE_ONLY___ ═
2024-11-18 11:24:16,377 INFO     ___FILE_ONLY___ ═
2024-11-18 11:24:16,377 INFO     ___FILE_ONLY___ ═
2024-11-18 11:24:16,378 INFO     ___FILE_ONLY___ ═
2024-11-18 11:24:16,378 INFO     ___FILE_ONLY___ ═
2024-11-18 11:24:16,378 INFO     ___FILE_ONLY___ ═
2024-11-18 11:24:16,379 INFO     ___FILE_ONLY___ ═
2024-11-18 11:24:16,379 INFO     ___FILE_ONLY___ ═
2024-11-18 11:24:16,379 INFO     ___FILE_ONLY___ ═
2024-11-18 11:24:16,379 INFO     ___FILE_ONLY___ ═
2024-11-18 11:24:16,380 INFO     ___FILE_ONLY___ ═
2024-11-18 11:24:16,380 INFO     ___FILE_ONLY___ ═
2024-11-18 11:24:16,380 INFO     ___FILE_ONLY___ ═
2024-11-18 11:24:16,381 INFO     ___FILE_ONLY___ ═
2024-11-18 11:24:16,381 INFO     ___FILE_ONLY___ ═
2024-11-18 11:24:16,382 INFO     ___FILE_ONLY___ ═
2024-11-18 11:24:16,382 INFO     ___FILE_ONLY___ ═
2024-11-18 11:24:16,382 INFO     ___FILE_ONLY___ ═
2024-11-18 11:24:16,383 INFO     ___FILE_ONLY___ ═
2024-11-18 11:24:16,384 INFO     ___FILE_ONLY___ ═
2024-11-18 11:24:16,385 INFO     ___FILE_ONLY___ ═
2024-11-18 11:24:16,386 INFO     ___FILE_ONLY___ ═
2024-11-18 11:24:16,387 INFO     ___FILE_ONLY___ ═
2024-11-18 11:24:16,388 INFO     ___FILE_ONLY___ ═
2024-11-18 11:24:16,388 INFO     ___FILE_ONLY___ ═
2024-11-18 11:24:16,388 INFO     ___FILE_ONLY___ ═
2024-11-18 11:24:16,389 INFO     ___FILE_ONLY___ ═
2024-11-18 11:24:16,389 INFO     ___FILE_ONLY___ ═
2024-11-18 11:24:16,389 INFO     ___FILE_ONLY___ ═
2024-11-18 11:24:16,390 INFO     ___FILE_ONLY___ ═
2024-11-18 11:24:16,390 INFO     ___FILE_ONLY___ ═
2024-11-18 11:24:16,390 INFO     ___FILE_ONLY___ ═
2024-11-18 11:24:16,391 INFO     ___FILE_ONLY___ ═
2024-11-18 11:24:16,391 INFO     ___FILE_ONLY___ ═
2024-11-18 11:24:16,391 INFO     ___FILE_ONLY___ ═
2024-11-18 11:24:16,392 INFO     ___FILE_ONLY___ ═
2024-11-18 11:24:16,392 INFO     ___FILE_ONLY___ ╝

2024-11-18 11:24:16,399 INFO     ___FILE_ONLY___ ╔════════════════════════════════════════════════════════════╗

2024-11-18 11:24:16,399 INFO     ___FILE_ONLY___ ╠═ Downloading: Skaffold                                    ═╣

2024-11-18 11:24:16,399 INFO     ___FILE_ONLY___ ╚
2024-11-18 11:24:16,399 INFO     ___FILE_ONLY___ ════════════════════════════════════════════════════════════
2024-11-18 11:24:16,399 INFO     ___FILE_ONLY___ ╝

2024-11-18 11:24:16,403 INFO     ___FILE_ONLY___ ╔════════════════════════════════════════════════════════════╗

2024-11-18 11:24:16,403 INFO     ___FILE_ONLY___ ╠═ Downloading: Skaffold (Platform Specific)                ═╣

2024-11-18 11:24:16,403 INFO     ___FILE_ONLY___ ╚
2024-11-18 11:24:16,405 DEBUG    urllib3.connectionpool Starting new HTTPS connection (1): dl.google.com:443
2024-11-18 11:24:16,553 DEBUG    urllib3.connectionpool https://dl.google.com:443 "GET /dl/cloudsdk/channels/rapid/components/google-cloud-sdk-skaffold-darwin-arm-20240806142304.tar.gz HTTP/1.1" 200 24031362
2024-11-18 11:24:16,903 INFO     ___FILE_ONLY___ ═
2024-11-18 11:24:16,903 INFO     ___FILE_ONLY___ ═
2024-11-18 11:24:16,904 INFO     ___FILE_ONLY___ ═
2024-11-18 11:24:16,904 INFO     ___FILE_ONLY___ ═
2024-11-18 11:24:16,905 INFO     ___FILE_ONLY___ ═
2024-11-18 11:24:16,905 INFO     ___FILE_ONLY___ ═
2024-11-18 11:24:16,906 INFO     ___FILE_ONLY___ ═
2024-11-18 11:24:16,906 INFO     ___FILE_ONLY___ ═
2024-11-18 11:24:16,906 INFO     ___FILE_ONLY___ ═
2024-11-18 11:24:16,906 INFO     ___FILE_ONLY___ ═
2024-11-18 11:24:16,907 INFO     ___FILE_ONLY___ ═
2024-11-18 11:24:16,907 INFO     ___FILE_ONLY___ ═
2024-11-18 11:24:16,907 INFO     ___FILE_ONLY___ ═
2024-11-18 11:24:16,907 INFO     ___FILE_ONLY___ ═
2024-11-18 11:24:16,907 INFO     ___FILE_ONLY___ ═
2024-11-18 11:24:16,908 INFO     ___FILE_ONLY___ ═
2024-11-18 11:24:16,908 INFO     ___FILE_ONLY___ ═
2024-11-18 11:24:16,908 INFO     ___FILE_ONLY___ ═
2024-11-18 11:24:16,908 INFO     ___FILE_ONLY___ ═
2024-11-18 11:24:16,909 INFO     ___FILE_ONLY___ ═
2024-11-18 11:24:16,909 INFO     ___FILE_ONLY___ ═
2024-11-18 11:24:16,909 INFO     ___FILE_ONLY___ ═
2024-11-18 11:24:16,909 INFO     ___FILE_ONLY___ ═
2024-11-18 11:24:16,910 INFO     ___FILE_ONLY___ ═
2024-11-18 11:24:16,910 INFO     ___FILE_ONLY___ ═
2024-11-18 11:24:16,910 INFO     ___FILE_ONLY___ ═
2024-11-18 11:24:16,911 INFO     ___FILE_ONLY___ ═
2024-11-18 11:24:16,911 INFO     ___FILE_ONLY___ ═
2024-11-18 11:24:16,911 INFO     ___FILE_ONLY___ ═
2024-11-18 11:24:16,911 INFO     ___FILE_ONLY___ ═
2024-11-18 11:24:16,911 INFO     ___FILE_ONLY___ ═
2024-11-18 11:24:16,912 INFO     ___FILE_ONLY___ ═
2024-11-18 11:24:16,912 INFO     ___FILE_ONLY___ ═
2024-11-18 11:24:16,912 INFO     ___FILE_ONLY___ ═
2024-11-18 11:24:16,912 INFO     ___FILE_ONLY___ ═
2024-11-18 11:24:16,912 INFO     ___FILE_ONLY___ ═
2024-11-18 11:24:16,912 INFO     ___FILE_ONLY___ ═
2024-11-18 11:24:16,913 INFO     ___FILE_ONLY___ ═
2024-11-18 11:24:16,913 INFO     ___FILE_ONLY___ ═
2024-11-18 11:24:16,913 INFO     ___FILE_ONLY___ ═
2024-11-18 11:24:16,913 INFO     ___FILE_ONLY___ ═
2024-11-18 11:24:16,914 INFO     ___FILE_ONLY___ ═
2024-11-18 11:24:16,914 INFO     ___FILE_ONLY___ ═
2024-11-18 11:24:16,914 INFO     ___FILE_ONLY___ ═
2024-11-18 11:24:16,914 INFO     ___FILE_ONLY___ ═
2024-11-18 11:24:16,914 INFO     ___FILE_ONLY___ ═
2024-11-18 11:24:16,915 INFO     ___FILE_ONLY___ ═
2024-11-18 11:24:16,915 INFO     ___FILE_ONLY___ ═
2024-11-18 11:24:16,915 INFO     ___FILE_ONLY___ ═
2024-11-18 11:24:16,915 INFO     ___FILE_ONLY___ ═
2024-11-18 11:24:16,916 INFO     ___FILE_ONLY___ ═
2024-11-18 11:24:16,916 INFO     ___FILE_ONLY___ ═
2024-11-18 11:24:16,916 INFO     ___FILE_ONLY___ ═
2024-11-18 11:24:16,916 INFO     ___FILE_ONLY___ ═
2024-11-18 11:24:16,917 INFO     ___FILE_ONLY___ ═
2024-11-18 11:24:16,917 INFO     ___FILE_ONLY___ ═
2024-11-18 11:24:16,917 INFO     ___FILE_ONLY___ ═
2024-11-18 11:24:16,917 INFO     ___FILE_ONLY___ ═
2024-11-18 11:24:16,917 INFO     ___FILE_ONLY___ ═
2024-11-18 11:24:16,917 INFO     ___FILE_ONLY___ ═
2024-11-18 11:24:16,917 INFO     ___FILE_ONLY___ ╝

2024-11-18 11:24:16,926 INFO     ___FILE_ONLY___ ╔════════════════════════════════════════════════════════════╗

2024-11-18 11:24:16,926 INFO     ___FILE_ONLY___ ╠═ Downloading: gcloud Alpha Commands                       ═╣

2024-11-18 11:24:16,926 INFO     ___FILE_ONLY___ ╚
2024-11-18 11:24:16,928 DEBUG    urllib3.connectionpool Starting new HTTPS connection (1): dl.google.com:443
2024-11-18 11:24:17,061 DEBUG    urllib3.connectionpool https://dl.google.com:443 "GET /dl/cloudsdk/channels/rapid/components/google-cloud-sdk-alpha-20241108162203.tar.gz HTTP/1.1" 200 800
2024-11-18 11:24:17,062 INFO     ___FILE_ONLY___ ════════════════════════════════════════════════════════════
2024-11-18 11:24:17,062 INFO     ___FILE_ONLY___ ╝

2024-11-18 11:24:17,070 INFO     ___FILE_ONLY___ ╔════════════════════════════════════════════════════════════╗

2024-11-18 11:24:17,070 INFO     ___FILE_ONLY___ ╠═ Downloading: gcloud Beta Commands                        ═╣

2024-11-18 11:24:17,070 INFO     ___FILE_ONLY___ ╚
2024-11-18 11:24:17,074 DEBUG    urllib3.connectionpool Starting new HTTPS connection (1): dl.google.com:443
2024-11-18 11:24:17,268 DEBUG    urllib3.connectionpool https://dl.google.com:443 "GET /dl/cloudsdk/channels/rapid/components/google-cloud-sdk-beta-20241108162203.tar.gz HTTP/1.1" 200 797
2024-11-18 11:24:17,268 INFO     ___FILE_ONLY___ ════════════════════════════════════════════════════════════
2024-11-18 11:24:17,268 INFO     ___FILE_ONLY___ ╝

2024-11-18 11:24:17,275 INFO     ___FILE_ONLY___ ╔════════════════════════════════════════════════════════════╗

2024-11-18 11:24:17,275 INFO     ___FILE_ONLY___ ╠═ Downloading: gcloud cli dependencies (Platform Specific) ═╣

2024-11-18 11:24:17,276 INFO     ___FILE_ONLY___ ╚
2024-11-18 11:24:17,278 DEBUG    urllib3.connectionpool Starting new HTTPS connection (1): dl.google.com:443
2024-11-18 11:24:17,440 DEBUG    urllib3.connectionpool https://dl.google.com:443 "GET /dl/cloudsdk/channels/rapid/components/google-cloud-sdk-gcloud-deps-darwin-x86_64-20210416153011.tar.gz HTTP/1.1" 200 105
2024-11-18 11:24:17,440 INFO     ___FILE_ONLY___ ════════════════════════════════════════════════════════════
2024-11-18 11:24:17,440 INFO     ___FILE_ONLY___ ╝

2024-11-18 11:24:17,446 INFO     ___FILE_ONLY___ ╔════════════════════════════════════════════════════════════╗

2024-11-18 11:24:17,446 INFO     ___FILE_ONLY___ ╠═ Downloading: gke-gcloud-auth-plugin                      ═╣

2024-11-18 11:24:17,446 INFO     ___FILE_ONLY___ ╚
2024-11-18 11:24:17,446 INFO     ___FILE_ONLY___ ════════════════════════════════════════════════════════════
2024-11-18 11:24:17,446 INFO     ___FILE_ONLY___ ╝

2024-11-18 11:24:17,450 INFO     ___FILE_ONLY___ ╔════════════════════════════════════════════════════════════╗

2024-11-18 11:24:17,450 INFO     ___FILE_ONLY___ ╠═ Downloading: gke-gcloud-auth-plugin (Platform Specific)  ═╣

2024-11-18 11:24:17,450 INFO     ___FILE_ONLY___ ╚
2024-11-18 11:24:17,452 DEBUG    urllib3.connectionpool Starting new HTTPS connection (1): dl.google.com:443
2024-11-18 11:24:17,589 DEBUG    urllib3.connectionpool https://dl.google.com:443 "GET /dl/cloudsdk/channels/rapid/components/google-cloud-sdk-gke-gcloud-auth-plugin-darwin-arm-20240628141907.tar.gz HTTP/1.1" 200 4148014
2024-11-18 11:24:17,696 INFO     ___FILE_ONLY___ ═
2024-11-18 11:24:17,696 INFO     ___FILE_ONLY___ ═
2024-11-18 11:24:17,696 INFO     ___FILE_ONLY___ ═
2024-11-18 11:24:17,696 INFO     ___FILE_ONLY___ ═
2024-11-18 11:24:17,696 INFO     ___FILE_ONLY___ ═
2024-11-18 11:24:17,696 INFO     ___FILE_ONLY___ ═
2024-11-18 11:24:17,696 INFO     ___FILE_ONLY___ ═
2024-11-18 11:24:17,696 INFO     ___FILE_ONLY___ ═
2024-11-18 11:24:17,696 INFO     ___FILE_ONLY___ ═
2024-11-18 11:24:17,697 INFO     ___FILE_ONLY___ ═
2024-11-18 11:24:17,697 INFO     ___FILE_ONLY___ ═
2024-11-18 11:24:17,697 INFO     ___FILE_ONLY___ ═
2024-11-18 11:24:17,697 INFO     ___FILE_ONLY___ ═
2024-11-18 11:24:17,697 INFO     ___FILE_ONLY___ ═
2024-11-18 11:24:17,697 INFO     ___FILE_ONLY___ ═
2024-11-18 11:24:17,697 INFO     ___FILE_ONLY___ ═
2024-11-18 11:24:17,697 INFO     ___FILE_ONLY___ ═
2024-11-18 11:24:17,697 INFO     ___FILE_ONLY___ ═
2024-11-18 11:24:17,697 INFO     ___FILE_ONLY___ ═
2024-11-18 11:24:17,697 INFO     ___FILE_ONLY___ ═
2024-11-18 11:24:17,697 INFO     ___FILE_ONLY___ ═
2024-11-18 11:24:17,697 INFO     ___FILE_ONLY___ ═
2024-11-18 11:24:17,697 INFO     ___FILE_ONLY___ ═
2024-11-18 11:24:17,697 INFO     ___FILE_ONLY___ ═
2024-11-18 11:24:17,697 INFO     ___FILE_ONLY___ ═
2024-11-18 11:24:17,697 INFO     ___FILE_ONLY___ ═
2024-11-18 11:24:17,697 INFO     ___FILE_ONLY___ ═
2024-11-18 11:24:17,697 INFO     ___FILE_ONLY___ ═
2024-11-18 11:24:17,697 INFO     ___FILE_ONLY___ ═
2024-11-18 11:24:17,697 INFO     ___FILE_ONLY___ ═
2024-11-18 11:24:17,697 INFO     ___FILE_ONLY___ ═
2024-11-18 11:24:17,698 INFO     ___FILE_ONLY___ ═
2024-11-18 11:24:17,698 INFO     ___FILE_ONLY___ ═
2024-11-18 11:24:17,698 INFO     ___FILE_ONLY___ ═
2024-11-18 11:24:17,698 INFO     ___FILE_ONLY___ ═
2024-11-18 11:24:17,698 INFO     ___FILE_ONLY___ ═
2024-11-18 11:24:17,698 INFO     ___FILE_ONLY___ ═
2024-11-18 11:24:17,698 INFO     ___FILE_ONLY___ ═
2024-11-18 11:24:17,698 INFO     ___FILE_ONLY___ ═
2024-11-18 11:24:17,698 INFO     ___FILE_ONLY___ ═
2024-11-18 11:24:17,698 INFO     ___FILE_ONLY___ ═
2024-11-18 11:24:17,698 INFO     ___FILE_ONLY___ ═
2024-11-18 11:24:17,698 INFO     ___FILE_ONLY___ ═
2024-11-18 11:24:17,698 INFO     ___FILE_ONLY___ ═
2024-11-18 11:24:17,698 INFO     ___FILE_ONLY___ ═
2024-11-18 11:24:17,698 INFO     ___FILE_ONLY___ ═
2024-11-18 11:24:17,698 INFO     ___FILE_ONLY___ ═
2024-11-18 11:24:17,698 INFO     ___FILE_ONLY___ ═
2024-11-18 11:24:17,698 INFO     ___FILE_ONLY___ ═
2024-11-18 11:24:17,698 INFO     ___FILE_ONLY___ ═
2024-11-18 11:24:17,698 INFO     ___FILE_ONLY___ ═
2024-11-18 11:24:17,698 INFO     ___FILE_ONLY___ ═
2024-11-18 11:24:17,698 INFO     ___FILE_ONLY___ ═
2024-11-18 11:24:17,698 INFO     ___FILE_ONLY___ ═
2024-11-18 11:24:17,699 INFO     ___FILE_ONLY___ ═
2024-11-18 11:24:17,699 INFO     ___FILE_ONLY___ ═
2024-11-18 11:24:17,699 INFO     ___FILE_ONLY___ ═
2024-11-18 11:24:17,699 INFO     ___FILE_ONLY___ ═
2024-11-18 11:24:17,699 INFO     ___FILE_ONLY___ ═
2024-11-18 11:24:17,699 INFO     ___FILE_ONLY___ ═
2024-11-18 11:24:17,699 INFO     ___FILE_ONLY___ ╝

2024-11-18 11:24:17,705 INFO     ___FILE_ONLY___ ╔════════════════════════════════════════════════════════════╗

2024-11-18 11:24:17,705 INFO     ___FILE_ONLY___ ╠═ Downloading: kubectl                                     ═╣

2024-11-18 11:24:17,705 INFO     ___FILE_ONLY___ ╚
2024-11-18 11:24:17,707 DEBUG    urllib3.connectionpool Starting new HTTPS connection (1): dl.google.com:443
2024-11-18 11:24:17,855 DEBUG    urllib3.connectionpool https://dl.google.com:443 "GET /dl/cloudsdk/channels/rapid/components/google-cloud-sdk-kubectl-20241004144944.tar.gz HTTP/1.1" 200 36206
2024-11-18 11:24:17,866 INFO     ___FILE_ONLY___ ═══════════════════════════
2024-11-18 11:24:17,866 INFO     ___FILE_ONLY___ ═══════════════════════════
2024-11-18 11:24:17,866 INFO     ___FILE_ONLY___ ══════
2024-11-18 11:24:17,866 INFO     ___FILE_ONLY___ ╝

2024-11-18 11:24:17,874 INFO     ___FILE_ONLY___ ╔════════════════════════════════════════════════════════════╗

2024-11-18 11:24:17,874 INFO     ___FILE_ONLY___ ╠═ Downloading: kubectl (Platform Specific)                 ═╣

2024-11-18 11:24:17,874 INFO     ___FILE_ONLY___ ╚
2024-11-18 11:24:17,876 DEBUG    urllib3.connectionpool Starting new HTTPS connection (1): dl.google.com:443
2024-11-18 11:24:18,020 DEBUG    urllib3.connectionpool https://dl.google.com:443 "GET /dl/cloudsdk/channels/rapid/components/google-cloud-sdk-kubectl-darwin-arm-20241108162203.tar.gz HTTP/1.1" 200 90277960
2024-11-18 11:24:19,155 INFO     ___FILE_ONLY___ ═
2024-11-18 11:24:19,156 INFO     ___FILE_ONLY___ ═
2024-11-18 11:24:19,157 INFO     ___FILE_ONLY___ ═
2024-11-18 11:24:19,158 INFO     ___FILE_ONLY___ ═
2024-11-18 11:24:19,158 INFO     ___FILE_ONLY___ ═
2024-11-18 11:24:19,159 INFO     ___FILE_ONLY___ ═
2024-11-18 11:24:19,160 INFO     ___FILE_ONLY___ ═
2024-11-18 11:24:19,161 INFO     ___FILE_ONLY___ ═
2024-11-18 11:24:19,162 INFO     ___FILE_ONLY___ ═
2024-11-18 11:24:19,162 INFO     ___FILE_ONLY___ ═
2024-11-18 11:24:19,163 INFO     ___FILE_ONLY___ ═
2024-11-18 11:24:19,164 INFO     ___FILE_ONLY___ ═
2024-11-18 11:24:19,164 INFO     ___FILE_ONLY___ ═
2024-11-18 11:24:19,165 INFO     ___FILE_ONLY___ ═
2024-11-18 11:24:19,166 INFO     ___FILE_ONLY___ ═
2024-11-18 11:24:19,166 INFO     ___FILE_ONLY___ ═
2024-11-18 11:24:19,167 INFO     ___FILE_ONLY___ ═
2024-11-18 11:24:19,168 INFO     ___FILE_ONLY___ ═
2024-11-18 11:24:19,169 INFO     ___FILE_ONLY___ ═
2024-11-18 11:24:19,170 INFO     ___FILE_ONLY___ ═
2024-11-18 11:24:19,171 INFO     ___FILE_ONLY___ ═
2024-11-18 11:24:19,172 INFO     ___FILE_ONLY___ ═
2024-11-18 11:24:19,172 INFO     ___FILE_ONLY___ ═
2024-11-18 11:24:19,173 INFO     ___FILE_ONLY___ ═
2024-11-18 11:24:19,174 INFO     ___FILE_ONLY___ ═
2024-11-18 11:24:19,175 INFO     ___FILE_ONLY___ ═
2024-11-18 11:24:19,175 INFO     ___FILE_ONLY___ ═
2024-11-18 11:24:19,176 INFO     ___FILE_ONLY___ ═
2024-11-18 11:24:19,177 INFO     ___FILE_ONLY___ ═
2024-11-18 11:24:19,178 INFO     ___FILE_ONLY___ ═
2024-11-18 11:24:19,178 INFO     ___FILE_ONLY___ ═
2024-11-18 11:24:19,179 INFO     ___FILE_ONLY___ ═
2024-11-18 11:24:19,180 INFO     ___FILE_ONLY___ ═
2024-11-18 11:24:19,181 INFO     ___FILE_ONLY___ ═
2024-11-18 11:24:19,181 INFO     ___FILE_ONLY___ ═
2024-11-18 11:24:19,182 INFO     ___FILE_ONLY___ ═
2024-11-18 11:24:19,183 INFO     ___FILE_ONLY___ ═
2024-11-18 11:24:19,184 INFO     ___FILE_ONLY___ ═
2024-11-18 11:24:19,185 INFO     ___FILE_ONLY___ ═
2024-11-18 11:24:19,186 INFO     ___FILE_ONLY___ ═
2024-11-18 11:24:19,186 INFO     ___FILE_ONLY___ ═
2024-11-18 11:24:19,187 INFO     ___FILE_ONLY___ ═
2024-11-18 11:24:19,188 INFO     ___FILE_ONLY___ ═
2024-11-18 11:24:19,189 INFO     ___FILE_ONLY___ ═
2024-11-18 11:24:19,190 INFO     ___FILE_ONLY___ ═
2024-11-18 11:24:19,190 INFO     ___FILE_ONLY___ ═
2024-11-18 11:24:19,191 INFO     ___FILE_ONLY___ ═
2024-11-18 11:24:19,192 INFO     ___FILE_ONLY___ ═
2024-11-18 11:24:19,193 INFO     ___FILE_ONLY___ ═
2024-11-18 11:24:19,194 INFO     ___FILE_ONLY___ ═
2024-11-18 11:24:19,195 INFO     ___FILE_ONLY___ ═
2024-11-18 11:24:19,195 INFO     ___FILE_ONLY___ ═
2024-11-18 11:24:19,196 INFO     ___FILE_ONLY___ ═
2024-11-18 11:24:19,197 INFO     ___FILE_ONLY___ ═
2024-11-18 11:24:19,198 INFO     ___FILE_ONLY___ ═
2024-11-18 11:24:19,199 INFO     ___FILE_ONLY___ ═
2024-11-18 11:24:19,199 INFO     ___FILE_ONLY___ ═
2024-11-18 11:24:19,200 INFO     ___FILE_ONLY___ ═
2024-11-18 11:24:19,201 INFO     ___FILE_ONLY___ ═
2024-11-18 11:24:19,201 INFO     ___FILE_ONLY___ ═
2024-11-18 11:24:19,201 INFO     ___FILE_ONLY___ ╝

2024-11-18 11:24:19,211 INFO     ___FILE_ONLY___ ╔════════════════════════════════════════════════════════════╗

2024-11-18 11:24:19,211 INFO     ___FILE_ONLY___ ╠═ Installing: Google Cloud CLI Core Libraries (Platform... ═╣

2024-11-18 11:24:19,211 INFO     ___FILE_ONLY___ ╚
2024-11-18 11:24:19,212 INFO     ___FILE_ONLY___ ══════════════════════════════
2024-11-18 11:24:19,212 INFO     ___FILE_ONLY___ ══════════════════════════════
2024-11-18 11:24:19,212 INFO     ___FILE_ONLY___ ╝

2024-11-18 11:24:19,221 INFO     ___FILE_ONLY___ ╔════════════════════════════════════════════════════════════╗

2024-11-18 11:24:19,221 INFO     ___FILE_ONLY___ ╠═ Installing: Minikube                                     ═╣

2024-11-18 11:24:19,221 INFO     ___FILE_ONLY___ ╚
2024-11-18 11:24:19,223 INFO     ___FILE_ONLY___ ════════════════════════════════════════════════════════════
2024-11-18 11:24:19,223 INFO     ___FILE_ONLY___ ╝

2024-11-18 11:24:19,227 INFO     ___FILE_ONLY___ ╔════════════════════════════════════════════════════════════╗

2024-11-18 11:24:19,227 INFO     ___FILE_ONLY___ ╠═ Installing: Minikube (Platform Specific)                 ═╣

2024-11-18 11:24:19,227 INFO     ___FILE_ONLY___ ╚
2024-11-18 11:24:19,598 INFO     ___FILE_ONLY___ ════════════════════════════════════════════════════════════
2024-11-18 11:24:19,598 INFO     ___FILE_ONLY___ ╝

2024-11-18 11:24:19,605 INFO     ___FILE_ONLY___ ╔════════════════════════════════════════════════════════════╗

2024-11-18 11:24:19,606 INFO     ___FILE_ONLY___ ╠═ Installing: Skaffold                                     ═╣

2024-11-18 11:24:19,606 INFO     ___FILE_ONLY___ ╚
2024-11-18 11:24:19,607 INFO     ___FILE_ONLY___ ════════════════════════════════════════════════════════════
2024-11-18 11:24:19,607 INFO     ___FILE_ONLY___ ╝

2024-11-18 11:24:19,611 INFO     ___FILE_ONLY___ ╔════════════════════════════════════════════════════════════╗

2024-11-18 11:24:19,611 INFO     ___FILE_ONLY___ ╠═ Installing: Skaffold (Platform Specific)                 ═╣

2024-11-18 11:24:19,612 INFO     ___FILE_ONLY___ ╚
2024-11-18 11:24:19,895 INFO     ___FILE_ONLY___ ════════════════════════════════════════════════════════════
2024-11-18 11:24:19,896 INFO     ___FILE_ONLY___ ╝

2024-11-18 11:24:19,905 INFO     ___FILE_ONLY___ ╔════════════════════════════════════════════════════════════╗

2024-11-18 11:24:19,906 INFO     ___FILE_ONLY___ ╠═ Installing: gcloud Alpha Commands                        ═╣

2024-11-18 11:24:19,906 INFO     ___FILE_ONLY___ ╚
2024-11-18 11:24:19,907 INFO     ___FILE_ONLY___ ════════════════════════════════════════════════════════════
2024-11-18 11:24:19,907 INFO     ___FILE_ONLY___ ╝

2024-11-18 11:24:19,914 INFO     ___FILE_ONLY___ ╔════════════════════════════════════════════════════════════╗

2024-11-18 11:24:19,914 INFO     ___FILE_ONLY___ ╠═ Installing: gcloud Beta Commands                         ═╣

2024-11-18 11:24:19,914 INFO     ___FILE_ONLY___ ╚
2024-11-18 11:24:19,914 INFO     ___FILE_ONLY___ ════════════════════════════════════════════════════════════
2024-11-18 11:24:19,915 INFO     ___FILE_ONLY___ ╝

2024-11-18 11:24:19,925 INFO     ___FILE_ONLY___ ╔════════════════════════════════════════════════════════════╗

2024-11-18 11:24:19,925 INFO     ___FILE_ONLY___ ╠═ Installing: gcloud cli dependencies (Platform Specific)  ═╣

2024-11-18 11:24:19,925 INFO     ___FILE_ONLY___ ╚
2024-11-18 11:24:19,926 INFO     ___FILE_ONLY___ ════════════════════════════════════════════════════════════
2024-11-18 11:24:19,926 INFO     ___FILE_ONLY___ ╝

2024-11-18 11:24:19,932 INFO     ___FILE_ONLY___ ╔════════════════════════════════════════════════════════════╗

2024-11-18 11:24:19,932 INFO     ___FILE_ONLY___ ╠═ Installing: gke-gcloud-auth-plugin                       ═╣

2024-11-18 11:24:19,932 INFO     ___FILE_ONLY___ ╚
2024-11-18 11:24:19,934 INFO     ___FILE_ONLY___ ════════════════════════════════════════════════════════════
2024-11-18 11:24:19,934 INFO     ___FILE_ONLY___ ╝

2024-11-18 11:24:19,938 INFO     ___FILE_ONLY___ ╔════════════════════════════════════════════════════════════╗

2024-11-18 11:24:19,939 INFO     ___FILE_ONLY___ ╠═ Installing: gke-gcloud-auth-plugin (Platform Specific)   ═╣

2024-11-18 11:24:19,939 INFO     ___FILE_ONLY___ ╚
2024-11-18 11:24:20,000 INFO     ___FILE_ONLY___ ════════════════════════════════════════════════════════════
2024-11-18 11:24:20,000 INFO     ___FILE_ONLY___ ╝

2024-11-18 11:24:20,008 INFO     ___FILE_ONLY___ ╔════════════════════════════════════════════════════════════╗

2024-11-18 11:24:20,008 INFO     ___FILE_ONLY___ ╠═ Installing: kubectl                                      ═╣

2024-11-18 11:24:20,008 INFO     ___FILE_ONLY___ ╚
2024-11-18 11:24:20,009 INFO     ___FILE_ONLY___ ════════════════════════════════════════════════════════════
2024-11-18 11:24:20,009 INFO     ___FILE_ONLY___ ╝

2024-11-18 11:24:20,016 INFO     ___FILE_ONLY___ ╔════════════════════════════════════════════════════════════╗

2024-11-18 11:24:20,016 INFO     ___FILE_ONLY___ ╠═ Installing: kubectl (Platform Specific)                  ═╣

2024-11-18 11:24:20,016 INFO     ___FILE_ONLY___ ╚
2024-11-18 11:24:20,593 INFO     ___FILE_ONLY___ ══════════
2024-11-18 11:24:20,688 INFO     ___FILE_ONLY___ ══════════
2024-11-18 11:24:20,784 INFO     ___FILE_ONLY___ ══════════
2024-11-18 11:24:20,882 INFO     ___FILE_ONLY___ ══════════
2024-11-18 11:24:20,982 INFO     ___FILE_ONLY___ ══════════
2024-11-18 11:24:21,091 INFO     ___FILE_ONLY___ ══════════
2024-11-18 11:24:21,091 INFO     ___FILE_ONLY___ ╝

2024-11-18 11:24:21,097 DEBUG    root            Updating notification cache...
2024-11-18 11:24:21,097 INFO     ___FILE_ONLY___ 

2024-11-18 11:24:21,103 INFO     ___FILE_ONLY___ Performing post processing steps...
2024-11-18 11:24:21,103 DEBUG    root            Executing command: ['/Users/gabrielpaura/Library/Application Support/cloud-code/installer/google-cloud-sdk/bin/gcloud', 'components', 'post-process', '--no-compile-python']
2024-11-18 11:24:21,442 DEBUG    ___FILE_ONLY___ 
2024-11-18 11:24:21,442 DEBUG    ___FILE_ONLY___ 
2024-11-18 11:24:21,613 INFO     ___FILE_ONLY___ 
Update done!


2024-11-18 11:24:21,614 WARNING  root              There are other instances of Google Cloud tools on your system PATH.
  Please remove the following to avoid confusion or accidental invocation:

  /Applications/Docker.app/Contents/Resources/bin/kubectl

  
2024-11-18 11:24:21,616 DEBUG    root            Chosen display Format:none
2024-11-18 11:24:21,617 INFO     root            Display format: "none"
2024-11-18 11:24:21,621 DEBUG    root            Metrics reporting process started...
