2024-11-18 11:24:05,304 DEBUG    root            Loaded Command Group: ['gcloud', 'components']
2024-11-18 11:24:05,307 DEBUG    root            Loaded Command Group: ['gcloud', 'components', 'install']
2024-11-18 11:24:05,309 DEBUG    root            Running [gcloud.components.install] with arguments: [--no-compile-python: "False", --quiet: "True", COMPONENT-IDS:6: "['alpha', 'beta', 'gke-gcloud-auth-plugin', 'kubectl', 'skaffold', 'minikube']"]
2024-11-18 11:24:05,329 DEBUG    urllib3.connectionpool Starting new HTTPS connection (1): dl.google.com:443
2024-11-18 11:24:05,469 DEBUG    urllib3.connectionpool https://dl.google.com:443 "GET /dl/cloudsdk/channels/rapid/components-v501.0.0.json HTTP/1.1" 200 226997
2024-11-18 11:24:05,506 INFO     ___FILE_ONLY___ 

2024-11-18 11:24:05,506 INFO     ___FILE_ONLY___ 
Your current Google Cloud CLI version is: 501.0.0

2024-11-18 11:24:05,506 INFO     ___FILE_ONLY___ Installing components from version: 501.0.0

2024-11-18 11:24:05,506 INFO     ___FILE_ONLY___ 

2024-11-18 11:24:05,506 DEBUG    root            Chosen display Format:table[box,title="These components will be removed."](details.display_name:label=Name:align=left,version.version_string:label=Version:align=right,data.size.size(zero="",min=1048576):label=Size:align=right)
2024-11-18 11:24:05,507 DEBUG    root            Chosen display Format:table[box,title="These components will be updated."](details.display_name:label=Name:align=left,version.version_string:label=Version:align=right,data.size.size(zero="",min=1048576):label=Size:align=right)
2024-11-18 11:24:05,507 DEBUG    root            Chosen display Format:table[box,title="These components will be installed."](details.display_name:label=Name:align=left,version.version_string:label=Version:align=right,data.size.size(zero="",min=1048576):label=Size:align=right)
2024-11-18 11:24:05,515 INFO     ___FILE_ONLY___ ┌─────────────────────────────────────────────────────────────────────────────┐
2024-11-18 11:24:05,515 INFO     ___FILE_ONLY___ 

2024-11-18 11:24:05,515 INFO     ___FILE_ONLY___ │                     These components will be installed.                     │
2024-11-18 11:24:05,515 INFO     ___FILE_ONLY___ 

2024-11-18 11:24:05,515 INFO     ___FILE_ONLY___ ├─────────────────────────────────────────────────────┬────────────┬──────────┤
2024-11-18 11:24:05,515 INFO     ___FILE_ONLY___ 

2024-11-18 11:24:05,515 INFO     ___FILE_ONLY___ │                         Name                        │  Version   │   Size   │
2024-11-18 11:24:05,515 INFO     ___FILE_ONLY___ 

2024-11-18 11:24:05,515 INFO     ___FILE_ONLY___ ├─────────────────────────────────────────────────────┼────────────┼──────────┤
2024-11-18 11:24:05,515 INFO     ___FILE_ONLY___ 

2024-11-18 11:24:05,515 INFO     ___FILE_ONLY___ │ 
2024-11-18 11:24:05,515 INFO     ___FILE_ONLY___ Google Cloud CLI Core Libraries (Platform Specific)
2024-11-18 11:24:05,515 INFO     ___FILE_ONLY___  
2024-11-18 11:24:05,515 INFO     ___FILE_ONLY___ │ 
2024-11-18 11:24:05,515 INFO     ___FILE_ONLY___ 2024.08.30
2024-11-18 11:24:05,515 INFO     ___FILE_ONLY___  
2024-11-18 11:24:05,515 INFO     ___FILE_ONLY___ │ 
2024-11-18 11:24:05,515 INFO     ___FILE_ONLY___  < 1 MiB
2024-11-18 11:24:05,515 INFO     ___FILE_ONLY___  
2024-11-18 11:24:05,515 INFO     ___FILE_ONLY___ │
2024-11-18 11:24:05,515 INFO     ___FILE_ONLY___ 

2024-11-18 11:24:05,515 INFO     ___FILE_ONLY___ │ 
2024-11-18 11:24:05,515 INFO     ___FILE_ONLY___ Minikube (Platform Specific)                       
2024-11-18 11:24:05,515 INFO     ___FILE_ONLY___  
2024-11-18 11:24:05,515 INFO     ___FILE_ONLY___ │ 
2024-11-18 11:24:05,515 INFO     ___FILE_ONLY___     1.34.0
2024-11-18 11:24:05,516 INFO     ___FILE_ONLY___  
2024-11-18 11:24:05,516 INFO     ___FILE_ONLY___ │ 
2024-11-18 11:24:05,516 INFO     ___FILE_ONLY___ 37.2 MiB
2024-11-18 11:24:05,516 INFO     ___FILE_ONLY___  
2024-11-18 11:24:05,516 INFO     ___FILE_ONLY___ │
2024-11-18 11:24:05,516 INFO     ___FILE_ONLY___ 

2024-11-18 11:24:05,516 INFO     ___FILE_ONLY___ │ 
2024-11-18 11:24:05,516 INFO     ___FILE_ONLY___ Skaffold (Platform Specific)                       
2024-11-18 11:24:05,516 INFO     ___FILE_ONLY___  
2024-11-18 11:24:05,516 INFO     ___FILE_ONLY___ │ 
2024-11-18 11:24:05,516 INFO     ___FILE_ONLY___     2.13.1
2024-11-18 11:24:05,516 INFO     ___FILE_ONLY___  
2024-11-18 11:24:05,516 INFO     ___FILE_ONLY___ │ 
2024-11-18 11:24:05,516 INFO     ___FILE_ONLY___ 22.9 MiB
2024-11-18 11:24:05,516 INFO     ___FILE_ONLY___  
2024-11-18 11:24:05,516 INFO     ___FILE_ONLY___ │
2024-11-18 11:24:05,516 INFO     ___FILE_ONLY___ 

2024-11-18 11:24:05,516 INFO     ___FILE_ONLY___ │ 
2024-11-18 11:24:05,516 INFO     ___FILE_ONLY___ gcloud Alpha Commands                              
2024-11-18 11:24:05,516 INFO     ___FILE_ONLY___  
2024-11-18 11:24:05,516 INFO     ___FILE_ONLY___ │ 
2024-11-18 11:24:05,516 INFO     ___FILE_ONLY___ 2024.11.08
2024-11-18 11:24:05,516 INFO     ___FILE_ONLY___  
2024-11-18 11:24:05,516 INFO     ___FILE_ONLY___ │ 
2024-11-18 11:24:05,516 INFO     ___FILE_ONLY___  < 1 MiB
2024-11-18 11:24:05,516 INFO     ___FILE_ONLY___  
2024-11-18 11:24:05,516 INFO     ___FILE_ONLY___ │
2024-11-18 11:24:05,516 INFO     ___FILE_ONLY___ 

2024-11-18 11:24:05,516 INFO     ___FILE_ONLY___ │ 
2024-11-18 11:24:05,516 INFO     ___FILE_ONLY___ gcloud Beta Commands                               
2024-11-18 11:24:05,516 INFO     ___FILE_ONLY___  
2024-11-18 11:24:05,516 INFO     ___FILE_ONLY___ │ 
2024-11-18 11:24:05,516 INFO     ___FILE_ONLY___ 2024.11.08
2024-11-18 11:24:05,516 INFO     ___FILE_ONLY___  
2024-11-18 11:24:05,516 INFO     ___FILE_ONLY___ │ 
2024-11-18 11:24:05,516 INFO     ___FILE_ONLY___  < 1 MiB
2024-11-18 11:24:05,516 INFO     ___FILE_ONLY___  
2024-11-18 11:24:05,516 INFO     ___FILE_ONLY___ │
2024-11-18 11:24:05,516 INFO     ___FILE_ONLY___ 

2024-11-18 11:24:05,516 INFO     ___FILE_ONLY___ │ 
2024-11-18 11:24:05,516 INFO     ___FILE_ONLY___ gcloud cli dependencies (Platform Specific)        
2024-11-18 11:24:05,516 INFO     ___FILE_ONLY___  
2024-11-18 11:24:05,516 INFO     ___FILE_ONLY___ │ 
2024-11-18 11:24:05,516 INFO     ___FILE_ONLY___ 2021.04.16
2024-11-18 11:24:05,516 INFO     ___FILE_ONLY___  
2024-11-18 11:24:05,516 INFO     ___FILE_ONLY___ │ 
2024-11-18 11:24:05,516 INFO     ___FILE_ONLY___  < 1 MiB
2024-11-18 11:24:05,516 INFO     ___FILE_ONLY___  
2024-11-18 11:24:05,516 INFO     ___FILE_ONLY___ │
2024-11-18 11:24:05,516 INFO     ___FILE_ONLY___ 

2024-11-18 11:24:05,516 INFO     ___FILE_ONLY___ │ 
2024-11-18 11:24:05,516 INFO     ___FILE_ONLY___ gke-gcloud-auth-plugin (Platform Specific)         
2024-11-18 11:24:05,516 INFO     ___FILE_ONLY___  
2024-11-18 11:24:05,516 INFO     ___FILE_ONLY___ │ 
2024-11-18 11:24:05,516 INFO     ___FILE_ONLY___      0.5.9
2024-11-18 11:24:05,516 INFO     ___FILE_ONLY___  
2024-11-18 11:24:05,516 INFO     ___FILE_ONLY___ │ 
2024-11-18 11:24:05,516 INFO     ___FILE_ONLY___  4.0 MiB
2024-11-18 11:24:05,516 INFO     ___FILE_ONLY___  
2024-11-18 11:24:05,516 INFO     ___FILE_ONLY___ │
2024-11-18 11:24:05,516 INFO     ___FILE_ONLY___ 

2024-11-18 11:24:05,516 INFO     ___FILE_ONLY___ │ 
2024-11-18 11:24:05,516 INFO     ___FILE_ONLY___ kubectl                                            
2024-11-18 11:24:05,516 INFO     ___FILE_ONLY___  
2024-11-18 11:24:05,516 INFO     ___FILE_ONLY___ │ 
2024-11-18 11:24:05,517 INFO     ___FILE_ONLY___     1.30.5
2024-11-18 11:24:05,517 INFO     ___FILE_ONLY___  
2024-11-18 11:24:05,517 INFO     ___FILE_ONLY___ │ 
2024-11-18 11:24:05,517 INFO     ___FILE_ONLY___  < 1 MiB
2024-11-18 11:24:05,517 INFO     ___FILE_ONLY___  
2024-11-18 11:24:05,517 INFO     ___FILE_ONLY___ │
2024-11-18 11:24:05,517 INFO     ___FILE_ONLY___ 

2024-11-18 11:24:05,517 INFO     ___FILE_ONLY___ │ 
2024-11-18 11:24:05,517 INFO     ___FILE_ONLY___ kubectl (Platform Specific)                        
2024-11-18 11:24:05,517 INFO     ___FILE_ONLY___  
2024-11-18 11:24:05,517 INFO     ___FILE_ONLY___ │ 
2024-11-18 11:24:05,517 INFO     ___FILE_ONLY___     1.30.6
2024-11-18 11:24:05,517 INFO     ___FILE_ONLY___  
2024-11-18 11:24:05,517 INFO     ___FILE_ONLY___ │ 
2024-11-18 11:24:05,517 INFO     ___FILE_ONLY___ 86.1 MiB
2024-11-18 11:24:05,517 INFO     ___FILE_ONLY___  
2024-11-18 11:24:05,517 INFO     ___FILE_ONLY___ │
2024-11-18 11:24:05,517 INFO     ___FILE_ONLY___ 

2024-11-18 11:24:05,517 INFO     ___FILE_ONLY___ └─────────────────────────────────────────────────────┴────────────┴──────────┘
2024-11-18 11:24:05,517 INFO     ___FILE_ONLY___ 

2024-11-18 11:24:05,517 INFO     ___FILE_ONLY___ 

2024-11-18 11:24:05,518 DEBUG    urllib3.connectionpool Starting new HTTPS connection (1): dl.google.com:443
2024-11-18 11:24:05,666 DEBUG    urllib3.connectionpool https://dl.google.com:443 "GET /dl/cloudsdk/channels/rapid/RELEASE_NOTES HTTP/1.1" 200 1311270
2024-11-18 11:24:05,747 INFO     ___FILE_ONLY___ For the latest full release notes, please visit:
  https://cloud.google.com/sdk/release_notes


2024-11-18 11:24:05,747 INFO     ___FILE_ONLY___ Performing in place update...


2024-11-18 11:24:05,754 INFO     ___FILE_ONLY___ ╔════════════════════════════════════════════════════════════╗

2024-11-18 11:24:05,754 INFO     ___FILE_ONLY___ ╠═ Downloading: Google Cloud CLI Core Libraries (Platfor... ═╣

2024-11-18 11:24:05,754 INFO     ___FILE_ONLY___ ╚
2024-11-18 11:24:05,756 DEBUG    urllib3.connectionpool Starting new HTTPS connection (1): dl.google.com:443
2024-11-18 11:24:05,894 DEBUG    urllib3.connectionpool https://dl.google.com:443 "GET /dl/cloudsdk/channels/rapid/components/google-cloud-sdk-core-nix-20240830134514.tar.gz HTTP/1.1" 200 2306
2024-11-18 11:24:05,897 INFO     ___FILE_ONLY___ ════════════════════════════════════════════════════════════
2024-11-18 11:24:05,897 INFO     ___FILE_ONLY___ ╝

2024-11-18 11:24:05,907 INFO     ___FILE_ONLY___ ╔════════════════════════════════════════════════════════════╗

2024-11-18 11:24:05,907 INFO     ___FILE_ONLY___ ╠═ Downloading: Minikube                                    ═╣

2024-11-18 11:24:05,907 INFO     ___FILE_ONLY___ ╚
2024-11-18 11:24:05,907 INFO     ___FILE_ONLY___ ════════════════════════════════════════════════════════════
2024-11-18 11:24:05,907 INFO     ___FILE_ONLY___ ╝

2024-11-18 11:24:05,913 INFO     ___FILE_ONLY___ ╔════════════════════════════════════════════════════════════╗

2024-11-18 11:24:05,913 INFO     ___FILE_ONLY___ ╠═ Downloading: Minikube (Platform Specific)                ═╣

2024-11-18 11:24:05,913 INFO     ___FILE_ONLY___ ╚
2024-11-18 11:24:05,917 DEBUG    urllib3.connectionpool Starting new HTTPS connection (1): dl.google.com:443
2024-11-18 11:24:06,064 DEBUG    urllib3.connectionpool https://dl.google.com:443 "GET /dl/cloudsdk/channels/rapid/components/google-cloud-sdk-minikube-darwin-arm-20240927140238.tar.gz HTTP/1.1" 200 38981244
2024-11-18 11:24:06,569 INFO     ___FILE_ONLY___ ═
2024-11-18 11:24:06,570 INFO     ___FILE_ONLY___ ═
2024-11-18 11:24:06,571 INFO     ___FILE_ONLY___ ═
2024-11-18 11:24:06,573 INFO     ___FILE_ONLY___ ═
2024-11-18 11:24:06,573 INFO     ___FILE_ONLY___ ═
2024-11-18 11:24:06,574 INFO     ___FILE_ONLY___ ═
2024-11-18 11:24:06,575 INFO     ___FILE_ONLY___ ═
2024-11-18 11:24:06,575 INFO     ___FILE_ONLY___ ═
2024-11-18 11:24:06,576 INFO     ___FILE_ONLY___ ═
2024-11-18 11:24:06,577 INFO     ___FILE_ONLY___ ═
2024-11-18 11:24:06,580 INFO     ___FILE_ONLY___ ═
2024-11-18 11:24:06,583 INFO     ___FILE_ONLY___ ═
2024-11-18 11:24:06,585 INFO     ___FILE_ONLY___ ═
2024-11-18 11:24:06,586 INFO     ___FILE_ONLY___ ═
2024-11-18 11:24:06,590 INFO     ___FILE_ONLY___ ═
2024-11-18 11:24:06,592 INFO     ___FILE_ONLY___ ═
2024-11-18 11:24:06,592 INFO     ___FILE_ONLY___ ═
2024-11-18 11:24:06,593 INFO     ___FILE_ONLY___ ═
2024-11-18 11:24:06,594 INFO     ___FILE_ONLY___ ═
2024-11-18 11:24:06,594 INFO     ___FILE_ONLY___ ═
2024-11-18 11:24:06,594 INFO     ___FILE_ONLY___ ═
2024-11-18 11:24:06,595 INFO     ___FILE_ONLY___ ═
2024-11-18 11:24:06,595 INFO     ___FILE_ONLY___ ═
2024-11-18 11:24:06,596 INFO     ___FILE_ONLY___ ═
2024-11-18 11:24:06,597 INFO     ___FILE_ONLY___ ═
2024-11-18 11:24:06,598 INFO     ___FILE_ONLY___ ═
2024-11-18 11:24:06,598 INFO     ___FILE_ONLY___ ═
2024-11-18 11:24:06,599 INFO     ___FILE_ONLY___ ═
2024-11-18 11:24:06,599 INFO     ___FILE_ONLY___ ═
2024-11-18 11:24:06,600 INFO     ___FILE_ONLY___ ═
2024-11-18 11:24:06,600 INFO     ___FILE_ONLY___ ═
2024-11-18 11:24:06,600 INFO     ___FILE_ONLY___ ═
2024-11-18 11:24:06,601 INFO     ___FILE_ONLY___ ═
2024-11-18 11:24:06,602 INFO     ___FILE_ONLY___ ═
2024-11-18 11:24:06,602 INFO     ___FILE_ONLY___ ═
2024-11-18 11:24:06,603 INFO     ___FILE_ONLY___ ═
2024-11-18 11:24:06,603 INFO     ___FILE_ONLY___ ═
2024-11-18 11:24:06,603 INFO     ___FILE_ONLY___ ═
2024-11-18 11:24:06,605 INFO     ___FILE_ONLY___ ═
2024-11-18 11:24:06,607 INFO     ___FILE_ONLY___ ═
2024-11-18 11:24:06,609 INFO     ___FILE_ONLY___ ═
2024-11-18 11:24:06,609 INFO     ___FILE_ONLY___ ═
2024-11-18 11:24:06,610 INFO     ___FILE_ONLY___ ═
2024-11-18 11:24:06,610 INFO     ___FILE_ONLY___ ═
2024-11-18 11:24:06,610 INFO     ___FILE_ONLY___ ═
2024-11-18 11:24:06,611 INFO     ___FILE_ONLY___ ═
2024-11-18 11:24:06,611 INFO     ___FILE_ONLY___ ═
2024-11-18 11:24:06,611 INFO     ___FILE_ONLY___ ═
2024-11-18 11:24:06,613 INFO     ___FILE_ONLY___ ═
2024-11-18 11:24:06,613 INFO     ___FILE_ONLY___ ═
2024-11-18 11:24:06,614 INFO     ___FILE_ONLY___ ═
2024-11-18 11:24:06,614 INFO     ___FILE_ONLY___ ═
2024-11-18 11:24:06,615 INFO     ___FILE_ONLY___ ═
2024-11-18 11:24:06,615 INFO     ___FILE_ONLY___ ═
2024-11-18 11:24:06,615 INFO     ___FILE_ONLY___ ═
2024-11-18 11:24:06,616 INFO     ___FILE_ONLY___ ═
2024-11-18 11:24:06,616 INFO     ___FILE_ONLY___ ═
2024-11-18 11:24:06,617 INFO     ___FILE_ONLY___ ═
2024-11-18 11:24:06,617 INFO     ___FILE_ONLY___ ═
2024-11-18 11:24:06,617 INFO     ___FILE_ONLY___ ═
2024-11-18 11:24:06,617 INFO     ___FILE_ONLY___ ╝

2024-11-18 11:24:06,628 INFO     ___FILE_ONLY___ ╔════════════════════════════════════════════════════════════╗

2024-11-18 11:24:06,628 INFO     ___FILE_ONLY___ ╠═ Downloading: Skaffold                                    ═╣

2024-11-18 11:24:06,628 INFO     ___FILE_ONLY___ ╚
2024-11-18 11:24:06,628 INFO     ___FILE_ONLY___ ════════════════════════════════════════════════════════════
2024-11-18 11:24:06,628 INFO     ___FILE_ONLY___ ╝

2024-11-18 11:24:06,634 INFO     ___FILE_ONLY___ ╔════════════════════════════════════════════════════════════╗

2024-11-18 11:24:06,634 INFO     ___FILE_ONLY___ ╠═ Downloading: Skaffold (Platform Specific)                ═╣

2024-11-18 11:24:06,634 INFO     ___FILE_ONLY___ ╚
2024-11-18 11:24:06,638 DEBUG    urllib3.connectionpool Starting new HTTPS connection (1): dl.google.com:443
2024-11-18 11:24:06,788 DEBUG    urllib3.connectionpool https://dl.google.com:443 "GET /dl/cloudsdk/channels/rapid/components/google-cloud-sdk-skaffold-darwin-arm-20240806142304.tar.gz HTTP/1.1" 200 24031362
2024-11-18 11:24:07,242 INFO     ___FILE_ONLY___ ═
2024-11-18 11:24:07,242 INFO     ___FILE_ONLY___ ═
2024-11-18 11:24:07,243 INFO     ___FILE_ONLY___ ═
2024-11-18 11:24:07,243 INFO     ___FILE_ONLY___ ═
2024-11-18 11:24:07,243 INFO     ___FILE_ONLY___ ═
2024-11-18 11:24:07,244 INFO     ___FILE_ONLY___ ═
2024-11-18 11:24:07,244 INFO     ___FILE_ONLY___ ═
2024-11-18 11:24:07,244 INFO     ___FILE_ONLY___ ═
2024-11-18 11:24:07,246 INFO     ___FILE_ONLY___ ═
2024-11-18 11:24:07,247 INFO     ___FILE_ONLY___ ═
2024-11-18 11:24:07,247 INFO     ___FILE_ONLY___ ═
2024-11-18 11:24:07,248 INFO     ___FILE_ONLY___ ═
2024-11-18 11:24:07,251 INFO     ___FILE_ONLY___ ═
2024-11-18 11:24:07,258 INFO     ___FILE_ONLY___ ═
2024-11-18 11:24:07,259 INFO     ___FILE_ONLY___ ═
2024-11-18 11:24:07,260 INFO     ___FILE_ONLY___ ═
2024-11-18 11:24:07,260 INFO     ___FILE_ONLY___ ═
2024-11-18 11:24:07,261 INFO     ___FILE_ONLY___ ═
2024-11-18 11:24:07,261 INFO     ___FILE_ONLY___ ═
2024-11-18 11:24:07,262 INFO     ___FILE_ONLY___ ═
2024-11-18 11:24:07,262 INFO     ___FILE_ONLY___ ═
2024-11-18 11:24:07,263 INFO     ___FILE_ONLY___ ═
2024-11-18 11:24:07,263 INFO     ___FILE_ONLY___ ═
2024-11-18 11:24:07,264 INFO     ___FILE_ONLY___ ═
2024-11-18 11:24:07,264 INFO     ___FILE_ONLY___ ═
2024-11-18 11:24:07,282 INFO     ___FILE_ONLY___ ═
2024-11-18 11:24:07,282 INFO     ___FILE_ONLY___ ═
2024-11-18 11:24:07,283 INFO     ___FILE_ONLY___ ═
2024-11-18 11:24:07,283 INFO     ___FILE_ONLY___ ═
2024-11-18 11:24:07,284 INFO     ___FILE_ONLY___ ═
2024-11-18 11:24:07,284 INFO     ___FILE_ONLY___ ═
2024-11-18 11:24:07,285 INFO     ___FILE_ONLY___ ═
2024-11-18 11:24:07,285 INFO     ___FILE_ONLY___ ═
2024-11-18 11:24:07,286 INFO     ___FILE_ONLY___ ═
2024-11-18 11:24:07,286 INFO     ___FILE_ONLY___ ═
2024-11-18 11:24:07,287 INFO     ___FILE_ONLY___ ═
2024-11-18 11:24:07,288 INFO     ___FILE_ONLY___ ═
2024-11-18 11:24:07,288 INFO     ___FILE_ONLY___ ═
2024-11-18 11:24:07,288 INFO     ___FILE_ONLY___ ═
2024-11-18 11:24:07,288 INFO     ___FILE_ONLY___ ═
2024-11-18 11:24:07,289 INFO     ___FILE_ONLY___ ═
2024-11-18 11:24:07,289 INFO     ___FILE_ONLY___ ═
2024-11-18 11:24:07,289 INFO     ___FILE_ONLY___ ═
2024-11-18 11:24:07,290 INFO     ___FILE_ONLY___ ═
2024-11-18 11:24:07,290 INFO     ___FILE_ONLY___ ═
2024-11-18 11:24:07,290 INFO     ___FILE_ONLY___ ═
2024-11-18 11:24:07,291 INFO     ___FILE_ONLY___ ═
2024-11-18 11:24:07,291 INFO     ___FILE_ONLY___ ═
2024-11-18 11:24:07,292 INFO     ___FILE_ONLY___ ═
2024-11-18 11:24:07,292 INFO     ___FILE_ONLY___ ═
2024-11-18 11:24:07,293 INFO     ___FILE_ONLY___ ═
2024-11-18 11:24:07,293 INFO     ___FILE_ONLY___ ═
2024-11-18 11:24:07,293 INFO     ___FILE_ONLY___ ═
2024-11-18 11:24:07,294 INFO     ___FILE_ONLY___ ═
2024-11-18 11:24:07,294 INFO     ___FILE_ONLY___ ═
2024-11-18 11:24:07,295 INFO     ___FILE_ONLY___ ═
2024-11-18 11:24:07,295 INFO     ___FILE_ONLY___ ═
2024-11-18 11:24:07,295 INFO     ___FILE_ONLY___ ═
2024-11-18 11:24:07,295 INFO     ___FILE_ONLY___ ═
2024-11-18 11:24:07,296 INFO     ___FILE_ONLY___ ═
2024-11-18 11:24:07,296 INFO     ___FILE_ONLY___ ╝

2024-11-18 11:24:07,317 INFO     ___FILE_ONLY___ ╔════════════════════════════════════════════════════════════╗

2024-11-18 11:24:07,317 INFO     ___FILE_ONLY___ ╠═ Downloading: gcloud Alpha Commands                       ═╣

2024-11-18 11:24:07,317 INFO     ___FILE_ONLY___ ╚
2024-11-18 11:24:07,323 DEBUG    urllib3.connectionpool Starting new HTTPS connection (1): dl.google.com:443
2024-11-18 11:24:07,466 DEBUG    urllib3.connectionpool https://dl.google.com:443 "GET /dl/cloudsdk/channels/rapid/components/google-cloud-sdk-alpha-20241108162203.tar.gz HTTP/1.1" 200 800
2024-11-18 11:24:07,467 INFO     ___FILE_ONLY___ ════════════════════════════════════════════════════════════
2024-11-18 11:24:07,467 INFO     ___FILE_ONLY___ ╝

2024-11-18 11:24:07,481 INFO     ___FILE_ONLY___ ╔════════════════════════════════════════════════════════════╗

2024-11-18 11:24:07,482 INFO     ___FILE_ONLY___ ╠═ Downloading: gcloud Beta Commands                        ═╣

2024-11-18 11:24:07,482 INFO     ___FILE_ONLY___ ╚
2024-11-18 11:24:07,486 DEBUG    urllib3.connectionpool Starting new HTTPS connection (1): dl.google.com:443
2024-11-18 11:24:07,633 DEBUG    urllib3.connectionpool https://dl.google.com:443 "GET /dl/cloudsdk/channels/rapid/components/google-cloud-sdk-beta-20241108162203.tar.gz HTTP/1.1" 200 797
2024-11-18 11:24:07,633 INFO     ___FILE_ONLY___ ════════════════════════════════════════════════════════════
2024-11-18 11:24:07,633 INFO     ___FILE_ONLY___ ╝

2024-11-18 11:24:07,639 INFO     ___FILE_ONLY___ ╔════════════════════════════════════════════════════════════╗

2024-11-18 11:24:07,639 INFO     ___FILE_ONLY___ ╠═ Downloading: gcloud cli dependencies (Platform Specific) ═╣

2024-11-18 11:24:07,639 INFO     ___FILE_ONLY___ ╚
2024-11-18 11:24:07,641 DEBUG    urllib3.connectionpool Starting new HTTPS connection (1): dl.google.com:443
2024-11-18 11:24:07,787 DEBUG    urllib3.connectionpool https://dl.google.com:443 "GET /dl/cloudsdk/channels/rapid/components/google-cloud-sdk-gcloud-deps-darwin-x86_64-20210416153011.tar.gz HTTP/1.1" 200 105
2024-11-18 11:24:07,788 INFO     ___FILE_ONLY___ ════════════════════════════════════════════════════════════
2024-11-18 11:24:07,788 INFO     ___FILE_ONLY___ ╝

2024-11-18 11:24:07,796 INFO     ___FILE_ONLY___ ╔════════════════════════════════════════════════════════════╗

2024-11-18 11:24:07,796 INFO     ___FILE_ONLY___ ╠═ Downloading: gke-gcloud-auth-plugin                      ═╣

2024-11-18 11:24:07,796 INFO     ___FILE_ONLY___ ╚
2024-11-18 11:24:07,796 INFO     ___FILE_ONLY___ ════════════════════════════════════════════════════════════
2024-11-18 11:24:07,796 INFO     ___FILE_ONLY___ ╝

2024-11-18 11:24:07,801 INFO     ___FILE_ONLY___ ╔════════════════════════════════════════════════════════════╗

2024-11-18 11:24:07,802 INFO     ___FILE_ONLY___ ╠═ Downloading: gke-gcloud-auth-plugin (Platform Specific)  ═╣

2024-11-18 11:24:07,802 INFO     ___FILE_ONLY___ ╚
2024-11-18 11:24:07,805 DEBUG    urllib3.connectionpool Starting new HTTPS connection (1): dl.google.com:443
2024-11-18 11:24:07,945 DEBUG    urllib3.connectionpool https://dl.google.com:443 "GET /dl/cloudsdk/channels/rapid/components/google-cloud-sdk-gke-gcloud-auth-plugin-darwin-arm-20240628141907.tar.gz HTTP/1.1" 200 4148014
2024-11-18 11:24:08,046 INFO     ___FILE_ONLY___ ═
2024-11-18 11:24:08,046 INFO     ___FILE_ONLY___ ═
2024-11-18 11:24:08,046 INFO     ___FILE_ONLY___ ═
2024-11-18 11:24:08,046 INFO     ___FILE_ONLY___ ═
2024-11-18 11:24:08,046 INFO     ___FILE_ONLY___ ═
2024-11-18 11:24:08,046 INFO     ___FILE_ONLY___ ═
2024-11-18 11:24:08,047 INFO     ___FILE_ONLY___ ═
2024-11-18 11:24:08,047 INFO     ___FILE_ONLY___ ═
2024-11-18 11:24:08,047 INFO     ___FILE_ONLY___ ═
2024-11-18 11:24:08,047 INFO     ___FILE_ONLY___ ═
2024-11-18 11:24:08,047 INFO     ___FILE_ONLY___ ═
2024-11-18 11:24:08,047 INFO     ___FILE_ONLY___ ═
2024-11-18 11:24:08,047 INFO     ___FILE_ONLY___ ═
2024-11-18 11:24:08,047 INFO     ___FILE_ONLY___ ═
2024-11-18 11:24:08,047 INFO     ___FILE_ONLY___ ═
2024-11-18 11:24:08,047 INFO     ___FILE_ONLY___ ═
2024-11-18 11:24:08,047 INFO     ___FILE_ONLY___ ═
2024-11-18 11:24:08,047 INFO     ___FILE_ONLY___ ═
2024-11-18 11:24:08,047 INFO     ___FILE_ONLY___ ═
2024-11-18 11:24:08,047 INFO     ___FILE_ONLY___ ═
2024-11-18 11:24:08,047 INFO     ___FILE_ONLY___ ═
2024-11-18 11:24:08,048 INFO     ___FILE_ONLY___ ═
2024-11-18 11:24:08,048 INFO     ___FILE_ONLY___ ═
2024-11-18 11:24:08,048 INFO     ___FILE_ONLY___ ═
2024-11-18 11:24:08,048 INFO     ___FILE_ONLY___ ═
2024-11-18 11:24:08,048 INFO     ___FILE_ONLY___ ═
2024-11-18 11:24:08,048 INFO     ___FILE_ONLY___ ═
2024-11-18 11:24:08,048 INFO     ___FILE_ONLY___ ═
2024-11-18 11:24:08,048 INFO     ___FILE_ONLY___ ═
2024-11-18 11:24:08,048 INFO     ___FILE_ONLY___ ═
2024-11-18 11:24:08,048 INFO     ___FILE_ONLY___ ═
2024-11-18 11:24:08,048 INFO     ___FILE_ONLY___ ═
2024-11-18 11:24:08,048 INFO     ___FILE_ONLY___ ═
2024-11-18 11:24:08,048 INFO     ___FILE_ONLY___ ═
2024-11-18 11:24:08,048 INFO     ___FILE_ONLY___ ═
2024-11-18 11:24:08,048 INFO     ___FILE_ONLY___ ═
2024-11-18 11:24:08,048 INFO     ___FILE_ONLY___ ═
2024-11-18 11:24:08,048 INFO     ___FILE_ONLY___ ═
2024-11-18 11:24:08,048 INFO     ___FILE_ONLY___ ═
2024-11-18 11:24:08,048 INFO     ___FILE_ONLY___ ═
2024-11-18 11:24:08,049 INFO     ___FILE_ONLY___ ═
2024-11-18 11:24:08,049 INFO     ___FILE_ONLY___ ═
2024-11-18 11:24:08,049 INFO     ___FILE_ONLY___ ═
2024-11-18 11:24:08,049 INFO     ___FILE_ONLY___ ═
2024-11-18 11:24:08,049 INFO     ___FILE_ONLY___ ═
2024-11-18 11:24:08,049 INFO     ___FILE_ONLY___ ═
2024-11-18 11:24:08,049 INFO     ___FILE_ONLY___ ═
2024-11-18 11:24:08,049 INFO     ___FILE_ONLY___ ═
2024-11-18 11:24:08,049 INFO     ___FILE_ONLY___ ═
2024-11-18 11:24:08,049 INFO     ___FILE_ONLY___ ═
2024-11-18 11:24:08,049 INFO     ___FILE_ONLY___ ═
2024-11-18 11:24:08,049 INFO     ___FILE_ONLY___ ═
2024-11-18 11:24:08,049 INFO     ___FILE_ONLY___ ═
2024-11-18 11:24:08,049 INFO     ___FILE_ONLY___ ═
2024-11-18 11:24:08,049 INFO     ___FILE_ONLY___ ═
2024-11-18 11:24:08,049 INFO     ___FILE_ONLY___ ═
2024-11-18 11:24:08,049 INFO     ___FILE_ONLY___ ═
2024-11-18 11:24:08,049 INFO     ___FILE_ONLY___ ═
2024-11-18 11:24:08,049 INFO     ___FILE_ONLY___ ═
2024-11-18 11:24:08,050 INFO     ___FILE_ONLY___ ═
2024-11-18 11:24:08,050 INFO     ___FILE_ONLY___ ╝

2024-11-18 11:24:08,057 INFO     ___FILE_ONLY___ ╔════════════════════════════════════════════════════════════╗

2024-11-18 11:24:08,057 INFO     ___FILE_ONLY___ ╠═ Downloading: kubectl                                     ═╣

2024-11-18 11:24:08,057 INFO     ___FILE_ONLY___ ╚
2024-11-18 11:24:08,060 DEBUG    urllib3.connectionpool Starting new HTTPS connection (1): dl.google.com:443
2024-11-18 11:24:08,208 DEBUG    urllib3.connectionpool https://dl.google.com:443 "GET /dl/cloudsdk/channels/rapid/components/google-cloud-sdk-kubectl-20241004144944.tar.gz HTTP/1.1" 200 36206
2024-11-18 11:24:08,218 INFO     ___FILE_ONLY___ ═══════════════════════════
2024-11-18 11:24:08,218 INFO     ___FILE_ONLY___ ═══════════════════════════
2024-11-18 11:24:08,218 INFO     ___FILE_ONLY___ ══════
2024-11-18 11:24:08,218 INFO     ___FILE_ONLY___ ╝

2024-11-18 11:24:08,227 INFO     ___FILE_ONLY___ ╔════════════════════════════════════════════════════════════╗

2024-11-18 11:24:08,228 INFO     ___FILE_ONLY___ ╠═ Downloading: kubectl (Platform Specific)                 ═╣

2024-11-18 11:24:08,228 INFO     ___FILE_ONLY___ ╚
2024-11-18 11:24:08,231 DEBUG    urllib3.connectionpool Starting new HTTPS connection (1): dl.google.com:443
2024-11-18 11:24:08,379 DEBUG    urllib3.connectionpool https://dl.google.com:443 "GET /dl/cloudsdk/channels/rapid/components/google-cloud-sdk-kubectl-darwin-arm-20241108162203.tar.gz HTTP/1.1" 200 90277960
