2024-11-18 11:24:21,949 DEBUG    root            Loaded Command Group: ['gcloud', 'meta']
2024-11-18 11:24:21,953 DEBUG    root            Loaded Command Group: ['gcloud', 'meta', 'list_commands']
2024-11-18 11:24:21,955 DEBUG    root            Running [gcloud.meta.list-commands] with arguments: []
2024-11-18 11:24:21,955 DEBUG    root            No implementation for release track [GA] for element: [/Users/gabrielpaura/Library/Application Support/cloud-code/installer/google-cloud-sdk/lib/surface/dlp]
2024-11-18 11:24:21,958 DEBUG    root            No implementation for release track [GA] for element: [/Users/gabrielpaura/Library/Application Support/cloud-code/installer/google-cloud-sdk/lib/surface/number_registry]
2024-11-18 11:24:21,958 DEBUG    root            Loaded Command Group: ['gcloud', 'edge_cache']
2024-11-18 11:24:21,960 DEBUG    root            Loaded Command Group: ['gcloud', 'edge-cache', 'origins']
2024-11-18 11:24:21,987 DEBUG    root            Loaded Command Group: ['gcloud', 'edge-cache', 'origins', 'describe']
2024-11-18 11:24:21,999 DEBUG    root            Loaded Command Group: ['gcloud', 'edge-cache', 'origins', 'list']
2024-11-18 11:24:22,017 DEBUG    root            Loaded Command Group: ['gcloud', 'edge-cache', 'origins', 'update']
2024-11-18 11:24:22,030 DEBUG    root            Loaded Command Group: ['gcloud', 'edge-cache', 'origins', 'export']
2024-11-18 11:24:22,039 DEBUG    root            Loaded Command Group: ['gcloud', 'edge-cache', 'origins', 'delete']
2024-11-18 11:24:22,048 DEBUG    root            Loaded Command Group: ['gcloud', 'edge-cache', 'origins', 'import']
2024-11-18 11:24:22,057 DEBUG    root            Loaded Command Group: ['gcloud', 'edge-cache', 'origins', 'create']
2024-11-18 11:24:22,064 DEBUG    root            Loaded Command Group: ['gcloud', 'edge-cache', 'keysets']
2024-11-18 11:24:22,066 DEBUG    root            Loaded Command Group: ['gcloud', 'edge-cache', 'keysets', 'describe']
2024-11-18 11:24:22,075 DEBUG    root            Loaded Command Group: ['gcloud', 'edge-cache', 'keysets', 'list']
2024-11-18 11:24:22,082 DEBUG    root            Loaded Command Group: ['gcloud', 'edge-cache', 'keysets', 'update']
2024-11-18 11:24:22,091 DEBUG    root            Loaded Command Group: ['gcloud', 'edge-cache', 'keysets', 'export']
2024-11-18 11:24:22,099 DEBUG    root            Loaded Command Group: ['gcloud', 'edge-cache', 'keysets', 'delete']
2024-11-18 11:24:22,108 DEBUG    root            Loaded Command Group: ['gcloud', 'edge-cache', 'keysets', 'import']
2024-11-18 11:24:22,117 DEBUG    root            Loaded Command Group: ['gcloud', 'edge-cache', 'keysets', 'create']
2024-11-18 11:24:22,123 DEBUG    root            Loaded Command Group: ['gcloud', 'edge-cache', 'operations']
2024-11-18 11:24:22,126 DEBUG    root            Loaded Command Group: ['gcloud', 'edge-cache', 'operations', 'describe']
2024-11-18 11:24:22,135 DEBUG    root            Loaded Command Group: ['gcloud', 'edge-cache', 'operations', 'list']
2024-11-18 11:24:22,139 DEBUG    root            Loaded Command Group: ['gcloud', 'edge-cache', 'services']
2024-11-18 11:24:22,142 DEBUG    root            Loaded Command Group: ['gcloud', 'edge-cache', 'services', 'describe']
2024-11-18 11:24:22,151 DEBUG    root            Loaded Command Group: ['gcloud', 'edge-cache', 'services', 'list']
2024-11-18 11:24:22,159 DEBUG    root            Loaded Command Group: ['gcloud', 'edge-cache', 'services', 'update']
2024-11-18 11:24:22,167 DEBUG    root            Loaded Command Group: ['gcloud', 'edge-cache', 'services', 'export']
2024-11-18 11:24:22,186 DEBUG    root            Loaded Command Group: ['gcloud', 'edge-cache', 'services', 'delete']
2024-11-18 11:24:22,195 DEBUG    root            Loaded Command Group: ['gcloud', 'edge-cache', 'services', 'import']
2024-11-18 11:24:22,204 DEBUG    root            Loaded Command Group: ['gcloud', 'edge-cache', 'services', 'invalidate_cache']
2024-11-18 11:24:22,210 DEBUG    root            No implementation for release track [GA] for element: [/Users/gabrielpaura/Library/Application Support/cloud-code/installer/google-cloud-sdk/lib/surface/resource_config]
2024-11-18 11:24:22,211 DEBUG    root            Loaded Command Group: ['gcloud', 'kms']
2024-11-18 11:24:22,219 DEBUG    root            Loaded Command Group: ['gcloud', 'kms', 'import_jobs']
2024-11-18 11:24:22,231 DEBUG    root            Loaded Command Group: ['gcloud', 'kms', 'import-jobs', 'add_iam_policy_binding']
2024-11-18 11:24:22,236 DEBUG    root            Loaded Command Group: ['gcloud', 'kms', 'import-jobs', 'describe']
2024-11-18 11:24:22,238 DEBUG    root            Loaded Command Group: ['gcloud', 'kms', 'import-jobs', 'get_iam_policy']
2024-11-18 11:24:22,244 DEBUG    root            Loaded Command Group: ['gcloud', 'kms', 'import-jobs', 'remove_iam_policy_binding']
2024-11-18 11:24:22,251 DEBUG    root            Loaded Command Group: ['gcloud', 'kms', 'import-jobs', 'set_iam_policy']
2024-11-18 11:24:22,256 DEBUG    root            Loaded Command Group: ['gcloud', 'kms', 'import-jobs', 'list']
2024-11-18 11:24:22,257 DEBUG    root            Loaded Command Group: ['gcloud', 'kms', 'import-jobs', 'create']
2024-11-18 11:24:22,257 DEBUG    root            Loaded Command Group: ['gcloud', 'kms', 'inventory']
2024-11-18 11:24:22,258 DEBUG    root            Loaded Command Group: ['gcloud', 'kms', 'inventory', 'search_protected_resources']
2024-11-18 11:24:22,260 DEBUG    root            Loaded Command Group: ['gcloud', 'kms', 'inventory', 'get_protected_resources_summary']
2024-11-18 11:24:22,262 DEBUG    root            Loaded Command Group: ['gcloud', 'kms', 'inventory', 'list_keys']
2024-11-18 11:24:22,264 DEBUG    root            Loaded Command Group: ['gcloud', 'kms', 'encrypt']
2024-11-18 11:24:22,265 DEBUG    root            Loaded Command Group: ['gcloud', 'kms', 'asymmetric_decrypt']
2024-11-18 11:24:22,265 DEBUG    root            Loaded Command Group: ['gcloud', 'kms', 'raw_encrypt']
2024-11-18 11:24:22,266 DEBUG    root            Loaded Command Group: ['gcloud', 'kms', 'raw_decrypt']
2024-11-18 11:24:22,267 DEBUG    root            Loaded Command Group: ['gcloud', 'kms', 'asymmetric_sign']
2024-11-18 11:24:22,267 DEBUG    root            No implementation for release track [GA] for element: [/Users/gabrielpaura/Library/Application Support/cloud-code/installer/google-cloud-sdk/lib/surface/kms/key_handles]
2024-11-18 11:24:22,267 DEBUG    root            Loaded Command Group: ['gcloud', 'kms', 'keyrings']
2024-11-18 11:24:22,270 DEBUG    root            Loaded Command Group: ['gcloud', 'kms', 'keyrings', 'remove_iam_policy_binding']
2024-11-18 11:24:22,272 DEBUG    root            Loaded Command Group: ['gcloud', 'kms', 'keyrings', 'create']
2024-11-18 11:24:22,275 DEBUG    root            Loaded Command Group: ['gcloud', 'kms', 'keyrings', 'add_iam_policy_binding']
2024-11-18 11:24:22,278 DEBUG    root            Loaded Command Group: ['gcloud', 'kms', 'keyrings', 'describe']
2024-11-18 11:24:22,279 DEBUG    root            Loaded Command Group: ['gcloud', 'kms', 'keyrings', 'get_iam_policy']
2024-11-18 11:24:22,280 DEBUG    root            Loaded Command Group: ['gcloud', 'kms', 'keyrings', 'set_iam_policy']
2024-11-18 11:24:22,280 DEBUG    root            Loaded Command Group: ['gcloud', 'kms', 'keyrings', 'list']
2024-11-18 11:24:22,281 DEBUG    root            No implementation for release track [GA] for element: [/Users/gabrielpaura/Library/Application Support/cloud-code/installer/google-cloud-sdk/lib/surface/kms/keyrings/config]
2024-11-18 11:24:22,281 DEBUG    root            Loaded Command Group: ['gcloud', 'kms', 'keys']
2024-11-18 11:24:22,282 DEBUG    root            Loaded Command Group: ['gcloud', 'kms', 'keys', 'set_rotation_schedule']
2024-11-18 11:24:22,284 DEBUG    root            Loaded Command Group: ['gcloud', 'kms', 'keys', 'remove_rotation_schedule']
2024-11-18 11:24:22,285 DEBUG    root            Loaded Command Group: ['gcloud', 'kms', 'keys', 'versions']
2024-11-18 11:24:22,286 DEBUG    root            Loaded Command Group: ['gcloud', 'kms', 'keys', 'versions', 'update']
2024-11-18 11:24:22,287 DEBUG    root            Loaded Command Group: ['gcloud', 'kms', 'keys', 'versions', 'get_certificate_chain']
2024-11-18 11:24:22,287 DEBUG    root            Loaded Command Group: ['gcloud', 'kms', 'keys', 'versions', 'restore']
2024-11-18 11:24:22,288 DEBUG    root            Loaded Command Group: ['gcloud', 'kms', 'keys', 'versions', 'create']
2024-11-18 11:24:22,288 DEBUG    root            Loaded Command Group: ['gcloud', 'kms', 'keys', 'versions', 'describe']
2024-11-18 11:24:22,288 DEBUG    root            Loaded Command Group: ['gcloud', 'kms', 'keys', 'versions', 'list']
2024-11-18 11:24:22,289 DEBUG    root            Loaded Command Group: ['gcloud', 'kms', 'keys', 'versions', 'disable']
2024-11-18 11:24:22,290 DEBUG    root            Loaded Command Group: ['gcloud', 'kms', 'keys', 'versions', 'get_public_key']
2024-11-18 11:24:22,290 DEBUG    root            Loaded Command Group: ['gcloud', 'kms', 'keys', 'versions', 'enable']
2024-11-18 11:24:22,290 DEBUG    root            Loaded Command Group: ['gcloud', 'kms', 'keys', 'versions', 'destroy']
2024-11-18 11:24:22,291 DEBUG    root            Loaded Command Group: ['gcloud', 'kms', 'keys', 'versions', 'import']
2024-11-18 11:24:22,294 DEBUG    root            Loaded Command Group: ['gcloud', 'kms', 'keys', 'remove_iam_policy_binding']
2024-11-18 11:24:22,297 DEBUG    root            Loaded Command Group: ['gcloud', 'kms', 'keys', 'update']
2024-11-18 11:24:22,299 DEBUG    root            Loaded Command Group: ['gcloud', 'kms', 'keys', 'create']
2024-11-18 11:24:22,303 DEBUG    root            Loaded Command Group: ['gcloud', 'kms', 'keys', 'add_iam_policy_binding']
2024-11-18 11:24:22,306 DEBUG    root            Loaded Command Group: ['gcloud', 'kms', 'keys', 'describe']
2024-11-18 11:24:22,309 DEBUG    root            Loaded Command Group: ['gcloud', 'kms', 'keys', 'get_iam_policy']
2024-11-18 11:24:22,312 DEBUG    root            Loaded Command Group: ['gcloud', 'kms', 'keys', 'set_iam_policy']
2024-11-18 11:24:22,314 DEBUG    root            Loaded Command Group: ['gcloud', 'kms', 'keys', 'list']
2024-11-18 11:24:22,315 DEBUG    root            Loaded Command Group: ['gcloud', 'kms', 'keys', 'set_primary_version']
2024-11-18 11:24:22,317 DEBUG    root            No implementation for release track [GA] for element: [/Users/gabrielpaura/Library/Application Support/cloud-code/installer/google-cloud-sdk/lib/surface/kms/keys/config]
2024-11-18 11:24:22,318 DEBUG    root            Loaded Command Group: ['gcloud', 'kms', 'ekm_connections']
2024-11-18 11:24:22,320 DEBUG    root            Loaded Command Group: ['gcloud', 'kms', 'ekm-connections', 'remove_iam_policy_binding']
2024-11-18 11:24:22,323 DEBUG    root            Loaded Command Group: ['gcloud', 'kms', 'ekm-connections', 'update']
2024-11-18 11:24:22,324 DEBUG    root            Loaded Command Group: ['gcloud', 'kms', 'ekm-connections', 'create']
2024-11-18 11:24:22,327 DEBUG    root            Loaded Command Group: ['gcloud', 'kms', 'ekm-connections', 'add_iam_policy_binding']
2024-11-18 11:24:22,330 DEBUG    root            Loaded Command Group: ['gcloud', 'kms', 'ekm-connections', 'describe']
2024-11-18 11:24:22,333 DEBUG    root            Loaded Command Group: ['gcloud', 'kms', 'ekm-connections', 'get_iam_policy']
2024-11-18 11:24:22,337 DEBUG    root            Loaded Command Group: ['gcloud', 'kms', 'ekm-connections', 'set_iam_policy']
2024-11-18 11:24:22,340 DEBUG    root            Loaded Command Group: ['gcloud', 'kms', 'ekm-connections', 'list']
2024-11-18 11:24:22,341 DEBUG    root            Loaded Command Group: ['gcloud', 'kms', 'decrypt']
2024-11-18 11:24:22,341 DEBUG    root            Loaded Command Group: ['gcloud', 'kms', 'ekm_config']
2024-11-18 11:24:22,341 DEBUG    root            Loaded Command Group: ['gcloud', 'kms', 'ekm-config', 'add_iam_policy_binding']
2024-11-18 11:24:22,343 DEBUG    root            Loaded Command Group: ['gcloud', 'kms', 'ekm-config', 'describe']
2024-11-18 11:24:22,343 DEBUG    root            Loaded Command Group: ['gcloud', 'kms', 'ekm-config', 'set_iam_policy']
2024-11-18 11:24:22,344 DEBUG    root            Loaded Command Group: ['gcloud', 'kms', 'ekm-config', 'remove_iam_policy_binding']
2024-11-18 11:24:22,345 DEBUG    root            Loaded Command Group: ['gcloud', 'kms', 'ekm-config', 'get_iam_policy']
2024-11-18 11:24:22,346 DEBUG    root            Loaded Command Group: ['gcloud', 'kms', 'ekm-config', 'update']
2024-11-18 11:24:22,347 DEBUG    root            No implementation for release track [GA] for element: [/Users/gabrielpaura/Library/Application Support/cloud-code/installer/google-cloud-sdk/lib/surface/kms/autokey_config]
2024-11-18 11:24:22,347 DEBUG    root            Loaded Command Group: ['gcloud', 'kms', 'mac_verify']
2024-11-18 11:24:22,347 DEBUG    root            Loaded Command Group: ['gcloud', 'kms', 'locations']
2024-11-18 11:24:22,347 DEBUG    root            Loaded Command Group: ['gcloud', 'kms', 'locations', 'list']
2024-11-18 11:24:22,348 DEBUG    root            Loaded Command Group: ['gcloud', 'kms', 'mac_sign']
2024-11-18 11:24:22,349 DEBUG    root            No implementation for release track [GA] for element: [/Users/gabrielpaura/Library/Application Support/cloud-code/installer/google-cloud-sdk/lib/surface/cbrs_spectrum_access]
2024-11-18 11:24:22,349 DEBUG    root            Loaded Command Group: ['gcloud', 'billing']
2024-11-18 11:24:22,349 DEBUG    root            Loaded Command Group: ['gcloud', 'billing', 'budgets']
2024-11-18 11:24:22,356 DEBUG    root            Loaded Command Group: ['gcloud', 'billing', 'budgets', 'describe']
2024-11-18 11:24:22,360 DEBUG    root            Loaded Command Group: ['gcloud', 'billing', 'budgets', 'list']
2024-11-18 11:24:22,378 DEBUG    root            Loaded Command Group: ['gcloud', 'billing', 'budgets', 'update']
2024-11-18 11:24:22,382 DEBUG    root            Loaded Command Group: ['gcloud', 'billing', 'budgets', 'delete']
2024-11-18 11:24:22,399 DEBUG    root            Loaded Command Group: ['gcloud', 'billing', 'budgets', 'create']
2024-11-18 11:24:22,402 DEBUG    root            Loaded Command Group: ['gcloud', 'billing', 'accounts']
2024-11-18 11:24:22,407 DEBUG    root            Loaded Command Group: ['gcloud', 'billing', 'accounts', 'add_iam_policy_binding']
2024-11-18 11:24:22,410 DEBUG    root            Loaded Command Group: ['gcloud', 'billing', 'accounts', 'describe']
2024-11-18 11:24:22,412 DEBUG    root            Loaded Command Group: ['gcloud', 'billing', 'accounts', 'get_iam_policy']
2024-11-18 11:24:22,415 DEBUG    root            Loaded Command Group: ['gcloud', 'billing', 'accounts', 'remove_iam_policy_binding']
2024-11-18 11:24:22,418 DEBUG    root            Loaded Command Group: ['gcloud', 'billing', 'accounts', 'set_iam_policy']
2024-11-18 11:24:22,420 DEBUG    root            Loaded Command Group: ['gcloud', 'billing', 'accounts', 'list']
2024-11-18 11:24:22,420 DEBUG    root            No implementation for release track [GA] for element: [/Users/gabrielpaura/Library/Application Support/cloud-code/installer/google-cloud-sdk/lib/surface/billing/accounts/projects]
2024-11-18 11:24:22,420 DEBUG    root            Loaded Command Group: ['gcloud', 'billing', 'projects']
2024-11-18 11:24:22,421 DEBUG    root            Loaded Command Group: ['gcloud', 'billing', 'projects', 'describe']
2024-11-18 11:24:22,421 DEBUG    root            Loaded Command Group: ['gcloud', 'billing', 'projects', 'link']
2024-11-18 11:24:22,422 DEBUG    root            Loaded Command Group: ['gcloud', 'billing', 'projects', 'list']
2024-11-18 11:24:22,422 DEBUG    root            Loaded Command Group: ['gcloud', 'billing', 'projects', 'unlink']
2024-11-18 11:24:22,423 DEBUG    root            No implementation for release track [GA] for element: [/Users/gabrielpaura/Library/Application Support/cloud-code/installer/google-cloud-sdk/lib/surface/data_fusion]
2024-11-18 11:24:22,430 DEBUG    root            Loaded Command Group: ['gcloud', 'ai_platform']
2024-11-18 11:24:22,431 DEBUG    root            Loaded Command Group: ['gcloud', 'ai-platform', 'local']
2024-11-18 11:24:22,432 DEBUG    root            Loaded Command Group: ['gcloud', 'ai-platform', 'local', 'predict']
2024-11-18 11:24:22,432 DEBUG    root            Loaded Command Group: ['gcloud', 'ai-platform', 'local', 'train']
2024-11-18 11:24:22,433 DEBUG    root            Loaded Command Group: ['gcloud', 'ai-platform', 'versions']
2024-11-18 11:24:22,443 DEBUG    root            Loaded Command Group: ['gcloud', 'ai-platform', 'versions', 'set_default']
2024-11-18 11:24:22,443 DEBUG    root            Loaded Command Group: ['gcloud', 'ai-platform', 'versions', 'describe']
2024-11-18 11:24:22,444 DEBUG    root            Loaded Command Group: ['gcloud', 'ai-platform', 'versions', 'list']
2024-11-18 11:24:22,445 DEBUG    root            Loaded Command Group: ['gcloud', 'ai-platform', 'versions', 'update']
2024-11-18 11:24:22,445 DEBUG    root            Loaded Command Group: ['gcloud', 'ai-platform', 'versions', 'delete']
2024-11-18 11:24:22,446 DEBUG    root            Loaded Command Group: ['gcloud', 'ai-platform', 'versions', 'create']
2024-11-18 11:24:22,447 DEBUG    root            Loaded Command Group: ['gcloud', 'ai-platform', 'predict']
2024-11-18 11:24:22,447 DEBUG    root            Loaded Command Group: ['gcloud', 'ai-platform', 'jobs']
2024-11-18 11:24:22,451 DEBUG    root            Loaded Command Group: ['gcloud', 'ai-platform', 'jobs', 'describe']
2024-11-18 11:24:22,451 DEBUG    root            Loaded Command Group: ['gcloud', 'ai-platform', 'jobs', 'list']
2024-11-18 11:24:22,452 DEBUG    root            Loaded Command Group: ['gcloud', 'ai-platform', 'jobs', 'update']
2024-11-18 11:24:22,452 DEBUG    root            Loaded Command Group: ['gcloud', 'ai-platform', 'jobs', 'cancel']
2024-11-18 11:24:22,453 DEBUG    root            Loaded Command Group: ['gcloud', 'ai-platform', 'jobs', 'stream_logs']
2024-11-18 11:24:22,453 DEBUG    root            Loaded Command Group: ['gcloud', 'ai-platform', 'jobs', 'submit']
2024-11-18 11:24:22,456 DEBUG    root            Loaded Command Group: ['gcloud', 'ai-platform', 'jobs', 'submit', 'training']
2024-11-18 11:24:22,464 DEBUG    root            Loaded Command Group: ['gcloud', 'ai-platform', 'jobs', 'submit', 'prediction']
2024-11-18 11:24:22,464 DEBUG    root            Loaded Command Group: ['gcloud', 'ai-platform', 'models']
2024-11-18 11:24:22,465 DEBUG    root            Loaded Command Group: ['gcloud', 'ai-platform', 'models', 'remove_iam_policy_binding']
2024-11-18 11:24:22,465 DEBUG    root            Loaded Command Group: ['gcloud', 'ai-platform', 'models', 'update']
2024-11-18 11:24:22,465 DEBUG    root            Loaded Command Group: ['gcloud', 'ai-platform', 'models', 'delete']
2024-11-18 11:24:22,466 DEBUG    root            Loaded Command Group: ['gcloud', 'ai-platform', 'models', 'create']
2024-11-18 11:24:22,466 DEBUG    root            Loaded Command Group: ['gcloud', 'ai-platform', 'models', 'add_iam_policy_binding']
2024-11-18 11:24:22,467 DEBUG    root            Loaded Command Group: ['gcloud', 'ai-platform', 'models', 'describe']
2024-11-18 11:24:22,467 DEBUG    root            Loaded Command Group: ['gcloud', 'ai-platform', 'models', 'get_iam_policy']
2024-11-18 11:24:22,467 DEBUG    root            Loaded Command Group: ['gcloud', 'ai-platform', 'models', 'set_iam_policy']
2024-11-18 11:24:22,468 DEBUG    root            Loaded Command Group: ['gcloud', 'ai-platform', 'models', 'list']
2024-11-18 11:24:22,468 DEBUG    root            Loaded Command Group: ['gcloud', 'ai-platform', 'operations']
2024-11-18 11:24:22,469 DEBUG    root            Loaded Command Group: ['gcloud', 'ai-platform', 'operations', 'wait']
2024-11-18 11:24:22,469 DEBUG    root            Loaded Command Group: ['gcloud', 'ai-platform', 'operations', 'describe']
2024-11-18 11:24:22,469 DEBUG    root            Loaded Command Group: ['gcloud', 'ai-platform', 'operations', 'list']
2024-11-18 11:24:22,470 DEBUG    root            Loaded Command Group: ['gcloud', 'ai-platform', 'operations', 'cancel']
2024-11-18 11:24:22,470 DEBUG    root            No implementation for release track [GA] for element: [/Users/gabrielpaura/Library/Application Support/cloud-code/installer/google-cloud-sdk/lib/surface/ai_platform/explain]
2024-11-18 11:24:22,470 DEBUG    root            No implementation for release track [GA] for element: [/Users/gabrielpaura/Library/Application Support/cloud-code/installer/google-cloud-sdk/lib/surface/ai_platform/locations]
2024-11-18 11:24:22,471 DEBUG    root            Loaded Command Group: ['gcloud', 'auth']
2024-11-18 11:24:22,472 DEBUG    root            Loaded Command Group: ['gcloud', 'auth', 'docker_helper']
2024-11-18 11:24:22,473 DEBUG    root            Loaded Command Group: ['gcloud', 'auth', 'print_access_token']
2024-11-18 11:24:22,473 DEBUG    root            Loaded Command Group: ['gcloud', 'auth', 'enterprise_certificate_config']
2024-11-18 11:24:22,474 DEBUG    root            Loaded Command Group: ['gcloud', 'auth', 'enterprise-certificate-config', 'create']
2024-11-18 11:24:22,474 DEBUG    root            Loaded Command Group: ['gcloud', 'auth', 'enterprise-certificate-config', 'create', 'windows']
2024-11-18 11:24:22,475 DEBUG    root            Loaded Command Group: ['gcloud', 'auth', 'enterprise-certificate-config', 'create', 'macos']
2024-11-18 11:24:22,475 DEBUG    root            Loaded Command Group: ['gcloud', 'auth', 'enterprise-certificate-config', 'create', 'linux']
2024-11-18 11:24:22,476 DEBUG    root            Loaded Command Group: ['gcloud', 'auth', 'activate_service_account']
2024-11-18 11:24:22,478 DEBUG    root            Loaded Command Group: ['gcloud', 'auth', 'revoke']
2024-11-18 11:24:22,478 DEBUG    root            Loaded Command Group: ['gcloud', 'auth', 'configure_docker']
2024-11-18 11:24:22,479 DEBUG    root            Loaded Command Group: ['gcloud', 'auth', 'application_default']
2024-11-18 11:24:22,482 DEBUG    root            Loaded Command Group: ['gcloud', 'auth', 'application-default', 'revoke']
2024-11-18 11:24:22,483 DEBUG    root            Loaded Command Group: ['gcloud', 'auth', 'application-default', 'print_access_token']
2024-11-18 11:24:22,483 DEBUG    root            Loaded Command Group: ['gcloud', 'auth', 'application-default', 'login']
2024-11-18 11:24:22,484 DEBUG    root            Loaded Command Group: ['gcloud', 'auth', 'application-default', 'set_quota_project']
2024-11-18 11:24:22,485 DEBUG    root            Loaded Command Group: ['gcloud', 'auth', 'describe']
2024-11-18 11:24:22,485 DEBUG    root            Loaded Command Group: ['gcloud', 'auth', 'print_refresh_token']
2024-11-18 11:24:22,486 DEBUG    root            Loaded Command Group: ['gcloud', 'auth', 'activate_refresh_token']
2024-11-18 11:24:22,486 DEBUG    root            Loaded Command Group: ['gcloud', 'auth', 'list']
2024-11-18 11:24:22,487 DEBUG    root            Loaded Command Group: ['gcloud', 'auth', 'login']
2024-11-18 11:24:22,488 DEBUG    root            Loaded Command Group: ['gcloud', 'auth', 'print_identity_token']
2024-11-18 11:24:22,488 DEBUG    root            Loaded Command Group: ['gcloud', 'auth', 'git_helper']
2024-11-18 11:24:22,496 DEBUG    root            Loaded Command Group: ['gcloud', 'compute']
2024-11-18 11:24:22,497 DEBUG    root            Loaded Command Group: ['gcloud', 'compute', 'resource_policies']
2024-11-18 11:24:22,498 DEBUG    root            Loaded Command Group: ['gcloud', 'compute', 'resource-policies', 'update']
2024-11-18 11:24:22,502 DEBUG    root            Loaded Command Group: ['gcloud', 'compute', 'resource-policies', 'update', 'snapshot_schedule']
2024-11-18 11:24:22,575 DEBUG    root            Loaded Command Group: ['gcloud', 'compute', 'resource-policies', 'update', 'instance_schedule']
2024-11-18 11:24:22,575 DEBUG    root            No implementation for release track [GA] for element: [/Users/gabrielpaura/Library/Application Support/cloud-code/installer/google-cloud-sdk/lib/surface/compute/resource_policies/create_vm_maintenance]
2024-11-18 11:24:22,576 DEBUG    root            Loaded Command Group: ['gcloud', 'compute', 'resource-policies', 'delete']
2024-11-18 11:24:22,576 DEBUG    root            No implementation for release track [GA] for element: [/Users/gabrielpaura/Library/Application Support/cloud-code/installer/google-cloud-sdk/lib/surface/compute/resource_policies/create_snapshot_schedule]
2024-11-18 11:24:22,577 DEBUG    root            Loaded Command Group: ['gcloud', 'compute', 'resource-policies', 'create']
2024-11-18 11:24:22,577 DEBUG    root            Loaded Command Group: ['gcloud', 'compute', 'resource-policies', 'create', 'instance_schedule']
2024-11-18 11:24:22,578 DEBUG    root            Loaded Command Group: ['gcloud', 'compute', 'resource-policies', 'create', 'group_placement']
2024-11-18 11:24:22,578 DEBUG    root            Loaded Command Group: ['gcloud', 'compute', 'resource-policies', 'create', 'disk_consistency_group']
2024-11-18 11:24:22,579 DEBUG    root            Loaded Command Group: ['gcloud', 'compute', 'resource-policies', 'create', 'snapshot_schedule']
2024-11-18 11:24:22,633 DEBUG    root            No implementation for release track [GA] for element: [/Users/gabrielpaura/Library/Application Support/cloud-code/installer/google-cloud-sdk/lib/surface/compute/resource_policies/create/vm_maintenance]
2024-11-18 11:24:22,654 DEBUG    root            Loaded Command Group: ['gcloud', 'compute', 'resource-policies', 'get_iam_policy']
2024-11-18 11:24:22,659 DEBUG    root            Loaded Command Group: ['gcloud', 'compute', 'resource-policies', 'describe']
2024-11-18 11:24:22,662 DEBUG    root            Loaded Command Group: ['gcloud', 'compute', 'resource-policies', 'set_iam_policy']
2024-11-18 11:24:22,667 DEBUG    root            Loaded Command Group: ['gcloud', 'compute', 'resource-policies', 'list']
2024-11-18 11:24:22,668 DEBUG    root            Loaded Command Group: ['gcloud', 'compute', 'target_tcp_proxies']
2024-11-18 11:24:22,669 DEBUG    root            Loaded Command Group: ['gcloud', 'compute', 'target-tcp-proxies', 'describe']
2024-11-18 11:24:22,669 DEBUG    root            Loaded Command Group: ['gcloud', 'compute', 'target-tcp-proxies', 'list']
2024-11-18 11:24:22,671 DEBUG    root            Loaded Command Group: ['gcloud', 'compute', 'target-tcp-proxies', 'update']
2024-11-18 11:24:22,672 DEBUG    root            Loaded Command Group: ['gcloud', 'compute', 'target-tcp-proxies', 'delete']
2024-11-18 11:24:22,672 DEBUG    root            No implementation for release track [GA] for element: [/Users/gabrielpaura/Library/Application Support/cloud-code/installer/google-cloud-sdk/lib/surface/compute/target_tcp_proxies/config]
2024-11-18 11:24:22,673 DEBUG    root            Loaded Command Group: ['gcloud', 'compute', 'target-tcp-proxies', 'create']
2024-11-18 11:24:22,677 DEBUG    root            Loaded Command Group: ['gcloud', 'compute', 'reset_windows_password']
2024-11-18 11:24:22,677 DEBUG    root            Loaded Command Group: ['gcloud', 'compute', 'snapshots']
2024-11-18 11:24:22,681 DEBUG    root            Loaded Command Group: ['gcloud', 'compute', 'snapshots', 'remove_iam_policy_binding']
2024-11-18 11:24:22,686 DEBUG    root            Loaded Command Group: ['gcloud', 'compute', 'snapshots', 'remove_labels']
2024-11-18 11:24:22,687 DEBUG    root            Loaded Command Group: ['gcloud', 'compute', 'snapshots', 'update']
2024-11-18 11:24:22,687 DEBUG    root            Loaded Command Group: ['gcloud', 'compute', 'snapshots', 'delete']
2024-11-18 11:24:22,688 DEBUG    root            Loaded Command Group: ['gcloud', 'compute', 'snapshots', 'add_labels']
2024-11-18 11:24:22,688 DEBUG    root            Loaded Command Group: ['gcloud', 'compute', 'snapshots', 'create']
2024-11-18 11:24:22,692 DEBUG    root            Loaded Command Group: ['gcloud', 'compute', 'snapshots', 'add_iam_policy_binding']
2024-11-18 11:24:22,696 DEBUG    root            Loaded Command Group: ['gcloud', 'compute', 'snapshots', 'describe']
2024-11-18 11:24:22,699 DEBUG    root            Loaded Command Group: ['gcloud', 'compute', 'snapshots', 'get_iam_policy']
2024-11-18 11:24:22,706 DEBUG    root            Loaded Command Group: ['gcloud', 'compute', 'snapshots', 'set_iam_policy']
2024-11-18 11:24:22,709 DEBUG    root            Loaded Command Group: ['gcloud', 'compute', 'snapshots', 'list']
2024-11-18 11:24:22,710 DEBUG    root            Loaded Command Group: ['gcloud', 'compute', 'target_vpn_gateways']
2024-11-18 11:24:22,711 DEBUG    root            Loaded Command Group: ['gcloud', 'compute', 'target-vpn-gateways', 'describe']
2024-11-18 11:24:22,712 DEBUG    root            Loaded Command Group: ['gcloud', 'compute', 'target-vpn-gateways', 'list']
2024-11-18 11:24:22,712 DEBUG    root            No implementation for release track [GA] for element: [/Users/gabrielpaura/Library/Application Support/cloud-code/installer/google-cloud-sdk/lib/surface/compute/target_vpn_gateways/update]
2024-11-18 11:24:22,712 DEBUG    root            Loaded Command Group: ['gcloud', 'compute', 'target-vpn-gateways', 'delete']
2024-11-18 11:24:22,713 DEBUG    root            No implementation for release track [GA] for element: [/Users/gabrielpaura/Library/Application Support/cloud-code/installer/google-cloud-sdk/lib/surface/compute/target_vpn_gateways/config]
2024-11-18 11:24:22,714 DEBUG    root            Loaded Command Group: ['gcloud', 'compute', 'target-vpn-gateways', 'create']
2024-11-18 11:24:22,714 DEBUG    root            Loaded Command Group: ['gcloud', 'compute', 'target_https_proxies']
2024-11-18 11:24:22,718 DEBUG    root            Loaded Command Group: ['gcloud', 'compute', 'target-https-proxies', 'update']
2024-11-18 11:24:22,729 DEBUG    root            Loaded Command Group: ['gcloud', 'compute', 'target-https-proxies', 'export']
2024-11-18 11:24:22,729 DEBUG    root            Loaded Command Group: ['gcloud', 'compute', 'target-https-proxies', 'delete']
2024-11-18 11:24:22,730 DEBUG    root            Loaded Command Group: ['gcloud', 'compute', 'target-https-proxies', 'create']
2024-11-18 11:24:22,733 DEBUG    root            Loaded Command Group: ['gcloud', 'compute', 'target-https-proxies', 'describe']
2024-11-18 11:24:22,733 DEBUG    root            Loaded Command Group: ['gcloud', 'compute', 'target-https-proxies', 'list']
2024-11-18 11:24:22,734 DEBUG    root            No implementation for release track [GA] for element: [/Users/gabrielpaura/Library/Application Support/cloud-code/installer/google-cloud-sdk/lib/surface/compute/target_https_proxies/config]
2024-11-18 11:24:22,734 DEBUG    root            Loaded Command Group: ['gcloud', 'compute', 'target-https-proxies', 'import']
2024-11-18 11:24:22,735 DEBUG    root            Loaded Command Group: ['gcloud', 'compute', 'disks']
2024-11-18 11:24:22,739 DEBUG    root            Loaded Command Group: ['gcloud', 'compute', 'disks', 'remove_iam_policy_binding']
2024-11-18 11:24:22,744 DEBUG    root            Loaded Command Group: ['gcloud', 'compute', 'disks', 'remove_labels']
2024-11-18 11:24:22,745 DEBUG    root            Loaded Command Group: ['gcloud', 'compute', 'disks', 'update']
2024-11-18 11:24:22,746 DEBUG    root            Loaded Command Group: ['gcloud', 'compute', 'disks', 'snapshot']
2024-11-18 11:24:22,748 DEBUG    root            Loaded Command Group: ['gcloud', 'compute', 'disks', 'create']
2024-11-18 11:24:22,755 DEBUG    root            Loaded Command Group: ['gcloud', 'compute', 'disks', 'get_iam_policy']
2024-11-18 11:24:22,759 DEBUG    root            No implementation for release track [GA] for element: [/Users/gabrielpaura/Library/Application Support/cloud-code/installer/google-cloud-sdk/lib/surface/compute/disks/convert]
2024-11-18 11:24:22,759 DEBUG    root            Loaded Command Group: ['gcloud', 'compute', 'disks', 'move']
2024-11-18 11:24:22,760 DEBUG    root            Loaded Command Group: ['gcloud', 'compute', 'disks', 'list']
2024-11-18 11:24:22,761 DEBUG    root            No implementation for release track [GA] for element: [/Users/gabrielpaura/Library/Application Support/cloud-code/installer/google-cloud-sdk/lib/surface/compute/disks/config]
2024-11-18 11:24:22,761 DEBUG    root            Loaded Command Group: ['gcloud', 'compute', 'disks', 'delete']
2024-11-18 11:24:22,762 DEBUG    root            Loaded Command Group: ['gcloud', 'compute', 'disks', 'start_async_replication']
2024-11-18 11:24:22,762 DEBUG    root            Loaded Command Group: ['gcloud', 'compute', 'disks', 'add_resource_policies']
2024-11-18 11:24:22,763 DEBUG    root            Loaded Command Group: ['gcloud', 'compute', 'disks', 'bulk']
2024-11-18 11:24:22,763 DEBUG    root            Loaded Command Group: ['gcloud', 'compute', 'disks', 'bulk', 'create']
2024-11-18 11:24:22,763 DEBUG    root            Loaded Command Group: ['gcloud', 'compute', 'disks', 'add_labels']
2024-11-18 11:24:22,764 DEBUG    root            Loaded Command Group: ['gcloud', 'compute', 'disks', 'stop_group_async_replication']
2024-11-18 11:24:22,768 DEBUG    root            Loaded Command Group: ['gcloud', 'compute', 'disks', 'set_iam_policy']
2024-11-18 11:24:22,809 DEBUG    root            Loaded Command Group: ['gcloud', 'compute', 'disks', 'add_iam_policy_binding']
2024-11-18 11:24:22,840 DEBUG    root            Loaded Command Group: ['gcloud', 'compute', 'disks', 'describe']
2024-11-18 11:24:22,841 DEBUG    root            Loaded Command Group: ['gcloud', 'compute', 'disks', 'remove_resource_policies']
2024-11-18 11:24:22,842 DEBUG    root            Loaded Command Group: ['gcloud', 'compute', 'disks', 'resize']
2024-11-18 11:24:22,843 DEBUG    root            Loaded Command Group: ['gcloud', 'compute', 'disks', 'stop_async_replication']
2024-11-18 11:24:22,844 DEBUG    root            No implementation for release track [GA] for element: [/Users/gabrielpaura/Library/Application Support/cloud-code/installer/google-cloud-sdk/lib/surface/compute/network_profiles]
2024-11-18 11:24:22,844 DEBUG    root            Loaded Command Group: ['gcloud', 'compute', 'commitments']
2024-11-18 11:24:22,848 DEBUG    root            Loaded Command Group: ['gcloud', 'compute', 'commitments', 'describe']
2024-11-18 11:24:22,848 DEBUG    root            Loaded Command Group: ['gcloud', 'compute', 'commitments', 'list']
2024-11-18 11:24:22,849 DEBUG    root            Loaded Command Group: ['gcloud', 'compute', 'commitments', 'update']
2024-11-18 11:24:22,850 DEBUG    root            Loaded Command Group: ['gcloud', 'compute', 'commitments', 'create_license']
2024-11-18 11:24:22,851 DEBUG    root            No implementation for release track [GA] for element: [/Users/gabrielpaura/Library/Application Support/cloud-code/installer/google-cloud-sdk/lib/surface/compute/commitments/update_reservations]
2024-11-18 11:24:22,851 DEBUG    root            Loaded Command Group: ['gcloud', 'compute', 'commitments', 'create']
2024-11-18 11:24:22,852 DEBUG    root            Loaded Command Group: ['gcloud', 'compute', 'shared_vpc']
2024-11-18 11:24:22,853 DEBUG    root            Loaded Command Group: ['gcloud', 'compute', 'shared-vpc', 'list_associated_resources']
2024-11-18 11:24:22,854 DEBUG    root            Loaded Command Group: ['gcloud', 'compute', 'shared-vpc', 'associated_projects']
2024-11-18 11:24:22,854 DEBUG    root            Loaded Command Group: ['gcloud', 'compute', 'shared-vpc', 'associated-projects', 'remove']
2024-11-18 11:24:22,855 DEBUG    root            Loaded Command Group: ['gcloud', 'compute', 'shared-vpc', 'associated-projects', 'add']
2024-11-18 11:24:22,855 DEBUG    root            Loaded Command Group: ['gcloud', 'compute', 'shared-vpc', 'associated-projects', 'list']
2024-11-18 11:24:22,855 DEBUG    root            Loaded Command Group: ['gcloud', 'compute', 'shared-vpc', 'disable']
2024-11-18 11:24:22,855 DEBUG    root            Loaded Command Group: ['gcloud', 'compute', 'shared-vpc', 'organizations']
2024-11-18 11:24:22,856 DEBUG    root            Loaded Command Group: ['gcloud', 'compute', 'shared-vpc', 'organizations', 'list_host_projects']
2024-11-18 11:24:22,856 DEBUG    root            Loaded Command Group: ['gcloud', 'compute', 'shared-vpc', 'get_host_project']
2024-11-18 11:24:22,857 DEBUG    root            Loaded Command Group: ['gcloud', 'compute', 'shared-vpc', 'enable']
2024-11-18 11:24:22,866 DEBUG    root            Loaded Command Group: ['gcloud', 'compute', 'connect_to_serial_port']
2024-11-18 11:24:22,867 DEBUG    root            Loaded Command Group: ['gcloud', 'compute', 'instance_templates']
2024-11-18 11:24:22,871 DEBUG    root            Loaded Command Group: ['gcloud', 'compute', 'instance-templates', 'remove_iam_policy_binding']
2024-11-18 11:24:22,878 DEBUG    root            Loaded Command Group: ['gcloud', 'compute', 'instance-templates', 'delete']
2024-11-18 11:24:22,882 DEBUG    root            Loaded Command Group: ['gcloud', 'compute', 'instance-templates', 'create_with_container']
2024-11-18 11:24:23,242 DEBUG    root            Loaded Command Group: ['gcloud', 'compute', 'instance-templates', 'create']
2024-11-18 11:24:23,250 DEBUG    root            Loaded Command Group: ['gcloud', 'compute', 'instance-templates', 'add_iam_policy_binding']
2024-11-18 11:24:23,254 DEBUG    root            Loaded Command Group: ['gcloud', 'compute', 'instance-templates', 'describe']
2024-11-18 11:24:23,257 DEBUG    root            Loaded Command Group: ['gcloud', 'compute', 'instance-templates', 'get_iam_policy']
2024-11-18 11:24:23,263 DEBUG    root            Loaded Command Group: ['gcloud', 'compute', 'instance-templates', 'set_iam_policy']
2024-11-18 11:24:23,267 DEBUG    root            Loaded Command Group: ['gcloud', 'compute', 'instance-templates', 'list']
2024-11-18 11:24:23,268 DEBUG    root            Loaded Command Group: ['gcloud', 'compute', 'backend_buckets']
2024-11-18 11:24:23,269 DEBUG    root            Loaded Command Group: ['gcloud', 'compute', 'backend-buckets', 'delete_signed_url_key']
2024-11-18 11:24:23,272 DEBUG    root            Loaded Command Group: ['gcloud', 'compute', 'backend-buckets', 'remove_iam_policy_binding']
2024-11-18 11:24:23,277 DEBUG    root            Loaded Command Group: ['gcloud', 'compute', 'backend-buckets', 'update']
2024-11-18 11:24:23,277 DEBUG    root            Loaded Command Group: ['gcloud', 'compute', 'backend-buckets', 'delete']
2024-11-18 11:24:23,278 DEBUG    root            Loaded Command Group: ['gcloud', 'compute', 'backend-buckets', 'create']
2024-11-18 11:24:23,281 DEBUG    root            Loaded Command Group: ['gcloud', 'compute', 'backend-buckets', 'add_iam_policy_binding']
2024-11-18 11:24:23,285 DEBUG    root            Loaded Command Group: ['gcloud', 'compute', 'backend-buckets', 'describe']
2024-11-18 11:24:23,288 DEBUG    root            Loaded Command Group: ['gcloud', 'compute', 'backend-buckets', 'get_iam_policy']
2024-11-18 11:24:23,294 DEBUG    root            Loaded Command Group: ['gcloud', 'compute', 'backend-buckets', 'set_iam_policy']
2024-11-18 11:24:23,298 DEBUG    root            Loaded Command Group: ['gcloud', 'compute', 'backend-buckets', 'add_signed_url_key']
2024-11-18 11:24:23,299 DEBUG    root            Loaded Command Group: ['gcloud', 'compute', 'backend-buckets', 'list']
2024-11-18 11:24:23,299 DEBUG    root            No implementation for release track [GA] for element: [/Users/gabrielpaura/Library/Application Support/cloud-code/installer/google-cloud-sdk/lib/surface/compute/backend_buckets/config]
2024-11-18 11:24:23,303 DEBUG    root            Loaded Command Group: ['gcloud', 'compute', 'copy_files']
2024-11-18 11:24:23,304 DEBUG    root            Loaded Command Group: ['gcloud', 'compute', 'interconnects']
2024-11-18 11:24:23,304 DEBUG    root            Loaded Command Group: ['gcloud', 'compute', 'interconnects', 'remote_locations']
2024-11-18 11:24:23,306 DEBUG    root            Loaded Command Group: ['gcloud', 'compute', 'interconnects', 'remote-locations', 'describe']
2024-11-18 11:24:23,306 DEBUG    root            Loaded Command Group: ['gcloud', 'compute', 'interconnects', 'remote-locations', 'list']
2024-11-18 11:24:23,307 DEBUG    root            Loaded Command Group: ['gcloud', 'compute', 'interconnects', 'update']
2024-11-18 11:24:23,307 DEBUG    root            No implementation for release track [GA] for element: [/Users/gabrielpaura/Library/Application Support/cloud-code/installer/google-cloud-sdk/lib/surface/compute/interconnects/groups]
2024-11-18 11:24:23,307 DEBUG    root            Loaded Command Group: ['gcloud', 'compute', 'interconnects', 'attachments']
2024-11-18 11:24:23,308 DEBUG    root            Loaded Command Group: ['gcloud', 'compute', 'interconnects', 'attachments', 'partner']
2024-11-18 11:24:23,309 DEBUG    root            Loaded Command Group: ['gcloud', 'compute', 'interconnects', 'attachments', 'partner', 'update']
2024-11-18 11:24:23,310 DEBUG    root            Loaded Command Group: ['gcloud', 'compute', 'interconnects', 'attachments', 'partner', 'create']
2024-11-18 11:24:23,311 DEBUG    root            Loaded Command Group: ['gcloud', 'compute', 'interconnects', 'attachments', 'describe']
2024-11-18 11:24:23,311 DEBUG    root            Loaded Command Group: ['gcloud', 'compute', 'interconnects', 'attachments', 'provider']
2024-11-18 11:24:23,312 DEBUG    root            Loaded Command Group: ['gcloud', 'compute', 'interconnects', 'attachments', 'provider', 'update']
2024-11-18 11:24:23,312 DEBUG    root            Loaded Command Group: ['gcloud', 'compute', 'interconnects', 'attachments', 'provider', 'create']
2024-11-18 11:24:23,312 DEBUG    root            Loaded Command Group: ['gcloud', 'compute', 'interconnects', 'attachments', 'list']
2024-11-18 11:24:23,313 DEBUG    root            Loaded Command Group: ['gcloud', 'compute', 'interconnects', 'attachments', 'delete']
2024-11-18 11:24:23,313 DEBUG    root            Loaded Command Group: ['gcloud', 'compute', 'interconnects', 'attachments', 'dedicated']
2024-11-18 11:24:23,314 DEBUG    root            Loaded Command Group: ['gcloud', 'compute', 'interconnects', 'attachments', 'dedicated', 'update']
2024-11-18 11:24:23,314 DEBUG    root            Loaded Command Group: ['gcloud', 'compute', 'interconnects', 'attachments', 'dedicated', 'create']
2024-11-18 11:24:23,315 DEBUG    root            Loaded Command Group: ['gcloud', 'compute', 'interconnects', 'delete']
2024-11-18 11:24:23,315 DEBUG    root            Loaded Command Group: ['gcloud', 'compute', 'interconnects', 'macsec']
2024-11-18 11:24:23,315 DEBUG    root            Loaded Command Group: ['gcloud', 'compute', 'interconnects', 'macsec', 'get_config']
2024-11-18 11:24:23,316 DEBUG    root            Loaded Command Group: ['gcloud', 'compute', 'interconnects', 'macsec', 'add_key']
2024-11-18 11:24:23,316 DEBUG    root            Loaded Command Group: ['gcloud', 'compute', 'interconnects', 'macsec', 'update']
2024-11-18 11:24:23,316 DEBUG    root            Loaded Command Group: ['gcloud', 'compute', 'interconnects', 'macsec', 'remove_key']
2024-11-18 11:24:23,317 DEBUG    root            Loaded Command Group: ['gcloud', 'compute', 'interconnects', 'macsec', 'update_key']
2024-11-18 11:24:23,317 DEBUG    root            Loaded Command Group: ['gcloud', 'compute', 'interconnects', 'create']
2024-11-18 11:24:23,318 DEBUG    root            Loaded Command Group: ['gcloud', 'compute', 'interconnects', 'describe']
2024-11-18 11:24:23,318 DEBUG    root            Loaded Command Group: ['gcloud', 'compute', 'interconnects', 'list']
2024-11-18 11:24:23,319 DEBUG    root            Loaded Command Group: ['gcloud', 'compute', 'interconnects', 'get_diagnostics']
2024-11-18 11:24:23,319 DEBUG    root            Loaded Command Group: ['gcloud', 'compute', 'interconnects', 'locations']
2024-11-18 11:24:23,320 DEBUG    root            Loaded Command Group: ['gcloud', 'compute', 'interconnects', 'locations', 'describe']
2024-11-18 11:24:23,320 DEBUG    root            Loaded Command Group: ['gcloud', 'compute', 'interconnects', 'locations', 'list']
2024-11-18 11:24:23,321 DEBUG    root            Loaded Command Group: ['gcloud', 'compute', 'vpn_tunnels']
2024-11-18 11:24:23,322 DEBUG    root            Loaded Command Group: ['gcloud', 'compute', 'vpn-tunnels', 'describe']
2024-11-18 11:24:23,323 DEBUG    root            Loaded Command Group: ['gcloud', 'compute', 'vpn-tunnels', 'list']
2024-11-18 11:24:23,323 DEBUG    root            No implementation for release track [GA] for element: [/Users/gabrielpaura/Library/Application Support/cloud-code/installer/google-cloud-sdk/lib/surface/compute/vpn_tunnels/update]
2024-11-18 11:24:23,323 DEBUG    root            Loaded Command Group: ['gcloud', 'compute', 'vpn-tunnels', 'delete']
2024-11-18 11:24:23,324 DEBUG    root            No implementation for release track [GA] for element: [/Users/gabrielpaura/Library/Application Support/cloud-code/installer/google-cloud-sdk/lib/surface/compute/vpn_tunnels/config]
2024-11-18 11:24:23,325 DEBUG    root            Loaded Command Group: ['gcloud', 'compute', 'vpn-tunnels', 'create']
2024-11-18 11:24:23,326 DEBUG    root            Loaded Command Group: ['gcloud', 'compute', 'target_ssl_proxies']
2024-11-18 11:24:23,327 DEBUG    root            Loaded Command Group: ['gcloud', 'compute', 'target-ssl-proxies', 'describe']
2024-11-18 11:24:23,327 DEBUG    root            Loaded Command Group: ['gcloud', 'compute', 'target-ssl-proxies', 'list']
2024-11-18 11:24:23,328 DEBUG    root            Loaded Command Group: ['gcloud', 'compute', 'target-ssl-proxies', 'update']
2024-11-18 11:24:23,329 DEBUG    root            Loaded Command Group: ['gcloud', 'compute', 'target-ssl-proxies', 'delete']
2024-11-18 11:24:23,330 DEBUG    root            No implementation for release track [GA] for element: [/Users/gabrielpaura/Library/Application Support/cloud-code/installer/google-cloud-sdk/lib/surface/compute/target_ssl_proxies/config]
2024-11-18 11:24:23,330 DEBUG    root            Loaded Command Group: ['gcloud', 'compute', 'target-ssl-proxies', 'create']
2024-11-18 11:24:23,331 DEBUG    root            Loaded Command Group: ['gcloud', 'compute', 'operations']
2024-11-18 11:24:23,332 DEBUG    root            Loaded Command Group: ['gcloud', 'compute', 'operations', 'describe']
2024-11-18 11:24:23,332 DEBUG    root            Loaded Command Group: ['gcloud', 'compute', 'operations', 'list']
2024-11-18 11:24:23,333 DEBUG    root            Loaded Command Group: ['gcloud', 'compute', 'ssl_policies']
2024-11-18 11:24:23,334 DEBUG    root            Loaded Command Group: ['gcloud', 'compute', 'ssl-policies', 'list_available_features']
2024-11-18 11:24:23,334 DEBUG    root            Loaded Command Group: ['gcloud', 'compute', 'ssl-policies', 'update']
2024-11-18 11:24:23,335 DEBUG    root            No implementation for release track [GA] for element: [/Users/gabrielpaura/Library/Application Support/cloud-code/installer/google-cloud-sdk/lib/surface/compute/ssl_policies/export]
2024-11-18 11:24:23,335 DEBUG    root            Loaded Command Group: ['gcloud', 'compute', 'ssl-policies', 'delete']
2024-11-18 11:24:23,335 DEBUG    root            Loaded Command Group: ['gcloud', 'compute', 'ssl-policies', 'create']
2024-11-18 11:24:23,336 DEBUG    root            Loaded Command Group: ['gcloud', 'compute', 'ssl-policies', 'describe']
2024-11-18 11:24:23,336 DEBUG    root            Loaded Command Group: ['gcloud', 'compute', 'ssl-policies', 'list']
2024-11-18 11:24:23,336 DEBUG    root            No implementation for release track [GA] for element: [/Users/gabrielpaura/Library/Application Support/cloud-code/installer/google-cloud-sdk/lib/surface/compute/ssl_policies/config]
2024-11-18 11:24:23,337 DEBUG    root            No implementation for release track [GA] for element: [/Users/gabrielpaura/Library/Application Support/cloud-code/installer/google-cloud-sdk/lib/surface/compute/ssl_policies/import]
2024-11-18 11:24:23,337 DEBUG    root            Loaded Command Group: ['gcloud', 'compute', 'public_advertised_prefixes']
2024-11-18 11:24:23,337 DEBUG    root            Loaded Command Group: ['gcloud', 'compute', 'public-advertised-prefixes', 'describe']
2024-11-18 11:24:23,338 DEBUG    root            Loaded Command Group: ['gcloud', 'compute', 'public-advertised-prefixes', 'list']
2024-11-18 11:24:23,338 DEBUG    root            Loaded Command Group: ['gcloud', 'compute', 'public-advertised-prefixes', 'update']
2024-11-18 11:24:23,339 DEBUG    root            Loaded Command Group: ['gcloud', 'compute', 'public-advertised-prefixes', 'delete']
2024-11-18 11:24:23,339 DEBUG    root            Loaded Command Group: ['gcloud', 'compute', 'public-advertised-prefixes', 'create']
2024-11-18 11:24:23,339 DEBUG    root            Loaded Command Group: ['gcloud', 'compute', 'target_instances']
2024-11-18 11:24:23,340 DEBUG    root            Loaded Command Group: ['gcloud', 'compute', 'target-instances', 'describe']
2024-11-18 11:24:23,340 DEBUG    root            Loaded Command Group: ['gcloud', 'compute', 'target-instances', 'list']
2024-11-18 11:24:23,341 DEBUG    root            Loaded Command Group: ['gcloud', 'compute', 'target-instances', 'update']
2024-11-18 11:24:23,341 DEBUG    root            Loaded Command Group: ['gcloud', 'compute', 'target-instances', 'delete']
2024-11-18 11:24:23,341 DEBUG    root            No implementation for release track [GA] for element: [/Users/gabrielpaura/Library/Application Support/cloud-code/installer/google-cloud-sdk/lib/surface/compute/target_instances/config]
2024-11-18 11:24:23,342 DEBUG    root            Loaded Command Group: ['gcloud', 'compute', 'target-instances', 'create']
2024-11-18 11:24:23,342 DEBUG    root            Loaded Command Group: ['gcloud', 'compute', 'http_health_checks']
2024-11-18 11:24:23,343 DEBUG    root            Loaded Command Group: ['gcloud', 'compute', 'http-health-checks', 'describe']
2024-11-18 11:24:23,343 DEBUG    root            Loaded Command Group: ['gcloud', 'compute', 'http-health-checks', 'list']
2024-11-18 11:24:23,344 DEBUG    root            Loaded Command Group: ['gcloud', 'compute', 'http-health-checks', 'update']
2024-11-18 11:24:23,344 DEBUG    root            Loaded Command Group: ['gcloud', 'compute', 'http-health-checks', 'delete']
2024-11-18 11:24:23,345 DEBUG    root            Loaded Command Group: ['gcloud', 'compute', 'http-health-checks', 'create']
2024-11-18 11:24:23,345 DEBUG    root            Loaded Command Group: ['gcloud', 'compute', 'packet_mirrorings']
2024-11-18 11:24:23,346 DEBUG    root            Loaded Command Group: ['gcloud', 'compute', 'packet-mirrorings', 'describe']
2024-11-18 11:24:23,347 DEBUG    root            Loaded Command Group: ['gcloud', 'compute', 'packet-mirrorings', 'list']
2024-11-18 11:24:23,347 DEBUG    root            Loaded Command Group: ['gcloud', 'compute', 'packet-mirrorings', 'update']
2024-11-18 11:24:23,348 DEBUG    root            Loaded Command Group: ['gcloud', 'compute', 'packet-mirrorings', 'delete']
2024-11-18 11:24:23,348 DEBUG    root            Loaded Command Group: ['gcloud', 'compute', 'packet-mirrorings', 'create']
2024-11-18 11:24:23,349 DEBUG    root            No implementation for release track [GA] for element: [/Users/gabrielpaura/Library/Application Support/cloud-code/installer/google-cloud-sdk/lib/surface/compute/instance_settings]
2024-11-18 11:24:23,349 DEBUG    root            Loaded Command Group: ['gcloud', 'compute', 'firewall_policies']
2024-11-18 11:24:23,350 DEBUG    root            Loaded Command Group: ['gcloud', 'compute', 'firewall-policies', 'update']
2024-11-18 11:24:23,351 DEBUG    root            Loaded Command Group: ['gcloud', 'compute', 'firewall-policies', 'delete']
2024-11-18 11:24:23,352 DEBUG    root            Loaded Command Group: ['gcloud', 'compute', 'firewall-policies', 'associations']
2024-11-18 11:24:23,352 DEBUG    root            Loaded Command Group: ['gcloud', 'compute', 'firewall-policies', 'associations', 'delete']
2024-11-18 11:24:23,352 DEBUG    root            Loaded Command Group: ['gcloud', 'compute', 'firewall-policies', 'associations', 'list']
2024-11-18 11:24:23,353 DEBUG    root            Loaded Command Group: ['gcloud', 'compute', 'firewall-policies', 'associations', 'create']
2024-11-18 11:24:23,353 DEBUG    root            Loaded Command Group: ['gcloud', 'compute', 'firewall-policies', 'create']
2024-11-18 11:24:23,353 DEBUG    root            No implementation for release track [GA] for element: [/Users/gabrielpaura/Library/Application Support/cloud-code/installer/google-cloud-sdk/lib/surface/compute/firewall_policies/import_rules]
2024-11-18 11:24:23,354 DEBUG    root            Loaded Command Group: ['gcloud', 'compute', 'firewall-policies', 'describe']
2024-11-18 11:24:23,354 DEBUG    root            Loaded Command Group: ['gcloud', 'compute', 'firewall-policies', 'clone_rules']
2024-11-18 11:24:23,354 DEBUG    root            Loaded Command Group: ['gcloud', 'compute', 'firewall-policies', 'list']
2024-11-18 11:24:23,355 DEBUG    root            Loaded Command Group: ['gcloud', 'compute', 'firewall-policies', 'move']
2024-11-18 11:24:23,355 DEBUG    root            No implementation for release track [GA] for element: [/Users/gabrielpaura/Library/Application Support/cloud-code/installer/google-cloud-sdk/lib/surface/compute/firewall_policies/mirroring_rules]
2024-11-18 11:24:23,356 DEBUG    root            Loaded Command Group: ['gcloud', 'compute', 'firewall-policies', 'list_rules']
2024-11-18 11:24:23,356 DEBUG    root            No implementation for release track [GA] for element: [/Users/gabrielpaura/Library/Application Support/cloud-code/installer/google-cloud-sdk/lib/surface/compute/firewall_policies/export_rules]
2024-11-18 11:24:23,356 DEBUG    root            Loaded Command Group: ['gcloud', 'compute', 'firewall-policies', 'rules']
2024-11-18 11:24:23,357 DEBUG    root            Loaded Command Group: ['gcloud', 'compute', 'firewall-policies', 'rules', 'delete']
2024-11-18 11:24:23,357 DEBUG    root            Loaded Command Group: ['gcloud', 'compute', 'firewall-policies', 'rules', 'describe']
2024-11-18 11:24:23,358 DEBUG    root            Loaded Command Group: ['gcloud', 'compute', 'firewall-policies', 'rules', 'update']
2024-11-18 11:24:23,358 DEBUG    root            Loaded Command Group: ['gcloud', 'compute', 'firewall-policies', 'rules', 'create']
2024-11-18 11:24:23,359 DEBUG    root            Loaded Command Group: ['gcloud', 'compute', 'instance_groups']
2024-11-18 11:24:23,362 DEBUG    root            Loaded Command Group: ['gcloud', 'compute', 'instance-groups', 'describe']
2024-11-18 11:24:23,363 DEBUG    root            Loaded Command Group: ['gcloud', 'compute', 'instance-groups', 'list_instances']
2024-11-18 11:24:23,364 DEBUG    root            Loaded Command Group: ['gcloud', 'compute', 'instance-groups', 'managed']
2024-11-18 11:24:23,364 DEBUG    root            Loaded Command Group: ['gcloud', 'compute', 'instance-groups', 'managed', 'delete_instances']
2024-11-18 11:24:23,366 DEBUG    root            Loaded Command Group: ['gcloud', 'compute', 'instance-groups', 'managed', 'update']
2024-11-18 11:24:23,367 DEBUG    root            Loaded Command Group: ['gcloud', 'compute', 'instance-groups', 'managed', 'resize_requests']
2024-11-18 11:24:23,367 DEBUG    root            Loaded Command Group: ['gcloud', 'compute', 'instance-groups', 'managed', 'resize-requests', 'describe']
2024-11-18 11:24:23,368 DEBUG    root            Loaded Command Group: ['gcloud', 'compute', 'instance-groups', 'managed', 'resize-requests', 'list']
2024-11-18 11:24:23,369 DEBUG    root            Loaded Command Group: ['gcloud', 'compute', 'instance-groups', 'managed', 'resize-requests', 'cancel']
2024-11-18 11:24:23,369 DEBUG    root            Loaded Command Group: ['gcloud', 'compute', 'instance-groups', 'managed', 'resize-requests', 'delete']
2024-11-18 11:24:23,369 DEBUG    root            Loaded Command Group: ['gcloud', 'compute', 'instance-groups', 'managed', 'resize-requests', 'create']
2024-11-18 11:24:23,370 DEBUG    root            Loaded Command Group: ['gcloud', 'compute', 'instance-groups', 'managed', 'rolling_action']
2024-11-18 11:24:23,370 DEBUG    root            Loaded Command Group: ['gcloud', 'compute', 'instance-groups', 'managed', 'rolling-action', 'stop_proactive_update']
2024-11-18 11:24:23,371 DEBUG    root            Loaded Command Group: ['gcloud', 'compute', 'instance-groups', 'managed', 'rolling-action', 'restart']
2024-11-18 11:24:23,371 DEBUG    root            Loaded Command Group: ['gcloud', 'compute', 'instance-groups', 'managed', 'rolling-action', 'start_update']
2024-11-18 11:24:23,372 DEBUG    root            Loaded Command Group: ['gcloud', 'compute', 'instance-groups', 'managed', 'rolling-action', 'replace']
2024-11-18 11:24:23,372 DEBUG    root            Loaded Command Group: ['gcloud', 'compute', 'instance-groups', 'managed', 'create']
2024-11-18 11:24:23,373 DEBUG    root            No implementation for release track [GA] for element: [/Users/gabrielpaura/Library/Application Support/cloud-code/installer/google-cloud-sdk/lib/surface/compute/instance_groups/managed/resume_instances]
2024-11-18 11:24:23,373 DEBUG    root            Loaded Command Group: ['gcloud', 'compute', 'instance-groups', 'managed', 'recreate_instances']
2024-11-18 11:24:23,374 DEBUG    root            Loaded Command Group: ['gcloud', 'compute', 'instance-groups', 'managed', 'describe_instance']
2024-11-18 11:24:23,374 DEBUG    root            Loaded Command Group: ['gcloud', 'compute', 'instance-groups', 'managed', 'delete']
2024-11-18 11:24:23,375 DEBUG    root            Loaded Command Group: ['gcloud', 'compute', 'instance-groups', 'managed', 'list_errors']
2024-11-18 11:24:23,376 DEBUG    root            Loaded Command Group: ['gcloud', 'compute', 'instance-groups', 'managed', 'resize']
2024-11-18 11:24:23,376 DEBUG    root            No implementation for release track [GA] for element: [/Users/gabrielpaura/Library/Application Support/cloud-code/installer/google-cloud-sdk/lib/surface/compute/instance_groups/managed/set_autohealing]
2024-11-18 11:24:23,376 DEBUG    root            Loaded Command Group: ['gcloud', 'compute', 'instance-groups', 'managed', 'set_target_pools']
2024-11-18 11:24:23,377 DEBUG    root            Loaded Command Group: ['gcloud', 'compute', 'instance-groups', 'managed', 'update_instances']
2024-11-18 11:24:23,377 DEBUG    root            Loaded Command Group: ['gcloud', 'compute', 'instance-groups', 'managed', 'abandon_instances']
2024-11-18 11:24:23,378 DEBUG    root            Loaded Command Group: ['gcloud', 'compute', 'instance-groups', 'managed', 'instance_configs']
2024-11-18 11:24:23,379 DEBUG    root            Loaded Command Group: ['gcloud', 'compute', 'instance-groups', 'managed', 'instance-configs', 'delete']
2024-11-18 11:24:23,379 DEBUG    root            Loaded Command Group: ['gcloud', 'compute', 'instance-groups', 'managed', 'instance-configs', 'list']
2024-11-18 11:24:23,380 DEBUG    root            Loaded Command Group: ['gcloud', 'compute', 'instance-groups', 'managed', 'instance-configs', 'update']
2024-11-18 11:24:23,381 DEBUG    root            Loaded Command Group: ['gcloud', 'compute', 'instance-groups', 'managed', 'instance-configs', 'create']
2024-11-18 11:24:23,381 DEBUG    root            Loaded Command Group: ['gcloud', 'compute', 'instance-groups', 'managed', 'list_instances']
2024-11-18 11:24:23,381 DEBUG    root            No implementation for release track [GA] for element: [/Users/gabrielpaura/Library/Application Support/cloud-code/installer/google-cloud-sdk/lib/surface/compute/instance_groups/managed/export_autoscaling]
2024-11-18 11:24:23,382 DEBUG    root            Loaded Command Group: ['gcloud', 'compute', 'instance-groups', 'managed', 'list']
2024-11-18 11:24:23,382 DEBUG    root            No implementation for release track [GA] for element: [/Users/gabrielpaura/Library/Application Support/cloud-code/installer/google-cloud-sdk/lib/surface/compute/instance_groups/managed/start_instances]
2024-11-18 11:24:23,382 DEBUG    root            Loaded Command Group: ['gcloud', 'compute', 'instance-groups', 'managed', 'set_autoscaling']
2024-11-18 11:24:23,383 DEBUG    root            Loaded Command Group: ['gcloud', 'compute', 'instance-groups', 'managed', 'stop_autoscaling']
2024-11-18 11:24:23,383 DEBUG    root            No implementation for release track [GA] for element: [/Users/gabrielpaura/Library/Application Support/cloud-code/installer/google-cloud-sdk/lib/surface/compute/instance_groups/managed/stop_instances]
2024-11-18 11:24:23,384 DEBUG    root            Loaded Command Group: ['gcloud', 'compute', 'instance-groups', 'managed', 'update_autoscaling']
2024-11-18 11:24:23,384 DEBUG    root            Loaded Command Group: ['gcloud', 'compute', 'instance-groups', 'managed', 'set_named_ports']
2024-11-18 11:24:23,385 DEBUG    root            Loaded Command Group: ['gcloud', 'compute', 'instance-groups', 'managed', 'create_instance']
2024-11-18 11:24:23,386 DEBUG    root            Loaded Command Group: ['gcloud', 'compute', 'instance-groups', 'managed', 'wait_until_stable']
2024-11-18 11:24:23,386 DEBUG    root            No implementation for release track [GA] for element: [/Users/gabrielpaura/Library/Application Support/cloud-code/installer/google-cloud-sdk/lib/surface/compute/instance_groups/managed/suspend_instances]
2024-11-18 11:24:23,387 DEBUG    root            No implementation for release track [GA] for element: [/Users/gabrielpaura/Library/Application Support/cloud-code/installer/google-cloud-sdk/lib/surface/compute/instance_groups/managed/set_standby_policy]
2024-11-18 11:24:23,387 DEBUG    root            Loaded Command Group: ['gcloud', 'compute', 'instance-groups', 'managed', 'set_instance_template']
2024-11-18 11:24:23,387 DEBUG    root            Loaded Command Group: ['gcloud', 'compute', 'instance-groups', 'managed', 'describe']
2024-11-18 11:24:23,387 DEBUG    root            Loaded Command Group: ['gcloud', 'compute', 'instance-groups', 'managed', 'all_instances_config']
2024-11-18 11:24:23,388 DEBUG    root            Loaded Command Group: ['gcloud', 'compute', 'instance-groups', 'managed', 'all-instances-config', 'delete']
2024-11-18 11:24:23,388 DEBUG    root            Loaded Command Group: ['gcloud', 'compute', 'instance-groups', 'managed', 'all-instances-config', 'update']
2024-11-18 11:24:23,388 DEBUG    root            Loaded Command Group: ['gcloud', 'compute', 'instance-groups', 'managed', 'wait_until']
2024-11-18 11:24:23,389 DEBUG    root            Loaded Command Group: ['gcloud', 'compute', 'instance-groups', 'managed', 'get_named_ports']
2024-11-18 11:24:23,389 DEBUG    root            Loaded Command Group: ['gcloud', 'compute', 'instance-groups', 'unmanaged']
2024-11-18 11:24:23,390 DEBUG    root            Loaded Command Group: ['gcloud', 'compute', 'instance-groups', 'unmanaged', 'delete']
2024-11-18 11:24:23,390 DEBUG    root            Loaded Command Group: ['gcloud', 'compute', 'instance-groups', 'unmanaged', 'create']
2024-11-18 11:24:23,391 DEBUG    root            Loaded Command Group: ['gcloud', 'compute', 'instance-groups', 'unmanaged', 'describe']
2024-11-18 11:24:23,391 DEBUG    root            Loaded Command Group: ['gcloud', 'compute', 'instance-groups', 'unmanaged', 'list_instances']
2024-11-18 11:24:23,391 DEBUG    root            Loaded Command Group: ['gcloud', 'compute', 'instance-groups', 'unmanaged', 'list']
2024-11-18 11:24:23,392 DEBUG    root            Loaded Command Group: ['gcloud', 'compute', 'instance-groups', 'unmanaged', 'remove_instances']
2024-11-18 11:24:23,392 DEBUG    root            Loaded Command Group: ['gcloud', 'compute', 'instance-groups', 'unmanaged', 'set_named_ports']
2024-11-18 11:24:23,392 DEBUG    root            Loaded Command Group: ['gcloud', 'compute', 'instance-groups', 'unmanaged', 'add_instances']
2024-11-18 11:24:23,393 DEBUG    root            Loaded Command Group: ['gcloud', 'compute', 'instance-groups', 'unmanaged', 'get_named_ports']
2024-11-18 11:24:23,393 DEBUG    root            Loaded Command Group: ['gcloud', 'compute', 'instance-groups', 'list']
2024-11-18 11:24:23,394 DEBUG    root            Loaded Command Group: ['gcloud', 'compute', 'instance-groups', 'set_named_ports']
2024-11-18 11:24:23,394 DEBUG    root            Loaded Command Group: ['gcloud', 'compute', 'instance-groups', 'get_named_ports']
2024-11-18 11:24:23,395 DEBUG    root            Loaded Command Group: ['gcloud', 'compute', 'disk_types']
2024-11-18 11:24:23,395 DEBUG    root            Loaded Command Group: ['gcloud', 'compute', 'disk-types', 'describe']
2024-11-18 11:24:23,396 DEBUG    root            Loaded Command Group: ['gcloud', 'compute', 'disk-types', 'list']
2024-11-18 11:24:23,396 DEBUG    root            Loaded Command Group: ['gcloud', 'compute', 'tpus']
2024-11-18 11:24:23,397 DEBUG    root            Loaded Command Group: ['gcloud', 'compute', 'tpus', 'execution_groups']
2024-11-18 11:24:23,399 DEBUG    root            No implementation for release track [GA] for element: [/Users/gabrielpaura/Library/Application Support/cloud-code/installer/google-cloud-sdk/lib/surface/compute/tpus/execution_groups/resume]
2024-11-18 11:24:23,399 DEBUG    root            Loaded Command Group: ['gcloud', 'compute', 'tpus', 'execution-groups', 'describe']
2024-11-18 11:24:23,399 DEBUG    root            Loaded Command Group: ['gcloud', 'compute', 'tpus', 'execution-groups', 'list']
2024-11-18 11:24:23,400 DEBUG    root            Loaded Command Group: ['gcloud', 'compute', 'tpus', 'execution-groups', 'delete']
2024-11-18 11:24:23,400 DEBUG    root            No implementation for release track [GA] for element: [/Users/gabrielpaura/Library/Application Support/cloud-code/installer/google-cloud-sdk/lib/surface/compute/tpus/execution_groups/suspend]
2024-11-18 11:24:23,400 DEBUG    root            Loaded Command Group: ['gcloud', 'compute', 'tpus', 'execution-groups', 'create']
2024-11-18 11:24:23,401 DEBUG    root            Loaded Command Group: ['gcloud', 'compute', 'tpus', 'queued_resources']
2024-11-18 11:24:23,421 DEBUG    root            Loaded Command Group: ['gcloud', 'compute', 'tpus', 'queued-resources', 'delete']
2024-11-18 11:24:23,426 DEBUG    root            Loaded Command Group: ['gcloud', 'compute', 'tpus', 'queued-resources', 'reset']
2024-11-18 11:24:23,446 DEBUG    root            Loaded Command Group: ['gcloud', 'compute', 'tpus', 'queued-resources', 'create']
2024-11-18 11:24:23,451 DEBUG    root            Loaded Command Group: ['gcloud', 'compute', 'tpus', 'queued-resources', 'ssh']
2024-11-18 11:24:23,453 DEBUG    root            Loaded Command Group: ['gcloud', 'compute', 'tpus', 'queued-resources', 'describe']
2024-11-18 11:24:23,460 DEBUG    root            Loaded Command Group: ['gcloud', 'compute', 'tpus', 'queued-resources', 'list']
2024-11-18 11:24:23,462 DEBUG    root            Loaded Command Group: ['gcloud', 'compute', 'tpus', 'queued-resources', 'scp']
2024-11-18 11:24:23,465 DEBUG    root            No implementation for release track [GA] for element: [/Users/gabrielpaura/Library/Application Support/cloud-code/installer/google-cloud-sdk/lib/surface/compute/tpus/queued_resources/perform_maintenance.yaml]
2024-11-18 11:24:23,465 DEBUG    root            Loaded Command Group: ['gcloud', 'compute', 'tpus', 'versions']
2024-11-18 11:24:23,469 DEBUG    root            Loaded Command Group: ['gcloud', 'compute', 'tpus', 'versions', 'describe']
2024-11-18 11:24:23,472 DEBUG    root            Loaded Command Group: ['gcloud', 'compute', 'tpus', 'versions', 'list']
2024-11-18 11:24:23,477 DEBUG    root            Loaded Command Group: ['gcloud', 'compute', 'tpus', 'reimage']
2024-11-18 11:24:23,479 DEBUG    root            Loaded Command Group: ['gcloud', 'compute', 'tpus', 'accelerator_types']
2024-11-18 11:24:23,481 DEBUG    root            Loaded Command Group: ['gcloud', 'compute', 'tpus', 'accelerator-types', 'describe']
2024-11-18 11:24:23,484 DEBUG    root            Loaded Command Group: ['gcloud', 'compute', 'tpus', 'accelerator-types', 'list']
2024-11-18 11:24:23,488 DEBUG    root            Loaded Command Group: ['gcloud', 'compute', 'tpus', 'delete']
2024-11-18 11:24:23,490 DEBUG    root            No implementation for release track [GA] for element: [/Users/gabrielpaura/Library/Application Support/cloud-code/installer/google-cloud-sdk/lib/surface/compute/tpus/reservations]
2024-11-18 11:24:23,492 DEBUG    root            Loaded Command Group: ['gcloud', 'compute', 'tpus', 'stop']
2024-11-18 11:24:23,501 DEBUG    root            Loaded Command Group: ['gcloud', 'compute', 'tpus', 'create']
2024-11-18 11:24:23,503 DEBUG    root            Loaded Command Group: ['gcloud', 'compute', 'tpus', 'tpu_vm']
2024-11-18 11:24:23,504 DEBUG    root            Loaded Command Group: ['gcloud', 'compute', 'tpus', 'tpu-vm', 'versions']
2024-11-18 11:24:23,509 DEBUG    root            Loaded Command Group: ['gcloud', 'compute', 'tpus', 'tpu-vm', 'versions', 'describe']
2024-11-18 11:24:23,513 DEBUG    root            Loaded Command Group: ['gcloud', 'compute', 'tpus', 'tpu-vm', 'versions', 'list']
2024-11-18 11:24:23,530 DEBUG    root            Loaded Command Group: ['gcloud', 'compute', 'tpus', 'tpu-vm', 'update']
2024-11-18 11:24:23,536 DEBUG    root            Loaded Command Group: ['gcloud', 'compute', 'tpus', 'tpu-vm', 'stop']
2024-11-18 11:24:23,544 DEBUG    root            Loaded Command Group: ['gcloud', 'compute', 'tpus', 'tpu-vm', 'create']
2024-11-18 11:24:23,549 DEBUG    root            Loaded Command Group: ['gcloud', 'compute', 'tpus', 'tpu-vm', 'get_guest_attributes']
2024-11-18 11:24:23,554 DEBUG    root            Loaded Command Group: ['gcloud', 'compute', 'tpus', 'tpu-vm', 'start']
2024-11-18 11:24:23,558 DEBUG    root            Loaded Command Group: ['gcloud', 'compute', 'tpus', 'tpu-vm', 'list']
2024-11-18 11:24:23,562 DEBUG    root            No implementation for release track [GA] for element: [/Users/gabrielpaura/Library/Application Support/cloud-code/installer/google-cloud-sdk/lib/surface/compute/tpus/tpu_vm/simulate_maintenance_event.yaml]
2024-11-18 11:24:23,562 DEBUG    root            No implementation for release track [GA] for element: [/Users/gabrielpaura/Library/Application Support/cloud-code/installer/google-cloud-sdk/lib/surface/compute/tpus/tpu_vm/detach_disk]
2024-11-18 11:24:23,563 DEBUG    root            Loaded Command Group: ['gcloud', 'compute', 'tpus', 'tpu-vm', 'accelerator_types']
2024-11-18 11:24:23,564 DEBUG    root            Loaded Command Group: ['gcloud', 'compute', 'tpus', 'tpu-vm', 'accelerator-types', 'describe']
2024-11-18 11:24:23,568 DEBUG    root            Loaded Command Group: ['gcloud', 'compute', 'tpus', 'tpu-vm', 'accelerator-types', 'list']
2024-11-18 11:24:23,571 DEBUG    root            Loaded Command Group: ['gcloud', 'compute', 'tpus', 'tpu-vm', 'service_identity']
2024-11-18 11:24:23,573 DEBUG    root            Loaded Command Group: ['gcloud', 'compute', 'tpus', 'tpu-vm', 'service-identity', 'create']
2024-11-18 11:24:23,577 DEBUG    root            Loaded Command Group: ['gcloud', 'compute', 'tpus', 'tpu-vm', 'delete']
2024-11-18 11:24:23,579 DEBUG    root            Loaded Command Group: ['gcloud', 'compute', 'tpus', 'tpu-vm', 'ssh']
2024-11-18 11:24:23,581 DEBUG    root            Loaded Command Group: ['gcloud', 'compute', 'tpus', 'tpu-vm', 'describe']
2024-11-18 11:24:23,584 DEBUG    root            Loaded Command Group: ['gcloud', 'compute', 'tpus', 'tpu-vm', 'scp']
2024-11-18 11:24:23,586 DEBUG    root            No implementation for release track [GA] for element: [/Users/gabrielpaura/Library/Application Support/cloud-code/installer/google-cloud-sdk/lib/surface/compute/tpus/tpu_vm/perform_maintenance.yaml]
2024-11-18 11:24:23,587 DEBUG    root            No implementation for release track [GA] for element: [/Users/gabrielpaura/Library/Application Support/cloud-code/installer/google-cloud-sdk/lib/surface/compute/tpus/tpu_vm/attach_disk]
2024-11-18 11:24:23,587 DEBUG    root            Loaded Command Group: ['gcloud', 'compute', 'tpus', 'topologies']
2024-11-18 11:24:23,589 DEBUG    root            Loaded Command Group: ['gcloud', 'compute', 'tpus', 'topologies', 'list']
2024-11-18 11:24:23,592 DEBUG    root            Loaded Command Group: ['gcloud', 'compute', 'tpus', 'describe']
2024-11-18 11:24:23,596 DEBUG    root            Loaded Command Group: ['gcloud', 'compute', 'tpus', 'start']
2024-11-18 11:24:23,601 DEBUG    root            Loaded Command Group: ['gcloud', 'compute', 'tpus', 'list']
2024-11-18 11:24:23,603 DEBUG    root            Loaded Command Group: ['gcloud', 'compute', 'tpus', 'locations']
2024-11-18 11:24:23,605 DEBUG    root            Loaded Command Group: ['gcloud', 'compute', 'tpus', 'locations', 'describe']
2024-11-18 11:24:23,608 DEBUG    root            Loaded Command Group: ['gcloud', 'compute', 'tpus', 'locations', 'list']
2024-11-18 11:24:23,610 DEBUG    root            Loaded Command Group: ['gcloud', 'compute', 'health_checks']
2024-11-18 11:24:23,611 DEBUG    root            Loaded Command Group: ['gcloud', 'compute', 'health-checks', 'describe']
2024-11-18 11:24:23,611 DEBUG    root            Loaded Command Group: ['gcloud', 'compute', 'health-checks', 'list']
2024-11-18 11:24:23,612 DEBUG    root            Loaded Command Group: ['gcloud', 'compute', 'health-checks', 'update']
2024-11-18 11:24:23,613 DEBUG    root            Loaded Command Group: ['gcloud', 'compute', 'health-checks', 'update', 'https']
2024-11-18 11:24:23,613 DEBUG    root            No implementation for release track [GA] for element: [/Users/gabrielpaura/Library/Application Support/cloud-code/installer/google-cloud-sdk/lib/surface/compute/health_checks/update/udp]
2024-11-18 11:24:23,614 DEBUG    root            Loaded Command Group: ['gcloud', 'compute', 'health-checks', 'update', 'http']
2024-11-18 11:24:23,614 DEBUG    root            Loaded Command Group: ['gcloud', 'compute', 'health-checks', 'update', 'tcp']
2024-11-18 11:24:23,615 DEBUG    root            Loaded Command Group: ['gcloud', 'compute', 'health-checks', 'update', 'ssl']
2024-11-18 11:24:23,616 DEBUG    root            Loaded Command Group: ['gcloud', 'compute', 'health-checks', 'update', 'http2']
2024-11-18 11:24:23,616 DEBUG    root            Loaded Command Group: ['gcloud', 'compute', 'health-checks', 'update', 'grpc']
2024-11-18 11:24:23,617 DEBUG    root            Loaded Command Group: ['gcloud', 'compute', 'health-checks', 'delete']
2024-11-18 11:24:23,617 DEBUG    root            Loaded Command Group: ['gcloud', 'compute', 'health-checks', 'create']
2024-11-18 11:24:23,618 DEBUG    root            Loaded Command Group: ['gcloud', 'compute', 'health-checks', 'create', 'https']
2024-11-18 11:24:23,619 DEBUG    root            No implementation for release track [GA] for element: [/Users/gabrielpaura/Library/Application Support/cloud-code/installer/google-cloud-sdk/lib/surface/compute/health_checks/create/udp]
2024-11-18 11:24:23,619 DEBUG    root            Loaded Command Group: ['gcloud', 'compute', 'health-checks', 'create', 'http']
2024-11-18 11:24:23,621 DEBUG    root            Loaded Command Group: ['gcloud', 'compute', 'health-checks', 'create', 'tcp']
2024-11-18 11:24:23,622 DEBUG    root            Loaded Command Group: ['gcloud', 'compute', 'health-checks', 'create', 'ssl']
2024-11-18 11:24:23,622 DEBUG    root            Loaded Command Group: ['gcloud', 'compute', 'health-checks', 'create', 'http2']
2024-11-18 11:24:23,623 DEBUG    root            Loaded Command Group: ['gcloud', 'compute', 'health-checks', 'create', 'grpc']
2024-11-18 11:24:23,623 DEBUG    root            Loaded Command Group: ['gcloud', 'compute', 'snapshot_settings']
2024-11-18 11:24:23,624 DEBUG    root            Loaded Command Group: ['gcloud', 'compute', 'snapshot-settings', 'describe']
2024-11-18 11:24:23,625 DEBUG    root            Loaded Command Group: ['gcloud', 'compute', 'snapshot-settings', 'update']
2024-11-18 11:24:23,625 DEBUG    root            Loaded Command Group: ['gcloud', 'compute', 'network_attachments']
2024-11-18 11:24:23,626 DEBUG    root            Loaded Command Group: ['gcloud', 'compute', 'network-attachments', 'describe']
2024-11-18 11:24:23,626 DEBUG    root            Loaded Command Group: ['gcloud', 'compute', 'network-attachments', 'list']
2024-11-18 11:24:23,627 DEBUG    root            Loaded Command Group: ['gcloud', 'compute', 'network-attachments', 'update']
2024-11-18 11:24:23,627 DEBUG    root            Loaded Command Group: ['gcloud', 'compute', 'network-attachments', 'delete']
2024-11-18 11:24:23,628 DEBUG    root            Loaded Command Group: ['gcloud', 'compute', 'network-attachments', 'create']
2024-11-18 11:24:23,628 DEBUG    root            No implementation for release track [GA] for element: [/Users/gabrielpaura/Library/Application Support/cloud-code/installer/google-cloud-sdk/lib/surface/compute/queued_resources]
2024-11-18 11:24:23,628 DEBUG    root            Loaded Command Group: ['gcloud', 'compute', 'machine_images']
2024-11-18 11:24:23,632 DEBUG    root            Loaded Command Group: ['gcloud', 'compute', 'machine-images', 'remove_iam_policy_binding']
2024-11-18 11:24:23,636 DEBUG    root            Loaded Command Group: ['gcloud', 'compute', 'machine-images', 'delete']
2024-11-18 11:24:23,637 DEBUG    root            Loaded Command Group: ['gcloud', 'compute', 'machine-images', 'create']
2024-11-18 11:24:23,642 DEBUG    root            Loaded Command Group: ['gcloud', 'compute', 'machine-images', 'add_iam_policy_binding']
2024-11-18 11:24:23,645 DEBUG    root            Loaded Command Group: ['gcloud', 'compute', 'machine-images', 'describe']
2024-11-18 11:24:23,648 DEBUG    root            Loaded Command Group: ['gcloud', 'compute', 'machine-images', 'get_iam_policy']
2024-11-18 11:24:23,654 DEBUG    root            Loaded Command Group: ['gcloud', 'compute', 'machine-images', 'set_iam_policy']
2024-11-18 11:24:23,658 DEBUG    root            Loaded Command Group: ['gcloud', 'compute', 'machine-images', 'list']
2024-11-18 11:24:23,659 DEBUG    root            Loaded Command Group: ['gcloud', 'compute', 'machine-images', 'import']
2024-11-18 11:24:23,660 DEBUG    root            Loaded Command Group: ['gcloud', 'compute', 'project_info']
2024-11-18 11:24:23,661 DEBUG    root            Loaded Command Group: ['gcloud', 'compute', 'project-info', 'describe']
2024-11-18 11:24:23,661 DEBUG    root            No implementation for release track [GA] for element: [/Users/gabrielpaura/Library/Application Support/cloud-code/installer/google-cloud-sdk/lib/surface/compute/project_info/set_default_service_account]
2024-11-18 11:24:23,662 DEBUG    root            Loaded Command Group: ['gcloud', 'compute', 'project-info', 'set_usage_bucket']
2024-11-18 11:24:23,662 DEBUG    root            Loaded Command Group: ['gcloud', 'compute', 'project-info', 'update']
2024-11-18 11:24:23,662 DEBUG    root            Loaded Command Group: ['gcloud', 'compute', 'project-info', 'remove_metadata']
2024-11-18 11:24:23,663 DEBUG    root            Loaded Command Group: ['gcloud', 'compute', 'project-info', 'add_metadata']
2024-11-18 11:24:23,663 DEBUG    root            Loaded Command Group: ['gcloud', 'compute', 'addresses']
2024-11-18 11:24:23,664 DEBUG    root            Loaded Command Group: ['gcloud', 'compute', 'addresses', 'describe']
2024-11-18 11:24:23,665 DEBUG    root            Loaded Command Group: ['gcloud', 'compute', 'addresses', 'list']
2024-11-18 11:24:23,665 DEBUG    root            No implementation for release track [GA] for element: [/Users/gabrielpaura/Library/Application Support/cloud-code/installer/google-cloud-sdk/lib/surface/compute/addresses/update]
2024-11-18 11:24:23,665 DEBUG    root            Loaded Command Group: ['gcloud', 'compute', 'addresses', 'move']
2024-11-18 11:24:23,666 DEBUG    root            Loaded Command Group: ['gcloud', 'compute', 'addresses', 'delete']
2024-11-18 11:24:23,666 DEBUG    root            No implementation for release track [GA] for element: [/Users/gabrielpaura/Library/Application Support/cloud-code/installer/google-cloud-sdk/lib/surface/compute/addresses/config]
2024-11-18 11:24:23,667 DEBUG    root            Loaded Command Group: ['gcloud', 'compute', 'addresses', 'create']
2024-11-18 11:24:23,667 DEBUG    root            Loaded Command Group: ['gcloud', 'compute', 'network_firewall_policies']
2024-11-18 11:24:23,669 DEBUG    root            Loaded Command Group: ['gcloud', 'compute', 'network-firewall-policies', 'update']
2024-11-18 11:24:23,669 DEBUG    root            Loaded Command Group: ['gcloud', 'compute', 'network-firewall-policies', 'delete']
2024-11-18 11:24:23,670 DEBUG    root            Loaded Command Group: ['gcloud', 'compute', 'network-firewall-policies', 'associations']
2024-11-18 11:24:23,670 DEBUG    root            Loaded Command Group: ['gcloud', 'compute', 'network-firewall-policies', 'associations', 'delete']
2024-11-18 11:24:23,671 DEBUG    root            No implementation for release track [GA] for element: [/Users/gabrielpaura/Library/Application Support/cloud-code/installer/google-cloud-sdk/lib/surface/compute/network_firewall_policies/associations/update]
2024-11-18 11:24:23,671 DEBUG    root            Loaded Command Group: ['gcloud', 'compute', 'network-firewall-policies', 'associations', 'create']
2024-11-18 11:24:23,671 DEBUG    root            Loaded Command Group: ['gcloud', 'compute', 'network-firewall-policies', 'create']
2024-11-18 11:24:23,672 DEBUG    root            Loaded Command Group: ['gcloud', 'compute', 'network-firewall-policies', 'get_effective_firewalls']
2024-11-18 11:24:23,672 DEBUG    root            No implementation for release track [GA] for element: [/Users/gabrielpaura/Library/Application Support/cloud-code/installer/google-cloud-sdk/lib/surface/compute/network_firewall_policies/import_rules]
2024-11-18 11:24:23,673 DEBUG    root            Loaded Command Group: ['gcloud', 'compute', 'network-firewall-policies', 'describe']
2024-11-18 11:24:23,673 DEBUG    root            Loaded Command Group: ['gcloud', 'compute', 'network-firewall-policies', 'clone_rules']
2024-11-18 11:24:23,673 DEBUG    root            Loaded Command Group: ['gcloud', 'compute', 'network-firewall-policies', 'list']
2024-11-18 11:24:23,674 DEBUG    root            No implementation for release track [GA] for element: [/Users/gabrielpaura/Library/Application Support/cloud-code/installer/google-cloud-sdk/lib/surface/compute/network_firewall_policies/mirroring_rules]
2024-11-18 11:24:23,674 DEBUG    root            No implementation for release track [GA] for element: [/Users/gabrielpaura/Library/Application Support/cloud-code/installer/google-cloud-sdk/lib/surface/compute/network_firewall_policies/export_rules]
2024-11-18 11:24:23,674 DEBUG    root            Loaded Command Group: ['gcloud', 'compute', 'network-firewall-policies', 'rules']
2024-11-18 11:24:23,728 DEBUG    root            Loaded Command Group: ['gcloud', 'compute', 'network-firewall-policies', 'rules', 'delete']
2024-11-18 11:24:23,729 DEBUG    root            Loaded Command Group: ['gcloud', 'compute', 'network-firewall-policies', 'rules', 'describe']
2024-11-18 11:24:23,730 DEBUG    root            Loaded Command Group: ['gcloud', 'compute', 'network-firewall-policies', 'rules', 'update']
2024-11-18 11:24:23,731 DEBUG    root            Loaded Command Group: ['gcloud', 'compute', 'network-firewall-policies', 'rules', 'create']
2024-11-18 11:24:23,731 DEBUG    root            Loaded Command Group: ['gcloud', 'compute', 'project_zonal_metadata']
2024-11-18 11:24:23,732 DEBUG    root            Loaded Command Group: ['gcloud', 'compute', 'project-zonal-metadata', 'remove']
2024-11-18 11:24:23,732 DEBUG    root            Loaded Command Group: ['gcloud', 'compute', 'project-zonal-metadata', 'describe']
2024-11-18 11:24:23,733 DEBUG    root            Loaded Command Group: ['gcloud', 'compute', 'project-zonal-metadata', 'add']
2024-11-18 11:24:23,733 DEBUG    root            Loaded Command Group: ['gcloud', 'compute', 'security_policies']
2024-11-18 11:24:23,735 DEBUG    root            Loaded Command Group: ['gcloud', 'compute', 'security-policies', 'add_user_defined_field']
2024-11-18 11:24:23,735 DEBUG    root            Loaded Command Group: ['gcloud', 'compute', 'security-policies', 'update']
2024-11-18 11:24:23,736 DEBUG    root            Loaded Command Group: ['gcloud', 'compute', 'security-policies', 'export']
2024-11-18 11:24:23,736 DEBUG    root            Loaded Command Group: ['gcloud', 'compute', 'security-policies', 'delete']
2024-11-18 11:24:23,737 DEBUG    root            Loaded Command Group: ['gcloud', 'compute', 'security-policies', 'add_layer7_ddos_defense_threshold_config']
2024-11-18 11:24:23,737 DEBUG    root            Loaded Command Group: ['gcloud', 'compute', 'security-policies', 'create']
2024-11-18 11:24:23,738 DEBUG    root            Loaded Command Group: ['gcloud', 'compute', 'security-policies', 'describe']
2024-11-18 11:24:23,738 DEBUG    root            Loaded Command Group: ['gcloud', 'compute', 'security-policies', 'import']
2024-11-18 11:24:23,739 DEBUG    root            Loaded Command Group: ['gcloud', 'compute', 'security-policies', 'list']
2024-11-18 11:24:23,739 DEBUG    root            Loaded Command Group: ['gcloud', 'compute', 'security-policies', 'remove_layer7_ddos_defense_threshold_config']
2024-11-18 11:24:23,740 DEBUG    root            Loaded Command Group: ['gcloud', 'compute', 'security-policies', 'remove_user_defined_field']
2024-11-18 11:24:23,740 DEBUG    root            Loaded Command Group: ['gcloud', 'compute', 'security-policies', 'list_preconfigured_expression_sets']
2024-11-18 11:24:23,741 DEBUG    root            Loaded Command Group: ['gcloud', 'compute', 'security-policies', 'rules']
2024-11-18 11:24:23,742 DEBUG    root            Loaded Command Group: ['gcloud', 'compute', 'security-policies', 'rules', 'describe']
2024-11-18 11:24:23,743 DEBUG    root            Loaded Command Group: ['gcloud', 'compute', 'security-policies', 'rules', 'update']
2024-11-18 11:24:23,743 DEBUG    root            Loaded Command Group: ['gcloud', 'compute', 'security-policies', 'rules', 'remove_preconfig_waf_exclusion']
2024-11-18 11:24:23,744 DEBUG    root            Loaded Command Group: ['gcloud', 'compute', 'security-policies', 'rules', 'create']
2024-11-18 11:24:23,745 DEBUG    root            Loaded Command Group: ['gcloud', 'compute', 'security-policies', 'rules', 'delete']
2024-11-18 11:24:23,746 DEBUG    root            Loaded Command Group: ['gcloud', 'compute', 'security-policies', 'rules', 'add_preconfig_waf_exclusion']
2024-11-18 11:24:23,746 DEBUG    root            Loaded Command Group: ['gcloud', 'compute', 'target_pools']
2024-11-18 11:24:23,747 DEBUG    root            Loaded Command Group: ['gcloud', 'compute', 'target-pools', 'add_health_checks']
2024-11-18 11:24:23,748 DEBUG    root            Loaded Command Group: ['gcloud', 'compute', 'target-pools', 'update']
2024-11-18 11:24:23,748 DEBUG    root            Loaded Command Group: ['gcloud', 'compute', 'target-pools', 'remove_health_checks']
2024-11-18 11:24:23,748 DEBUG    root            Loaded Command Group: ['gcloud', 'compute', 'target-pools', 'delete']
2024-11-18 11:24:23,749 DEBUG    root            Loaded Command Group: ['gcloud', 'compute', 'target-pools', 'get_health']
2024-11-18 11:24:23,749 DEBUG    root            Loaded Command Group: ['gcloud', 'compute', 'target-pools', 'create']
2024-11-18 11:24:23,750 DEBUG    root            Loaded Command Group: ['gcloud', 'compute', 'target-pools', 'describe']
2024-11-18 11:24:23,750 DEBUG    root            Loaded Command Group: ['gcloud', 'compute', 'target-pools', 'list']
2024-11-18 11:24:23,751 DEBUG    root            Loaded Command Group: ['gcloud', 'compute', 'target-pools', 'remove_instances']
2024-11-18 11:24:23,751 DEBUG    root            No implementation for release track [GA] for element: [/Users/gabrielpaura/Library/Application Support/cloud-code/installer/google-cloud-sdk/lib/surface/compute/target_pools/config]
2024-11-18 11:24:23,752 DEBUG    root            Loaded Command Group: ['gcloud', 'compute', 'target-pools', 'set_backup']
2024-11-18 11:24:23,752 DEBUG    root            Loaded Command Group: ['gcloud', 'compute', 'target-pools', 'add_instances']
2024-11-18 11:24:23,753 DEBUG    root            Loaded Command Group: ['gcloud', 'compute', 'https_health_checks']
2024-11-18 11:24:23,762 DEBUG    root            Loaded Command Group: ['gcloud', 'compute', 'https-health-checks', 'describe']
2024-11-18 11:24:23,764 DEBUG    root            Loaded Command Group: ['gcloud', 'compute', 'https-health-checks', 'list']
2024-11-18 11:24:23,765 DEBUG    root            Loaded Command Group: ['gcloud', 'compute', 'https-health-checks', 'update']
2024-11-18 11:24:23,766 DEBUG    root            Loaded Command Group: ['gcloud', 'compute', 'https-health-checks', 'delete']
2024-11-18 11:24:23,766 DEBUG    root            Loaded Command Group: ['gcloud', 'compute', 'https-health-checks', 'create']
2024-11-18 11:24:23,767 DEBUG    root            Loaded Command Group: ['gcloud', 'compute', 'public_delegated_prefixes']
2024-11-18 11:24:23,768 DEBUG    root            Loaded Command Group: ['gcloud', 'compute', 'public-delegated-prefixes', 'delegated_sub_prefixes']
2024-11-18 11:24:23,771 DEBUG    root            Loaded Command Group: ['gcloud', 'compute', 'public-delegated-prefixes', 'delegated-sub-prefixes', 'delete']
2024-11-18 11:24:23,772 DEBUG    root            Loaded Command Group: ['gcloud', 'compute', 'public-delegated-prefixes', 'delegated-sub-prefixes', 'create']
2024-11-18 11:24:23,772 DEBUG    root            Loaded Command Group: ['gcloud', 'compute', 'public-delegated-prefixes', 'describe']
2024-11-18 11:24:23,773 DEBUG    root            Loaded Command Group: ['gcloud', 'compute', 'public-delegated-prefixes', 'list']
2024-11-18 11:24:23,773 DEBUG    root            Loaded Command Group: ['gcloud', 'compute', 'public-delegated-prefixes', 'update']
2024-11-18 11:24:23,774 DEBUG    root            Loaded Command Group: ['gcloud', 'compute', 'public-delegated-prefixes', 'delete']
2024-11-18 11:24:23,777 DEBUG    root            Loaded Command Group: ['gcloud', 'compute', 'public-delegated-prefixes', 'create']
2024-11-18 11:24:23,779 DEBUG    root            Loaded Command Group: ['gcloud', 'compute', 'routers']
2024-11-18 11:24:23,783 DEBUG    root            No implementation for release track [GA] for element: [/Users/gabrielpaura/Library/Application Support/cloud-code/installer/google-cloud-sdk/lib/surface/compute/routers/remove_named_set]
2024-11-18 11:24:23,784 DEBUG    root            No implementation for release track [GA] for element: [/Users/gabrielpaura/Library/Application Support/cloud-code/installer/google-cloud-sdk/lib/surface/compute/routers/list_named_sets]
2024-11-18 11:24:23,785 DEBUG    root            Loaded Command Group: ['gcloud', 'compute', 'routers', 'update']
2024-11-18 11:24:23,788 DEBUG    root            Loaded Command Group: ['gcloud', 'compute', 'routers', 'add_interface']
2024-11-18 11:24:23,789 DEBUG    root            Loaded Command Group: ['gcloud', 'compute', 'routers', 'create']
2024-11-18 11:24:23,789 DEBUG    root            Loaded Command Group: ['gcloud', 'compute', 'routers', 'get_status']
2024-11-18 11:24:23,790 DEBUG    root            No implementation for release track [GA] for element: [/Users/gabrielpaura/Library/Application Support/cloud-code/installer/google-cloud-sdk/lib/surface/compute/routers/add_named_set_element]
2024-11-18 11:24:23,791 DEBUG    root            Loaded Command Group: ['gcloud', 'compute', 'routers', 'add_bgp_peer']
2024-11-18 11:24:23,793 DEBUG    root            No implementation for release track [GA] for element: [/Users/gabrielpaura/Library/Application Support/cloud-code/installer/google-cloud-sdk/lib/surface/compute/routers/add_route_policy]
2024-11-18 11:24:23,796 DEBUG    root            No implementation for release track [GA] for element: [/Users/gabrielpaura/Library/Application Support/cloud-code/installer/google-cloud-sdk/lib/surface/compute/routers/add_named_set]
2024-11-18 11:24:23,797 DEBUG    root            No implementation for release track [GA] for element: [/Users/gabrielpaura/Library/Application Support/cloud-code/installer/google-cloud-sdk/lib/surface/compute/routers/get_route_policy]
2024-11-18 11:24:23,798 DEBUG    root            No implementation for release track [GA] for element: [/Users/gabrielpaura/Library/Application Support/cloud-code/installer/google-cloud-sdk/lib/surface/compute/routers/list_route_policies]
2024-11-18 11:24:23,798 DEBUG    root            Loaded Command Group: ['gcloud', 'compute', 'routers', 'delete']
2024-11-18 11:24:23,799 DEBUG    root            No implementation for release track [GA] for element: [/Users/gabrielpaura/Library/Application Support/cloud-code/installer/google-cloud-sdk/lib/surface/compute/routers/download_route_policy]
2024-11-18 11:24:23,799 DEBUG    root            Loaded Command Group: ['gcloud', 'compute', 'routers', 'remove_bgp_peer']
2024-11-18 11:24:23,801 DEBUG    root            Loaded Command Group: ['gcloud', 'compute', 'routers', 'update_interface']
2024-11-18 11:24:23,802 DEBUG    root            Loaded Command Group: ['gcloud', 'compute', 'routers', 'nats']
2024-11-18 11:24:23,806 DEBUG    root            Loaded Command Group: ['gcloud', 'compute', 'routers', 'nats', 'describe']
2024-11-18 11:24:23,807 DEBUG    root            Loaded Command Group: ['gcloud', 'compute', 'routers', 'nats', 'list']
2024-11-18 11:24:23,808 DEBUG    root            Loaded Command Group: ['gcloud', 'compute', 'routers', 'nats', 'update']
2024-11-18 11:24:23,811 DEBUG    root            Loaded Command Group: ['gcloud', 'compute', 'routers', 'nats', 'create']
2024-11-18 11:24:23,813 DEBUG    root            Loaded Command Group: ['gcloud', 'compute', 'routers', 'nats', 'delete']
2024-11-18 11:24:23,813 DEBUG    root            Loaded Command Group: ['gcloud', 'compute', 'routers', 'nats', 'rules']
2024-11-18 11:24:23,818 DEBUG    root            Loaded Command Group: ['gcloud', 'compute', 'routers', 'nats', 'rules', 'describe']
2024-11-18 11:24:23,820 DEBUG    root            Loaded Command Group: ['gcloud', 'compute', 'routers', 'nats', 'rules', 'list']
2024-11-18 11:24:23,821 DEBUG    root            Loaded Command Group: ['gcloud', 'compute', 'routers', 'nats', 'rules', 'update']
2024-11-18 11:24:23,823 DEBUG    root            Loaded Command Group: ['gcloud', 'compute', 'routers', 'nats', 'rules', 'delete']
2024-11-18 11:24:23,825 DEBUG    root            Loaded Command Group: ['gcloud', 'compute', 'routers', 'nats', 'rules', 'create']
2024-11-18 11:24:23,825 DEBUG    root            Loaded Command Group: ['gcloud', 'compute', 'routers', 'get_nat_mapping_info']
2024-11-18 11:24:23,828 DEBUG    root            No implementation for release track [GA] for element: [/Users/gabrielpaura/Library/Application Support/cloud-code/installer/google-cloud-sdk/lib/surface/compute/routers/download_named_set]
2024-11-18 11:24:23,831 DEBUG    root            No implementation for release track [GA] for element: [/Users/gabrielpaura/Library/Application Support/cloud-code/installer/google-cloud-sdk/lib/surface/compute/routers/remove_route_policy_term]
2024-11-18 11:24:23,832 DEBUG    root            Loaded Command Group: ['gcloud', 'compute', 'routers', 'list']
2024-11-18 11:24:23,834 DEBUG    root            No implementation for release track [GA] for element: [/Users/gabrielpaura/Library/Application Support/cloud-code/installer/google-cloud-sdk/lib/surface/compute/routers/upload_route_policy]
2024-11-18 11:24:23,834 DEBUG    root            Loaded Command Group: ['gcloud', 'compute', 'routers', 'remove_interface']
2024-11-18 11:24:23,836 DEBUG    root            Loaded Command Group: ['gcloud', 'compute', 'routers', 'get_nat_ip_info']
2024-11-18 11:24:23,837 DEBUG    root            No implementation for release track [GA] for element: [/Users/gabrielpaura/Library/Application Support/cloud-code/installer/google-cloud-sdk/lib/surface/compute/routers/add_route_policy_term]
2024-11-18 11:24:23,838 DEBUG    root            Loaded Command Group: ['gcloud', 'compute', 'routers', 'update_bgp_peer']
2024-11-18 11:24:23,839 DEBUG    root            No implementation for release track [GA] for element: [/Users/gabrielpaura/Library/Application Support/cloud-code/installer/google-cloud-sdk/lib/surface/compute/routers/remove_route_policy]
2024-11-18 11:24:23,840 DEBUG    root            No implementation for release track [GA] for element: [/Users/gabrielpaura/Library/Application Support/cloud-code/installer/google-cloud-sdk/lib/surface/compute/routers/get_named_set]
2024-11-18 11:24:23,840 DEBUG    root            No implementation for release track [GA] for element: [/Users/gabrielpaura/Library/Application Support/cloud-code/installer/google-cloud-sdk/lib/surface/compute/routers/update_route_policy_term]
2024-11-18 11:24:23,840 DEBUG    root            Loaded Command Group: ['gcloud', 'compute', 'routers', 'describe']
2024-11-18 11:24:23,841 DEBUG    root            No implementation for release track [GA] for element: [/Users/gabrielpaura/Library/Application Support/cloud-code/installer/google-cloud-sdk/lib/surface/compute/routers/upload_named_set]
2024-11-18 11:24:23,842 DEBUG    root            No implementation for release track [GA] for element: [/Users/gabrielpaura/Library/Application Support/cloud-code/installer/google-cloud-sdk/lib/surface/compute/routers/list_bgp_routes]
2024-11-18 11:24:23,842 DEBUG    root            Loaded Command Group: ['gcloud', 'compute', 'ssl_certificates']
2024-11-18 11:24:23,844 DEBUG    root            Loaded Command Group: ['gcloud', 'compute', 'ssl-certificates', 'delete']
2024-11-18 11:24:23,844 DEBUG    root            Loaded Command Group: ['gcloud', 'compute', 'ssl-certificates', 'describe']
2024-11-18 11:24:23,845 DEBUG    root            Loaded Command Group: ['gcloud', 'compute', 'ssl-certificates', 'list']
2024-11-18 11:24:23,846 DEBUG    root            Loaded Command Group: ['gcloud', 'compute', 'ssl-certificates', 'create']
2024-11-18 11:24:23,847 DEBUG    root            Loaded Command Group: ['gcloud', 'compute', 'accelerator_types']
2024-11-18 11:24:23,848 DEBUG    root            Loaded Command Group: ['gcloud', 'compute', 'accelerator-types', 'describe']
