2024-11-23 15:14:20,761 DEBUG    root            Loaded Command Group: ['gcloud', 'components']
2024-11-23 15:14:20,762 DEBUG    root            Loaded Command Group: ['gcloud', 'components', 'install']
2024-11-23 15:14:20,763 DEBUG    root            Running [gcloud.components.install] with arguments: [--no-compile-python: "False", --quiet: "True", COMPONENT-IDS:6: "['alpha', 'beta', 'gke-gcloud-auth-plugin', 'kubectl', 'skaffold', 'minikube']"]
2024-11-23 15:14:20,770 DEBUG    urllib3.connectionpool Starting new HTTPS connection (1): dl.google.com:443
2024-11-23 15:14:20,910 DEBUG    urllib3.connectionpool https://dl.google.com:443 "GET /dl/cloudsdk/channels/rapid/components-v502.0.0.json HTTP/1.1" 200 227816
2024-11-23 15:14:20,999 INFO     ___FILE_ONLY___ 

2024-11-23 15:14:20,999 INFO     ___FILE_ONLY___ 
Your current Google Cloud CLI version is: 502.0.0

2024-11-23 15:14:20,999 INFO     ___FILE_ONLY___ Installing components from version: 502.0.0

2024-11-23 15:14:20,999 INFO     ___FILE_ONLY___ 

2024-11-23 15:14:21,000 DEBUG    root            Chosen display Format:table[box,title="These components will be removed."](details.display_name:label=Name:align=left,version.version_string:label=Version:align=right,data.size.size(zero="",min=1048576):label=Size:align=right)
2024-11-23 15:14:21,000 DEBUG    root            Chosen display Format:table[box,title="These components will be updated."](details.display_name:label=Name:align=left,version.version_string:label=Version:align=right,data.size.size(zero="",min=1048576):label=Size:align=right)
2024-11-23 15:14:21,000 DEBUG    root            Chosen display Format:table[box,title="These components will be installed."](details.display_name:label=Name:align=left,version.version_string:label=Version:align=right,data.size.size(zero="",min=1048576):label=Size:align=right)
2024-11-23 15:14:21,010 INFO     ___FILE_ONLY___ ┌─────────────────────────────────────────────────────────────────────────────┐
2024-11-23 15:14:21,025 INFO     ___FILE_ONLY___ 

2024-11-23 15:14:21,025 INFO     ___FILE_ONLY___ │                     These components will be installed.                     │
2024-11-23 15:14:21,025 INFO     ___FILE_ONLY___ 

2024-11-23 15:14:21,025 INFO     ___FILE_ONLY___ ├─────────────────────────────────────────────────────┬────────────┬──────────┤
2024-11-23 15:14:21,025 INFO     ___FILE_ONLY___ 

2024-11-23 15:14:21,025 INFO     ___FILE_ONLY___ │                         Name                        │  Version   │   Size   │
2024-11-23 15:14:21,025 INFO     ___FILE_ONLY___ 

2024-11-23 15:14:21,025 INFO     ___FILE_ONLY___ ├─────────────────────────────────────────────────────┼────────────┼──────────┤
2024-11-23 15:14:21,025 INFO     ___FILE_ONLY___ 

2024-11-23 15:14:21,025 INFO     ___FILE_ONLY___ │ 
2024-11-23 15:14:21,025 INFO     ___FILE_ONLY___ Google Cloud CLI Core Libraries (Platform Specific)
2024-11-23 15:14:21,025 INFO     ___FILE_ONLY___  
2024-11-23 15:14:21,025 INFO     ___FILE_ONLY___ │ 
2024-11-23 15:14:21,025 INFO     ___FILE_ONLY___ 2024.08.30
2024-11-23 15:14:21,025 INFO     ___FILE_ONLY___  
2024-11-23 15:14:21,025 INFO     ___FILE_ONLY___ │ 
2024-11-23 15:14:21,025 INFO     ___FILE_ONLY___  < 1 MiB
2024-11-23 15:14:21,025 INFO     ___FILE_ONLY___  
2024-11-23 15:14:21,025 INFO     ___FILE_ONLY___ │
2024-11-23 15:14:21,025 INFO     ___FILE_ONLY___ 

2024-11-23 15:14:21,025 INFO     ___FILE_ONLY___ │ 
2024-11-23 15:14:21,025 INFO     ___FILE_ONLY___ Minikube (Platform Specific)                       
2024-11-23 15:14:21,025 INFO     ___FILE_ONLY___  
2024-11-23 15:14:21,025 INFO     ___FILE_ONLY___ │ 
2024-11-23 15:14:21,025 INFO     ___FILE_ONLY___     1.34.0
2024-11-23 15:14:21,026 INFO     ___FILE_ONLY___  
2024-11-23 15:14:21,026 INFO     ___FILE_ONLY___ │ 
2024-11-23 15:14:21,026 INFO     ___FILE_ONLY___ 37.2 MiB
2024-11-23 15:14:21,026 INFO     ___FILE_ONLY___  
2024-11-23 15:14:21,026 INFO     ___FILE_ONLY___ │
2024-11-23 15:14:21,026 INFO     ___FILE_ONLY___ 

2024-11-23 15:14:21,026 INFO     ___FILE_ONLY___ │ 
2024-11-23 15:14:21,026 INFO     ___FILE_ONLY___ Skaffold (Platform Specific)                       
2024-11-23 15:14:21,026 INFO     ___FILE_ONLY___  
2024-11-23 15:14:21,026 INFO     ___FILE_ONLY___ │ 
2024-11-23 15:14:21,026 INFO     ___FILE_ONLY___     2.13.1
2024-11-23 15:14:21,026 INFO     ___FILE_ONLY___  
2024-11-23 15:14:21,026 INFO     ___FILE_ONLY___ │ 
2024-11-23 15:14:21,026 INFO     ___FILE_ONLY___ 22.9 MiB
2024-11-23 15:14:21,026 INFO     ___FILE_ONLY___  
2024-11-23 15:14:21,026 INFO     ___FILE_ONLY___ │
2024-11-23 15:14:21,026 INFO     ___FILE_ONLY___ 

2024-11-23 15:14:21,026 INFO     ___FILE_ONLY___ │ 
2024-11-23 15:14:21,026 INFO     ___FILE_ONLY___ gcloud Alpha Commands                              
2024-11-23 15:14:21,026 INFO     ___FILE_ONLY___  
2024-11-23 15:14:21,026 INFO     ___FILE_ONLY___ │ 
2024-11-23 15:14:21,026 INFO     ___FILE_ONLY___ 2024.11.15
2024-11-23 15:14:21,026 INFO     ___FILE_ONLY___  
2024-11-23 15:14:21,026 INFO     ___FILE_ONLY___ │ 
2024-11-23 15:14:21,026 INFO     ___FILE_ONLY___  < 1 MiB
2024-11-23 15:14:21,026 INFO     ___FILE_ONLY___  
2024-11-23 15:14:21,026 INFO     ___FILE_ONLY___ │
2024-11-23 15:14:21,026 INFO     ___FILE_ONLY___ 

2024-11-23 15:14:21,026 INFO     ___FILE_ONLY___ │ 
2024-11-23 15:14:21,026 INFO     ___FILE_ONLY___ gcloud Beta Commands                               
2024-11-23 15:14:21,026 INFO     ___FILE_ONLY___  
2024-11-23 15:14:21,026 INFO     ___FILE_ONLY___ │ 
2024-11-23 15:14:21,026 INFO     ___FILE_ONLY___ 2024.11.15
2024-11-23 15:14:21,026 INFO     ___FILE_ONLY___  
2024-11-23 15:14:21,026 INFO     ___FILE_ONLY___ │ 
2024-11-23 15:14:21,026 INFO     ___FILE_ONLY___  < 1 MiB
2024-11-23 15:14:21,026 INFO     ___FILE_ONLY___  
2024-11-23 15:14:21,026 INFO     ___FILE_ONLY___ │
2024-11-23 15:14:21,026 INFO     ___FILE_ONLY___ 

2024-11-23 15:14:21,026 INFO     ___FILE_ONLY___ │ 
2024-11-23 15:14:21,026 INFO     ___FILE_ONLY___ gcloud cli dependencies (Platform Specific)        
2024-11-23 15:14:21,026 INFO     ___FILE_ONLY___  
2024-11-23 15:14:21,026 INFO     ___FILE_ONLY___ │ 
2024-11-23 15:14:21,026 INFO     ___FILE_ONLY___ 2021.04.16
2024-11-23 15:14:21,026 INFO     ___FILE_ONLY___  
2024-11-23 15:14:21,026 INFO     ___FILE_ONLY___ │ 
2024-11-23 15:14:21,026 INFO     ___FILE_ONLY___  < 1 MiB
2024-11-23 15:14:21,026 INFO     ___FILE_ONLY___  
2024-11-23 15:14:21,026 INFO     ___FILE_ONLY___ │
2024-11-23 15:14:21,027 INFO     ___FILE_ONLY___ 

2024-11-23 15:14:21,027 INFO     ___FILE_ONLY___ │ 
2024-11-23 15:14:21,027 INFO     ___FILE_ONLY___ gke-gcloud-auth-plugin (Platform Specific)         
2024-11-23 15:14:21,027 INFO     ___FILE_ONLY___  
2024-11-23 15:14:21,027 INFO     ___FILE_ONLY___ │ 
2024-11-23 15:14:21,027 INFO     ___FILE_ONLY___      0.5.9
2024-11-23 15:14:21,027 INFO     ___FILE_ONLY___  
2024-11-23 15:14:21,027 INFO     ___FILE_ONLY___ │ 
2024-11-23 15:14:21,027 INFO     ___FILE_ONLY___  4.0 MiB
2024-11-23 15:14:21,027 INFO     ___FILE_ONLY___  
2024-11-23 15:14:21,027 INFO     ___FILE_ONLY___ │
2024-11-23 15:14:21,027 INFO     ___FILE_ONLY___ 

2024-11-23 15:14:21,027 INFO     ___FILE_ONLY___ │ 
2024-11-23 15:14:21,027 INFO     ___FILE_ONLY___ kubectl                                            
2024-11-23 15:14:21,027 INFO     ___FILE_ONLY___  
2024-11-23 15:14:21,027 INFO     ___FILE_ONLY___ │ 
2024-11-23 15:14:21,027 INFO     ___FILE_ONLY___     1.30.5
2024-11-23 15:14:21,027 INFO     ___FILE_ONLY___  
2024-11-23 15:14:21,027 INFO     ___FILE_ONLY___ │ 
2024-11-23 15:14:21,027 INFO     ___FILE_ONLY___  < 1 MiB
2024-11-23 15:14:21,027 INFO     ___FILE_ONLY___  
2024-11-23 15:14:21,027 INFO     ___FILE_ONLY___ │
2024-11-23 15:14:21,027 INFO     ___FILE_ONLY___ 

2024-11-23 15:14:21,027 INFO     ___FILE_ONLY___ │ 
2024-11-23 15:14:21,027 INFO     ___FILE_ONLY___ kubectl (Platform Specific)                        
2024-11-23 15:14:21,027 INFO     ___FILE_ONLY___  
2024-11-23 15:14:21,027 INFO     ___FILE_ONLY___ │ 
2024-11-23 15:14:21,027 INFO     ___FILE_ONLY___     1.30.6
2024-11-23 15:14:21,027 INFO     ___FILE_ONLY___  
2024-11-23 15:14:21,027 INFO     ___FILE_ONLY___ │ 
2024-11-23 15:14:21,027 INFO     ___FILE_ONLY___ 86.1 MiB
2024-11-23 15:14:21,027 INFO     ___FILE_ONLY___  
2024-11-23 15:14:21,027 INFO     ___FILE_ONLY___ │
2024-11-23 15:14:21,027 INFO     ___FILE_ONLY___ 

2024-11-23 15:14:21,027 INFO     ___FILE_ONLY___ └─────────────────────────────────────────────────────┴────────────┴──────────┘
2024-11-23 15:14:21,027 INFO     ___FILE_ONLY___ 

2024-11-23 15:14:21,027 INFO     ___FILE_ONLY___ 

2024-11-23 15:14:21,029 DEBUG    urllib3.connectionpool Starting new HTTPS connection (1): dl.google.com:443
2024-11-23 15:14:21,173 DEBUG    urllib3.connectionpool https://dl.google.com:443 "GET /dl/cloudsdk/channels/rapid/RELEASE_NOTES HTTP/1.1" 200 1314602
2024-11-23 15:14:21,269 INFO     ___FILE_ONLY___ For the latest full release notes, please visit:
  https://cloud.google.com/sdk/release_notes


2024-11-23 15:14:21,269 INFO     ___FILE_ONLY___ Performing in place update...


2024-11-23 15:14:21,275 INFO     ___FILE_ONLY___ ╔════════════════════════════════════════════════════════════╗

2024-11-23 15:14:21,275 INFO     ___FILE_ONLY___ ╠═ Downloading: Google Cloud CLI Core Libraries (Platfor... ═╣

2024-11-23 15:14:21,275 INFO     ___FILE_ONLY___ ╚
2024-11-23 15:14:21,277 DEBUG    urllib3.connectionpool Starting new HTTPS connection (1): dl.google.com:443
2024-11-23 15:14:21,415 DEBUG    urllib3.connectionpool https://dl.google.com:443 "GET /dl/cloudsdk/channels/rapid/components/google-cloud-sdk-core-nix-20240830134514.tar.gz HTTP/1.1" 200 2306
2024-11-23 15:14:21,415 INFO     ___FILE_ONLY___ ════════════════════════════════════════════════════════════
2024-11-23 15:14:21,415 INFO     ___FILE_ONLY___ ╝

2024-11-23 15:14:21,421 INFO     ___FILE_ONLY___ ╔════════════════════════════════════════════════════════════╗

2024-11-23 15:14:21,421 INFO     ___FILE_ONLY___ ╠═ Downloading: Minikube                                    ═╣

2024-11-23 15:14:21,421 INFO     ___FILE_ONLY___ ╚
2024-11-23 15:14:21,421 INFO     ___FILE_ONLY___ ════════════════════════════════════════════════════════════
2024-11-23 15:14:21,421 INFO     ___FILE_ONLY___ ╝

2024-11-23 15:14:21,426 INFO     ___FILE_ONLY___ ╔════════════════════════════════════════════════════════════╗

2024-11-23 15:14:21,426 INFO     ___FILE_ONLY___ ╠═ Downloading: Minikube (Platform Specific)                ═╣

2024-11-23 15:14:21,426 INFO     ___FILE_ONLY___ ╚
2024-11-23 15:14:21,428 DEBUG    urllib3.connectionpool Starting new HTTPS connection (1): dl.google.com:443
2024-11-23 15:14:21,568 DEBUG    urllib3.connectionpool https://dl.google.com:443 "GET /dl/cloudsdk/channels/rapid/components/google-cloud-sdk-minikube-darwin-arm-20240927140238.tar.gz HTTP/1.1" 200 38981244
2024-11-23 15:14:22,091 INFO     ___FILE_ONLY___ ═
2024-11-23 15:14:22,092 INFO     ___FILE_ONLY___ ═
2024-11-23 15:14:22,093 INFO     ___FILE_ONLY___ ═
2024-11-23 15:14:22,094 INFO     ___FILE_ONLY___ ═
2024-11-23 15:14:22,094 INFO     ___FILE_ONLY___ ═
2024-11-23 15:14:22,095 INFO     ___FILE_ONLY___ ═
2024-11-23 15:14:22,095 INFO     ___FILE_ONLY___ ═
2024-11-23 15:14:22,096 INFO     ___FILE_ONLY___ ═
2024-11-23 15:14:22,097 INFO     ___FILE_ONLY___ ═
2024-11-23 15:14:22,097 INFO     ___FILE_ONLY___ ═
2024-11-23 15:14:22,098 INFO     ___FILE_ONLY___ ═
2024-11-23 15:14:22,099 INFO     ___FILE_ONLY___ ═
2024-11-23 15:14:22,099 INFO     ___FILE_ONLY___ ═
2024-11-23 15:14:22,100 INFO     ___FILE_ONLY___ ═
2024-11-23 15:14:22,101 INFO     ___FILE_ONLY___ ═
2024-11-23 15:14:22,102 INFO     ___FILE_ONLY___ ═
2024-11-23 15:14:22,102 INFO     ___FILE_ONLY___ ═
2024-11-23 15:14:22,103 INFO     ___FILE_ONLY___ ═
2024-11-23 15:14:22,104 INFO     ___FILE_ONLY___ ═
2024-11-23 15:14:22,104 INFO     ___FILE_ONLY___ ═
2024-11-23 15:14:22,105 INFO     ___FILE_ONLY___ ═
2024-11-23 15:14:22,106 INFO     ___FILE_ONLY___ ═
2024-11-23 15:14:22,106 INFO     ___FILE_ONLY___ ═
2024-11-23 15:14:22,107 INFO     ___FILE_ONLY___ ═
2024-11-23 15:14:22,107 INFO     ___FILE_ONLY___ ═
2024-11-23 15:14:22,108 INFO     ___FILE_ONLY___ ═
2024-11-23 15:14:22,109 INFO     ___FILE_ONLY___ ═
2024-11-23 15:14:22,109 INFO     ___FILE_ONLY___ ═
2024-11-23 15:14:22,109 INFO     ___FILE_ONLY___ ═
2024-11-23 15:14:22,109 INFO     ___FILE_ONLY___ ═
2024-11-23 15:14:22,110 INFO     ___FILE_ONLY___ ═
2024-11-23 15:14:22,110 INFO     ___FILE_ONLY___ ═
2024-11-23 15:14:22,111 INFO     ___FILE_ONLY___ ═
2024-11-23 15:14:22,111 INFO     ___FILE_ONLY___ ═
2024-11-23 15:14:22,111 INFO     ___FILE_ONLY___ ═
2024-11-23 15:14:22,112 INFO     ___FILE_ONLY___ ═
2024-11-23 15:14:22,112 INFO     ___FILE_ONLY___ ═
2024-11-23 15:14:22,113 INFO     ___FILE_ONLY___ ═
2024-11-23 15:14:22,114 INFO     ___FILE_ONLY___ ═
2024-11-23 15:14:22,114 INFO     ___FILE_ONLY___ ═
2024-11-23 15:14:22,115 INFO     ___FILE_ONLY___ ═
2024-11-23 15:14:22,117 INFO     ___FILE_ONLY___ ═
2024-11-23 15:14:22,118 INFO     ___FILE_ONLY___ ═
2024-11-23 15:14:22,118 INFO     ___FILE_ONLY___ ═
2024-11-23 15:14:22,118 INFO     ___FILE_ONLY___ ═
2024-11-23 15:14:22,119 INFO     ___FILE_ONLY___ ═
2024-11-23 15:14:22,119 INFO     ___FILE_ONLY___ ═
2024-11-23 15:14:22,119 INFO     ___FILE_ONLY___ ═
2024-11-23 15:14:22,120 INFO     ___FILE_ONLY___ ═
2024-11-23 15:14:22,120 INFO     ___FILE_ONLY___ ═
2024-11-23 15:14:22,120 INFO     ___FILE_ONLY___ ═
2024-11-23 15:14:22,121 INFO     ___FILE_ONLY___ ═
2024-11-23 15:14:22,122 INFO     ___FILE_ONLY___ ═
2024-11-23 15:14:22,122 INFO     ___FILE_ONLY___ ═
2024-11-23 15:14:22,122 INFO     ___FILE_ONLY___ ═
2024-11-23 15:14:22,122 INFO     ___FILE_ONLY___ ═
2024-11-23 15:14:22,123 INFO     ___FILE_ONLY___ ═
2024-11-23 15:14:22,123 INFO     ___FILE_ONLY___ ═
2024-11-23 15:14:22,123 INFO     ___FILE_ONLY___ ═
2024-11-23 15:14:22,124 INFO     ___FILE_ONLY___ ═
2024-11-23 15:14:22,124 INFO     ___FILE_ONLY___ ╝

2024-11-23 15:14:22,132 INFO     ___FILE_ONLY___ ╔════════════════════════════════════════════════════════════╗

2024-11-23 15:14:22,132 INFO     ___FILE_ONLY___ ╠═ Downloading: Skaffold                                    ═╣

2024-11-23 15:14:22,132 INFO     ___FILE_ONLY___ ╚
2024-11-23 15:14:22,132 INFO     ___FILE_ONLY___ ════════════════════════════════════════════════════════════
2024-11-23 15:14:22,132 INFO     ___FILE_ONLY___ ╝

2024-11-23 15:14:22,142 INFO     ___FILE_ONLY___ ╔════════════════════════════════════════════════════════════╗

2024-11-23 15:14:22,142 INFO     ___FILE_ONLY___ ╠═ Downloading: Skaffold (Platform Specific)                ═╣

2024-11-23 15:14:22,142 INFO     ___FILE_ONLY___ ╚
2024-11-23 15:14:22,144 DEBUG    urllib3.connectionpool Starting new HTTPS connection (1): dl.google.com:443
2024-11-23 15:14:22,288 DEBUG    urllib3.connectionpool https://dl.google.com:443 "GET /dl/cloudsdk/channels/rapid/components/google-cloud-sdk-skaffold-darwin-arm-20240806142304.tar.gz HTTP/1.1" 200 24031362
2024-11-23 15:14:22,651 INFO     ___FILE_ONLY___ ═
2024-11-23 15:14:22,651 INFO     ___FILE_ONLY___ ═
2024-11-23 15:14:22,651 INFO     ___FILE_ONLY___ ═
2024-11-23 15:14:22,652 INFO     ___FILE_ONLY___ ═
2024-11-23 15:14:22,652 INFO     ___FILE_ONLY___ ═
2024-11-23 15:14:22,652 INFO     ___FILE_ONLY___ ═
2024-11-23 15:14:22,653 INFO     ___FILE_ONLY___ ═
2024-11-23 15:14:22,653 INFO     ___FILE_ONLY___ ═
2024-11-23 15:14:22,653 INFO     ___FILE_ONLY___ ═
2024-11-23 15:14:22,654 INFO     ___FILE_ONLY___ ═
2024-11-23 15:14:22,654 INFO     ___FILE_ONLY___ ═
2024-11-23 15:14:22,654 INFO     ___FILE_ONLY___ ═
2024-11-23 15:14:22,654 INFO     ___FILE_ONLY___ ═
2024-11-23 15:14:22,655 INFO     ___FILE_ONLY___ ═
2024-11-23 15:14:22,655 INFO     ___FILE_ONLY___ ═
2024-11-23 15:14:22,655 INFO     ___FILE_ONLY___ ═
2024-11-23 15:14:22,656 INFO     ___FILE_ONLY___ ═
2024-11-23 15:14:22,656 INFO     ___FILE_ONLY___ ═
2024-11-23 15:14:22,656 INFO     ___FILE_ONLY___ ═
2024-11-23 15:14:22,657 INFO     ___FILE_ONLY___ ═
2024-11-23 15:14:22,658 INFO     ___FILE_ONLY___ ═
2024-11-23 15:14:22,658 INFO     ___FILE_ONLY___ ═
2024-11-23 15:14:22,658 INFO     ___FILE_ONLY___ ═
2024-11-23 15:14:22,659 INFO     ___FILE_ONLY___ ═
2024-11-23 15:14:22,659 INFO     ___FILE_ONLY___ ═
2024-11-23 15:14:22,659 INFO     ___FILE_ONLY___ ═
2024-11-23 15:14:22,660 INFO     ___FILE_ONLY___ ═
2024-11-23 15:14:22,660 INFO     ___FILE_ONLY___ ═
2024-11-23 15:14:22,661 INFO     ___FILE_ONLY___ ═
2024-11-23 15:14:22,661 INFO     ___FILE_ONLY___ ═
2024-11-23 15:14:22,662 INFO     ___FILE_ONLY___ ═
2024-11-23 15:14:22,662 INFO     ___FILE_ONLY___ ═
2024-11-23 15:14:22,662 INFO     ___FILE_ONLY___ ═
2024-11-23 15:14:22,663 INFO     ___FILE_ONLY___ ═
2024-11-23 15:14:22,663 INFO     ___FILE_ONLY___ ═
2024-11-23 15:14:22,664 INFO     ___FILE_ONLY___ ═
2024-11-23 15:14:22,664 INFO     ___FILE_ONLY___ ═
2024-11-23 15:14:22,664 INFO     ___FILE_ONLY___ ═
2024-11-23 15:14:22,665 INFO     ___FILE_ONLY___ ═
2024-11-23 15:14:22,665 INFO     ___FILE_ONLY___ ═
2024-11-23 15:14:22,665 INFO     ___FILE_ONLY___ ═
2024-11-23 15:14:22,666 INFO     ___FILE_ONLY___ ═
2024-11-23 15:14:22,666 INFO     ___FILE_ONLY___ ═
2024-11-23 15:14:22,666 INFO     ___FILE_ONLY___ ═
2024-11-23 15:14:22,667 INFO     ___FILE_ONLY___ ═
2024-11-23 15:14:22,667 INFO     ___FILE_ONLY___ ═
2024-11-23 15:14:22,667 INFO     ___FILE_ONLY___ ═
2024-11-23 15:14:22,667 INFO     ___FILE_ONLY___ ═
2024-11-23 15:14:22,668 INFO     ___FILE_ONLY___ ═
2024-11-23 15:14:22,668 INFO     ___FILE_ONLY___ ═
2024-11-23 15:14:22,668 INFO     ___FILE_ONLY___ ═
2024-11-23 15:14:22,668 INFO     ___FILE_ONLY___ ═
2024-11-23 15:14:22,669 INFO     ___FILE_ONLY___ ═
2024-11-23 15:14:22,669 INFO     ___FILE_ONLY___ ═
2024-11-23 15:14:22,669 INFO     ___FILE_ONLY___ ═
2024-11-23 15:14:22,669 INFO     ___FILE_ONLY___ ═
2024-11-23 15:14:22,670 INFO     ___FILE_ONLY___ ═
2024-11-23 15:14:22,670 INFO     ___FILE_ONLY___ ═
2024-11-23 15:14:22,671 INFO     ___FILE_ONLY___ ═
2024-11-23 15:14:22,671 INFO     ___FILE_ONLY___ ═
2024-11-23 15:14:22,671 INFO     ___FILE_ONLY___ ╝

2024-11-23 15:14:22,679 INFO     ___FILE_ONLY___ ╔════════════════════════════════════════════════════════════╗

2024-11-23 15:14:22,679 INFO     ___FILE_ONLY___ ╠═ Downloading: gcloud Alpha Commands                       ═╣

2024-11-23 15:14:22,679 INFO     ___FILE_ONLY___ ╚
2024-11-23 15:14:22,681 DEBUG    urllib3.connectionpool Starting new HTTPS connection (1): dl.google.com:443
2024-11-23 15:14:22,810 DEBUG    urllib3.connectionpool https://dl.google.com:443 "GET /dl/cloudsdk/channels/rapid/components/google-cloud-sdk-alpha-20241115154308.tar.gz HTTP/1.1" 200 800
2024-11-23 15:14:22,811 INFO     ___FILE_ONLY___ ════════════════════════════════════════════════════════════
2024-11-23 15:14:22,811 INFO     ___FILE_ONLY___ ╝

2024-11-23 15:14:22,822 INFO     ___FILE_ONLY___ ╔════════════════════════════════════════════════════════════╗

2024-11-23 15:14:22,822 INFO     ___FILE_ONLY___ ╠═ Downloading: gcloud Beta Commands                        ═╣

2024-11-23 15:14:22,822 INFO     ___FILE_ONLY___ ╚
2024-11-23 15:14:22,825 DEBUG    urllib3.connectionpool Starting new HTTPS connection (1): dl.google.com:443
2024-11-23 15:14:22,971 DEBUG    urllib3.connectionpool https://dl.google.com:443 "GET /dl/cloudsdk/channels/rapid/components/google-cloud-sdk-beta-20241115154308.tar.gz HTTP/1.1" 200 797
2024-11-23 15:14:22,973 INFO     ___FILE_ONLY___ ════════════════════════════════════════════════════════════
2024-11-23 15:14:22,973 INFO     ___FILE_ONLY___ ╝

2024-11-23 15:14:22,989 INFO     ___FILE_ONLY___ ╔════════════════════════════════════════════════════════════╗

2024-11-23 15:14:22,990 INFO     ___FILE_ONLY___ ╠═ Downloading: gcloud cli dependencies (Platform Specific) ═╣

2024-11-23 15:14:22,990 INFO     ___FILE_ONLY___ ╚
2024-11-23 15:14:22,993 DEBUG    urllib3.connectionpool Starting new HTTPS connection (1): dl.google.com:443
2024-11-23 15:14:23,144 DEBUG    urllib3.connectionpool https://dl.google.com:443 "GET /dl/cloudsdk/channels/rapid/components/google-cloud-sdk-gcloud-deps-darwin-x86_64-20210416153011.tar.gz HTTP/1.1" 200 105
2024-11-23 15:14:23,144 INFO     ___FILE_ONLY___ ════════════════════════════════════════════════════════════
2024-11-23 15:14:23,144 INFO     ___FILE_ONLY___ ╝

2024-11-23 15:14:23,155 INFO     ___FILE_ONLY___ ╔════════════════════════════════════════════════════════════╗

2024-11-23 15:14:23,155 INFO     ___FILE_ONLY___ ╠═ Downloading: gke-gcloud-auth-plugin                      ═╣

2024-11-23 15:14:23,155 INFO     ___FILE_ONLY___ ╚
2024-11-23 15:14:23,155 INFO     ___FILE_ONLY___ ════════════════════════════════════════════════════════════
2024-11-23 15:14:23,155 INFO     ___FILE_ONLY___ ╝

2024-11-23 15:14:23,162 INFO     ___FILE_ONLY___ ╔════════════════════════════════════════════════════════════╗

2024-11-23 15:14:23,162 INFO     ___FILE_ONLY___ ╠═ Downloading: gke-gcloud-auth-plugin (Platform Specific)  ═╣

2024-11-23 15:14:23,162 INFO     ___FILE_ONLY___ ╚
2024-11-23 15:14:23,171 DEBUG    urllib3.connectionpool Starting new HTTPS connection (1): dl.google.com:443
2024-11-23 15:14:23,309 DEBUG    urllib3.connectionpool https://dl.google.com:443 "GET /dl/cloudsdk/channels/rapid/components/google-cloud-sdk-gke-gcloud-auth-plugin-darwin-arm-20240628141907.tar.gz HTTP/1.1" 200 4148014
2024-11-23 15:14:23,418 INFO     ___FILE_ONLY___ ═
2024-11-23 15:14:23,422 INFO     ___FILE_ONLY___ ═
2024-11-23 15:14:23,423 INFO     ___FILE_ONLY___ ═
2024-11-23 15:14:23,423 INFO     ___FILE_ONLY___ ═
2024-11-23 15:14:23,423 INFO     ___FILE_ONLY___ ═
2024-11-23 15:14:23,423 INFO     ___FILE_ONLY___ ═
2024-11-23 15:14:23,424 INFO     ___FILE_ONLY___ ═
2024-11-23 15:14:23,424 INFO     ___FILE_ONLY___ ═
2024-11-23 15:14:23,424 INFO     ___FILE_ONLY___ ═
2024-11-23 15:14:23,424 INFO     ___FILE_ONLY___ ═
2024-11-23 15:14:23,424 INFO     ___FILE_ONLY___ ═
2024-11-23 15:14:23,424 INFO     ___FILE_ONLY___ ═
2024-11-23 15:14:23,425 INFO     ___FILE_ONLY___ ═
2024-11-23 15:14:23,425 INFO     ___FILE_ONLY___ ═
2024-11-23 15:14:23,425 INFO     ___FILE_ONLY___ ═
2024-11-23 15:14:23,425 INFO     ___FILE_ONLY___ ═
2024-11-23 15:14:23,425 INFO     ___FILE_ONLY___ ═
2024-11-23 15:14:23,425 INFO     ___FILE_ONLY___ ═
2024-11-23 15:14:23,425 INFO     ___FILE_ONLY___ ═
2024-11-23 15:14:23,426 INFO     ___FILE_ONLY___ ═
2024-11-23 15:14:23,426 INFO     ___FILE_ONLY___ ═
2024-11-23 15:14:23,426 INFO     ___FILE_ONLY___ ═
2024-11-23 15:14:23,426 INFO     ___FILE_ONLY___ ═
2024-11-23 15:14:23,426 INFO     ___FILE_ONLY___ ═
2024-11-23 15:14:23,426 INFO     ___FILE_ONLY___ ═
2024-11-23 15:14:23,426 INFO     ___FILE_ONLY___ ═
2024-11-23 15:14:23,427 INFO     ___FILE_ONLY___ ═
2024-11-23 15:14:23,427 INFO     ___FILE_ONLY___ ═
2024-11-23 15:14:23,427 INFO     ___FILE_ONLY___ ═
2024-11-23 15:14:23,427 INFO     ___FILE_ONLY___ ═
2024-11-23 15:14:23,427 INFO     ___FILE_ONLY___ ═
2024-11-23 15:14:23,427 INFO     ___FILE_ONLY___ ═
2024-11-23 15:14:23,427 INFO     ___FILE_ONLY___ ═
2024-11-23 15:14:23,428 INFO     ___FILE_ONLY___ ═
2024-11-23 15:14:23,428 INFO     ___FILE_ONLY___ ═
2024-11-23 15:14:23,428 INFO     ___FILE_ONLY___ ═
2024-11-23 15:14:23,428 INFO     ___FILE_ONLY___ ═
2024-11-23 15:14:23,428 INFO     ___FILE_ONLY___ ═
2024-11-23 15:14:23,429 INFO     ___FILE_ONLY___ ═
2024-11-23 15:14:23,430 INFO     ___FILE_ONLY___ ═
2024-11-23 15:14:23,430 INFO     ___FILE_ONLY___ ═
2024-11-23 15:14:23,430 INFO     ___FILE_ONLY___ ═
2024-11-23 15:14:23,430 INFO     ___FILE_ONLY___ ═
2024-11-23 15:14:23,430 INFO     ___FILE_ONLY___ ═
2024-11-23 15:14:23,430 INFO     ___FILE_ONLY___ ═
2024-11-23 15:14:23,431 INFO     ___FILE_ONLY___ ═
2024-11-23 15:14:23,431 INFO     ___FILE_ONLY___ ═
2024-11-23 15:14:23,431 INFO     ___FILE_ONLY___ ═
2024-11-23 15:14:23,431 INFO     ___FILE_ONLY___ ═
2024-11-23 15:14:23,431 INFO     ___FILE_ONLY___ ═
2024-11-23 15:14:23,431 INFO     ___FILE_ONLY___ ═
2024-11-23 15:14:23,431 INFO     ___FILE_ONLY___ ═
2024-11-23 15:14:23,432 INFO     ___FILE_ONLY___ ═
2024-11-23 15:14:23,432 INFO     ___FILE_ONLY___ ═
2024-11-23 15:14:23,432 INFO     ___FILE_ONLY___ ═
2024-11-23 15:14:23,432 INFO     ___FILE_ONLY___ ═
2024-11-23 15:14:23,432 INFO     ___FILE_ONLY___ ═
2024-11-23 15:14:23,432 INFO     ___FILE_ONLY___ ═
2024-11-23 15:14:23,432 INFO     ___FILE_ONLY___ ═
2024-11-23 15:14:23,432 INFO     ___FILE_ONLY___ ═
2024-11-23 15:14:23,432 INFO     ___FILE_ONLY___ ╝

2024-11-23 15:14:23,446 INFO     ___FILE_ONLY___ ╔════════════════════════════════════════════════════════════╗

2024-11-23 15:14:23,446 INFO     ___FILE_ONLY___ ╠═ Downloading: kubectl                                     ═╣

2024-11-23 15:14:23,447 INFO     ___FILE_ONLY___ ╚
2024-11-23 15:14:23,450 DEBUG    urllib3.connectionpool Starting new HTTPS connection (1): dl.google.com:443
2024-11-23 15:14:23,611 DEBUG    urllib3.connectionpool https://dl.google.com:443 "GET /dl/cloudsdk/channels/rapid/components/google-cloud-sdk-kubectl-20241004144944.tar.gz HTTP/1.1" 200 36206
2024-11-23 15:14:23,621 INFO     ___FILE_ONLY___ ═══════════════════════════
2024-11-23 15:14:23,621 INFO     ___FILE_ONLY___ ═══════════════════════════
2024-11-23 15:14:23,621 INFO     ___FILE_ONLY___ ══════
2024-11-23 15:14:23,622 INFO     ___FILE_ONLY___ ╝

2024-11-23 15:14:23,639 INFO     ___FILE_ONLY___ ╔════════════════════════════════════════════════════════════╗

2024-11-23 15:14:23,639 INFO     ___FILE_ONLY___ ╠═ Downloading: kubectl (Platform Specific)                 ═╣

2024-11-23 15:14:23,639 INFO     ___FILE_ONLY___ ╚
2024-11-23 15:14:23,643 DEBUG    urllib3.connectionpool Starting new HTTPS connection (1): dl.google.com:443
2024-11-23 15:14:23,792 DEBUG    urllib3.connectionpool https://dl.google.com:443 "GET /dl/cloudsdk/channels/rapid/components/google-cloud-sdk-kubectl-darwin-arm-20241108162203.tar.gz HTTP/1.1" 200 90277960
2024-11-23 15:14:24,919 INFO     ___FILE_ONLY___ ═
2024-11-23 15:14:24,923 INFO     ___FILE_ONLY___ ═
2024-11-23 15:14:24,925 INFO     ___FILE_ONLY___ ═
2024-11-23 15:14:24,929 INFO     ___FILE_ONLY___ ═
2024-11-23 15:14:24,930 INFO     ___FILE_ONLY___ ═
2024-11-23 15:14:24,931 INFO     ___FILE_ONLY___ ═
2024-11-23 15:14:24,932 INFO     ___FILE_ONLY___ ═
2024-11-23 15:14:24,933 INFO     ___FILE_ONLY___ ═
2024-11-23 15:14:24,934 INFO     ___FILE_ONLY___ ═
2024-11-23 15:14:24,935 INFO     ___FILE_ONLY___ ═
2024-11-23 15:14:24,936 INFO     ___FILE_ONLY___ ═
2024-11-23 15:14:24,938 INFO     ___FILE_ONLY___ ═
2024-11-23 15:14:24,938 INFO     ___FILE_ONLY___ ═
2024-11-23 15:14:24,939 INFO     ___FILE_ONLY___ ═
2024-11-23 15:14:24,940 INFO     ___FILE_ONLY___ ═
2024-11-23 15:14:24,941 INFO     ___FILE_ONLY___ ═
2024-11-23 15:14:24,942 INFO     ___FILE_ONLY___ ═
2024-11-23 15:14:24,943 INFO     ___FILE_ONLY___ ═
2024-11-23 15:14:24,944 INFO     ___FILE_ONLY___ ═
2024-11-23 15:14:24,945 INFO     ___FILE_ONLY___ ═
2024-11-23 15:14:24,945 INFO     ___FILE_ONLY___ ═
2024-11-23 15:14:24,946 INFO     ___FILE_ONLY___ ═
2024-11-23 15:14:24,948 INFO     ___FILE_ONLY___ ═
2024-11-23 15:14:24,949 INFO     ___FILE_ONLY___ ═
2024-11-23 15:14:24,950 INFO     ___FILE_ONLY___ ═
2024-11-23 15:14:24,950 INFO     ___FILE_ONLY___ ═
2024-11-23 15:14:24,951 INFO     ___FILE_ONLY___ ═
2024-11-23 15:14:24,952 INFO     ___FILE_ONLY___ ═
2024-11-23 15:14:24,953 INFO     ___FILE_ONLY___ ═
2024-11-23 15:14:24,954 INFO     ___FILE_ONLY___ ═
2024-11-23 15:14:24,955 INFO     ___FILE_ONLY___ ═
2024-11-23 15:14:24,955 INFO     ___FILE_ONLY___ ═
2024-11-23 15:14:24,956 INFO     ___FILE_ONLY___ ═
2024-11-23 15:14:24,957 INFO     ___FILE_ONLY___ ═
2024-11-23 15:14:24,958 INFO     ___FILE_ONLY___ ═
2024-11-23 15:14:24,959 INFO     ___FILE_ONLY___ ═
2024-11-23 15:14:24,960 INFO     ___FILE_ONLY___ ═
2024-11-23 15:14:24,961 INFO     ___FILE_ONLY___ ═
2024-11-23 15:14:24,961 INFO     ___FILE_ONLY___ ═
2024-11-23 15:14:24,962 INFO     ___FILE_ONLY___ ═
2024-11-23 15:14:24,963 INFO     ___FILE_ONLY___ ═
2024-11-23 15:14:24,964 INFO     ___FILE_ONLY___ ═
2024-11-23 15:14:24,965 INFO     ___FILE_ONLY___ ═
2024-11-23 15:14:24,966 INFO     ___FILE_ONLY___ ═
2024-11-23 15:14:24,967 INFO     ___FILE_ONLY___ ═
2024-11-23 15:14:24,968 INFO     ___FILE_ONLY___ ═
2024-11-23 15:14:24,969 INFO     ___FILE_ONLY___ ═
2024-11-23 15:14:24,970 INFO     ___FILE_ONLY___ ═
2024-11-23 15:14:24,970 INFO     ___FILE_ONLY___ ═
2024-11-23 15:14:24,971 INFO     ___FILE_ONLY___ ═
2024-11-23 15:14:24,972 INFO     ___FILE_ONLY___ ═
2024-11-23 15:14:24,973 INFO     ___FILE_ONLY___ ═
2024-11-23 15:14:24,974 INFO     ___FILE_ONLY___ ═
2024-11-23 15:14:24,975 INFO     ___FILE_ONLY___ ═
2024-11-23 15:14:24,975 INFO     ___FILE_ONLY___ ═
2024-11-23 15:14:24,977 INFO     ___FILE_ONLY___ ═
2024-11-23 15:14:24,978 INFO     ___FILE_ONLY___ ═
2024-11-23 15:14:24,979 INFO     ___FILE_ONLY___ ═
2024-11-23 15:14:24,980 INFO     ___FILE_ONLY___ ═
2024-11-23 15:14:24,981 INFO     ___FILE_ONLY___ ═
2024-11-23 15:14:24,981 INFO     ___FILE_ONLY___ ╝

2024-11-23 15:14:25,031 INFO     ___FILE_ONLY___ ╔════════════════════════════════════════════════════════════╗

2024-11-23 15:14:25,031 INFO     ___FILE_ONLY___ ╠═ Installing: Google Cloud CLI Core Libraries (Platform... ═╣

2024-11-23 15:14:25,031 INFO     ___FILE_ONLY___ ╚
2024-11-23 15:14:25,032 INFO     ___FILE_ONLY___ ══════════════════════════════
2024-11-23 15:14:25,032 INFO     ___FILE_ONLY___ ══════════════════════════════
2024-11-23 15:14:25,032 INFO     ___FILE_ONLY___ ╝

2024-11-23 15:14:25,041 INFO     ___FILE_ONLY___ ╔════════════════════════════════════════════════════════════╗

2024-11-23 15:14:25,041 INFO     ___FILE_ONLY___ ╠═ Installing: Minikube                                     ═╣

2024-11-23 15:14:25,041 INFO     ___FILE_ONLY___ ╚
2024-11-23 15:14:25,042 INFO     ___FILE_ONLY___ ════════════════════════════════════════════════════════════
2024-11-23 15:14:25,042 INFO     ___FILE_ONLY___ ╝

2024-11-23 15:14:25,047 INFO     ___FILE_ONLY___ ╔════════════════════════════════════════════════════════════╗

2024-11-23 15:14:25,047 INFO     ___FILE_ONLY___ ╠═ Installing: Minikube (Platform Specific)                 ═╣

2024-11-23 15:14:25,047 INFO     ___FILE_ONLY___ ╚
2024-11-23 15:14:25,368 INFO     ___FILE_ONLY___ ════════════════════════════════════════════════════════════
2024-11-23 15:14:25,368 INFO     ___FILE_ONLY___ ╝

2024-11-23 15:14:25,376 INFO     ___FILE_ONLY___ ╔════════════════════════════════════════════════════════════╗

2024-11-23 15:14:25,376 INFO     ___FILE_ONLY___ ╠═ Installing: Skaffold                                     ═╣

2024-11-23 15:14:25,376 INFO     ___FILE_ONLY___ ╚
2024-11-23 15:14:25,378 INFO     ___FILE_ONLY___ ════════════════════════════════════════════════════════════
2024-11-23 15:14:25,378 INFO     ___FILE_ONLY___ ╝

2024-11-23 15:14:25,382 INFO     ___FILE_ONLY___ ╔════════════════════════════════════════════════════════════╗

2024-11-23 15:14:25,382 INFO     ___FILE_ONLY___ ╠═ Installing: Skaffold (Platform Specific)                 ═╣

2024-11-23 15:14:25,382 INFO     ___FILE_ONLY___ ╚
2024-11-23 15:14:25,638 INFO     ___FILE_ONLY___ ════════════════════════════════════════════════════════════
2024-11-23 15:14:25,639 INFO     ___FILE_ONLY___ ╝

2024-11-23 15:14:25,647 INFO     ___FILE_ONLY___ ╔════════════════════════════════════════════════════════════╗

2024-11-23 15:14:25,647 INFO     ___FILE_ONLY___ ╠═ Installing: gcloud Alpha Commands                        ═╣

2024-11-23 15:14:25,647 INFO     ___FILE_ONLY___ ╚
2024-11-23 15:14:25,648 INFO     ___FILE_ONLY___ ════════════════════════════════════════════════════════════
2024-11-23 15:14:25,648 INFO     ___FILE_ONLY___ ╝

2024-11-23 15:14:25,653 INFO     ___FILE_ONLY___ ╔════════════════════════════════════════════════════════════╗

2024-11-23 15:14:25,653 INFO     ___FILE_ONLY___ ╠═ Installing: gcloud Beta Commands                         ═╣

2024-11-23 15:14:25,653 INFO     ___FILE_ONLY___ ╚
2024-11-23 15:14:25,654 INFO     ___FILE_ONLY___ ════════════════════════════════════════════════════════════
2024-11-23 15:14:25,654 INFO     ___FILE_ONLY___ ╝

2024-11-23 15:14:25,660 INFO     ___FILE_ONLY___ ╔════════════════════════════════════════════════════════════╗

2024-11-23 15:14:25,660 INFO     ___FILE_ONLY___ ╠═ Installing: gcloud cli dependencies (Platform Specific)  ═╣

2024-11-23 15:14:25,660 INFO     ___FILE_ONLY___ ╚
2024-11-23 15:14:25,661 INFO     ___FILE_ONLY___ ════════════════════════════════════════════════════════════
2024-11-23 15:14:25,661 INFO     ___FILE_ONLY___ ╝

2024-11-23 15:14:25,666 INFO     ___FILE_ONLY___ ╔════════════════════════════════════════════════════════════╗

2024-11-23 15:14:25,666 INFO     ___FILE_ONLY___ ╠═ Installing: gke-gcloud-auth-plugin                       ═╣

2024-11-23 15:14:25,666 INFO     ___FILE_ONLY___ ╚
2024-11-23 15:14:25,667 INFO     ___FILE_ONLY___ ════════════════════════════════════════════════════════════
2024-11-23 15:14:25,667 INFO     ___FILE_ONLY___ ╝

2024-11-23 15:14:25,671 INFO     ___FILE_ONLY___ ╔════════════════════════════════════════════════════════════╗

2024-11-23 15:14:25,671 INFO     ___FILE_ONLY___ ╠═ Installing: gke-gcloud-auth-plugin (Platform Specific)   ═╣

2024-11-23 15:14:25,671 INFO     ___FILE_ONLY___ ╚
2024-11-23 15:14:25,715 INFO     ___FILE_ONLY___ ════════════════════════════════════════════════════════════
2024-11-23 15:14:25,716 INFO     ___FILE_ONLY___ ╝

2024-11-23 15:14:25,722 INFO     ___FILE_ONLY___ ╔════════════════════════════════════════════════════════════╗

2024-11-23 15:14:25,722 INFO     ___FILE_ONLY___ ╠═ Installing: kubectl                                      ═╣

2024-11-23 15:14:25,722 INFO     ___FILE_ONLY___ ╚
2024-11-23 15:14:25,724 INFO     ___FILE_ONLY___ ════════════════════════════════════════════════════════════
2024-11-23 15:14:25,724 INFO     ___FILE_ONLY___ ╝

2024-11-23 15:14:25,729 INFO     ___FILE_ONLY___ ╔════════════════════════════════════════════════════════════╗

2024-11-23 15:14:25,729 INFO     ___FILE_ONLY___ ╠═ Installing: kubectl (Platform Specific)                  ═╣

2024-11-23 15:14:25,729 INFO     ___FILE_ONLY___ ╚
2024-11-23 15:14:26,244 INFO     ___FILE_ONLY___ ══════════
2024-11-23 15:14:26,332 INFO     ___FILE_ONLY___ ══════════
2024-11-23 15:14:26,430 INFO     ___FILE_ONLY___ ══════════
2024-11-23 15:14:26,523 INFO     ___FILE_ONLY___ ══════════
2024-11-23 15:14:26,619 INFO     ___FILE_ONLY___ ══════════
2024-11-23 15:14:26,719 INFO     ___FILE_ONLY___ ══════════
2024-11-23 15:14:26,719 INFO     ___FILE_ONLY___ ╝

2024-11-23 15:14:26,725 DEBUG    root            Updating notification cache...
2024-11-23 15:14:26,725 INFO     ___FILE_ONLY___ 

2024-11-23 15:14:26,733 INFO     ___FILE_ONLY___ Performing post processing steps...
2024-11-23 15:14:26,733 DEBUG    root            Executing command: ['/Users/gabrielpaura/Library/Application Support/cloud-code/installer/google-cloud-sdk/bin/gcloud', 'components', 'post-process', '--no-compile-python']
2024-11-23 15:14:27,039 DEBUG    ___FILE_ONLY___ 
2024-11-23 15:14:27,039 DEBUG    ___FILE_ONLY___ 
2024-11-23 15:14:27,249 INFO     ___FILE_ONLY___ 
Update done!


2024-11-23 15:14:27,252 WARNING  root              There are other instances of Google Cloud tools on your system PATH.
  Please remove the following to avoid confusion or accidental invocation:

  /Applications/Docker.app/Contents/Resources/bin/kubectl

  
2024-11-23 15:14:27,256 DEBUG    root            Chosen display Format:none
2024-11-23 15:14:27,256 INFO     root            Display format: "none"
