2024-11-23 15:18:43,347 DEBUG    root            Metrics collector initialized...
2024-11-23 15:18:43,348 DEBUG    root            Loaded Command Group: ['gcloud', 'components']
2024-11-23 15:18:43,350 DEBUG    root            Loaded Command Group: ['gcloud', 'components', 'update']
2024-11-23 15:18:43,350 DEBUG    root            Running [gcloud.components.update] with arguments: [--no-compile-python: "False", --quiet: "True", COMPONENT-IDS:6: "['alpha', 'beta', 'gke-gcloud-auth-plugin', 'kubectl', 'skaffold', 'minikube']"]
2024-11-23 15:18:43,350 INFO     ___FILE_ONLY___ Beginning update. This process may take several minutes.

2024-11-23 15:18:43,364 DEBUG    urllib3.connectionpool Starting new HTTPS connection (1): dl.google.com:443
2024-11-23 15:18:43,525 DEBUG    urllib3.connectionpool https://dl.google.com:443 "GET /dl/cloudsdk/channels/rapid/components-2.json HTTP/1.1" 200 227816
2024-11-23 15:18:43,570 INFO     ___FILE_ONLY___ 

2024-11-23 15:18:43,571 INFO     ___FILE_ONLY___ 
Your current Google Cloud CLI version is: 502.0.0

2024-11-23 15:18:43,571 INFO     ___FILE_ONLY___ Installing components from version: 502.0.0

2024-11-23 15:18:43,571 INFO     ___FILE_ONLY___ 

2024-11-23 15:18:43,571 DEBUG    root            Chosen display Format:table[box,title="These components will be removed."](details.display_name:label=Name:align=left,version.version_string:label=Version:align=right,data.size.size(zero="",min=1048576):label=Size:align=right)
2024-11-23 15:18:43,571 DEBUG    root            Chosen display Format:table[box,title="These components will be updated."](details.display_name:label=Name:align=left,version.version_string:label=Version:align=right,data.size.size(zero="",min=1048576):label=Size:align=right)
2024-11-23 15:18:43,572 DEBUG    root            Chosen display Format:table[box,title="These components will be installed."](details.display_name:label=Name:align=left,version.version_string:label=Version:align=right,data.size.size(zero="",min=1048576):label=Size:align=right)
2024-11-23 15:18:43,604 INFO     ___FILE_ONLY___ ┌─────────────────────────────────────────────────────────────────────────────┐
2024-11-23 15:18:43,604 INFO     ___FILE_ONLY___ 

2024-11-23 15:18:43,604 INFO     ___FILE_ONLY___ │                     These components will be installed.                     │
2024-11-23 15:18:43,604 INFO     ___FILE_ONLY___ 

2024-11-23 15:18:43,604 INFO     ___FILE_ONLY___ ├─────────────────────────────────────────────────────┬────────────┬──────────┤
2024-11-23 15:18:43,604 INFO     ___FILE_ONLY___ 

2024-11-23 15:18:43,604 INFO     ___FILE_ONLY___ │                         Name                        │  Version   │   Size   │
2024-11-23 15:18:43,604 INFO     ___FILE_ONLY___ 

2024-11-23 15:18:43,604 INFO     ___FILE_ONLY___ ├─────────────────────────────────────────────────────┼────────────┼──────────┤
2024-11-23 15:18:43,604 INFO     ___FILE_ONLY___ 

2024-11-23 15:18:43,604 INFO     ___FILE_ONLY___ │ 
2024-11-23 15:18:43,604 INFO     ___FILE_ONLY___ Google Cloud CLI Core Libraries (Platform Specific)
2024-11-23 15:18:43,604 INFO     ___FILE_ONLY___  
2024-11-23 15:18:43,604 INFO     ___FILE_ONLY___ │ 
2024-11-23 15:18:43,604 INFO     ___FILE_ONLY___ 2024.08.30
2024-11-23 15:18:43,604 INFO     ___FILE_ONLY___  
2024-11-23 15:18:43,604 INFO     ___FILE_ONLY___ │ 
2024-11-23 15:18:43,604 INFO     ___FILE_ONLY___  < 1 MiB
2024-11-23 15:18:43,604 INFO     ___FILE_ONLY___  
2024-11-23 15:18:43,604 INFO     ___FILE_ONLY___ │
2024-11-23 15:18:43,604 INFO     ___FILE_ONLY___ 

2024-11-23 15:18:43,604 INFO     ___FILE_ONLY___ │ 
2024-11-23 15:18:43,604 INFO     ___FILE_ONLY___ Minikube (Platform Specific)                       
2024-11-23 15:18:43,604 INFO     ___FILE_ONLY___  
2024-11-23 15:18:43,604 INFO     ___FILE_ONLY___ │ 
2024-11-23 15:18:43,604 INFO     ___FILE_ONLY___     1.34.0
2024-11-23 15:18:43,604 INFO     ___FILE_ONLY___  
2024-11-23 15:18:43,604 INFO     ___FILE_ONLY___ │ 
2024-11-23 15:18:43,605 INFO     ___FILE_ONLY___ 37.2 MiB
2024-11-23 15:18:43,605 INFO     ___FILE_ONLY___  
2024-11-23 15:18:43,605 INFO     ___FILE_ONLY___ │
2024-11-23 15:18:43,605 INFO     ___FILE_ONLY___ 

2024-11-23 15:18:43,605 INFO     ___FILE_ONLY___ │ 
2024-11-23 15:18:43,605 INFO     ___FILE_ONLY___ Skaffold (Platform Specific)                       
2024-11-23 15:18:43,605 INFO     ___FILE_ONLY___  
2024-11-23 15:18:43,605 INFO     ___FILE_ONLY___ │ 
2024-11-23 15:18:43,605 INFO     ___FILE_ONLY___     2.13.1
2024-11-23 15:18:43,605 INFO     ___FILE_ONLY___  
2024-11-23 15:18:43,605 INFO     ___FILE_ONLY___ │ 
2024-11-23 15:18:43,605 INFO     ___FILE_ONLY___ 22.9 MiB
2024-11-23 15:18:43,605 INFO     ___FILE_ONLY___  
2024-11-23 15:18:43,605 INFO     ___FILE_ONLY___ │
2024-11-23 15:18:43,605 INFO     ___FILE_ONLY___ 

2024-11-23 15:18:43,605 INFO     ___FILE_ONLY___ │ 
2024-11-23 15:18:43,605 INFO     ___FILE_ONLY___ gcloud Alpha Commands                              
2024-11-23 15:18:43,605 INFO     ___FILE_ONLY___  
2024-11-23 15:18:43,605 INFO     ___FILE_ONLY___ │ 
2024-11-23 15:18:43,605 INFO     ___FILE_ONLY___ 2024.11.15
2024-11-23 15:18:43,605 INFO     ___FILE_ONLY___  
2024-11-23 15:18:43,605 INFO     ___FILE_ONLY___ │ 
2024-11-23 15:18:43,605 INFO     ___FILE_ONLY___  < 1 MiB
2024-11-23 15:18:43,605 INFO     ___FILE_ONLY___  
2024-11-23 15:18:43,605 INFO     ___FILE_ONLY___ │
2024-11-23 15:18:43,605 INFO     ___FILE_ONLY___ 

2024-11-23 15:18:43,605 INFO     ___FILE_ONLY___ │ 
2024-11-23 15:18:43,605 INFO     ___FILE_ONLY___ gcloud Beta Commands                               
2024-11-23 15:18:43,605 INFO     ___FILE_ONLY___  
2024-11-23 15:18:43,605 INFO     ___FILE_ONLY___ │ 
2024-11-23 15:18:43,605 INFO     ___FILE_ONLY___ 2024.11.15
2024-11-23 15:18:43,605 INFO     ___FILE_ONLY___  
2024-11-23 15:18:43,605 INFO     ___FILE_ONLY___ │ 
2024-11-23 15:18:43,605 INFO     ___FILE_ONLY___  < 1 MiB
2024-11-23 15:18:43,605 INFO     ___FILE_ONLY___  
2024-11-23 15:18:43,605 INFO     ___FILE_ONLY___ │
2024-11-23 15:18:43,605 INFO     ___FILE_ONLY___ 

2024-11-23 15:18:43,605 INFO     ___FILE_ONLY___ │ 
2024-11-23 15:18:43,605 INFO     ___FILE_ONLY___ gcloud cli dependencies (Platform Specific)        
2024-11-23 15:18:43,605 INFO     ___FILE_ONLY___  
2024-11-23 15:18:43,605 INFO     ___FILE_ONLY___ │ 
2024-11-23 15:18:43,605 INFO     ___FILE_ONLY___ 2021.04.16
2024-11-23 15:18:43,605 INFO     ___FILE_ONLY___  
2024-11-23 15:18:43,605 INFO     ___FILE_ONLY___ │ 
2024-11-23 15:18:43,605 INFO     ___FILE_ONLY___  < 1 MiB
2024-11-23 15:18:43,605 INFO     ___FILE_ONLY___  
2024-11-23 15:18:43,605 INFO     ___FILE_ONLY___ │
2024-11-23 15:18:43,605 INFO     ___FILE_ONLY___ 

2024-11-23 15:18:43,605 INFO     ___FILE_ONLY___ │ 
2024-11-23 15:18:43,605 INFO     ___FILE_ONLY___ gke-gcloud-auth-plugin (Platform Specific)         
2024-11-23 15:18:43,605 INFO     ___FILE_ONLY___  
2024-11-23 15:18:43,605 INFO     ___FILE_ONLY___ │ 
2024-11-23 15:18:43,606 INFO     ___FILE_ONLY___      0.5.9
2024-11-23 15:18:43,606 INFO     ___FILE_ONLY___  
2024-11-23 15:18:43,606 INFO     ___FILE_ONLY___ │ 
2024-11-23 15:18:43,606 INFO     ___FILE_ONLY___  4.0 MiB
2024-11-23 15:18:43,606 INFO     ___FILE_ONLY___  
2024-11-23 15:18:43,606 INFO     ___FILE_ONLY___ │
2024-11-23 15:18:43,606 INFO     ___FILE_ONLY___ 

2024-11-23 15:18:43,606 INFO     ___FILE_ONLY___ │ 
2024-11-23 15:18:43,606 INFO     ___FILE_ONLY___ kubectl                                            
2024-11-23 15:18:43,606 INFO     ___FILE_ONLY___  
2024-11-23 15:18:43,606 INFO     ___FILE_ONLY___ │ 
2024-11-23 15:18:43,606 INFO     ___FILE_ONLY___     1.30.5
2024-11-23 15:18:43,606 INFO     ___FILE_ONLY___  
2024-11-23 15:18:43,606 INFO     ___FILE_ONLY___ │ 
2024-11-23 15:18:43,606 INFO     ___FILE_ONLY___  < 1 MiB
2024-11-23 15:18:43,606 INFO     ___FILE_ONLY___  
2024-11-23 15:18:43,606 INFO     ___FILE_ONLY___ │
2024-11-23 15:18:43,606 INFO     ___FILE_ONLY___ 

2024-11-23 15:18:43,606 INFO     ___FILE_ONLY___ │ 
2024-11-23 15:18:43,606 INFO     ___FILE_ONLY___ kubectl (Platform Specific)                        
2024-11-23 15:18:43,606 INFO     ___FILE_ONLY___  
2024-11-23 15:18:43,606 INFO     ___FILE_ONLY___ │ 
2024-11-23 15:18:43,606 INFO     ___FILE_ONLY___     1.30.6
2024-11-23 15:18:43,606 INFO     ___FILE_ONLY___  
2024-11-23 15:18:43,606 INFO     ___FILE_ONLY___ │ 
2024-11-23 15:18:43,606 INFO     ___FILE_ONLY___ 86.1 MiB
2024-11-23 15:18:43,606 INFO     ___FILE_ONLY___  
2024-11-23 15:18:43,606 INFO     ___FILE_ONLY___ │
2024-11-23 15:18:43,606 INFO     ___FILE_ONLY___ 

2024-11-23 15:18:43,606 INFO     ___FILE_ONLY___ └─────────────────────────────────────────────────────┴────────────┴──────────┘
2024-11-23 15:18:43,606 INFO     ___FILE_ONLY___ 

2024-11-23 15:18:43,606 INFO     ___FILE_ONLY___ 

2024-11-23 15:18:43,608 DEBUG    urllib3.connectionpool Starting new HTTPS connection (1): dl.google.com:443
2024-11-23 15:18:43,750 DEBUG    urllib3.connectionpool https://dl.google.com:443 "GET /dl/cloudsdk/channels/rapid/RELEASE_NOTES HTTP/1.1" 200 1314602
2024-11-23 15:18:43,856 INFO     ___FILE_ONLY___ For the latest full release notes, please visit:
  https://cloud.google.com/sdk/release_notes


2024-11-23 15:18:43,856 INFO     ___FILE_ONLY___ Performing in place update...


2024-11-23 15:18:43,868 INFO     ___FILE_ONLY___ ╔════════════════════════════════════════════════════════════╗

2024-11-23 15:18:43,868 INFO     ___FILE_ONLY___ ╠═ Downloading: Google Cloud CLI Core Libraries (Platfor... ═╣

2024-11-23 15:18:43,868 INFO     ___FILE_ONLY___ ╚
2024-11-23 15:18:43,875 DEBUG    urllib3.connectionpool Starting new HTTPS connection (1): dl.google.com:443
2024-11-23 15:18:44,015 DEBUG    urllib3.connectionpool https://dl.google.com:443 "GET /dl/cloudsdk/channels/rapid/components/google-cloud-sdk-core-nix-20240830134514.tar.gz HTTP/1.1" 200 2306
2024-11-23 15:18:44,016 INFO     ___FILE_ONLY___ ════════════════════════════════════════════════════════════
2024-11-23 15:18:44,016 INFO     ___FILE_ONLY___ ╝

2024-11-23 15:18:44,031 INFO     ___FILE_ONLY___ ╔════════════════════════════════════════════════════════════╗

2024-11-23 15:18:44,031 INFO     ___FILE_ONLY___ ╠═ Downloading: Minikube                                    ═╣

2024-11-23 15:18:44,031 INFO     ___FILE_ONLY___ ╚
2024-11-23 15:18:44,031 INFO     ___FILE_ONLY___ ════════════════════════════════════════════════════════════
2024-11-23 15:18:44,031 INFO     ___FILE_ONLY___ ╝

2024-11-23 15:18:44,041 INFO     ___FILE_ONLY___ ╔════════════════════════════════════════════════════════════╗

2024-11-23 15:18:44,041 INFO     ___FILE_ONLY___ ╠═ Downloading: Minikube (Platform Specific)                ═╣

2024-11-23 15:18:44,041 INFO     ___FILE_ONLY___ ╚
2024-11-23 15:18:44,045 DEBUG    urllib3.connectionpool Starting new HTTPS connection (1): dl.google.com:443
2024-11-23 15:18:44,213 DEBUG    urllib3.connectionpool https://dl.google.com:443 "GET /dl/cloudsdk/channels/rapid/components/google-cloud-sdk-minikube-darwin-arm-20240927140238.tar.gz HTTP/1.1" 200 38981244
2024-11-23 15:18:44,726 INFO     ___FILE_ONLY___ ═
2024-11-23 15:18:44,727 INFO     ___FILE_ONLY___ ═
2024-11-23 15:18:44,728 INFO     ___FILE_ONLY___ ═
2024-11-23 15:18:44,728 INFO     ___FILE_ONLY___ ═
2024-11-23 15:18:44,729 INFO     ___FILE_ONLY___ ═
2024-11-23 15:18:44,730 INFO     ___FILE_ONLY___ ═
2024-11-23 15:18:44,730 INFO     ___FILE_ONLY___ ═
2024-11-23 15:18:44,731 INFO     ___FILE_ONLY___ ═
2024-11-23 15:18:44,732 INFO     ___FILE_ONLY___ ═
2024-11-23 15:18:44,733 INFO     ___FILE_ONLY___ ═
2024-11-23 15:18:44,733 INFO     ___FILE_ONLY___ ═
2024-11-23 15:18:44,734 INFO     ___FILE_ONLY___ ═
2024-11-23 15:18:44,735 INFO     ___FILE_ONLY___ ═
2024-11-23 15:18:44,735 INFO     ___FILE_ONLY___ ═
2024-11-23 15:18:44,736 INFO     ___FILE_ONLY___ ═
2024-11-23 15:18:44,737 INFO     ___FILE_ONLY___ ═
2024-11-23 15:18:44,737 INFO     ___FILE_ONLY___ ═
2024-11-23 15:18:44,738 INFO     ___FILE_ONLY___ ═
2024-11-23 15:18:44,738 INFO     ___FILE_ONLY___ ═
2024-11-23 15:18:44,739 INFO     ___FILE_ONLY___ ═
2024-11-23 15:18:44,739 INFO     ___FILE_ONLY___ ═
2024-11-23 15:18:44,740 INFO     ___FILE_ONLY___ ═
2024-11-23 15:18:44,740 INFO     ___FILE_ONLY___ ═
2024-11-23 15:18:44,741 INFO     ___FILE_ONLY___ ═
2024-11-23 15:18:44,741 INFO     ___FILE_ONLY___ ═
2024-11-23 15:18:44,742 INFO     ___FILE_ONLY___ ═
2024-11-23 15:18:44,743 INFO     ___FILE_ONLY___ ═
2024-11-23 15:18:44,743 INFO     ___FILE_ONLY___ ═
2024-11-23 15:18:44,744 INFO     ___FILE_ONLY___ ═
2024-11-23 15:18:44,744 INFO     ___FILE_ONLY___ ═
2024-11-23 15:18:44,745 INFO     ___FILE_ONLY___ ═
2024-11-23 15:18:44,745 INFO     ___FILE_ONLY___ ═
2024-11-23 15:18:44,746 INFO     ___FILE_ONLY___ ═
2024-11-23 15:18:44,746 INFO     ___FILE_ONLY___ ═
2024-11-23 15:18:44,746 INFO     ___FILE_ONLY___ ═
2024-11-23 15:18:44,747 INFO     ___FILE_ONLY___ ═
2024-11-23 15:18:44,747 INFO     ___FILE_ONLY___ ═
2024-11-23 15:18:44,748 INFO     ___FILE_ONLY___ ═
2024-11-23 15:18:44,749 INFO     ___FILE_ONLY___ ═
2024-11-23 15:18:44,749 INFO     ___FILE_ONLY___ ═
2024-11-23 15:18:44,749 INFO     ___FILE_ONLY___ ═
2024-11-23 15:18:44,750 INFO     ___FILE_ONLY___ ═
2024-11-23 15:18:44,750 INFO     ___FILE_ONLY___ ═
2024-11-23 15:18:44,751 INFO     ___FILE_ONLY___ ═
2024-11-23 15:18:44,751 INFO     ___FILE_ONLY___ ═
2024-11-23 15:18:44,752 INFO     ___FILE_ONLY___ ═
2024-11-23 15:18:44,752 INFO     ___FILE_ONLY___ ═
2024-11-23 15:18:44,753 INFO     ___FILE_ONLY___ ═
2024-11-23 15:18:44,753 INFO     ___FILE_ONLY___ ═
2024-11-23 15:18:44,753 INFO     ___FILE_ONLY___ ═
2024-11-23 15:18:44,754 INFO     ___FILE_ONLY___ ═
2024-11-23 15:18:44,754 INFO     ___FILE_ONLY___ ═
2024-11-23 15:18:44,755 INFO     ___FILE_ONLY___ ═
2024-11-23 15:18:44,755 INFO     ___FILE_ONLY___ ═
2024-11-23 15:18:44,755 INFO     ___FILE_ONLY___ ═
2024-11-23 15:18:44,756 INFO     ___FILE_ONLY___ ═
2024-11-23 15:18:44,756 INFO     ___FILE_ONLY___ ═
2024-11-23 15:18:44,757 INFO     ___FILE_ONLY___ ═
2024-11-23 15:18:44,757 INFO     ___FILE_ONLY___ ═
2024-11-23 15:18:44,757 INFO     ___FILE_ONLY___ ═
2024-11-23 15:18:44,757 INFO     ___FILE_ONLY___ ╝

2024-11-23 15:18:44,765 INFO     ___FILE_ONLY___ ╔════════════════════════════════════════════════════════════╗

2024-11-23 15:18:44,766 INFO     ___FILE_ONLY___ ╠═ Downloading: Skaffold                                    ═╣

2024-11-23 15:18:44,766 INFO     ___FILE_ONLY___ ╚
2024-11-23 15:18:44,766 INFO     ___FILE_ONLY___ ════════════════════════════════════════════════════════════
2024-11-23 15:18:44,766 INFO     ___FILE_ONLY___ ╝

2024-11-23 15:18:44,771 INFO     ___FILE_ONLY___ ╔════════════════════════════════════════════════════════════╗

2024-11-23 15:18:44,771 INFO     ___FILE_ONLY___ ╠═ Downloading: Skaffold (Platform Specific)                ═╣

2024-11-23 15:18:44,771 INFO     ___FILE_ONLY___ ╚
2024-11-23 15:18:44,773 DEBUG    urllib3.connectionpool Starting new HTTPS connection (1): dl.google.com:443
2024-11-23 15:18:44,912 DEBUG    urllib3.connectionpool https://dl.google.com:443 "GET /dl/cloudsdk/channels/rapid/components/google-cloud-sdk-skaffold-darwin-arm-20240806142304.tar.gz HTTP/1.1" 200 24031362
2024-11-23 15:18:45,252 INFO     ___FILE_ONLY___ ═
2024-11-23 15:18:45,252 INFO     ___FILE_ONLY___ ═
2024-11-23 15:18:45,253 INFO     ___FILE_ONLY___ ═
2024-11-23 15:18:45,253 INFO     ___FILE_ONLY___ ═
2024-11-23 15:18:45,254 INFO     ___FILE_ONLY___ ═
2024-11-23 15:18:45,254 INFO     ___FILE_ONLY___ ═
2024-11-23 15:18:45,254 INFO     ___FILE_ONLY___ ═
2024-11-23 15:18:45,255 INFO     ___FILE_ONLY___ ═
2024-11-23 15:18:45,255 INFO     ___FILE_ONLY___ ═
2024-11-23 15:18:45,256 INFO     ___FILE_ONLY___ ═
2024-11-23 15:18:45,256 INFO     ___FILE_ONLY___ ═
2024-11-23 15:18:45,257 INFO     ___FILE_ONLY___ ═
2024-11-23 15:18:45,257 INFO     ___FILE_ONLY___ ═
2024-11-23 15:18:45,257 INFO     ___FILE_ONLY___ ═
2024-11-23 15:18:45,258 INFO     ___FILE_ONLY___ ═
2024-11-23 15:18:45,258 INFO     ___FILE_ONLY___ ═
2024-11-23 15:18:45,259 INFO     ___FILE_ONLY___ ═
2024-11-23 15:18:45,259 INFO     ___FILE_ONLY___ ═
2024-11-23 15:18:45,259 INFO     ___FILE_ONLY___ ═
2024-11-23 15:18:45,260 INFO     ___FILE_ONLY___ ═
2024-11-23 15:18:45,260 INFO     ___FILE_ONLY___ ═
2024-11-23 15:18:45,261 INFO     ___FILE_ONLY___ ═
2024-11-23 15:18:45,261 INFO     ___FILE_ONLY___ ═
2024-11-23 15:18:45,262 INFO     ___FILE_ONLY___ ═
2024-11-23 15:18:45,262 INFO     ___FILE_ONLY___ ═
2024-11-23 15:18:45,262 INFO     ___FILE_ONLY___ ═
2024-11-23 15:18:45,263 INFO     ___FILE_ONLY___ ═
2024-11-23 15:18:45,263 INFO     ___FILE_ONLY___ ═
2024-11-23 15:18:45,263 INFO     ___FILE_ONLY___ ═
2024-11-23 15:18:45,264 INFO     ___FILE_ONLY___ ═
2024-11-23 15:18:45,264 INFO     ___FILE_ONLY___ ═
2024-11-23 15:18:45,265 INFO     ___FILE_ONLY___ ═
2024-11-23 15:18:45,265 INFO     ___FILE_ONLY___ ═
2024-11-23 15:18:45,265 INFO     ___FILE_ONLY___ ═
2024-11-23 15:18:45,266 INFO     ___FILE_ONLY___ ═
2024-11-23 15:18:45,266 INFO     ___FILE_ONLY___ ═
2024-11-23 15:18:45,267 INFO     ___FILE_ONLY___ ═
2024-11-23 15:18:45,267 INFO     ___FILE_ONLY___ ═
2024-11-23 15:18:45,267 INFO     ___FILE_ONLY___ ═
2024-11-23 15:18:45,268 INFO     ___FILE_ONLY___ ═
2024-11-23 15:18:45,268 INFO     ___FILE_ONLY___ ═
2024-11-23 15:18:45,268 INFO     ___FILE_ONLY___ ═
2024-11-23 15:18:45,269 INFO     ___FILE_ONLY___ ═
2024-11-23 15:18:45,269 INFO     ___FILE_ONLY___ ═
2024-11-23 15:18:45,269 INFO     ___FILE_ONLY___ ═
2024-11-23 15:18:45,270 INFO     ___FILE_ONLY___ ═
2024-11-23 15:18:45,270 INFO     ___FILE_ONLY___ ═
2024-11-23 15:18:45,270 INFO     ___FILE_ONLY___ ═
2024-11-23 15:18:45,271 INFO     ___FILE_ONLY___ ═
2024-11-23 15:18:45,271 INFO     ___FILE_ONLY___ ═
2024-11-23 15:18:45,271 INFO     ___FILE_ONLY___ ═
2024-11-23 15:18:45,272 INFO     ___FILE_ONLY___ ═
2024-11-23 15:18:45,272 INFO     ___FILE_ONLY___ ═
2024-11-23 15:18:45,272 INFO     ___FILE_ONLY___ ═
2024-11-23 15:18:45,273 INFO     ___FILE_ONLY___ ═
2024-11-23 15:18:45,273 INFO     ___FILE_ONLY___ ═
2024-11-23 15:18:45,273 INFO     ___FILE_ONLY___ ═
2024-11-23 15:18:45,273 INFO     ___FILE_ONLY___ ═
2024-11-23 15:18:45,274 INFO     ___FILE_ONLY___ ═
2024-11-23 15:18:45,274 INFO     ___FILE_ONLY___ ═
2024-11-23 15:18:45,274 INFO     ___FILE_ONLY___ ╝

2024-11-23 15:18:45,285 INFO     ___FILE_ONLY___ ╔════════════════════════════════════════════════════════════╗

2024-11-23 15:18:45,285 INFO     ___FILE_ONLY___ ╠═ Downloading: gcloud Alpha Commands                       ═╣

2024-11-23 15:18:45,285 INFO     ___FILE_ONLY___ ╚
2024-11-23 15:18:45,287 DEBUG    urllib3.connectionpool Starting new HTTPS connection (1): dl.google.com:443
2024-11-23 15:18:45,427 DEBUG    urllib3.connectionpool https://dl.google.com:443 "GET /dl/cloudsdk/channels/rapid/components/google-cloud-sdk-alpha-20241115154308.tar.gz HTTP/1.1" 200 800
2024-11-23 15:18:45,428 INFO     ___FILE_ONLY___ ════════════════════════════════════════════════════════════
2024-11-23 15:18:45,428 INFO     ___FILE_ONLY___ ╝

2024-11-23 15:18:45,441 INFO     ___FILE_ONLY___ ╔════════════════════════════════════════════════════════════╗

2024-11-23 15:18:45,442 INFO     ___FILE_ONLY___ ╠═ Downloading: gcloud Beta Commands                        ═╣

2024-11-23 15:18:45,442 INFO     ___FILE_ONLY___ ╚
2024-11-23 15:18:45,445 DEBUG    urllib3.connectionpool Starting new HTTPS connection (1): dl.google.com:443
2024-11-23 15:18:45,592 DEBUG    urllib3.connectionpool https://dl.google.com:443 "GET /dl/cloudsdk/channels/rapid/components/google-cloud-sdk-beta-20241115154308.tar.gz HTTP/1.1" 200 797
2024-11-23 15:18:45,594 INFO     ___FILE_ONLY___ ════════════════════════════════════════════════════════════
2024-11-23 15:18:45,594 INFO     ___FILE_ONLY___ ╝

2024-11-23 15:18:45,621 INFO     ___FILE_ONLY___ ╔════════════════════════════════════════════════════════════╗

2024-11-23 15:18:45,621 INFO     ___FILE_ONLY___ ╠═ Downloading: gcloud cli dependencies (Platform Specific) ═╣

2024-11-23 15:18:45,621 INFO     ___FILE_ONLY___ ╚
2024-11-23 15:18:45,625 DEBUG    urllib3.connectionpool Starting new HTTPS connection (1): dl.google.com:443
2024-11-23 15:18:45,768 DEBUG    urllib3.connectionpool https://dl.google.com:443 "GET /dl/cloudsdk/channels/rapid/components/google-cloud-sdk-gcloud-deps-darwin-x86_64-20210416153011.tar.gz HTTP/1.1" 200 105
2024-11-23 15:18:45,770 INFO     ___FILE_ONLY___ ════════════════════════════════════════════════════════════
2024-11-23 15:18:45,771 INFO     ___FILE_ONLY___ ╝

2024-11-23 15:18:45,785 INFO     ___FILE_ONLY___ ╔════════════════════════════════════════════════════════════╗

2024-11-23 15:18:45,786 INFO     ___FILE_ONLY___ ╠═ Downloading: gke-gcloud-auth-plugin                      ═╣

2024-11-23 15:18:45,786 INFO     ___FILE_ONLY___ ╚
2024-11-23 15:18:45,786 INFO     ___FILE_ONLY___ ════════════════════════════════════════════════════════════
2024-11-23 15:18:45,786 INFO     ___FILE_ONLY___ ╝

2024-11-23 15:18:45,796 INFO     ___FILE_ONLY___ ╔════════════════════════════════════════════════════════════╗

2024-11-23 15:18:45,796 INFO     ___FILE_ONLY___ ╠═ Downloading: gke-gcloud-auth-plugin (Platform Specific)  ═╣

2024-11-23 15:18:45,796 INFO     ___FILE_ONLY___ ╚
2024-11-23 15:18:45,799 DEBUG    urllib3.connectionpool Starting new HTTPS connection (1): dl.google.com:443
2024-11-23 15:18:45,947 DEBUG    urllib3.connectionpool https://dl.google.com:443 "GET /dl/cloudsdk/channels/rapid/components/google-cloud-sdk-gke-gcloud-auth-plugin-darwin-arm-20240628141907.tar.gz HTTP/1.1" 200 4148014
2024-11-23 15:18:46,050 INFO     ___FILE_ONLY___ ═
2024-11-23 15:18:46,050 INFO     ___FILE_ONLY___ ═
2024-11-23 15:18:46,051 INFO     ___FILE_ONLY___ ═
2024-11-23 15:18:46,051 INFO     ___FILE_ONLY___ ═
2024-11-23 15:18:46,051 INFO     ___FILE_ONLY___ ═
2024-11-23 15:18:46,051 INFO     ___FILE_ONLY___ ═
2024-11-23 15:18:46,051 INFO     ___FILE_ONLY___ ═
2024-11-23 15:18:46,051 INFO     ___FILE_ONLY___ ═
2024-11-23 15:18:46,052 INFO     ___FILE_ONLY___ ═
2024-11-23 15:18:46,052 INFO     ___FILE_ONLY___ ═
2024-11-23 15:18:46,052 INFO     ___FILE_ONLY___ ═
2024-11-23 15:18:46,052 INFO     ___FILE_ONLY___ ═
2024-11-23 15:18:46,052 INFO     ___FILE_ONLY___ ═
2024-11-23 15:18:46,052 INFO     ___FILE_ONLY___ ═
2024-11-23 15:18:46,053 INFO     ___FILE_ONLY___ ═
2024-11-23 15:18:46,053 INFO     ___FILE_ONLY___ ═
2024-11-23 15:18:46,053 INFO     ___FILE_ONLY___ ═
2024-11-23 15:18:46,053 INFO     ___FILE_ONLY___ ═
2024-11-23 15:18:46,053 INFO     ___FILE_ONLY___ ═
2024-11-23 15:18:46,053 INFO     ___FILE_ONLY___ ═
2024-11-23 15:18:46,053 INFO     ___FILE_ONLY___ ═
2024-11-23 15:18:46,054 INFO     ___FILE_ONLY___ ═
2024-11-23 15:18:46,054 INFO     ___FILE_ONLY___ ═
2024-11-23 15:18:46,054 INFO     ___FILE_ONLY___ ═
2024-11-23 15:18:46,054 INFO     ___FILE_ONLY___ ═
2024-11-23 15:18:46,054 INFO     ___FILE_ONLY___ ═
2024-11-23 15:18:46,054 INFO     ___FILE_ONLY___ ═
2024-11-23 15:18:46,054 INFO     ___FILE_ONLY___ ═
2024-11-23 15:18:46,055 INFO     ___FILE_ONLY___ ═
2024-11-23 15:18:46,055 INFO     ___FILE_ONLY___ ═
2024-11-23 15:18:46,055 INFO     ___FILE_ONLY___ ═
2024-11-23 15:18:46,055 INFO     ___FILE_ONLY___ ═
2024-11-23 15:18:46,055 INFO     ___FILE_ONLY___ ═
2024-11-23 15:18:46,055 INFO     ___FILE_ONLY___ ═
2024-11-23 15:18:46,056 INFO     ___FILE_ONLY___ ═
2024-11-23 15:18:46,056 INFO     ___FILE_ONLY___ ═
2024-11-23 15:18:46,056 INFO     ___FILE_ONLY___ ═
2024-11-23 15:18:46,056 INFO     ___FILE_ONLY___ ═
2024-11-23 15:18:46,056 INFO     ___FILE_ONLY___ ═
2024-11-23 15:18:46,056 INFO     ___FILE_ONLY___ ═
2024-11-23 15:18:46,057 INFO     ___FILE_ONLY___ ═
2024-11-23 15:18:46,057 INFO     ___FILE_ONLY___ ═
2024-11-23 15:18:46,057 INFO     ___FILE_ONLY___ ═
2024-11-23 15:18:46,057 INFO     ___FILE_ONLY___ ═
2024-11-23 15:18:46,057 INFO     ___FILE_ONLY___ ═
2024-11-23 15:18:46,058 INFO     ___FILE_ONLY___ ═
2024-11-23 15:18:46,058 INFO     ___FILE_ONLY___ ═
2024-11-23 15:18:46,058 INFO     ___FILE_ONLY___ ═
2024-11-23 15:18:46,058 INFO     ___FILE_ONLY___ ═
2024-11-23 15:18:46,058 INFO     ___FILE_ONLY___ ═
2024-11-23 15:18:46,058 INFO     ___FILE_ONLY___ ═
2024-11-23 15:18:46,058 INFO     ___FILE_ONLY___ ═
2024-11-23 15:18:46,058 INFO     ___FILE_ONLY___ ═
2024-11-23 15:18:46,059 INFO     ___FILE_ONLY___ ═
2024-11-23 15:18:46,059 INFO     ___FILE_ONLY___ ═
2024-11-23 15:18:46,059 INFO     ___FILE_ONLY___ ═
2024-11-23 15:18:46,059 INFO     ___FILE_ONLY___ ═
2024-11-23 15:18:46,059 INFO     ___FILE_ONLY___ ═
2024-11-23 15:18:46,059 INFO     ___FILE_ONLY___ ═
2024-11-23 15:18:46,059 INFO     ___FILE_ONLY___ ═
2024-11-23 15:18:46,059 INFO     ___FILE_ONLY___ ╝

2024-11-23 15:18:46,073 INFO     ___FILE_ONLY___ ╔════════════════════════════════════════════════════════════╗

2024-11-23 15:18:46,073 INFO     ___FILE_ONLY___ ╠═ Downloading: kubectl                                     ═╣

2024-11-23 15:18:46,073 INFO     ___FILE_ONLY___ ╚
2024-11-23 15:18:46,086 DEBUG    urllib3.connectionpool Starting new HTTPS connection (1): dl.google.com:443
2024-11-23 15:18:46,227 DEBUG    urllib3.connectionpool https://dl.google.com:443 "GET /dl/cloudsdk/channels/rapid/components/google-cloud-sdk-kubectl-20241004144944.tar.gz HTTP/1.1" 200 36206
2024-11-23 15:18:46,238 INFO     ___FILE_ONLY___ ═══════════════════════════
2024-11-23 15:18:46,238 INFO     ___FILE_ONLY___ ═══════════════════════════
2024-11-23 15:18:46,238 INFO     ___FILE_ONLY___ ══════
2024-11-23 15:18:46,239 INFO     ___FILE_ONLY___ ╝

2024-11-23 15:18:46,257 INFO     ___FILE_ONLY___ ╔════════════════════════════════════════════════════════════╗

2024-11-23 15:18:46,257 INFO     ___FILE_ONLY___ ╠═ Downloading: kubectl (Platform Specific)                 ═╣

2024-11-23 15:18:46,257 INFO     ___FILE_ONLY___ ╚
2024-11-23 15:18:46,261 DEBUG    urllib3.connectionpool Starting new HTTPS connection (1): dl.google.com:443
2024-11-23 15:18:46,438 DEBUG    urllib3.connectionpool https://dl.google.com:443 "GET /dl/cloudsdk/channels/rapid/components/google-cloud-sdk-kubectl-darwin-arm-20241108162203.tar.gz HTTP/1.1" 200 90277960
2024-11-23 15:18:47,588 INFO     ___FILE_ONLY___ ═
2024-11-23 15:18:47,589 INFO     ___FILE_ONLY___ ═
2024-11-23 15:18:47,590 INFO     ___FILE_ONLY___ ═
2024-11-23 15:18:47,591 INFO     ___FILE_ONLY___ ═
2024-11-23 15:18:47,592 INFO     ___FILE_ONLY___ ═
2024-11-23 15:18:47,593 INFO     ___FILE_ONLY___ ═
2024-11-23 15:18:47,594 INFO     ___FILE_ONLY___ ═
2024-11-23 15:18:47,595 INFO     ___FILE_ONLY___ ═
2024-11-23 15:18:47,596 INFO     ___FILE_ONLY___ ═
2024-11-23 15:18:47,597 INFO     ___FILE_ONLY___ ═
2024-11-23 15:18:47,598 INFO     ___FILE_ONLY___ ═
2024-11-23 15:18:47,599 INFO     ___FILE_ONLY___ ═
2024-11-23 15:18:47,600 INFO     ___FILE_ONLY___ ═
2024-11-23 15:18:47,601 INFO     ___FILE_ONLY___ ═
2024-11-23 15:18:47,602 INFO     ___FILE_ONLY___ ═
2024-11-23 15:18:47,603 INFO     ___FILE_ONLY___ ═
2024-11-23 15:18:47,604 INFO     ___FILE_ONLY___ ═
2024-11-23 15:18:47,605 INFO     ___FILE_ONLY___ ═
2024-11-23 15:18:47,606 INFO     ___FILE_ONLY___ ═
2024-11-23 15:18:47,606 INFO     ___FILE_ONLY___ ═
2024-11-23 15:18:47,607 INFO     ___FILE_ONLY___ ═
2024-11-23 15:18:47,608 INFO     ___FILE_ONLY___ ═
2024-11-23 15:18:47,609 INFO     ___FILE_ONLY___ ═
2024-11-23 15:18:47,609 INFO     ___FILE_ONLY___ ═
2024-11-23 15:18:47,610 INFO     ___FILE_ONLY___ ═
2024-11-23 15:18:47,611 INFO     ___FILE_ONLY___ ═
2024-11-23 15:18:47,611 INFO     ___FILE_ONLY___ ═
2024-11-23 15:18:47,612 INFO     ___FILE_ONLY___ ═
2024-11-23 15:18:47,613 INFO     ___FILE_ONLY___ ═
2024-11-23 15:18:47,614 INFO     ___FILE_ONLY___ ═
2024-11-23 15:18:47,614 INFO     ___FILE_ONLY___ ═
2024-11-23 15:18:47,615 INFO     ___FILE_ONLY___ ═
2024-11-23 15:18:47,616 INFO     ___FILE_ONLY___ ═
2024-11-23 15:18:47,617 INFO     ___FILE_ONLY___ ═
2024-11-23 15:18:47,617 INFO     ___FILE_ONLY___ ═
2024-11-23 15:18:47,618 INFO     ___FILE_ONLY___ ═
2024-11-23 15:18:47,619 INFO     ___FILE_ONLY___ ═
2024-11-23 15:18:47,619 INFO     ___FILE_ONLY___ ═
2024-11-23 15:18:47,620 INFO     ___FILE_ONLY___ ═
2024-11-23 15:18:47,621 INFO     ___FILE_ONLY___ ═
2024-11-23 15:18:47,622 INFO     ___FILE_ONLY___ ═
2024-11-23 15:18:47,622 INFO     ___FILE_ONLY___ ═
2024-11-23 15:18:47,623 INFO     ___FILE_ONLY___ ═
2024-11-23 15:18:47,624 INFO     ___FILE_ONLY___ ═
2024-11-23 15:18:47,624 INFO     ___FILE_ONLY___ ═
2024-11-23 15:18:47,625 INFO     ___FILE_ONLY___ ═
2024-11-23 15:18:47,626 INFO     ___FILE_ONLY___ ═
2024-11-23 15:18:47,626 INFO     ___FILE_ONLY___ ═
2024-11-23 15:18:47,627 INFO     ___FILE_ONLY___ ═
2024-11-23 15:18:47,628 INFO     ___FILE_ONLY___ ═
2024-11-23 15:18:47,628 INFO     ___FILE_ONLY___ ═
2024-11-23 15:18:47,629 INFO     ___FILE_ONLY___ ═
2024-11-23 15:18:47,630 INFO     ___FILE_ONLY___ ═
2024-11-23 15:18:47,630 INFO     ___FILE_ONLY___ ═
2024-11-23 15:18:47,631 INFO     ___FILE_ONLY___ ═
2024-11-23 15:18:47,632 INFO     ___FILE_ONLY___ ═
2024-11-23 15:18:47,632 INFO     ___FILE_ONLY___ ═
2024-11-23 15:18:47,633 INFO     ___FILE_ONLY___ ═
2024-11-23 15:18:47,634 INFO     ___FILE_ONLY___ ═
2024-11-23 15:18:47,634 INFO     ___FILE_ONLY___ ═
2024-11-23 15:18:47,634 INFO     ___FILE_ONLY___ ╝

2024-11-23 15:18:47,643 INFO     ___FILE_ONLY___ ╔════════════════════════════════════════════════════════════╗

2024-11-23 15:18:47,643 INFO     ___FILE_ONLY___ ╠═ Installing: Google Cloud CLI Core Libraries (Platform... ═╣

2024-11-23 15:18:47,643 INFO     ___FILE_ONLY___ ╚
2024-11-23 15:18:47,644 INFO     ___FILE_ONLY___ ══════════════════════════════
2024-11-23 15:18:47,644 INFO     ___FILE_ONLY___ ══════════════════════════════
2024-11-23 15:18:47,644 INFO     ___FILE_ONLY___ ╝

2024-11-23 15:18:47,651 INFO     ___FILE_ONLY___ ╔════════════════════════════════════════════════════════════╗

2024-11-23 15:18:47,651 INFO     ___FILE_ONLY___ ╠═ Installing: Minikube                                     ═╣

2024-11-23 15:18:47,651 INFO     ___FILE_ONLY___ ╚
2024-11-23 15:18:47,653 INFO     ___FILE_ONLY___ ════════════════════════════════════════════════════════════
2024-11-23 15:18:47,653 INFO     ___FILE_ONLY___ ╝

2024-11-23 15:18:47,657 INFO     ___FILE_ONLY___ ╔════════════════════════════════════════════════════════════╗

2024-11-23 15:18:47,657 INFO     ___FILE_ONLY___ ╠═ Installing: Minikube (Platform Specific)                 ═╣

2024-11-23 15:18:47,657 INFO     ___FILE_ONLY___ ╚
2024-11-23 15:18:47,964 INFO     ___FILE_ONLY___ ════════════════════════════════════════════════════════════
2024-11-23 15:18:47,964 INFO     ___FILE_ONLY___ ╝

2024-11-23 15:18:47,973 INFO     ___FILE_ONLY___ ╔════════════════════════════════════════════════════════════╗

2024-11-23 15:18:47,974 INFO     ___FILE_ONLY___ ╠═ Installing: Skaffold                                     ═╣

2024-11-23 15:18:47,974 INFO     ___FILE_ONLY___ ╚
2024-11-23 15:18:47,975 INFO     ___FILE_ONLY___ ════════════════════════════════════════════════════════════
2024-11-23 15:18:47,975 INFO     ___FILE_ONLY___ ╝

2024-11-23 15:18:47,980 INFO     ___FILE_ONLY___ ╔════════════════════════════════════════════════════════════╗

2024-11-23 15:18:47,980 INFO     ___FILE_ONLY___ ╠═ Installing: Skaffold (Platform Specific)                 ═╣

2024-11-23 15:18:47,980 INFO     ___FILE_ONLY___ ╚
2024-11-23 15:18:48,249 INFO     ___FILE_ONLY___ ════════════════════════════════════════════════════════════
2024-11-23 15:18:48,249 INFO     ___FILE_ONLY___ ╝

2024-11-23 15:18:48,258 INFO     ___FILE_ONLY___ ╔════════════════════════════════════════════════════════════╗

2024-11-23 15:18:48,258 INFO     ___FILE_ONLY___ ╠═ Installing: gcloud Alpha Commands                        ═╣

2024-11-23 15:18:48,258 INFO     ___FILE_ONLY___ ╚
2024-11-23 15:18:48,258 INFO     ___FILE_ONLY___ ════════════════════════════════════════════════════════════
2024-11-23 15:18:48,258 INFO     ___FILE_ONLY___ ╝

2024-11-23 15:18:48,264 INFO     ___FILE_ONLY___ ╔════════════════════════════════════════════════════════════╗

2024-11-23 15:18:48,264 INFO     ___FILE_ONLY___ ╠═ Installing: gcloud Beta Commands                         ═╣

2024-11-23 15:18:48,265 INFO     ___FILE_ONLY___ ╚
2024-11-23 15:18:48,265 INFO     ___FILE_ONLY___ ════════════════════════════════════════════════════════════
2024-11-23 15:18:48,265 INFO     ___FILE_ONLY___ ╝

2024-11-23 15:18:48,272 INFO     ___FILE_ONLY___ ╔════════════════════════════════════════════════════════════╗

2024-11-23 15:18:48,272 INFO     ___FILE_ONLY___ ╠═ Installing: gcloud cli dependencies (Platform Specific)  ═╣

2024-11-23 15:18:48,272 INFO     ___FILE_ONLY___ ╚
2024-11-23 15:18:48,272 INFO     ___FILE_ONLY___ ════════════════════════════════════════════════════════════
2024-11-23 15:18:48,272 INFO     ___FILE_ONLY___ ╝

2024-11-23 15:18:48,278 INFO     ___FILE_ONLY___ ╔════════════════════════════════════════════════════════════╗

2024-11-23 15:18:48,278 INFO     ___FILE_ONLY___ ╠═ Installing: gke-gcloud-auth-plugin                       ═╣

2024-11-23 15:18:48,278 INFO     ___FILE_ONLY___ ╚
2024-11-23 15:18:48,279 INFO     ___FILE_ONLY___ ════════════════════════════════════════════════════════════
2024-11-23 15:18:48,279 INFO     ___FILE_ONLY___ ╝

2024-11-23 15:18:48,284 INFO     ___FILE_ONLY___ ╔════════════════════════════════════════════════════════════╗

2024-11-23 15:18:48,284 INFO     ___FILE_ONLY___ ╠═ Installing: gke-gcloud-auth-plugin (Platform Specific)   ═╣

2024-11-23 15:18:48,284 INFO     ___FILE_ONLY___ ╚
2024-11-23 15:18:48,327 INFO     ___FILE_ONLY___ ════════════════════════════════════════════════════════════
2024-11-23 15:18:48,327 INFO     ___FILE_ONLY___ ╝

2024-11-23 15:18:48,335 INFO     ___FILE_ONLY___ ╔════════════════════════════════════════════════════════════╗

2024-11-23 15:18:48,335 INFO     ___FILE_ONLY___ ╠═ Installing: kubectl                                      ═╣

2024-11-23 15:18:48,335 INFO     ___FILE_ONLY___ ╚
2024-11-23 15:18:48,337 INFO     ___FILE_ONLY___ ════════════════════════════════════════════════════════════
2024-11-23 15:18:48,337 INFO     ___FILE_ONLY___ ╝

2024-11-23 15:18:48,342 INFO     ___FILE_ONLY___ ╔════════════════════════════════════════════════════════════╗

2024-11-23 15:18:48,342 INFO     ___FILE_ONLY___ ╠═ Installing: kubectl (Platform Specific)                  ═╣

2024-11-23 15:18:48,342 INFO     ___FILE_ONLY___ ╚
2024-11-23 15:18:48,834 INFO     ___FILE_ONLY___ ══════════
2024-11-23 15:18:48,924 INFO     ___FILE_ONLY___ ══════════
2024-11-23 15:18:49,015 INFO     ___FILE_ONLY___ ══════════
2024-11-23 15:18:49,106 INFO     ___FILE_ONLY___ ══════════
2024-11-23 15:18:49,203 INFO     ___FILE_ONLY___ ══════════
2024-11-23 15:18:49,306 INFO     ___FILE_ONLY___ ══════════
2024-11-23 15:18:49,306 INFO     ___FILE_ONLY___ ╝

2024-11-23 15:18:49,311 DEBUG    root            Updating notification cache...
2024-11-23 15:18:49,311 INFO     ___FILE_ONLY___ 

2024-11-23 15:18:49,318 INFO     ___FILE_ONLY___ Performing post processing steps...
2024-11-23 15:18:49,318 DEBUG    root            Executing command: ['/Users/gabrielpaura/Library/Application Support/cloud-code/installer/google-cloud-sdk/bin/gcloud', 'components', 'post-process', '--no-compile-python']
2024-11-23 15:18:49,906 DEBUG    ___FILE_ONLY___ 
2024-11-23 15:18:49,906 DEBUG    ___FILE_ONLY___ 
2024-11-23 15:18:50,084 INFO     ___FILE_ONLY___ 
Update done!


2024-11-23 15:18:50,086 WARNING  root              There are other instances of Google Cloud tools on your system PATH.
  Please remove the following to avoid confusion or accidental invocation:

  /Applications/Docker.app/Contents/Resources/bin/kubectl

  
2024-11-23 15:18:50,088 DEBUG    root            Chosen display Format:none
2024-11-23 15:18:50,088 INFO     root            Display format: "none"
2024-11-23 15:18:50,090 DEBUG    root            Executing command: ['curl', '--silent', '-O', 'https://dl.google.com/dl/cloudsdk/channels/rapid/python-3.11.6-macos11.tar.gz']
2024-11-23 15:18:50,851 DEBUG    root            Executing command: ['tar', '-xf', 'python-3.11.6-macos11.tar.gz']
2024-11-23 15:18:50,911 DEBUG    root            Executing command: ['sudo', 'installer', '-target', '/', '-pkg', './python-3.11.6-macos11.pkg']
