2024-11-23 15:14:58,144 DEBUG    root            Metrics collector initialized...
2024-11-23 15:14:58,145 DEBUG    root            Loaded Command Group: ['gcloud', 'components']
2024-11-23 15:14:58,147 DEBUG    root            Loaded Command Group: ['gcloud', 'components', 'update']
2024-11-23 15:14:58,148 DEBUG    root            Running [gcloud.components.update] with arguments: [--no-compile-python: "False", --quiet: "True", COMPONENT-IDS:6: "['alpha', 'beta', 'gke-gcloud-auth-plugin', 'kubectl', 'skaffold', 'minikube']"]
2024-11-23 15:14:58,148 INFO     ___FILE_ONLY___ Beginning update. This process may take several minutes.

2024-11-23 15:14:58,162 DEBUG    urllib3.connectionpool Starting new HTTPS connection (1): dl.google.com:443
2024-11-23 15:14:58,301 DEBUG    urllib3.connectionpool https://dl.google.com:443 "GET /dl/cloudsdk/channels/rapid/components-2.json HTTP/1.1" 200 227816
2024-11-23 15:14:58,347 INFO     ___FILE_ONLY___ 

2024-11-23 15:14:58,347 INFO     ___FILE_ONLY___ 
Your current Google Cloud CLI version is: 502.0.0

2024-11-23 15:14:58,347 INFO     ___FILE_ONLY___ Installing components from version: 502.0.0

2024-11-23 15:14:58,347 INFO     ___FILE_ONLY___ 

2024-11-23 15:14:58,348 DEBUG    root            Chosen display Format:table[box,title="These components will be removed."](details.display_name:label=Name:align=left,version.version_string:label=Version:align=right,data.size.size(zero="",min=1048576):label=Size:align=right)
2024-11-23 15:14:58,348 DEBUG    root            Chosen display Format:table[box,title="These components will be updated."](details.display_name:label=Name:align=left,version.version_string:label=Version:align=right,data.size.size(zero="",min=1048576):label=Size:align=right)
2024-11-23 15:14:58,348 DEBUG    root            Chosen display Format:table[box,title="These components will be installed."](details.display_name:label=Name:align=left,version.version_string:label=Version:align=right,data.size.size(zero="",min=1048576):label=Size:align=right)
2024-11-23 15:14:58,381 INFO     ___FILE_ONLY___ ┌─────────────────────────────────────────────────────────────────────────────┐
2024-11-23 15:14:58,381 INFO     ___FILE_ONLY___ 

2024-11-23 15:14:58,381 INFO     ___FILE_ONLY___ │                     These components will be installed.                     │
2024-11-23 15:14:58,381 INFO     ___FILE_ONLY___ 

2024-11-23 15:14:58,381 INFO     ___FILE_ONLY___ ├─────────────────────────────────────────────────────┬────────────┬──────────┤
2024-11-23 15:14:58,381 INFO     ___FILE_ONLY___ 

2024-11-23 15:14:58,381 INFO     ___FILE_ONLY___ │                         Name                        │  Version   │   Size   │
2024-11-23 15:14:58,381 INFO     ___FILE_ONLY___ 

2024-11-23 15:14:58,381 INFO     ___FILE_ONLY___ ├─────────────────────────────────────────────────────┼────────────┼──────────┤
2024-11-23 15:14:58,381 INFO     ___FILE_ONLY___ 

2024-11-23 15:14:58,381 INFO     ___FILE_ONLY___ │ 
2024-11-23 15:14:58,381 INFO     ___FILE_ONLY___ Google Cloud CLI Core Libraries (Platform Specific)
2024-11-23 15:14:58,381 INFO     ___FILE_ONLY___  
2024-11-23 15:14:58,381 INFO     ___FILE_ONLY___ │ 
2024-11-23 15:14:58,381 INFO     ___FILE_ONLY___ 2024.08.30
2024-11-23 15:14:58,381 INFO     ___FILE_ONLY___  
2024-11-23 15:14:58,381 INFO     ___FILE_ONLY___ │ 
2024-11-23 15:14:58,381 INFO     ___FILE_ONLY___  < 1 MiB
2024-11-23 15:14:58,381 INFO     ___FILE_ONLY___  
2024-11-23 15:14:58,381 INFO     ___FILE_ONLY___ │
2024-11-23 15:14:58,381 INFO     ___FILE_ONLY___ 

2024-11-23 15:14:58,381 INFO     ___FILE_ONLY___ │ 
2024-11-23 15:14:58,381 INFO     ___FILE_ONLY___ Minikube (Platform Specific)                       
2024-11-23 15:14:58,381 INFO     ___FILE_ONLY___  
2024-11-23 15:14:58,382 INFO     ___FILE_ONLY___ │ 
2024-11-23 15:14:58,382 INFO     ___FILE_ONLY___     1.34.0
2024-11-23 15:14:58,382 INFO     ___FILE_ONLY___  
2024-11-23 15:14:58,382 INFO     ___FILE_ONLY___ │ 
2024-11-23 15:14:58,382 INFO     ___FILE_ONLY___ 37.2 MiB
2024-11-23 15:14:58,382 INFO     ___FILE_ONLY___  
2024-11-23 15:14:58,382 INFO     ___FILE_ONLY___ │
2024-11-23 15:14:58,382 INFO     ___FILE_ONLY___ 

2024-11-23 15:14:58,382 INFO     ___FILE_ONLY___ │ 
2024-11-23 15:14:58,382 INFO     ___FILE_ONLY___ Skaffold (Platform Specific)                       
2024-11-23 15:14:58,382 INFO     ___FILE_ONLY___  
2024-11-23 15:14:58,382 INFO     ___FILE_ONLY___ │ 
2024-11-23 15:14:58,382 INFO     ___FILE_ONLY___     2.13.1
2024-11-23 15:14:58,382 INFO     ___FILE_ONLY___  
2024-11-23 15:14:58,382 INFO     ___FILE_ONLY___ │ 
2024-11-23 15:14:58,382 INFO     ___FILE_ONLY___ 22.9 MiB
2024-11-23 15:14:58,382 INFO     ___FILE_ONLY___  
2024-11-23 15:14:58,382 INFO     ___FILE_ONLY___ │
2024-11-23 15:14:58,382 INFO     ___FILE_ONLY___ 

2024-11-23 15:14:58,382 INFO     ___FILE_ONLY___ │ 
2024-11-23 15:14:58,382 INFO     ___FILE_ONLY___ gcloud Alpha Commands                              
2024-11-23 15:14:58,382 INFO     ___FILE_ONLY___  
2024-11-23 15:14:58,382 INFO     ___FILE_ONLY___ │ 
2024-11-23 15:14:58,382 INFO     ___FILE_ONLY___ 2024.11.15
2024-11-23 15:14:58,382 INFO     ___FILE_ONLY___  
2024-11-23 15:14:58,382 INFO     ___FILE_ONLY___ │ 
2024-11-23 15:14:58,382 INFO     ___FILE_ONLY___  < 1 MiB
2024-11-23 15:14:58,382 INFO     ___FILE_ONLY___  
2024-11-23 15:14:58,382 INFO     ___FILE_ONLY___ │
2024-11-23 15:14:58,382 INFO     ___FILE_ONLY___ 

2024-11-23 15:14:58,382 INFO     ___FILE_ONLY___ │ 
2024-11-23 15:14:58,382 INFO     ___FILE_ONLY___ gcloud Beta Commands                               
2024-11-23 15:14:58,382 INFO     ___FILE_ONLY___  
2024-11-23 15:14:58,382 INFO     ___FILE_ONLY___ │ 
2024-11-23 15:14:58,382 INFO     ___FILE_ONLY___ 2024.11.15
2024-11-23 15:14:58,382 INFO     ___FILE_ONLY___  
2024-11-23 15:14:58,382 INFO     ___FILE_ONLY___ │ 
2024-11-23 15:14:58,382 INFO     ___FILE_ONLY___  < 1 MiB
2024-11-23 15:14:58,382 INFO     ___FILE_ONLY___  
2024-11-23 15:14:58,382 INFO     ___FILE_ONLY___ │
2024-11-23 15:14:58,382 INFO     ___FILE_ONLY___ 

2024-11-23 15:14:58,382 INFO     ___FILE_ONLY___ │ 
2024-11-23 15:14:58,382 INFO     ___FILE_ONLY___ gcloud cli dependencies (Platform Specific)        
2024-11-23 15:14:58,382 INFO     ___FILE_ONLY___  
2024-11-23 15:14:58,382 INFO     ___FILE_ONLY___ │ 
2024-11-23 15:14:58,382 INFO     ___FILE_ONLY___ 2021.04.16
2024-11-23 15:14:58,382 INFO     ___FILE_ONLY___  
2024-11-23 15:14:58,382 INFO     ___FILE_ONLY___ │ 
2024-11-23 15:14:58,382 INFO     ___FILE_ONLY___  < 1 MiB
2024-11-23 15:14:58,382 INFO     ___FILE_ONLY___  
2024-11-23 15:14:58,382 INFO     ___FILE_ONLY___ │
2024-11-23 15:14:58,382 INFO     ___FILE_ONLY___ 

2024-11-23 15:14:58,382 INFO     ___FILE_ONLY___ │ 
2024-11-23 15:14:58,382 INFO     ___FILE_ONLY___ gke-gcloud-auth-plugin (Platform Specific)         
2024-11-23 15:14:58,383 INFO     ___FILE_ONLY___  
2024-11-23 15:14:58,383 INFO     ___FILE_ONLY___ │ 
2024-11-23 15:14:58,383 INFO     ___FILE_ONLY___      0.5.9
2024-11-23 15:14:58,383 INFO     ___FILE_ONLY___  
2024-11-23 15:14:58,383 INFO     ___FILE_ONLY___ │ 
2024-11-23 15:14:58,383 INFO     ___FILE_ONLY___  4.0 MiB
2024-11-23 15:14:58,383 INFO     ___FILE_ONLY___  
2024-11-23 15:14:58,383 INFO     ___FILE_ONLY___ │
2024-11-23 15:14:58,383 INFO     ___FILE_ONLY___ 

2024-11-23 15:14:58,383 INFO     ___FILE_ONLY___ │ 
2024-11-23 15:14:58,383 INFO     ___FILE_ONLY___ kubectl                                            
2024-11-23 15:14:58,383 INFO     ___FILE_ONLY___  
2024-11-23 15:14:58,383 INFO     ___FILE_ONLY___ │ 
2024-11-23 15:14:58,383 INFO     ___FILE_ONLY___     1.30.5
2024-11-23 15:14:58,383 INFO     ___FILE_ONLY___  
2024-11-23 15:14:58,383 INFO     ___FILE_ONLY___ │ 
2024-11-23 15:14:58,383 INFO     ___FILE_ONLY___  < 1 MiB
2024-11-23 15:14:58,383 INFO     ___FILE_ONLY___  
2024-11-23 15:14:58,383 INFO     ___FILE_ONLY___ │
2024-11-23 15:14:58,383 INFO     ___FILE_ONLY___ 

2024-11-23 15:14:58,383 INFO     ___FILE_ONLY___ │ 
2024-11-23 15:14:58,383 INFO     ___FILE_ONLY___ kubectl (Platform Specific)                        
2024-11-23 15:14:58,383 INFO     ___FILE_ONLY___  
2024-11-23 15:14:58,383 INFO     ___FILE_ONLY___ │ 
2024-11-23 15:14:58,383 INFO     ___FILE_ONLY___     1.30.6
2024-11-23 15:14:58,383 INFO     ___FILE_ONLY___  
2024-11-23 15:14:58,383 INFO     ___FILE_ONLY___ │ 
2024-11-23 15:14:58,383 INFO     ___FILE_ONLY___ 86.1 MiB
2024-11-23 15:14:58,383 INFO     ___FILE_ONLY___  
2024-11-23 15:14:58,383 INFO     ___FILE_ONLY___ │
2024-11-23 15:14:58,383 INFO     ___FILE_ONLY___ 

2024-11-23 15:14:58,383 INFO     ___FILE_ONLY___ └─────────────────────────────────────────────────────┴────────────┴──────────┘
2024-11-23 15:14:58,383 INFO     ___FILE_ONLY___ 

2024-11-23 15:14:58,383 INFO     ___FILE_ONLY___ 

2024-11-23 15:14:58,385 DEBUG    urllib3.connectionpool Starting new HTTPS connection (1): dl.google.com:443
2024-11-23 15:14:58,524 DEBUG    urllib3.connectionpool https://dl.google.com:443 "GET /dl/cloudsdk/channels/rapid/RELEASE_NOTES HTTP/1.1" 200 1314602
2024-11-23 15:14:58,635 INFO     ___FILE_ONLY___ For the latest full release notes, please visit:
  https://cloud.google.com/sdk/release_notes


2024-11-23 15:14:58,636 INFO     ___FILE_ONLY___ Performing in place update...


2024-11-23 15:14:58,649 INFO     ___FILE_ONLY___ ╔════════════════════════════════════════════════════════════╗

2024-11-23 15:14:58,649 INFO     ___FILE_ONLY___ ╠═ Downloading: Google Cloud CLI Core Libraries (Platfor... ═╣

2024-11-23 15:14:58,649 INFO     ___FILE_ONLY___ ╚
2024-11-23 15:14:58,656 DEBUG    urllib3.connectionpool Starting new HTTPS connection (1): dl.google.com:443
2024-11-23 15:14:58,802 DEBUG    urllib3.connectionpool https://dl.google.com:443 "GET /dl/cloudsdk/channels/rapid/components/google-cloud-sdk-core-nix-20240830134514.tar.gz HTTP/1.1" 200 2306
2024-11-23 15:14:58,804 INFO     ___FILE_ONLY___ ════════════════════════════════════════════════════════════
2024-11-23 15:14:58,804 INFO     ___FILE_ONLY___ ╝

2024-11-23 15:14:58,819 INFO     ___FILE_ONLY___ ╔════════════════════════════════════════════════════════════╗

2024-11-23 15:14:58,820 INFO     ___FILE_ONLY___ ╠═ Downloading: Minikube                                    ═╣

2024-11-23 15:14:58,820 INFO     ___FILE_ONLY___ ╚
2024-11-23 15:14:58,820 INFO     ___FILE_ONLY___ ════════════════════════════════════════════════════════════
2024-11-23 15:14:58,820 INFO     ___FILE_ONLY___ ╝

2024-11-23 15:14:58,830 INFO     ___FILE_ONLY___ ╔════════════════════════════════════════════════════════════╗

2024-11-23 15:14:58,830 INFO     ___FILE_ONLY___ ╠═ Downloading: Minikube (Platform Specific)                ═╣

2024-11-23 15:14:58,830 INFO     ___FILE_ONLY___ ╚
2024-11-23 15:14:58,833 DEBUG    urllib3.connectionpool Starting new HTTPS connection (1): dl.google.com:443
2024-11-23 15:14:58,979 DEBUG    urllib3.connectionpool https://dl.google.com:443 "GET /dl/cloudsdk/channels/rapid/components/google-cloud-sdk-minikube-darwin-arm-20240927140238.tar.gz HTTP/1.1" 200 38981244
2024-11-23 15:14:59,493 INFO     ___FILE_ONLY___ ═
2024-11-23 15:14:59,494 INFO     ___FILE_ONLY___ ═
2024-11-23 15:14:59,495 INFO     ___FILE_ONLY___ ═
2024-11-23 15:14:59,496 INFO     ___FILE_ONLY___ ═
2024-11-23 15:14:59,497 INFO     ___FILE_ONLY___ ═
2024-11-23 15:14:59,498 INFO     ___FILE_ONLY___ ═
2024-11-23 15:14:59,498 INFO     ___FILE_ONLY___ ═
2024-11-23 15:14:59,499 INFO     ___FILE_ONLY___ ═
2024-11-23 15:14:59,500 INFO     ___FILE_ONLY___ ═
2024-11-23 15:14:59,500 INFO     ___FILE_ONLY___ ═
2024-11-23 15:14:59,501 INFO     ___FILE_ONLY___ ═
2024-11-23 15:14:59,502 INFO     ___FILE_ONLY___ ═
2024-11-23 15:14:59,503 INFO     ___FILE_ONLY___ ═
2024-11-23 15:14:59,503 INFO     ___FILE_ONLY___ ═
2024-11-23 15:14:59,504 INFO     ___FILE_ONLY___ ═
2024-11-23 15:14:59,505 INFO     ___FILE_ONLY___ ═
2024-11-23 15:14:59,505 INFO     ___FILE_ONLY___ ═
2024-11-23 15:14:59,506 INFO     ___FILE_ONLY___ ═
2024-11-23 15:14:59,506 INFO     ___FILE_ONLY___ ═
2024-11-23 15:14:59,507 INFO     ___FILE_ONLY___ ═
2024-11-23 15:14:59,507 INFO     ___FILE_ONLY___ ═
2024-11-23 15:14:59,508 INFO     ___FILE_ONLY___ ═
2024-11-23 15:14:59,508 INFO     ___FILE_ONLY___ ═
2024-11-23 15:14:59,509 INFO     ___FILE_ONLY___ ═
2024-11-23 15:14:59,510 INFO     ___FILE_ONLY___ ═
2024-11-23 15:14:59,510 INFO     ___FILE_ONLY___ ═
2024-11-23 15:14:59,511 INFO     ___FILE_ONLY___ ═
2024-11-23 15:14:59,512 INFO     ___FILE_ONLY___ ═
2024-11-23 15:14:59,512 INFO     ___FILE_ONLY___ ═
2024-11-23 15:14:59,513 INFO     ___FILE_ONLY___ ═
2024-11-23 15:14:59,517 INFO     ___FILE_ONLY___ ═
2024-11-23 15:14:59,517 INFO     ___FILE_ONLY___ ═
2024-11-23 15:14:59,518 INFO     ___FILE_ONLY___ ═
2024-11-23 15:14:59,518 INFO     ___FILE_ONLY___ ═
2024-11-23 15:14:59,519 INFO     ___FILE_ONLY___ ═
2024-11-23 15:14:59,519 INFO     ___FILE_ONLY___ ═
2024-11-23 15:14:59,520 INFO     ___FILE_ONLY___ ═
2024-11-23 15:14:59,520 INFO     ___FILE_ONLY___ ═
2024-11-23 15:14:59,521 INFO     ___FILE_ONLY___ ═
2024-11-23 15:14:59,522 INFO     ___FILE_ONLY___ ═
2024-11-23 15:14:59,522 INFO     ___FILE_ONLY___ ═
2024-11-23 15:14:59,523 INFO     ___FILE_ONLY___ ═
2024-11-23 15:14:59,523 INFO     ___FILE_ONLY___ ═
2024-11-23 15:14:59,524 INFO     ___FILE_ONLY___ ═
2024-11-23 15:14:59,524 INFO     ___FILE_ONLY___ ═
2024-11-23 15:14:59,525 INFO     ___FILE_ONLY___ ═
2024-11-23 15:14:59,525 INFO     ___FILE_ONLY___ ═
2024-11-23 15:14:59,526 INFO     ___FILE_ONLY___ ═
2024-11-23 15:14:59,531 INFO     ___FILE_ONLY___ ═
2024-11-23 15:14:59,531 INFO     ___FILE_ONLY___ ═
2024-11-23 15:14:59,532 INFO     ___FILE_ONLY___ ═
2024-11-23 15:14:59,532 INFO     ___FILE_ONLY___ ═
2024-11-23 15:14:59,533 INFO     ___FILE_ONLY___ ═
2024-11-23 15:14:59,533 INFO     ___FILE_ONLY___ ═
2024-11-23 15:14:59,534 INFO     ___FILE_ONLY___ ═
2024-11-23 15:14:59,534 INFO     ___FILE_ONLY___ ═
2024-11-23 15:14:59,535 INFO     ___FILE_ONLY___ ═
2024-11-23 15:14:59,535 INFO     ___FILE_ONLY___ ═
2024-11-23 15:14:59,536 INFO     ___FILE_ONLY___ ═
2024-11-23 15:14:59,536 INFO     ___FILE_ONLY___ ═
2024-11-23 15:14:59,536 INFO     ___FILE_ONLY___ ╝

2024-11-23 15:14:59,552 INFO     ___FILE_ONLY___ ╔════════════════════════════════════════════════════════════╗

2024-11-23 15:14:59,552 INFO     ___FILE_ONLY___ ╠═ Downloading: Skaffold                                    ═╣

2024-11-23 15:14:59,552 INFO     ___FILE_ONLY___ ╚
2024-11-23 15:14:59,552 INFO     ___FILE_ONLY___ ════════════════════════════════════════════════════════════
2024-11-23 15:14:59,552 INFO     ___FILE_ONLY___ ╝

2024-11-23 15:14:59,559 INFO     ___FILE_ONLY___ ╔════════════════════════════════════════════════════════════╗

2024-11-23 15:14:59,559 INFO     ___FILE_ONLY___ ╠═ Downloading: Skaffold (Platform Specific)                ═╣

2024-11-23 15:14:59,559 INFO     ___FILE_ONLY___ ╚
2024-11-23 15:14:59,561 DEBUG    urllib3.connectionpool Starting new HTTPS connection (1): dl.google.com:443
2024-11-23 15:14:59,701 DEBUG    urllib3.connectionpool https://dl.google.com:443 "GET /dl/cloudsdk/channels/rapid/components/google-cloud-sdk-skaffold-darwin-arm-20240806142304.tar.gz HTTP/1.1" 200 24031362
2024-11-23 15:15:00,034 INFO     ___FILE_ONLY___ ═
2024-11-23 15:15:00,035 INFO     ___FILE_ONLY___ ═
2024-11-23 15:15:00,035 INFO     ___FILE_ONLY___ ═
2024-11-23 15:15:00,036 INFO     ___FILE_ONLY___ ═
2024-11-23 15:15:00,037 INFO     ___FILE_ONLY___ ═
2024-11-23 15:15:00,037 INFO     ___FILE_ONLY___ ═
2024-11-23 15:15:00,038 INFO     ___FILE_ONLY___ ═
2024-11-23 15:15:00,038 INFO     ___FILE_ONLY___ ═
2024-11-23 15:15:00,039 INFO     ___FILE_ONLY___ ═
2024-11-23 15:15:00,039 INFO     ___FILE_ONLY___ ═
2024-11-23 15:15:00,040 INFO     ___FILE_ONLY___ ═
2024-11-23 15:15:00,040 INFO     ___FILE_ONLY___ ═
2024-11-23 15:15:00,041 INFO     ___FILE_ONLY___ ═
2024-11-23 15:15:00,042 INFO     ___FILE_ONLY___ ═
2024-11-23 15:15:00,043 INFO     ___FILE_ONLY___ ═
2024-11-23 15:15:00,044 INFO     ___FILE_ONLY___ ═
2024-11-23 15:15:00,046 INFO     ___FILE_ONLY___ ═
2024-11-23 15:15:00,048 INFO     ___FILE_ONLY___ ═
2024-11-23 15:15:00,049 INFO     ___FILE_ONLY___ ═
2024-11-23 15:15:00,049 INFO     ___FILE_ONLY___ ═
2024-11-23 15:15:00,050 INFO     ___FILE_ONLY___ ═
2024-11-23 15:15:00,050 INFO     ___FILE_ONLY___ ═
2024-11-23 15:15:00,051 INFO     ___FILE_ONLY___ ═
2024-11-23 15:15:00,051 INFO     ___FILE_ONLY___ ═
2024-11-23 15:15:00,052 INFO     ___FILE_ONLY___ ═
2024-11-23 15:15:00,052 INFO     ___FILE_ONLY___ ═
2024-11-23 15:15:00,053 INFO     ___FILE_ONLY___ ═
2024-11-23 15:15:00,053 INFO     ___FILE_ONLY___ ═
2024-11-23 15:15:00,053 INFO     ___FILE_ONLY___ ═
2024-11-23 15:15:00,054 INFO     ___FILE_ONLY___ ═
2024-11-23 15:15:00,054 INFO     ___FILE_ONLY___ ═
2024-11-23 15:15:00,055 INFO     ___FILE_ONLY___ ═
2024-11-23 15:15:00,055 INFO     ___FILE_ONLY___ ═
2024-11-23 15:15:00,056 INFO     ___FILE_ONLY___ ═
2024-11-23 15:15:00,056 INFO     ___FILE_ONLY___ ═
2024-11-23 15:15:00,056 INFO     ___FILE_ONLY___ ═
2024-11-23 15:15:00,057 INFO     ___FILE_ONLY___ ═
2024-11-23 15:15:00,058 INFO     ___FILE_ONLY___ ═
2024-11-23 15:15:00,059 INFO     ___FILE_ONLY___ ═
2024-11-23 15:15:00,059 INFO     ___FILE_ONLY___ ═
2024-11-23 15:15:00,060 INFO     ___FILE_ONLY___ ═
2024-11-23 15:15:00,061 INFO     ___FILE_ONLY___ ═
2024-11-23 15:15:00,062 INFO     ___FILE_ONLY___ ═
2024-11-23 15:15:00,063 INFO     ___FILE_ONLY___ ═
2024-11-23 15:15:00,063 INFO     ___FILE_ONLY___ ═
2024-11-23 15:15:00,064 INFO     ___FILE_ONLY___ ═
2024-11-23 15:15:00,064 INFO     ___FILE_ONLY___ ═
2024-11-23 15:15:00,064 INFO     ___FILE_ONLY___ ═
2024-11-23 15:15:00,065 INFO     ___FILE_ONLY___ ═
2024-11-23 15:15:00,065 INFO     ___FILE_ONLY___ ═
2024-11-23 15:15:00,065 INFO     ___FILE_ONLY___ ═
2024-11-23 15:15:00,066 INFO     ___FILE_ONLY___ ═
2024-11-23 15:15:00,066 INFO     ___FILE_ONLY___ ═
2024-11-23 15:15:00,067 INFO     ___FILE_ONLY___ ═
2024-11-23 15:15:00,067 INFO     ___FILE_ONLY___ ═
2024-11-23 15:15:00,067 INFO     ___FILE_ONLY___ ═
2024-11-23 15:15:00,068 INFO     ___FILE_ONLY___ ═
2024-11-23 15:15:00,068 INFO     ___FILE_ONLY___ ═
2024-11-23 15:15:00,069 INFO     ___FILE_ONLY___ ═
2024-11-23 15:15:00,070 INFO     ___FILE_ONLY___ ═
2024-11-23 15:15:00,070 INFO     ___FILE_ONLY___ ╝

2024-11-23 15:15:00,082 INFO     ___FILE_ONLY___ ╔════════════════════════════════════════════════════════════╗

2024-11-23 15:15:00,082 INFO     ___FILE_ONLY___ ╠═ Downloading: gcloud Alpha Commands                       ═╣

2024-11-23 15:15:00,082 INFO     ___FILE_ONLY___ ╚
2024-11-23 15:15:00,084 DEBUG    urllib3.connectionpool Starting new HTTPS connection (1): dl.google.com:443
2024-11-23 15:15:00,225 DEBUG    urllib3.connectionpool https://dl.google.com:443 "GET /dl/cloudsdk/channels/rapid/components/google-cloud-sdk-alpha-20241115154308.tar.gz HTTP/1.1" 200 800
2024-11-23 15:15:00,227 INFO     ___FILE_ONLY___ ════════════════════════════════════════════════════════════
2024-11-23 15:15:00,227 INFO     ___FILE_ONLY___ ╝

2024-11-23 15:15:00,241 INFO     ___FILE_ONLY___ ╔════════════════════════════════════════════════════════════╗

2024-11-23 15:15:00,241 INFO     ___FILE_ONLY___ ╠═ Downloading: gcloud Beta Commands                        ═╣

2024-11-23 15:15:00,241 INFO     ___FILE_ONLY___ ╚
2024-11-23 15:15:00,244 DEBUG    urllib3.connectionpool Starting new HTTPS connection (1): dl.google.com:443
2024-11-23 15:15:00,382 DEBUG    urllib3.connectionpool https://dl.google.com:443 "GET /dl/cloudsdk/channels/rapid/components/google-cloud-sdk-beta-20241115154308.tar.gz HTTP/1.1" 200 797
2024-11-23 15:15:00,384 INFO     ___FILE_ONLY___ ════════════════════════════════════════════════════════════
2024-11-23 15:15:00,385 INFO     ___FILE_ONLY___ ╝

2024-11-23 15:15:00,407 INFO     ___FILE_ONLY___ ╔════════════════════════════════════════════════════════════╗

2024-11-23 15:15:00,407 INFO     ___FILE_ONLY___ ╠═ Downloading: gcloud cli dependencies (Platform Specific) ═╣

2024-11-23 15:15:00,407 INFO     ___FILE_ONLY___ ╚
2024-11-23 15:15:00,411 DEBUG    urllib3.connectionpool Starting new HTTPS connection (1): dl.google.com:443
2024-11-23 15:15:00,556 DEBUG    urllib3.connectionpool https://dl.google.com:443 "GET /dl/cloudsdk/channels/rapid/components/google-cloud-sdk-gcloud-deps-darwin-x86_64-20210416153011.tar.gz HTTP/1.1" 200 105
2024-11-23 15:15:00,558 INFO     ___FILE_ONLY___ ════════════════════════════════════════════════════════════
2024-11-23 15:15:00,558 INFO     ___FILE_ONLY___ ╝

2024-11-23 15:15:00,574 INFO     ___FILE_ONLY___ ╔════════════════════════════════════════════════════════════╗

2024-11-23 15:15:00,574 INFO     ___FILE_ONLY___ ╠═ Downloading: gke-gcloud-auth-plugin                      ═╣

2024-11-23 15:15:00,574 INFO     ___FILE_ONLY___ ╚
2024-11-23 15:15:00,575 INFO     ___FILE_ONLY___ ════════════════════════════════════════════════════════════
2024-11-23 15:15:00,575 INFO     ___FILE_ONLY___ ╝

2024-11-23 15:15:00,587 INFO     ___FILE_ONLY___ ╔════════════════════════════════════════════════════════════╗

2024-11-23 15:15:00,587 INFO     ___FILE_ONLY___ ╠═ Downloading: gke-gcloud-auth-plugin (Platform Specific)  ═╣

2024-11-23 15:15:00,587 INFO     ___FILE_ONLY___ ╚
2024-11-23 15:15:00,590 DEBUG    urllib3.connectionpool Starting new HTTPS connection (1): dl.google.com:443
2024-11-23 15:15:00,738 DEBUG    urllib3.connectionpool https://dl.google.com:443 "GET /dl/cloudsdk/channels/rapid/components/google-cloud-sdk-gke-gcloud-auth-plugin-darwin-arm-20240628141907.tar.gz HTTP/1.1" 200 4148014
2024-11-23 15:15:00,844 INFO     ___FILE_ONLY___ ═
2024-11-23 15:15:00,845 INFO     ___FILE_ONLY___ ═
2024-11-23 15:15:00,845 INFO     ___FILE_ONLY___ ═
2024-11-23 15:15:00,845 INFO     ___FILE_ONLY___ ═
2024-11-23 15:15:00,845 INFO     ___FILE_ONLY___ ═
2024-11-23 15:15:00,845 INFO     ___FILE_ONLY___ ═
2024-11-23 15:15:00,846 INFO     ___FILE_ONLY___ ═
2024-11-23 15:15:00,846 INFO     ___FILE_ONLY___ ═
2024-11-23 15:15:00,846 INFO     ___FILE_ONLY___ ═
2024-11-23 15:15:00,846 INFO     ___FILE_ONLY___ ═
2024-11-23 15:15:00,846 INFO     ___FILE_ONLY___ ═
2024-11-23 15:15:00,846 INFO     ___FILE_ONLY___ ═
2024-11-23 15:15:00,847 INFO     ___FILE_ONLY___ ═
2024-11-23 15:15:00,847 INFO     ___FILE_ONLY___ ═
2024-11-23 15:15:00,847 INFO     ___FILE_ONLY___ ═
2024-11-23 15:15:00,847 INFO     ___FILE_ONLY___ ═
2024-11-23 15:15:00,847 INFO     ___FILE_ONLY___ ═
2024-11-23 15:15:00,847 INFO     ___FILE_ONLY___ ═
2024-11-23 15:15:00,848 INFO     ___FILE_ONLY___ ═
2024-11-23 15:15:00,848 INFO     ___FILE_ONLY___ ═
2024-11-23 15:15:00,848 INFO     ___FILE_ONLY___ ═
2024-11-23 15:15:00,848 INFO     ___FILE_ONLY___ ═
2024-11-23 15:15:00,848 INFO     ___FILE_ONLY___ ═
2024-11-23 15:15:00,848 INFO     ___FILE_ONLY___ ═
2024-11-23 15:15:00,849 INFO     ___FILE_ONLY___ ═
2024-11-23 15:15:00,849 INFO     ___FILE_ONLY___ ═
2024-11-23 15:15:00,849 INFO     ___FILE_ONLY___ ═
2024-11-23 15:15:00,849 INFO     ___FILE_ONLY___ ═
2024-11-23 15:15:00,849 INFO     ___FILE_ONLY___ ═
2024-11-23 15:15:00,849 INFO     ___FILE_ONLY___ ═
2024-11-23 15:15:00,849 INFO     ___FILE_ONLY___ ═
2024-11-23 15:15:00,849 INFO     ___FILE_ONLY___ ═
2024-11-23 15:15:00,850 INFO     ___FILE_ONLY___ ═
2024-11-23 15:15:00,850 INFO     ___FILE_ONLY___ ═
2024-11-23 15:15:00,850 INFO     ___FILE_ONLY___ ═
2024-11-23 15:15:00,850 INFO     ___FILE_ONLY___ ═
2024-11-23 15:15:00,850 INFO     ___FILE_ONLY___ ═
2024-11-23 15:15:00,850 INFO     ___FILE_ONLY___ ═
2024-11-23 15:15:00,850 INFO     ___FILE_ONLY___ ═
2024-11-23 15:15:00,851 INFO     ___FILE_ONLY___ ═
2024-11-23 15:15:00,851 INFO     ___FILE_ONLY___ ═
2024-11-23 15:15:00,851 INFO     ___FILE_ONLY___ ═
2024-11-23 15:15:00,851 INFO     ___FILE_ONLY___ ═
2024-11-23 15:15:00,851 INFO     ___FILE_ONLY___ ═
2024-11-23 15:15:00,851 INFO     ___FILE_ONLY___ ═
2024-11-23 15:15:00,851 INFO     ___FILE_ONLY___ ═
2024-11-23 15:15:00,851 INFO     ___FILE_ONLY___ ═
2024-11-23 15:15:00,852 INFO     ___FILE_ONLY___ ═
2024-11-23 15:15:00,852 INFO     ___FILE_ONLY___ ═
2024-11-23 15:15:00,852 INFO     ___FILE_ONLY___ ═
2024-11-23 15:15:00,852 INFO     ___FILE_ONLY___ ═
2024-11-23 15:15:00,852 INFO     ___FILE_ONLY___ ═
2024-11-23 15:15:00,852 INFO     ___FILE_ONLY___ ═
2024-11-23 15:15:00,852 INFO     ___FILE_ONLY___ ═
2024-11-23 15:15:00,852 INFO     ___FILE_ONLY___ ═
2024-11-23 15:15:00,853 INFO     ___FILE_ONLY___ ═
2024-11-23 15:15:00,853 INFO     ___FILE_ONLY___ ═
2024-11-23 15:15:00,853 INFO     ___FILE_ONLY___ ═
2024-11-23 15:15:00,853 INFO     ___FILE_ONLY___ ═
2024-11-23 15:15:00,853 INFO     ___FILE_ONLY___ ═
2024-11-23 15:15:00,853 INFO     ___FILE_ONLY___ ╝

2024-11-23 15:15:00,866 INFO     ___FILE_ONLY___ ╔════════════════════════════════════════════════════════════╗

2024-11-23 15:15:00,866 INFO     ___FILE_ONLY___ ╠═ Downloading: kubectl                                     ═╣

2024-11-23 15:15:00,866 INFO     ___FILE_ONLY___ ╚
2024-11-23 15:15:00,879 DEBUG    urllib3.connectionpool Starting new HTTPS connection (1): dl.google.com:443
2024-11-23 15:15:01,025 DEBUG    urllib3.connectionpool https://dl.google.com:443 "GET /dl/cloudsdk/channels/rapid/components/google-cloud-sdk-kubectl-20241004144944.tar.gz HTTP/1.1" 200 36206
2024-11-23 15:15:01,036 INFO     ___FILE_ONLY___ ═══════════════════════════
2024-11-23 15:15:01,036 INFO     ___FILE_ONLY___ ═══════════════════════════
2024-11-23 15:15:01,036 INFO     ___FILE_ONLY___ ══════
2024-11-23 15:15:01,037 INFO     ___FILE_ONLY___ ╝

2024-11-23 15:15:01,054 INFO     ___FILE_ONLY___ ╔════════════════════════════════════════════════════════════╗

2024-11-23 15:15:01,054 INFO     ___FILE_ONLY___ ╠═ Downloading: kubectl (Platform Specific)                 ═╣

2024-11-23 15:15:01,055 INFO     ___FILE_ONLY___ ╚
2024-11-23 15:15:01,059 DEBUG    urllib3.connectionpool Starting new HTTPS connection (1): dl.google.com:443
2024-11-23 15:15:01,212 DEBUG    urllib3.connectionpool https://dl.google.com:443 "GET /dl/cloudsdk/channels/rapid/components/google-cloud-sdk-kubectl-darwin-arm-20241108162203.tar.gz HTTP/1.1" 200 90277960
2024-11-23 15:15:02,424 INFO     ___FILE_ONLY___ ═
2024-11-23 15:15:02,425 INFO     ___FILE_ONLY___ ═
2024-11-23 15:15:02,426 INFO     ___FILE_ONLY___ ═
2024-11-23 15:15:02,428 INFO     ___FILE_ONLY___ ═
2024-11-23 15:15:02,429 INFO     ___FILE_ONLY___ ═
2024-11-23 15:15:02,430 INFO     ___FILE_ONLY___ ═
2024-11-23 15:15:02,431 INFO     ___FILE_ONLY___ ═
2024-11-23 15:15:02,432 INFO     ___FILE_ONLY___ ═
2024-11-23 15:15:02,433 INFO     ___FILE_ONLY___ ═
2024-11-23 15:15:02,434 INFO     ___FILE_ONLY___ ═
2024-11-23 15:15:02,435 INFO     ___FILE_ONLY___ ═
2024-11-23 15:15:02,436 INFO     ___FILE_ONLY___ ═
2024-11-23 15:15:02,437 INFO     ___FILE_ONLY___ ═
2024-11-23 15:15:02,438 INFO     ___FILE_ONLY___ ═
2024-11-23 15:15:02,439 INFO     ___FILE_ONLY___ ═
2024-11-23 15:15:02,440 INFO     ___FILE_ONLY___ ═
2024-11-23 15:15:02,441 INFO     ___FILE_ONLY___ ═
2024-11-23 15:15:02,442 INFO     ___FILE_ONLY___ ═
2024-11-23 15:15:02,444 INFO     ___FILE_ONLY___ ═
2024-11-23 15:15:02,445 INFO     ___FILE_ONLY___ ═
2024-11-23 15:15:02,446 INFO     ___FILE_ONLY___ ═
2024-11-23 15:15:02,447 INFO     ___FILE_ONLY___ ═
2024-11-23 15:15:02,448 INFO     ___FILE_ONLY___ ═
2024-11-23 15:15:02,449 INFO     ___FILE_ONLY___ ═
2024-11-23 15:15:02,449 INFO     ___FILE_ONLY___ ═
2024-11-23 15:15:02,450 INFO     ___FILE_ONLY___ ═
2024-11-23 15:15:02,453 INFO     ___FILE_ONLY___ ═
2024-11-23 15:15:02,454 INFO     ___FILE_ONLY___ ═
2024-11-23 15:15:02,455 INFO     ___FILE_ONLY___ ═
2024-11-23 15:15:02,456 INFO     ___FILE_ONLY___ ═
2024-11-23 15:15:02,457 INFO     ___FILE_ONLY___ ═
2024-11-23 15:15:02,457 INFO     ___FILE_ONLY___ ═
2024-11-23 15:15:02,458 INFO     ___FILE_ONLY___ ═
2024-11-23 15:15:02,459 INFO     ___FILE_ONLY___ ═
2024-11-23 15:15:02,460 INFO     ___FILE_ONLY___ ═
2024-11-23 15:15:02,461 INFO     ___FILE_ONLY___ ═
2024-11-23 15:15:02,461 INFO     ___FILE_ONLY___ ═
2024-11-23 15:15:02,462 INFO     ___FILE_ONLY___ ═
2024-11-23 15:15:02,463 INFO     ___FILE_ONLY___ ═
2024-11-23 15:15:02,464 INFO     ___FILE_ONLY___ ═
2024-11-23 15:15:02,464 INFO     ___FILE_ONLY___ ═
2024-11-23 15:15:02,465 INFO     ___FILE_ONLY___ ═
2024-11-23 15:15:02,466 INFO     ___FILE_ONLY___ ═
2024-11-23 15:15:02,467 INFO     ___FILE_ONLY___ ═
2024-11-23 15:15:02,468 INFO     ___FILE_ONLY___ ═
2024-11-23 15:15:02,469 INFO     ___FILE_ONLY___ ═
2024-11-23 15:15:02,470 INFO     ___FILE_ONLY___ ═
2024-11-23 15:15:02,471 INFO     ___FILE_ONLY___ ═
2024-11-23 15:15:02,472 INFO     ___FILE_ONLY___ ═
2024-11-23 15:15:02,472 INFO     ___FILE_ONLY___ ═
2024-11-23 15:15:02,473 INFO     ___FILE_ONLY___ ═
2024-11-23 15:15:02,474 INFO     ___FILE_ONLY___ ═
2024-11-23 15:15:02,474 INFO     ___FILE_ONLY___ ═
2024-11-23 15:15:02,475 INFO     ___FILE_ONLY___ ═
2024-11-23 15:15:02,477 INFO     ___FILE_ONLY___ ═
2024-11-23 15:15:02,479 INFO     ___FILE_ONLY___ ═
2024-11-23 15:15:02,480 INFO     ___FILE_ONLY___ ═
2024-11-23 15:15:02,480 INFO     ___FILE_ONLY___ ═
2024-11-23 15:15:02,481 INFO     ___FILE_ONLY___ ═
2024-11-23 15:15:02,481 INFO     ___FILE_ONLY___ ═
2024-11-23 15:15:02,481 INFO     ___FILE_ONLY___ ╝

2024-11-23 15:15:02,490 INFO     ___FILE_ONLY___ ╔════════════════════════════════════════════════════════════╗

2024-11-23 15:15:02,490 INFO     ___FILE_ONLY___ ╠═ Installing: Google Cloud CLI Core Libraries (Platform... ═╣

2024-11-23 15:15:02,490 INFO     ___FILE_ONLY___ ╚
2024-11-23 15:15:02,491 INFO     ___FILE_ONLY___ ══════════════════════════════
2024-11-23 15:15:02,491 INFO     ___FILE_ONLY___ ══════════════════════════════
2024-11-23 15:15:02,491 INFO     ___FILE_ONLY___ ╝

2024-11-23 15:15:02,499 INFO     ___FILE_ONLY___ ╔════════════════════════════════════════════════════════════╗

2024-11-23 15:15:02,499 INFO     ___FILE_ONLY___ ╠═ Installing: Minikube                                     ═╣

2024-11-23 15:15:02,499 INFO     ___FILE_ONLY___ ╚
2024-11-23 15:15:02,500 INFO     ___FILE_ONLY___ ════════════════════════════════════════════════════════════
2024-11-23 15:15:02,500 INFO     ___FILE_ONLY___ ╝

2024-11-23 15:15:02,504 INFO     ___FILE_ONLY___ ╔════════════════════════════════════════════════════════════╗

2024-11-23 15:15:02,504 INFO     ___FILE_ONLY___ ╠═ Installing: Minikube (Platform Specific)                 ═╣

2024-11-23 15:15:02,504 INFO     ___FILE_ONLY___ ╚
2024-11-23 15:15:02,812 INFO     ___FILE_ONLY___ ════════════════════════════════════════════════════════════
2024-11-23 15:15:02,812 INFO     ___FILE_ONLY___ ╝

2024-11-23 15:15:02,821 INFO     ___FILE_ONLY___ ╔════════════════════════════════════════════════════════════╗

2024-11-23 15:15:02,821 INFO     ___FILE_ONLY___ ╠═ Installing: Skaffold                                     ═╣

2024-11-23 15:15:02,821 INFO     ___FILE_ONLY___ ╚
2024-11-23 15:15:02,823 INFO     ___FILE_ONLY___ ════════════════════════════════════════════════════════════
2024-11-23 15:15:02,823 INFO     ___FILE_ONLY___ ╝

2024-11-23 15:15:02,827 INFO     ___FILE_ONLY___ ╔════════════════════════════════════════════════════════════╗

2024-11-23 15:15:02,827 INFO     ___FILE_ONLY___ ╠═ Installing: Skaffold (Platform Specific)                 ═╣

2024-11-23 15:15:02,827 INFO     ___FILE_ONLY___ ╚
2024-11-23 15:15:03,080 INFO     ___FILE_ONLY___ ════════════════════════════════════════════════════════════
2024-11-23 15:15:03,080 INFO     ___FILE_ONLY___ ╝

2024-11-23 15:15:03,087 INFO     ___FILE_ONLY___ ╔════════════════════════════════════════════════════════════╗

2024-11-23 15:15:03,088 INFO     ___FILE_ONLY___ ╠═ Installing: gcloud Alpha Commands                        ═╣

2024-11-23 15:15:03,088 INFO     ___FILE_ONLY___ ╚
2024-11-23 15:15:03,088 INFO     ___FILE_ONLY___ ════════════════════════════════════════════════════════════
2024-11-23 15:15:03,089 INFO     ___FILE_ONLY___ ╝

2024-11-23 15:15:03,094 INFO     ___FILE_ONLY___ ╔════════════════════════════════════════════════════════════╗

2024-11-23 15:15:03,094 INFO     ___FILE_ONLY___ ╠═ Installing: gcloud Beta Commands                         ═╣

2024-11-23 15:15:03,094 INFO     ___FILE_ONLY___ ╚
2024-11-23 15:15:03,095 INFO     ___FILE_ONLY___ ════════════════════════════════════════════════════════════
2024-11-23 15:15:03,095 INFO     ___FILE_ONLY___ ╝

2024-11-23 15:15:03,100 INFO     ___FILE_ONLY___ ╔════════════════════════════════════════════════════════════╗

2024-11-23 15:15:03,100 INFO     ___FILE_ONLY___ ╠═ Installing: gcloud cli dependencies (Platform Specific)  ═╣

2024-11-23 15:15:03,100 INFO     ___FILE_ONLY___ ╚
2024-11-23 15:15:03,100 INFO     ___FILE_ONLY___ ════════════════════════════════════════════════════════════
2024-11-23 15:15:03,100 INFO     ___FILE_ONLY___ ╝

2024-11-23 15:15:03,106 INFO     ___FILE_ONLY___ ╔════════════════════════════════════════════════════════════╗

2024-11-23 15:15:03,106 INFO     ___FILE_ONLY___ ╠═ Installing: gke-gcloud-auth-plugin                       ═╣

2024-11-23 15:15:03,106 INFO     ___FILE_ONLY___ ╚
2024-11-23 15:15:03,107 INFO     ___FILE_ONLY___ ════════════════════════════════════════════════════════════
2024-11-23 15:15:03,107 INFO     ___FILE_ONLY___ ╝

2024-11-23 15:15:03,111 INFO     ___FILE_ONLY___ ╔════════════════════════════════════════════════════════════╗

2024-11-23 15:15:03,111 INFO     ___FILE_ONLY___ ╠═ Installing: gke-gcloud-auth-plugin (Platform Specific)   ═╣

2024-11-23 15:15:03,111 INFO     ___FILE_ONLY___ ╚
2024-11-23 15:15:03,154 INFO     ___FILE_ONLY___ ════════════════════════════════════════════════════════════
2024-11-23 15:15:03,154 INFO     ___FILE_ONLY___ ╝

2024-11-23 15:15:03,162 INFO     ___FILE_ONLY___ ╔════════════════════════════════════════════════════════════╗

2024-11-23 15:15:03,162 INFO     ___FILE_ONLY___ ╠═ Installing: kubectl                                      ═╣

2024-11-23 15:15:03,162 INFO     ___FILE_ONLY___ ╚
2024-11-23 15:15:03,163 INFO     ___FILE_ONLY___ ════════════════════════════════════════════════════════════
2024-11-23 15:15:03,163 INFO     ___FILE_ONLY___ ╝

2024-11-23 15:15:03,169 INFO     ___FILE_ONLY___ ╔════════════════════════════════════════════════════════════╗

2024-11-23 15:15:03,169 INFO     ___FILE_ONLY___ ╠═ Installing: kubectl (Platform Specific)                  ═╣

2024-11-23 15:15:03,169 INFO     ___FILE_ONLY___ ╚
2024-11-23 15:15:03,654 INFO     ___FILE_ONLY___ ══════════
2024-11-23 15:15:03,744 INFO     ___FILE_ONLY___ ══════════
2024-11-23 15:15:03,832 INFO     ___FILE_ONLY___ ══════════
2024-11-23 15:15:03,919 INFO     ___FILE_ONLY___ ══════════
2024-11-23 15:15:04,009 INFO     ___FILE_ONLY___ ══════════
2024-11-23 15:15:04,105 INFO     ___FILE_ONLY___ ══════════
2024-11-23 15:15:04,105 INFO     ___FILE_ONLY___ ╝

2024-11-23 15:15:04,110 DEBUG    root            Updating notification cache...
2024-11-23 15:15:04,110 INFO     ___FILE_ONLY___ 

2024-11-23 15:15:04,118 INFO     ___FILE_ONLY___ Performing post processing steps...
2024-11-23 15:15:04,118 DEBUG    root            Executing command: ['/Users/gabrielpaura/Library/Application Support/cloud-code/installer/google-cloud-sdk/bin/gcloud', 'components', 'post-process', '--no-compile-python']
2024-11-23 15:15:04,640 DEBUG    ___FILE_ONLY___ 
2024-11-23 15:15:04,640 DEBUG    ___FILE_ONLY___ 
2024-11-23 15:15:04,888 INFO     ___FILE_ONLY___ 
Update done!


2024-11-23 15:15:04,891 WARNING  root              There are other instances of Google Cloud tools on your system PATH.
  Please remove the following to avoid confusion or accidental invocation:

  /Applications/Docker.app/Contents/Resources/bin/kubectl

  
2024-11-23 15:15:04,893 DEBUG    root            Chosen display Format:none
2024-11-23 15:15:04,894 INFO     root            Display format: "none"
2024-11-23 15:15:04,896 DEBUG    root            Executing command: ['curl', '--silent', '-O', 'https://dl.google.com/dl/cloudsdk/channels/rapid/python-3.11.6-macos11.tar.gz']
2024-11-23 15:15:06,068 DEBUG    root            Executing command: ['tar', '-xf', 'python-3.11.6-macos11.tar.gz']
2024-11-23 15:15:06,141 DEBUG    root            Executing command: ['sudo', 'installer', '-target', '/', '-pkg', './python-3.11.6-macos11.pkg']
