2024-11-25 10:03:15,728 DEBUG    root            Metrics collector initialized...
2024-11-25 10:03:15,728 DEBUG    root            Loaded Command Group: ['gcloud', 'components']
2024-11-25 10:03:15,731 DEBUG    root            Loaded Command Group: ['gcloud', 'components', 'update']
2024-11-25 10:03:15,731 DEBUG    root            Running [gcloud.components.update] with arguments: [--no-compile-python: "False", --quiet: "True", COMPONENT-IDS:6: "['alpha', 'beta', 'gke-gcloud-auth-plugin', 'kubectl', 'skaffold', 'minikube']"]
2024-11-25 10:03:15,732 INFO     ___FILE_ONLY___ Beginning update. This process may take several minutes.

2024-11-25 10:03:15,749 DEBUG    urllib3.connectionpool Starting new HTTPS connection (1): dl.google.com:443
2024-11-25 10:03:15,893 DEBUG    urllib3.connectionpool https://dl.google.com:443 "GET /dl/cloudsdk/channels/rapid/components-2.json HTTP/1.1" 200 227816
2024-11-25 10:03:15,929 INFO     ___FILE_ONLY___ 

2024-11-25 10:03:15,929 INFO     ___FILE_ONLY___ 
Your current Google Cloud CLI version is: 502.0.0

2024-11-25 10:03:15,929 INFO     ___FILE_ONLY___ Installing components from version: 502.0.0

2024-11-25 10:03:15,929 INFO     ___FILE_ONLY___ 

2024-11-25 10:03:15,929 DEBUG    root            Chosen display Format:table[box,title="These components will be removed."](details.display_name:label=Name:align=left,version.version_string:label=Version:align=right,data.size.size(zero="",min=1048576):label=Size:align=right)
2024-11-25 10:03:15,929 DEBUG    root            Chosen display Format:table[box,title="These components will be updated."](details.display_name:label=Name:align=left,version.version_string:label=Version:align=right,data.size.size(zero="",min=1048576):label=Size:align=right)
2024-11-25 10:03:15,930 DEBUG    root            Chosen display Format:table[box,title="These components will be installed."](details.display_name:label=Name:align=left,version.version_string:label=Version:align=right,data.size.size(zero="",min=1048576):label=Size:align=right)
2024-11-25 10:03:15,951 INFO     ___FILE_ONLY___ ┌─────────────────────────────────────────────────────────────────────────────┐
2024-11-25 10:03:15,951 INFO     ___FILE_ONLY___ 

2024-11-25 10:03:15,951 INFO     ___FILE_ONLY___ │                     These components will be installed.                     │
2024-11-25 10:03:15,951 INFO     ___FILE_ONLY___ 

2024-11-25 10:03:15,951 INFO     ___FILE_ONLY___ ├─────────────────────────────────────────────────────┬────────────┬──────────┤
2024-11-25 10:03:15,951 INFO     ___FILE_ONLY___ 

2024-11-25 10:03:15,951 INFO     ___FILE_ONLY___ │                         Name                        │  Version   │   Size   │
2024-11-25 10:03:15,951 INFO     ___FILE_ONLY___ 

2024-11-25 10:03:15,951 INFO     ___FILE_ONLY___ ├─────────────────────────────────────────────────────┼────────────┼──────────┤
2024-11-25 10:03:15,951 INFO     ___FILE_ONLY___ 

2024-11-25 10:03:15,951 INFO     ___FILE_ONLY___ │ 
2024-11-25 10:03:15,951 INFO     ___FILE_ONLY___ Google Cloud CLI Core Libraries (Platform Specific)
2024-11-25 10:03:15,951 INFO     ___FILE_ONLY___  
2024-11-25 10:03:15,951 INFO     ___FILE_ONLY___ │ 
2024-11-25 10:03:15,951 INFO     ___FILE_ONLY___ 2024.08.30
2024-11-25 10:03:15,951 INFO     ___FILE_ONLY___  
2024-11-25 10:03:15,951 INFO     ___FILE_ONLY___ │ 
2024-11-25 10:03:15,951 INFO     ___FILE_ONLY___  < 1 MiB
2024-11-25 10:03:15,951 INFO     ___FILE_ONLY___  
2024-11-25 10:03:15,951 INFO     ___FILE_ONLY___ │
2024-11-25 10:03:15,951 INFO     ___FILE_ONLY___ 

2024-11-25 10:03:15,951 INFO     ___FILE_ONLY___ │ 
2024-11-25 10:03:15,951 INFO     ___FILE_ONLY___ Minikube (Platform Specific)                       
2024-11-25 10:03:15,951 INFO     ___FILE_ONLY___  
2024-11-25 10:03:15,951 INFO     ___FILE_ONLY___ │ 
2024-11-25 10:03:15,951 INFO     ___FILE_ONLY___     1.34.0
2024-11-25 10:03:15,951 INFO     ___FILE_ONLY___  
2024-11-25 10:03:15,951 INFO     ___FILE_ONLY___ │ 
2024-11-25 10:03:15,951 INFO     ___FILE_ONLY___ 37.2 MiB
2024-11-25 10:03:15,951 INFO     ___FILE_ONLY___  
2024-11-25 10:03:15,951 INFO     ___FILE_ONLY___ │
2024-11-25 10:03:15,951 INFO     ___FILE_ONLY___ 

2024-11-25 10:03:15,951 INFO     ___FILE_ONLY___ │ 
2024-11-25 10:03:15,951 INFO     ___FILE_ONLY___ Skaffold (Platform Specific)                       
2024-11-25 10:03:15,951 INFO     ___FILE_ONLY___  
2024-11-25 10:03:15,951 INFO     ___FILE_ONLY___ │ 
2024-11-25 10:03:15,951 INFO     ___FILE_ONLY___     2.13.1
2024-11-25 10:03:15,951 INFO     ___FILE_ONLY___  
2024-11-25 10:03:15,951 INFO     ___FILE_ONLY___ │ 
2024-11-25 10:03:15,951 INFO     ___FILE_ONLY___ 22.9 MiB
2024-11-25 10:03:15,951 INFO     ___FILE_ONLY___  
2024-11-25 10:03:15,951 INFO     ___FILE_ONLY___ │
2024-11-25 10:03:15,951 INFO     ___FILE_ONLY___ 

2024-11-25 10:03:15,951 INFO     ___FILE_ONLY___ │ 
2024-11-25 10:03:15,951 INFO     ___FILE_ONLY___ gcloud Alpha Commands                              
2024-11-25 10:03:15,951 INFO     ___FILE_ONLY___  
2024-11-25 10:03:15,951 INFO     ___FILE_ONLY___ │ 
2024-11-25 10:03:15,951 INFO     ___FILE_ONLY___ 2024.11.15
2024-11-25 10:03:15,952 INFO     ___FILE_ONLY___  
2024-11-25 10:03:15,952 INFO     ___FILE_ONLY___ │ 
2024-11-25 10:03:15,952 INFO     ___FILE_ONLY___  < 1 MiB
2024-11-25 10:03:15,952 INFO     ___FILE_ONLY___  
2024-11-25 10:03:15,952 INFO     ___FILE_ONLY___ │
2024-11-25 10:03:15,952 INFO     ___FILE_ONLY___ 

2024-11-25 10:03:15,952 INFO     ___FILE_ONLY___ │ 
2024-11-25 10:03:15,952 INFO     ___FILE_ONLY___ gcloud Beta Commands                               
2024-11-25 10:03:15,952 INFO     ___FILE_ONLY___  
2024-11-25 10:03:15,952 INFO     ___FILE_ONLY___ │ 
2024-11-25 10:03:15,952 INFO     ___FILE_ONLY___ 2024.11.15
2024-11-25 10:03:15,952 INFO     ___FILE_ONLY___  
2024-11-25 10:03:15,952 INFO     ___FILE_ONLY___ │ 
2024-11-25 10:03:15,952 INFO     ___FILE_ONLY___  < 1 MiB
2024-11-25 10:03:15,952 INFO     ___FILE_ONLY___  
2024-11-25 10:03:15,952 INFO     ___FILE_ONLY___ │
2024-11-25 10:03:15,952 INFO     ___FILE_ONLY___ 

2024-11-25 10:03:15,952 INFO     ___FILE_ONLY___ │ 
2024-11-25 10:03:15,952 INFO     ___FILE_ONLY___ gcloud cli dependencies (Platform Specific)        
2024-11-25 10:03:15,952 INFO     ___FILE_ONLY___  
2024-11-25 10:03:15,952 INFO     ___FILE_ONLY___ │ 
2024-11-25 10:03:15,952 INFO     ___FILE_ONLY___ 2021.04.16
2024-11-25 10:03:15,952 INFO     ___FILE_ONLY___  
2024-11-25 10:03:15,952 INFO     ___FILE_ONLY___ │ 
2024-11-25 10:03:15,952 INFO     ___FILE_ONLY___  < 1 MiB
2024-11-25 10:03:15,952 INFO     ___FILE_ONLY___  
2024-11-25 10:03:15,952 INFO     ___FILE_ONLY___ │
2024-11-25 10:03:15,952 INFO     ___FILE_ONLY___ 

2024-11-25 10:03:15,952 INFO     ___FILE_ONLY___ │ 
2024-11-25 10:03:15,952 INFO     ___FILE_ONLY___ gke-gcloud-auth-plugin (Platform Specific)         
2024-11-25 10:03:15,952 INFO     ___FILE_ONLY___  
2024-11-25 10:03:15,952 INFO     ___FILE_ONLY___ │ 
2024-11-25 10:03:15,952 INFO     ___FILE_ONLY___      0.5.9
2024-11-25 10:03:15,952 INFO     ___FILE_ONLY___  
2024-11-25 10:03:15,952 INFO     ___FILE_ONLY___ │ 
2024-11-25 10:03:15,952 INFO     ___FILE_ONLY___  4.0 MiB
2024-11-25 10:03:15,952 INFO     ___FILE_ONLY___  
2024-11-25 10:03:15,952 INFO     ___FILE_ONLY___ │
2024-11-25 10:03:15,952 INFO     ___FILE_ONLY___ 

2024-11-25 10:03:15,952 INFO     ___FILE_ONLY___ │ 
2024-11-25 10:03:15,952 INFO     ___FILE_ONLY___ kubectl                                            
2024-11-25 10:03:15,952 INFO     ___FILE_ONLY___  
2024-11-25 10:03:15,952 INFO     ___FILE_ONLY___ │ 
2024-11-25 10:03:15,952 INFO     ___FILE_ONLY___     1.30.5
2024-11-25 10:03:15,952 INFO     ___FILE_ONLY___  
2024-11-25 10:03:15,952 INFO     ___FILE_ONLY___ │ 
2024-11-25 10:03:15,952 INFO     ___FILE_ONLY___  < 1 MiB
2024-11-25 10:03:15,952 INFO     ___FILE_ONLY___  
2024-11-25 10:03:15,952 INFO     ___FILE_ONLY___ │
2024-11-25 10:03:15,952 INFO     ___FILE_ONLY___ 

2024-11-25 10:03:15,952 INFO     ___FILE_ONLY___ │ 
2024-11-25 10:03:15,952 INFO     ___FILE_ONLY___ kubectl (Platform Specific)                        
2024-11-25 10:03:15,952 INFO     ___FILE_ONLY___  
2024-11-25 10:03:15,952 INFO     ___FILE_ONLY___ │ 
2024-11-25 10:03:15,952 INFO     ___FILE_ONLY___     1.30.6
2024-11-25 10:03:15,952 INFO     ___FILE_ONLY___  
2024-11-25 10:03:15,952 INFO     ___FILE_ONLY___ │ 
2024-11-25 10:03:15,952 INFO     ___FILE_ONLY___ 86.1 MiB
2024-11-25 10:03:15,952 INFO     ___FILE_ONLY___  
2024-11-25 10:03:15,952 INFO     ___FILE_ONLY___ │
2024-11-25 10:03:15,952 INFO     ___FILE_ONLY___ 

2024-11-25 10:03:15,952 INFO     ___FILE_ONLY___ └─────────────────────────────────────────────────────┴────────────┴──────────┘
2024-11-25 10:03:15,952 INFO     ___FILE_ONLY___ 

2024-11-25 10:03:15,952 INFO     ___FILE_ONLY___ 

2024-11-25 10:03:15,954 DEBUG    urllib3.connectionpool Starting new HTTPS connection (1): dl.google.com:443
2024-11-25 10:03:16,096 DEBUG    urllib3.connectionpool https://dl.google.com:443 "GET /dl/cloudsdk/channels/rapid/RELEASE_NOTES HTTP/1.1" 200 1314602
2024-11-25 10:03:16,192 INFO     ___FILE_ONLY___ For the latest full release notes, please visit:
  https://cloud.google.com/sdk/release_notes


2024-11-25 10:03:16,192 INFO     ___FILE_ONLY___ Performing in place update...


2024-11-25 10:03:16,198 INFO     ___FILE_ONLY___ ╔════════════════════════════════════════════════════════════╗

2024-11-25 10:03:16,199 INFO     ___FILE_ONLY___ ╠═ Downloading: Google Cloud CLI Core Libraries (Platfor... ═╣

2024-11-25 10:03:16,199 INFO     ___FILE_ONLY___ ╚
2024-11-25 10:03:16,203 DEBUG    urllib3.connectionpool Starting new HTTPS connection (1): dl.google.com:443
2024-11-25 10:03:16,349 DEBUG    urllib3.connectionpool https://dl.google.com:443 "GET /dl/cloudsdk/channels/rapid/components/google-cloud-sdk-core-nix-20240830134514.tar.gz HTTP/1.1" 200 2306
2024-11-25 10:03:16,351 INFO     ___FILE_ONLY___ ════════════════════════════════════════════════════════════
2024-11-25 10:03:16,351 INFO     ___FILE_ONLY___ ╝

2024-11-25 10:03:16,375 INFO     ___FILE_ONLY___ ╔════════════════════════════════════════════════════════════╗

2024-11-25 10:03:16,375 INFO     ___FILE_ONLY___ ╠═ Downloading: Minikube                                    ═╣

2024-11-25 10:03:16,375 INFO     ___FILE_ONLY___ ╚
2024-11-25 10:03:16,376 INFO     ___FILE_ONLY___ ════════════════════════════════════════════════════════════
2024-11-25 10:03:16,376 INFO     ___FILE_ONLY___ ╝

2024-11-25 10:03:16,388 INFO     ___FILE_ONLY___ ╔════════════════════════════════════════════════════════════╗

2024-11-25 10:03:16,388 INFO     ___FILE_ONLY___ ╠═ Downloading: Minikube (Platform Specific)                ═╣

2024-11-25 10:03:16,388 INFO     ___FILE_ONLY___ ╚
2024-11-25 10:03:16,392 DEBUG    urllib3.connectionpool Starting new HTTPS connection (1): dl.google.com:443
2024-11-25 10:03:16,544 DEBUG    urllib3.connectionpool https://dl.google.com:443 "GET /dl/cloudsdk/channels/rapid/components/google-cloud-sdk-minikube-darwin-arm-20240927140238.tar.gz HTTP/1.1" 200 38981244
2024-11-25 10:03:17,087 INFO     ___FILE_ONLY___ ═
2024-11-25 10:03:17,088 INFO     ___FILE_ONLY___ ═
2024-11-25 10:03:17,088 INFO     ___FILE_ONLY___ ═
2024-11-25 10:03:17,088 INFO     ___FILE_ONLY___ ═
2024-11-25 10:03:17,089 INFO     ___FILE_ONLY___ ═
2024-11-25 10:03:17,089 INFO     ___FILE_ONLY___ ═
2024-11-25 10:03:17,089 INFO     ___FILE_ONLY___ ═
2024-11-25 10:03:17,090 INFO     ___FILE_ONLY___ ═
2024-11-25 10:03:17,090 INFO     ___FILE_ONLY___ ═
2024-11-25 10:03:17,091 INFO     ___FILE_ONLY___ ═
2024-11-25 10:03:17,091 INFO     ___FILE_ONLY___ ═
2024-11-25 10:03:17,092 INFO     ___FILE_ONLY___ ═
2024-11-25 10:03:17,092 INFO     ___FILE_ONLY___ ═
2024-11-25 10:03:17,093 INFO     ___FILE_ONLY___ ═
2024-11-25 10:03:17,093 INFO     ___FILE_ONLY___ ═
2024-11-25 10:03:17,093 INFO     ___FILE_ONLY___ ═
2024-11-25 10:03:17,094 INFO     ___FILE_ONLY___ ═
2024-11-25 10:03:17,094 INFO     ___FILE_ONLY___ ═
2024-11-25 10:03:17,095 INFO     ___FILE_ONLY___ ═
2024-11-25 10:03:17,095 INFO     ___FILE_ONLY___ ═
2024-11-25 10:03:17,096 INFO     ___FILE_ONLY___ ═
2024-11-25 10:03:17,096 INFO     ___FILE_ONLY___ ═
2024-11-25 10:03:17,097 INFO     ___FILE_ONLY___ ═
2024-11-25 10:03:17,097 INFO     ___FILE_ONLY___ ═
2024-11-25 10:03:17,097 INFO     ___FILE_ONLY___ ═
2024-11-25 10:03:17,103 INFO     ___FILE_ONLY___ ═
2024-11-25 10:03:17,103 INFO     ___FILE_ONLY___ ═
2024-11-25 10:03:17,104 INFO     ___FILE_ONLY___ ═
2024-11-25 10:03:17,105 INFO     ___FILE_ONLY___ ═
2024-11-25 10:03:17,105 INFO     ___FILE_ONLY___ ═
2024-11-25 10:03:17,106 INFO     ___FILE_ONLY___ ═
2024-11-25 10:03:17,106 INFO     ___FILE_ONLY___ ═
2024-11-25 10:03:17,107 INFO     ___FILE_ONLY___ ═
2024-11-25 10:03:17,107 INFO     ___FILE_ONLY___ ═
2024-11-25 10:03:17,108 INFO     ___FILE_ONLY___ ═
2024-11-25 10:03:17,108 INFO     ___FILE_ONLY___ ═
2024-11-25 10:03:17,109 INFO     ___FILE_ONLY___ ═
2024-11-25 10:03:17,109 INFO     ___FILE_ONLY___ ═
2024-11-25 10:03:17,110 INFO     ___FILE_ONLY___ ═
2024-11-25 10:03:17,110 INFO     ___FILE_ONLY___ ═
2024-11-25 10:03:17,111 INFO     ___FILE_ONLY___ ═
2024-11-25 10:03:17,111 INFO     ___FILE_ONLY___ ═
2024-11-25 10:03:17,112 INFO     ___FILE_ONLY___ ═
2024-11-25 10:03:17,113 INFO     ___FILE_ONLY___ ═
2024-11-25 10:03:17,114 INFO     ___FILE_ONLY___ ═
2024-11-25 10:03:17,115 INFO     ___FILE_ONLY___ ═
2024-11-25 10:03:17,115 INFO     ___FILE_ONLY___ ═
2024-11-25 10:03:17,116 INFO     ___FILE_ONLY___ ═
2024-11-25 10:03:17,117 INFO     ___FILE_ONLY___ ═
2024-11-25 10:03:17,118 INFO     ___FILE_ONLY___ ═
2024-11-25 10:03:17,119 INFO     ___FILE_ONLY___ ═
2024-11-25 10:03:17,124 INFO     ___FILE_ONLY___ ═
2024-11-25 10:03:17,124 INFO     ___FILE_ONLY___ ═
2024-11-25 10:03:17,125 INFO     ___FILE_ONLY___ ═
2024-11-25 10:03:17,125 INFO     ___FILE_ONLY___ ═
2024-11-25 10:03:17,125 INFO     ___FILE_ONLY___ ═
2024-11-25 10:03:17,126 INFO     ___FILE_ONLY___ ═
2024-11-25 10:03:17,126 INFO     ___FILE_ONLY___ ═
2024-11-25 10:03:17,127 INFO     ___FILE_ONLY___ ═
2024-11-25 10:03:17,127 INFO     ___FILE_ONLY___ ═
2024-11-25 10:03:17,127 INFO     ___FILE_ONLY___ ╝

2024-11-25 10:03:17,141 INFO     ___FILE_ONLY___ ╔════════════════════════════════════════════════════════════╗

2024-11-25 10:03:17,141 INFO     ___FILE_ONLY___ ╠═ Downloading: Skaffold                                    ═╣

2024-11-25 10:03:17,141 INFO     ___FILE_ONLY___ ╚
2024-11-25 10:03:17,141 INFO     ___FILE_ONLY___ ════════════════════════════════════════════════════════════
2024-11-25 10:03:17,141 INFO     ___FILE_ONLY___ ╝

2024-11-25 10:03:17,146 INFO     ___FILE_ONLY___ ╔════════════════════════════════════════════════════════════╗

2024-11-25 10:03:17,147 INFO     ___FILE_ONLY___ ╠═ Downloading: Skaffold (Platform Specific)                ═╣

2024-11-25 10:03:17,147 INFO     ___FILE_ONLY___ ╚
2024-11-25 10:03:17,150 DEBUG    urllib3.connectionpool Starting new HTTPS connection (1): dl.google.com:443
2024-11-25 10:03:17,292 DEBUG    urllib3.connectionpool https://dl.google.com:443 "GET /dl/cloudsdk/channels/rapid/components/google-cloud-sdk-skaffold-darwin-arm-20240806142304.tar.gz HTTP/1.1" 200 24031362
2024-11-25 10:03:17,641 INFO     ___FILE_ONLY___ ═
2024-11-25 10:03:17,641 INFO     ___FILE_ONLY___ ═
2024-11-25 10:03:17,642 INFO     ___FILE_ONLY___ ═
2024-11-25 10:03:17,642 INFO     ___FILE_ONLY___ ═
2024-11-25 10:03:17,643 INFO     ___FILE_ONLY___ ═
2024-11-25 10:03:17,643 INFO     ___FILE_ONLY___ ═
2024-11-25 10:03:17,644 INFO     ___FILE_ONLY___ ═
2024-11-25 10:03:17,645 INFO     ___FILE_ONLY___ ═
2024-11-25 10:03:17,645 INFO     ___FILE_ONLY___ ═
2024-11-25 10:03:17,645 INFO     ___FILE_ONLY___ ═
2024-11-25 10:03:17,646 INFO     ___FILE_ONLY___ ═
2024-11-25 10:03:17,646 INFO     ___FILE_ONLY___ ═
2024-11-25 10:03:17,646 INFO     ___FILE_ONLY___ ═
2024-11-25 10:03:17,646 INFO     ___FILE_ONLY___ ═
2024-11-25 10:03:17,647 INFO     ___FILE_ONLY___ ═
2024-11-25 10:03:17,647 INFO     ___FILE_ONLY___ ═
2024-11-25 10:03:17,647 INFO     ___FILE_ONLY___ ═
2024-11-25 10:03:17,647 INFO     ___FILE_ONLY___ ═
2024-11-25 10:03:17,647 INFO     ___FILE_ONLY___ ═
2024-11-25 10:03:17,648 INFO     ___FILE_ONLY___ ═
2024-11-25 10:03:17,648 INFO     ___FILE_ONLY___ ═
2024-11-25 10:03:17,648 INFO     ___FILE_ONLY___ ═
2024-11-25 10:03:17,649 INFO     ___FILE_ONLY___ ═
2024-11-25 10:03:17,649 INFO     ___FILE_ONLY___ ═
2024-11-25 10:03:17,649 INFO     ___FILE_ONLY___ ═
2024-11-25 10:03:17,649 INFO     ___FILE_ONLY___ ═
2024-11-25 10:03:17,650 INFO     ___FILE_ONLY___ ═
2024-11-25 10:03:17,650 INFO     ___FILE_ONLY___ ═
2024-11-25 10:03:17,650 INFO     ___FILE_ONLY___ ═
2024-11-25 10:03:17,650 INFO     ___FILE_ONLY___ ═
2024-11-25 10:03:17,651 INFO     ___FILE_ONLY___ ═
2024-11-25 10:03:17,651 INFO     ___FILE_ONLY___ ═
2024-11-25 10:03:17,651 INFO     ___FILE_ONLY___ ═
2024-11-25 10:03:17,652 INFO     ___FILE_ONLY___ ═
2024-11-25 10:03:17,652 INFO     ___FILE_ONLY___ ═
2024-11-25 10:03:17,652 INFO     ___FILE_ONLY___ ═
2024-11-25 10:03:17,652 INFO     ___FILE_ONLY___ ═
2024-11-25 10:03:17,652 INFO     ___FILE_ONLY___ ═
2024-11-25 10:03:17,653 INFO     ___FILE_ONLY___ ═
2024-11-25 10:03:17,653 INFO     ___FILE_ONLY___ ═
2024-11-25 10:03:17,653 INFO     ___FILE_ONLY___ ═
2024-11-25 10:03:17,655 INFO     ___FILE_ONLY___ ═
2024-11-25 10:03:17,656 INFO     ___FILE_ONLY___ ═
2024-11-25 10:03:17,656 INFO     ___FILE_ONLY___ ═
2024-11-25 10:03:17,656 INFO     ___FILE_ONLY___ ═
2024-11-25 10:03:17,656 INFO     ___FILE_ONLY___ ═
2024-11-25 10:03:17,657 INFO     ___FILE_ONLY___ ═
2024-11-25 10:03:17,657 INFO     ___FILE_ONLY___ ═
2024-11-25 10:03:17,657 INFO     ___FILE_ONLY___ ═
2024-11-25 10:03:17,657 INFO     ___FILE_ONLY___ ═
2024-11-25 10:03:17,658 INFO     ___FILE_ONLY___ ═
2024-11-25 10:03:17,658 INFO     ___FILE_ONLY___ ═
2024-11-25 10:03:17,658 INFO     ___FILE_ONLY___ ═
2024-11-25 10:03:17,658 INFO     ___FILE_ONLY___ ═
2024-11-25 10:03:17,658 INFO     ___FILE_ONLY___ ═
2024-11-25 10:03:17,659 INFO     ___FILE_ONLY___ ═
2024-11-25 10:03:17,659 INFO     ___FILE_ONLY___ ═
2024-11-25 10:03:17,659 INFO     ___FILE_ONLY___ ═
2024-11-25 10:03:17,659 INFO     ___FILE_ONLY___ ═
2024-11-25 10:03:17,659 INFO     ___FILE_ONLY___ ═
2024-11-25 10:03:17,659 INFO     ___FILE_ONLY___ ╝

2024-11-25 10:03:17,670 INFO     ___FILE_ONLY___ ╔════════════════════════════════════════════════════════════╗

2024-11-25 10:03:17,671 INFO     ___FILE_ONLY___ ╠═ Downloading: gcloud Alpha Commands                       ═╣

2024-11-25 10:03:17,671 INFO     ___FILE_ONLY___ ╚
2024-11-25 10:03:17,672 DEBUG    urllib3.connectionpool Starting new HTTPS connection (1): dl.google.com:443
2024-11-25 10:03:17,807 DEBUG    urllib3.connectionpool https://dl.google.com:443 "GET /dl/cloudsdk/channels/rapid/components/google-cloud-sdk-alpha-20241115154308.tar.gz HTTP/1.1" 200 800
2024-11-25 10:03:17,808 INFO     ___FILE_ONLY___ ════════════════════════════════════════════════════════════
2024-11-25 10:03:17,808 INFO     ___FILE_ONLY___ ╝

2024-11-25 10:03:17,814 INFO     ___FILE_ONLY___ ╔════════════════════════════════════════════════════════════╗

2024-11-25 10:03:17,815 INFO     ___FILE_ONLY___ ╠═ Downloading: gcloud Beta Commands                        ═╣

2024-11-25 10:03:17,815 INFO     ___FILE_ONLY___ ╚
2024-11-25 10:03:17,817 DEBUG    urllib3.connectionpool Starting new HTTPS connection (1): dl.google.com:443
2024-11-25 10:03:17,963 DEBUG    urllib3.connectionpool https://dl.google.com:443 "GET /dl/cloudsdk/channels/rapid/components/google-cloud-sdk-beta-20241115154308.tar.gz HTTP/1.1" 200 797
2024-11-25 10:03:17,965 INFO     ___FILE_ONLY___ ════════════════════════════════════════════════════════════
2024-11-25 10:03:17,966 INFO     ___FILE_ONLY___ ╝

2024-11-25 10:03:17,990 INFO     ___FILE_ONLY___ ╔════════════════════════════════════════════════════════════╗

2024-11-25 10:03:17,991 INFO     ___FILE_ONLY___ ╠═ Downloading: gcloud cli dependencies (Platform Specific) ═╣

2024-11-25 10:03:17,991 INFO     ___FILE_ONLY___ ╚
2024-11-25 10:03:17,995 DEBUG    urllib3.connectionpool Starting new HTTPS connection (1): dl.google.com:443
2024-11-25 10:03:18,149 DEBUG    urllib3.connectionpool https://dl.google.com:443 "GET /dl/cloudsdk/channels/rapid/components/google-cloud-sdk-gcloud-deps-darwin-x86_64-20210416153011.tar.gz HTTP/1.1" 200 105
2024-11-25 10:03:18,150 INFO     ___FILE_ONLY___ ════════════════════════════════════════════════════════════
2024-11-25 10:03:18,150 INFO     ___FILE_ONLY___ ╝

2024-11-25 10:03:18,158 INFO     ___FILE_ONLY___ ╔════════════════════════════════════════════════════════════╗

2024-11-25 10:03:18,158 INFO     ___FILE_ONLY___ ╠═ Downloading: gke-gcloud-auth-plugin                      ═╣

2024-11-25 10:03:18,159 INFO     ___FILE_ONLY___ ╚
2024-11-25 10:03:18,159 INFO     ___FILE_ONLY___ ════════════════════════════════════════════════════════════
2024-11-25 10:03:18,159 INFO     ___FILE_ONLY___ ╝

2024-11-25 10:03:18,165 INFO     ___FILE_ONLY___ ╔════════════════════════════════════════════════════════════╗

2024-11-25 10:03:18,166 INFO     ___FILE_ONLY___ ╠═ Downloading: gke-gcloud-auth-plugin (Platform Specific)  ═╣

2024-11-25 10:03:18,166 INFO     ___FILE_ONLY___ ╚
2024-11-25 10:03:18,168 DEBUG    urllib3.connectionpool Starting new HTTPS connection (1): dl.google.com:443
2024-11-25 10:03:18,316 DEBUG    urllib3.connectionpool https://dl.google.com:443 "GET /dl/cloudsdk/channels/rapid/components/google-cloud-sdk-gke-gcloud-auth-plugin-darwin-arm-20240628141907.tar.gz HTTP/1.1" 200 4148014
2024-11-25 10:03:18,422 INFO     ___FILE_ONLY___ ═
2024-11-25 10:03:18,422 INFO     ___FILE_ONLY___ ═
2024-11-25 10:03:18,423 INFO     ___FILE_ONLY___ ═
2024-11-25 10:03:18,423 INFO     ___FILE_ONLY___ ═
2024-11-25 10:03:18,423 INFO     ___FILE_ONLY___ ═
2024-11-25 10:03:18,423 INFO     ___FILE_ONLY___ ═
2024-11-25 10:03:18,423 INFO     ___FILE_ONLY___ ═
2024-11-25 10:03:18,423 INFO     ___FILE_ONLY___ ═
2024-11-25 10:03:18,424 INFO     ___FILE_ONLY___ ═
2024-11-25 10:03:18,424 INFO     ___FILE_ONLY___ ═
2024-11-25 10:03:18,424 INFO     ___FILE_ONLY___ ═
2024-11-25 10:03:18,424 INFO     ___FILE_ONLY___ ═
2024-11-25 10:03:18,424 INFO     ___FILE_ONLY___ ═
2024-11-25 10:03:18,424 INFO     ___FILE_ONLY___ ═
2024-11-25 10:03:18,424 INFO     ___FILE_ONLY___ ═
2024-11-25 10:03:18,424 INFO     ___FILE_ONLY___ ═
2024-11-25 10:03:18,424 INFO     ___FILE_ONLY___ ═
2024-11-25 10:03:18,425 INFO     ___FILE_ONLY___ ═
2024-11-25 10:03:18,425 INFO     ___FILE_ONLY___ ═
2024-11-25 10:03:18,425 INFO     ___FILE_ONLY___ ═
2024-11-25 10:03:18,425 INFO     ___FILE_ONLY___ ═
2024-11-25 10:03:18,425 INFO     ___FILE_ONLY___ ═
2024-11-25 10:03:18,425 INFO     ___FILE_ONLY___ ═
2024-11-25 10:03:18,425 INFO     ___FILE_ONLY___ ═
2024-11-25 10:03:18,425 INFO     ___FILE_ONLY___ ═
2024-11-25 10:03:18,426 INFO     ___FILE_ONLY___ ═
2024-11-25 10:03:18,426 INFO     ___FILE_ONLY___ ═
2024-11-25 10:03:18,426 INFO     ___FILE_ONLY___ ═
2024-11-25 10:03:18,426 INFO     ___FILE_ONLY___ ═
2024-11-25 10:03:18,426 INFO     ___FILE_ONLY___ ═
2024-11-25 10:03:18,426 INFO     ___FILE_ONLY___ ═
2024-11-25 10:03:18,426 INFO     ___FILE_ONLY___ ═
2024-11-25 10:03:18,426 INFO     ___FILE_ONLY___ ═
2024-11-25 10:03:18,427 INFO     ___FILE_ONLY___ ═
2024-11-25 10:03:18,427 INFO     ___FILE_ONLY___ ═
2024-11-25 10:03:18,427 INFO     ___FILE_ONLY___ ═
2024-11-25 10:03:18,427 INFO     ___FILE_ONLY___ ═
2024-11-25 10:03:18,427 INFO     ___FILE_ONLY___ ═
2024-11-25 10:03:18,427 INFO     ___FILE_ONLY___ ═
2024-11-25 10:03:18,427 INFO     ___FILE_ONLY___ ═
2024-11-25 10:03:18,427 INFO     ___FILE_ONLY___ ═
2024-11-25 10:03:18,428 INFO     ___FILE_ONLY___ ═
2024-11-25 10:03:18,428 INFO     ___FILE_ONLY___ ═
2024-11-25 10:03:18,428 INFO     ___FILE_ONLY___ ═
2024-11-25 10:03:18,428 INFO     ___FILE_ONLY___ ═
2024-11-25 10:03:18,428 INFO     ___FILE_ONLY___ ═
2024-11-25 10:03:18,428 INFO     ___FILE_ONLY___ ═
2024-11-25 10:03:18,428 INFO     ___FILE_ONLY___ ═
2024-11-25 10:03:18,428 INFO     ___FILE_ONLY___ ═
2024-11-25 10:03:18,428 INFO     ___FILE_ONLY___ ═
2024-11-25 10:03:18,429 INFO     ___FILE_ONLY___ ═
2024-11-25 10:03:18,429 INFO     ___FILE_ONLY___ ═
2024-11-25 10:03:18,429 INFO     ___FILE_ONLY___ ═
2024-11-25 10:03:18,429 INFO     ___FILE_ONLY___ ═
2024-11-25 10:03:18,429 INFO     ___FILE_ONLY___ ═
2024-11-25 10:03:18,429 INFO     ___FILE_ONLY___ ═
2024-11-25 10:03:18,429 INFO     ___FILE_ONLY___ ═
2024-11-25 10:03:18,430 INFO     ___FILE_ONLY___ ═
2024-11-25 10:03:18,430 INFO     ___FILE_ONLY___ ═
2024-11-25 10:03:18,430 INFO     ___FILE_ONLY___ ═
2024-11-25 10:03:18,430 INFO     ___FILE_ONLY___ ╝

2024-11-25 10:03:18,443 INFO     ___FILE_ONLY___ ╔════════════════════════════════════════════════════════════╗

2024-11-25 10:03:18,443 INFO     ___FILE_ONLY___ ╠═ Downloading: kubectl                                     ═╣

2024-11-25 10:03:18,443 INFO     ___FILE_ONLY___ ╚
2024-11-25 10:03:18,454 DEBUG    urllib3.connectionpool Starting new HTTPS connection (1): dl.google.com:443
2024-11-25 10:03:18,604 DEBUG    urllib3.connectionpool https://dl.google.com:443 "GET /dl/cloudsdk/channels/rapid/components/google-cloud-sdk-kubectl-20241004144944.tar.gz HTTP/1.1" 200 36206
2024-11-25 10:03:18,613 INFO     ___FILE_ONLY___ ═══════════════════════════
2024-11-25 10:03:18,613 INFO     ___FILE_ONLY___ ═══════════════════════════
2024-11-25 10:03:18,613 INFO     ___FILE_ONLY___ ══════
2024-11-25 10:03:18,613 INFO     ___FILE_ONLY___ ╝

2024-11-25 10:03:18,623 INFO     ___FILE_ONLY___ ╔════════════════════════════════════════════════════════════╗

2024-11-25 10:03:18,624 INFO     ___FILE_ONLY___ ╠═ Downloading: kubectl (Platform Specific)                 ═╣

2024-11-25 10:03:18,624 INFO     ___FILE_ONLY___ ╚
2024-11-25 10:03:18,627 DEBUG    urllib3.connectionpool Starting new HTTPS connection (1): dl.google.com:443
2024-11-25 10:03:18,784 DEBUG    urllib3.connectionpool https://dl.google.com:443 "GET /dl/cloudsdk/channels/rapid/components/google-cloud-sdk-kubectl-darwin-arm-20241108162203.tar.gz HTTP/1.1" 200 90277960
2024-11-25 10:03:19,919 INFO     ___FILE_ONLY___ ═
2024-11-25 10:03:19,920 INFO     ___FILE_ONLY___ ═
2024-11-25 10:03:19,921 INFO     ___FILE_ONLY___ ═
2024-11-25 10:03:19,922 INFO     ___FILE_ONLY___ ═
2024-11-25 10:03:19,923 INFO     ___FILE_ONLY___ ═
2024-11-25 10:03:19,924 INFO     ___FILE_ONLY___ ═
2024-11-25 10:03:19,924 INFO     ___FILE_ONLY___ ═
2024-11-25 10:03:19,925 INFO     ___FILE_ONLY___ ═
2024-11-25 10:03:19,927 INFO     ___FILE_ONLY___ ═
2024-11-25 10:03:19,929 INFO     ___FILE_ONLY___ ═
2024-11-25 10:03:19,930 INFO     ___FILE_ONLY___ ═
2024-11-25 10:03:19,932 INFO     ___FILE_ONLY___ ═
2024-11-25 10:03:19,934 INFO     ___FILE_ONLY___ ═
2024-11-25 10:03:19,935 INFO     ___FILE_ONLY___ ═
2024-11-25 10:03:19,936 INFO     ___FILE_ONLY___ ═
2024-11-25 10:03:19,937 INFO     ___FILE_ONLY___ ═
2024-11-25 10:03:19,938 INFO     ___FILE_ONLY___ ═
2024-11-25 10:03:19,939 INFO     ___FILE_ONLY___ ═
2024-11-25 10:03:19,940 INFO     ___FILE_ONLY___ ═
2024-11-25 10:03:19,940 INFO     ___FILE_ONLY___ ═
2024-11-25 10:03:19,942 INFO     ___FILE_ONLY___ ═
2024-11-25 10:03:19,942 INFO     ___FILE_ONLY___ ═
2024-11-25 10:03:19,947 INFO     ___FILE_ONLY___ ═
2024-11-25 10:03:19,948 INFO     ___FILE_ONLY___ ═
2024-11-25 10:03:19,949 INFO     ___FILE_ONLY___ ═
2024-11-25 10:03:19,950 INFO     ___FILE_ONLY___ ═
2024-11-25 10:03:19,951 INFO     ___FILE_ONLY___ ═
2024-11-25 10:03:19,952 INFO     ___FILE_ONLY___ ═
2024-11-25 10:03:19,953 INFO     ___FILE_ONLY___ ═
2024-11-25 10:03:19,954 INFO     ___FILE_ONLY___ ═
2024-11-25 10:03:19,955 INFO     ___FILE_ONLY___ ═
2024-11-25 10:03:19,955 INFO     ___FILE_ONLY___ ═
2024-11-25 10:03:19,956 INFO     ___FILE_ONLY___ ═
2024-11-25 10:03:19,957 INFO     ___FILE_ONLY___ ═
2024-11-25 10:03:19,958 INFO     ___FILE_ONLY___ ═
2024-11-25 10:03:19,959 INFO     ___FILE_ONLY___ ═
2024-11-25 10:03:19,960 INFO     ___FILE_ONLY___ ═
2024-11-25 10:03:19,960 INFO     ___FILE_ONLY___ ═
2024-11-25 10:03:19,961 INFO     ___FILE_ONLY___ ═
2024-11-25 10:03:19,962 INFO     ___FILE_ONLY___ ═
2024-11-25 10:03:19,963 INFO     ___FILE_ONLY___ ═
2024-11-25 10:03:19,964 INFO     ___FILE_ONLY___ ═
2024-11-25 10:03:19,964 INFO     ___FILE_ONLY___ ═
2024-11-25 10:03:19,965 INFO     ___FILE_ONLY___ ═
2024-11-25 10:03:19,969 INFO     ___FILE_ONLY___ ═
2024-11-25 10:03:19,970 INFO     ___FILE_ONLY___ ═
2024-11-25 10:03:19,971 INFO     ___FILE_ONLY___ ═
2024-11-25 10:03:19,971 INFO     ___FILE_ONLY___ ═
2024-11-25 10:03:19,972 INFO     ___FILE_ONLY___ ═
2024-11-25 10:03:19,973 INFO     ___FILE_ONLY___ ═
2024-11-25 10:03:19,974 INFO     ___FILE_ONLY___ ═
2024-11-25 10:03:19,975 INFO     ___FILE_ONLY___ ═
2024-11-25 10:03:19,975 INFO     ___FILE_ONLY___ ═
2024-11-25 10:03:19,976 INFO     ___FILE_ONLY___ ═
2024-11-25 10:03:19,977 INFO     ___FILE_ONLY___ ═
2024-11-25 10:03:19,977 INFO     ___FILE_ONLY___ ═
2024-11-25 10:03:19,978 INFO     ___FILE_ONLY___ ═
2024-11-25 10:03:19,979 INFO     ___FILE_ONLY___ ═
2024-11-25 10:03:19,980 INFO     ___FILE_ONLY___ ═
2024-11-25 10:03:19,980 INFO     ___FILE_ONLY___ ═
2024-11-25 10:03:19,981 INFO     ___FILE_ONLY___ ╝

2024-11-25 10:03:19,994 INFO     ___FILE_ONLY___ ╔════════════════════════════════════════════════════════════╗

2024-11-25 10:03:19,994 INFO     ___FILE_ONLY___ ╠═ Installing: Google Cloud CLI Core Libraries (Platform... ═╣

2024-11-25 10:03:19,994 INFO     ___FILE_ONLY___ ╚
2024-11-25 10:03:19,995 INFO     ___FILE_ONLY___ ══════════════════════════════
2024-11-25 10:03:19,996 INFO     ___FILE_ONLY___ ══════════════════════════════
2024-11-25 10:03:19,996 INFO     ___FILE_ONLY___ ╝

2024-11-25 10:03:20,003 INFO     ___FILE_ONLY___ ╔════════════════════════════════════════════════════════════╗

2024-11-25 10:03:20,004 INFO     ___FILE_ONLY___ ╠═ Installing: Minikube                                     ═╣

2024-11-25 10:03:20,004 INFO     ___FILE_ONLY___ ╚
2024-11-25 10:03:20,005 INFO     ___FILE_ONLY___ ════════════════════════════════════════════════════════════
2024-11-25 10:03:20,005 INFO     ___FILE_ONLY___ ╝

2024-11-25 10:03:20,010 INFO     ___FILE_ONLY___ ╔════════════════════════════════════════════════════════════╗

2024-11-25 10:03:20,010 INFO     ___FILE_ONLY___ ╠═ Installing: Minikube (Platform Specific)                 ═╣

2024-11-25 10:03:20,010 INFO     ___FILE_ONLY___ ╚
2024-11-25 10:03:20,361 INFO     ___FILE_ONLY___ ════════════════════════════════════════════════════════════
2024-11-25 10:03:20,364 INFO     ___FILE_ONLY___ ╝

2024-11-25 10:03:20,372 INFO     ___FILE_ONLY___ ╔════════════════════════════════════════════════════════════╗

2024-11-25 10:03:20,372 INFO     ___FILE_ONLY___ ╠═ Installing: Skaffold                                     ═╣

2024-11-25 10:03:20,372 INFO     ___FILE_ONLY___ ╚
2024-11-25 10:03:20,374 INFO     ___FILE_ONLY___ ════════════════════════════════════════════════════════════
2024-11-25 10:03:20,374 INFO     ___FILE_ONLY___ ╝

2024-11-25 10:03:20,378 INFO     ___FILE_ONLY___ ╔════════════════════════════════════════════════════════════╗

2024-11-25 10:03:20,378 INFO     ___FILE_ONLY___ ╠═ Installing: Skaffold (Platform Specific)                 ═╣

2024-11-25 10:03:20,378 INFO     ___FILE_ONLY___ ╚
2024-11-25 10:03:20,654 INFO     ___FILE_ONLY___ ════════════════════════════════════════════════════════════
2024-11-25 10:03:20,654 INFO     ___FILE_ONLY___ ╝

2024-11-25 10:03:20,665 INFO     ___FILE_ONLY___ ╔════════════════════════════════════════════════════════════╗

2024-11-25 10:03:20,666 INFO     ___FILE_ONLY___ ╠═ Installing: gcloud Alpha Commands                        ═╣

2024-11-25 10:03:20,666 INFO     ___FILE_ONLY___ ╚
2024-11-25 10:03:20,667 INFO     ___FILE_ONLY___ ════════════════════════════════════════════════════════════
2024-11-25 10:03:20,667 INFO     ___FILE_ONLY___ ╝

2024-11-25 10:03:20,674 INFO     ___FILE_ONLY___ ╔════════════════════════════════════════════════════════════╗

2024-11-25 10:03:20,674 INFO     ___FILE_ONLY___ ╠═ Installing: gcloud Beta Commands                         ═╣

2024-11-25 10:03:20,674 INFO     ___FILE_ONLY___ ╚
2024-11-25 10:03:20,674 INFO     ___FILE_ONLY___ ════════════════════════════════════════════════════════════
2024-11-25 10:03:20,674 INFO     ___FILE_ONLY___ ╝

2024-11-25 10:03:20,680 INFO     ___FILE_ONLY___ ╔════════════════════════════════════════════════════════════╗

2024-11-25 10:03:20,680 INFO     ___FILE_ONLY___ ╠═ Installing: gcloud cli dependencies (Platform Specific)  ═╣

2024-11-25 10:03:20,680 INFO     ___FILE_ONLY___ ╚
2024-11-25 10:03:20,680 INFO     ___FILE_ONLY___ ════════════════════════════════════════════════════════════
2024-11-25 10:03:20,680 INFO     ___FILE_ONLY___ ╝

2024-11-25 10:03:20,686 INFO     ___FILE_ONLY___ ╔════════════════════════════════════════════════════════════╗

2024-11-25 10:03:20,686 INFO     ___FILE_ONLY___ ╠═ Installing: gke-gcloud-auth-plugin                       ═╣

2024-11-25 10:03:20,686 INFO     ___FILE_ONLY___ ╚
2024-11-25 10:03:20,688 INFO     ___FILE_ONLY___ ════════════════════════════════════════════════════════════
2024-11-25 10:03:20,688 INFO     ___FILE_ONLY___ ╝

2024-11-25 10:03:20,693 INFO     ___FILE_ONLY___ ╔════════════════════════════════════════════════════════════╗

2024-11-25 10:03:20,693 INFO     ___FILE_ONLY___ ╠═ Installing: gke-gcloud-auth-plugin (Platform Specific)   ═╣

2024-11-25 10:03:20,693 INFO     ___FILE_ONLY___ ╚
2024-11-25 10:03:20,739 INFO     ___FILE_ONLY___ ════════════════════════════════════════════════════════════
2024-11-25 10:03:20,739 INFO     ___FILE_ONLY___ ╝

2024-11-25 10:03:20,748 INFO     ___FILE_ONLY___ ╔════════════════════════════════════════════════════════════╗

2024-11-25 10:03:20,748 INFO     ___FILE_ONLY___ ╠═ Installing: kubectl                                      ═╣

2024-11-25 10:03:20,748 INFO     ___FILE_ONLY___ ╚
2024-11-25 10:03:20,755 INFO     ___FILE_ONLY___ ════════════════════════════════════════════════════════════
2024-11-25 10:03:20,755 INFO     ___FILE_ONLY___ ╝

2024-11-25 10:03:20,761 INFO     ___FILE_ONLY___ ╔════════════════════════════════════════════════════════════╗

2024-11-25 10:03:20,761 INFO     ___FILE_ONLY___ ╠═ Installing: kubectl (Platform Specific)                  ═╣

2024-11-25 10:03:20,761 INFO     ___FILE_ONLY___ ╚
2024-11-25 10:03:21,266 INFO     ___FILE_ONLY___ ══════════
2024-11-25 10:03:21,368 INFO     ___FILE_ONLY___ ══════════
2024-11-25 10:03:21,496 INFO     ___FILE_ONLY___ ══════════
2024-11-25 10:03:21,617 INFO     ___FILE_ONLY___ ══════════
2024-11-25 10:03:21,723 INFO     ___FILE_ONLY___ ══════════
2024-11-25 10:03:21,852 INFO     ___FILE_ONLY___ ══════════
2024-11-25 10:03:21,853 INFO     ___FILE_ONLY___ ╝

2024-11-25 10:03:21,872 DEBUG    root            Updating notification cache...
2024-11-25 10:03:21,872 INFO     ___FILE_ONLY___ 

2024-11-25 10:03:21,880 INFO     ___FILE_ONLY___ Performing post processing steps...
2024-11-25 10:03:21,880 DEBUG    root            Executing command: ['/Users/gabrielpaura/Library/Application Support/cloud-code/installer/google-cloud-sdk/bin/gcloud', 'components', 'post-process', '--no-compile-python']
2024-11-25 10:03:22,417 DEBUG    ___FILE_ONLY___ 
2024-11-25 10:03:22,417 DEBUG    ___FILE_ONLY___ 
2024-11-25 10:03:22,645 INFO     ___FILE_ONLY___ 
Update done!


2024-11-25 10:03:22,649 WARNING  root              There are other instances of Google Cloud tools on your system PATH.
  Please remove the following to avoid confusion or accidental invocation:

  /Applications/Docker.app/Contents/Resources/bin/kubectl

  
2024-11-25 10:03:22,651 DEBUG    root            Chosen display Format:none
2024-11-25 10:03:22,652 INFO     root            Display format: "none"
2024-11-25 10:03:22,654 DEBUG    root            Executing command: ['curl', '--silent', '-O', 'https://dl.google.com/dl/cloudsdk/channels/rapid/python-3.11.6-macos11.tar.gz']
2024-11-25 10:03:23,358 DEBUG    root            Executing command: ['tar', '-xf', 'python-3.11.6-macos11.tar.gz']
2024-11-25 10:03:23,429 DEBUG    root            Executing command: ['sudo', 'installer', '-target', '/', '-pkg', './python-3.11.6-macos11.pkg']
