2024-11-15 11:17:35,066 DEBUG    root            Metrics collector initialized...
2024-11-15 11:17:35,067 DEBUG    root            Loaded Command Group: ['gcloud', 'components']
2024-11-15 11:17:35,072 DEBUG    root            Loaded Command Group: ['gcloud', 'components', 'update']
2024-11-15 11:17:35,073 DEBUG    root            Running [gcloud.components.update] with arguments: [--no-compile-python: "False", --quiet: "True", COMPONENT-IDS:6: "['alpha', 'beta', 'gke-gcloud-auth-plugin', 'kubectl', 'skaffold', 'minikube']"]
2024-11-15 11:17:35,073 INFO     ___FILE_ONLY___ Beginning update. This process may take several minutes.

2024-11-15 11:17:35,093 DEBUG    urllib3.connectionpool Starting new HTTPS connection (1): dl.google.com:443
2024-11-15 11:17:35,286 DEBUG    urllib3.connectionpool https://dl.google.com:443 "GET /dl/cloudsdk/channels/rapid/components-2.json HTTP/1.1" 200 226997
2024-11-15 11:17:35,395 INFO     ___FILE_ONLY___ 

2024-11-15 11:17:35,396 INFO     ___FILE_ONLY___ 
Your current Google Cloud CLI version is: 501.0.0

2024-11-15 11:17:35,396 INFO     ___FILE_ONLY___ Installing components from version: 501.0.0

2024-11-15 11:17:35,396 INFO     ___FILE_ONLY___ 

2024-11-15 11:17:35,396 DEBUG    root            Chosen display Format:table[box,title="These components will be removed."](details.display_name:label=Name:align=left,version.version_string:label=Version:align=right,data.size.size(zero="",min=1048576):label=Size:align=right)
2024-11-15 11:17:35,397 DEBUG    root            Chosen display Format:table[box,title="These components will be updated."](details.display_name:label=Name:align=left,version.version_string:label=Version:align=right,data.size.size(zero="",min=1048576):label=Size:align=right)
2024-11-15 11:17:35,397 DEBUG    root            Chosen display Format:table[box,title="These components will be installed."](details.display_name:label=Name:align=left,version.version_string:label=Version:align=right,data.size.size(zero="",min=1048576):label=Size:align=right)
2024-11-15 11:17:35,431 INFO     ___FILE_ONLY___ ┌─────────────────────────────────────────────────────────────────────────────┐
2024-11-15 11:17:35,431 INFO     ___FILE_ONLY___ 

2024-11-15 11:17:35,431 INFO     ___FILE_ONLY___ │                     These components will be installed.                     │
2024-11-15 11:17:35,431 INFO     ___FILE_ONLY___ 

2024-11-15 11:17:35,431 INFO     ___FILE_ONLY___ ├─────────────────────────────────────────────────────┬────────────┬──────────┤
2024-11-15 11:17:35,431 INFO     ___FILE_ONLY___ 

2024-11-15 11:17:35,431 INFO     ___FILE_ONLY___ │                         Name                        │  Version   │   Size   │
2024-11-15 11:17:35,431 INFO     ___FILE_ONLY___ 

2024-11-15 11:17:35,431 INFO     ___FILE_ONLY___ ├─────────────────────────────────────────────────────┼────────────┼──────────┤
2024-11-15 11:17:35,431 INFO     ___FILE_ONLY___ 

2024-11-15 11:17:35,431 INFO     ___FILE_ONLY___ │ 
2024-11-15 11:17:35,431 INFO     ___FILE_ONLY___ Google Cloud CLI Core Libraries (Platform Specific)
2024-11-15 11:17:35,431 INFO     ___FILE_ONLY___  
2024-11-15 11:17:35,431 INFO     ___FILE_ONLY___ │ 
2024-11-15 11:17:35,431 INFO     ___FILE_ONLY___ 2024.08.30
2024-11-15 11:17:35,431 INFO     ___FILE_ONLY___  
2024-11-15 11:17:35,431 INFO     ___FILE_ONLY___ │ 
2024-11-15 11:17:35,431 INFO     ___FILE_ONLY___  < 1 MiB
2024-11-15 11:17:35,431 INFO     ___FILE_ONLY___  
2024-11-15 11:17:35,431 INFO     ___FILE_ONLY___ │
2024-11-15 11:17:35,431 INFO     ___FILE_ONLY___ 

2024-11-15 11:17:35,431 INFO     ___FILE_ONLY___ │ 
2024-11-15 11:17:35,431 INFO     ___FILE_ONLY___ Minikube (Platform Specific)                       
2024-11-15 11:17:35,431 INFO     ___FILE_ONLY___  
2024-11-15 11:17:35,431 INFO     ___FILE_ONLY___ │ 
2024-11-15 11:17:35,431 INFO     ___FILE_ONLY___     1.34.0
2024-11-15 11:17:35,431 INFO     ___FILE_ONLY___  
2024-11-15 11:17:35,431 INFO     ___FILE_ONLY___ │ 
2024-11-15 11:17:35,431 INFO     ___FILE_ONLY___ 37.2 MiB
2024-11-15 11:17:35,431 INFO     ___FILE_ONLY___  
2024-11-15 11:17:35,431 INFO     ___FILE_ONLY___ │
2024-11-15 11:17:35,431 INFO     ___FILE_ONLY___ 

2024-11-15 11:17:35,431 INFO     ___FILE_ONLY___ │ 
2024-11-15 11:17:35,432 INFO     ___FILE_ONLY___ Skaffold (Platform Specific)                       
2024-11-15 11:17:35,432 INFO     ___FILE_ONLY___  
2024-11-15 11:17:35,432 INFO     ___FILE_ONLY___ │ 
2024-11-15 11:17:35,432 INFO     ___FILE_ONLY___     2.13.1
2024-11-15 11:17:35,432 INFO     ___FILE_ONLY___  
2024-11-15 11:17:35,432 INFO     ___FILE_ONLY___ │ 
2024-11-15 11:17:35,432 INFO     ___FILE_ONLY___ 22.9 MiB
2024-11-15 11:17:35,432 INFO     ___FILE_ONLY___  
2024-11-15 11:17:35,432 INFO     ___FILE_ONLY___ │
2024-11-15 11:17:35,432 INFO     ___FILE_ONLY___ 

2024-11-15 11:17:35,432 INFO     ___FILE_ONLY___ │ 
2024-11-15 11:17:35,432 INFO     ___FILE_ONLY___ gcloud Alpha Commands                              
2024-11-15 11:17:35,432 INFO     ___FILE_ONLY___  
2024-11-15 11:17:35,432 INFO     ___FILE_ONLY___ │ 
2024-11-15 11:17:35,432 INFO     ___FILE_ONLY___ 2024.11.08
2024-11-15 11:17:35,432 INFO     ___FILE_ONLY___  
2024-11-15 11:17:35,432 INFO     ___FILE_ONLY___ │ 
2024-11-15 11:17:35,432 INFO     ___FILE_ONLY___  < 1 MiB
2024-11-15 11:17:35,432 INFO     ___FILE_ONLY___  
2024-11-15 11:17:35,432 INFO     ___FILE_ONLY___ │
2024-11-15 11:17:35,432 INFO     ___FILE_ONLY___ 

2024-11-15 11:17:35,432 INFO     ___FILE_ONLY___ │ 
2024-11-15 11:17:35,432 INFO     ___FILE_ONLY___ gcloud Beta Commands                               
2024-11-15 11:17:35,432 INFO     ___FILE_ONLY___  
2024-11-15 11:17:35,432 INFO     ___FILE_ONLY___ │ 
2024-11-15 11:17:35,432 INFO     ___FILE_ONLY___ 2024.11.08
2024-11-15 11:17:35,432 INFO     ___FILE_ONLY___  
2024-11-15 11:17:35,432 INFO     ___FILE_ONLY___ │ 
2024-11-15 11:17:35,432 INFO     ___FILE_ONLY___  < 1 MiB
2024-11-15 11:17:35,432 INFO     ___FILE_ONLY___  
2024-11-15 11:17:35,432 INFO     ___FILE_ONLY___ │
2024-11-15 11:17:35,432 INFO     ___FILE_ONLY___ 

2024-11-15 11:17:35,432 INFO     ___FILE_ONLY___ │ 
2024-11-15 11:17:35,432 INFO     ___FILE_ONLY___ gcloud cli dependencies (Platform Specific)        
2024-11-15 11:17:35,432 INFO     ___FILE_ONLY___  
2024-11-15 11:17:35,432 INFO     ___FILE_ONLY___ │ 
2024-11-15 11:17:35,432 INFO     ___FILE_ONLY___ 2021.04.16
2024-11-15 11:17:35,432 INFO     ___FILE_ONLY___  
2024-11-15 11:17:35,432 INFO     ___FILE_ONLY___ │ 
2024-11-15 11:17:35,432 INFO     ___FILE_ONLY___  < 1 MiB
2024-11-15 11:17:35,432 INFO     ___FILE_ONLY___  
2024-11-15 11:17:35,432 INFO     ___FILE_ONLY___ │
2024-11-15 11:17:35,432 INFO     ___FILE_ONLY___ 

2024-11-15 11:17:35,432 INFO     ___FILE_ONLY___ │ 
2024-11-15 11:17:35,432 INFO     ___FILE_ONLY___ gke-gcloud-auth-plugin (Platform Specific)         
2024-11-15 11:17:35,432 INFO     ___FILE_ONLY___  
2024-11-15 11:17:35,432 INFO     ___FILE_ONLY___ │ 
2024-11-15 11:17:35,432 INFO     ___FILE_ONLY___      0.5.9
2024-11-15 11:17:35,432 INFO     ___FILE_ONLY___  
2024-11-15 11:17:35,432 INFO     ___FILE_ONLY___ │ 
2024-11-15 11:17:35,432 INFO     ___FILE_ONLY___  4.0 MiB
2024-11-15 11:17:35,433 INFO     ___FILE_ONLY___  
2024-11-15 11:17:35,433 INFO     ___FILE_ONLY___ │
2024-11-15 11:17:35,433 INFO     ___FILE_ONLY___ 

2024-11-15 11:17:35,433 INFO     ___FILE_ONLY___ │ 
2024-11-15 11:17:35,433 INFO     ___FILE_ONLY___ kubectl                                            
2024-11-15 11:17:35,433 INFO     ___FILE_ONLY___  
2024-11-15 11:17:35,433 INFO     ___FILE_ONLY___ │ 
2024-11-15 11:17:35,433 INFO     ___FILE_ONLY___     1.30.5
2024-11-15 11:17:35,433 INFO     ___FILE_ONLY___  
2024-11-15 11:17:35,433 INFO     ___FILE_ONLY___ │ 
2024-11-15 11:17:35,433 INFO     ___FILE_ONLY___  < 1 MiB
2024-11-15 11:17:35,433 INFO     ___FILE_ONLY___  
2024-11-15 11:17:35,433 INFO     ___FILE_ONLY___ │
2024-11-15 11:17:35,433 INFO     ___FILE_ONLY___ 

2024-11-15 11:17:35,433 INFO     ___FILE_ONLY___ │ 
2024-11-15 11:17:35,433 INFO     ___FILE_ONLY___ kubectl (Platform Specific)                        
2024-11-15 11:17:35,433 INFO     ___FILE_ONLY___  
2024-11-15 11:17:35,433 INFO     ___FILE_ONLY___ │ 
2024-11-15 11:17:35,433 INFO     ___FILE_ONLY___     1.30.6
2024-11-15 11:17:35,433 INFO     ___FILE_ONLY___  
2024-11-15 11:17:35,433 INFO     ___FILE_ONLY___ │ 
2024-11-15 11:17:35,433 INFO     ___FILE_ONLY___ 86.1 MiB
2024-11-15 11:17:35,433 INFO     ___FILE_ONLY___  
2024-11-15 11:17:35,433 INFO     ___FILE_ONLY___ │
2024-11-15 11:17:35,433 INFO     ___FILE_ONLY___ 

2024-11-15 11:17:35,433 INFO     ___FILE_ONLY___ └─────────────────────────────────────────────────────┴────────────┴──────────┘
2024-11-15 11:17:35,433 INFO     ___FILE_ONLY___ 

2024-11-15 11:17:35,433 INFO     ___FILE_ONLY___ 

2024-11-15 11:17:35,435 DEBUG    urllib3.connectionpool Starting new HTTPS connection (1): dl.google.com:443
2024-11-15 11:17:35,622 DEBUG    urllib3.connectionpool https://dl.google.com:443 "GET /dl/cloudsdk/channels/rapid/RELEASE_NOTES HTTP/1.1" 200 1311270
2024-11-15 11:17:35,807 INFO     ___FILE_ONLY___ For the latest full release notes, please visit:
  https://cloud.google.com/sdk/release_notes


2024-11-15 11:17:35,807 INFO     ___FILE_ONLY___ Performing in place update...


2024-11-15 11:17:35,818 INFO     ___FILE_ONLY___ ╔════════════════════════════════════════════════════════════╗

2024-11-15 11:17:35,818 INFO     ___FILE_ONLY___ ╠═ Downloading: Google Cloud CLI Core Libraries (Platfor... ═╣

2024-11-15 11:17:35,818 INFO     ___FILE_ONLY___ ╚
2024-11-15 11:17:35,824 DEBUG    urllib3.connectionpool Starting new HTTPS connection (1): dl.google.com:443
2024-11-15 11:17:36,005 DEBUG    urllib3.connectionpool https://dl.google.com:443 "GET /dl/cloudsdk/channels/rapid/components/google-cloud-sdk-core-nix-20240830134514.tar.gz HTTP/1.1" 200 2306
2024-11-15 11:17:36,007 INFO     ___FILE_ONLY___ ════════════════════════════════════════════════════════════
2024-11-15 11:17:36,007 INFO     ___FILE_ONLY___ ╝

2024-11-15 11:17:36,022 INFO     ___FILE_ONLY___ ╔════════════════════════════════════════════════════════════╗

2024-11-15 11:17:36,022 INFO     ___FILE_ONLY___ ╠═ Downloading: Minikube                                    ═╣

2024-11-15 11:17:36,022 INFO     ___FILE_ONLY___ ╚
2024-11-15 11:17:36,022 INFO     ___FILE_ONLY___ ════════════════════════════════════════════════════════════
2024-11-15 11:17:36,023 INFO     ___FILE_ONLY___ ╝

2024-11-15 11:17:36,033 INFO     ___FILE_ONLY___ ╔════════════════════════════════════════════════════════════╗

2024-11-15 11:17:36,033 INFO     ___FILE_ONLY___ ╠═ Downloading: Minikube (Platform Specific)                ═╣

2024-11-15 11:17:36,033 INFO     ___FILE_ONLY___ ╚
2024-11-15 11:17:36,036 DEBUG    urllib3.connectionpool Starting new HTTPS connection (1): dl.google.com:443
2024-11-15 11:17:36,224 DEBUG    urllib3.connectionpool https://dl.google.com:443 "GET /dl/cloudsdk/channels/rapid/components/google-cloud-sdk-minikube-darwin-arm-20240927140238.tar.gz HTTP/1.1" 200 38981244
2024-11-15 11:17:37,025 INFO     ___FILE_ONLY___ ═
2024-11-15 11:17:37,026 INFO     ___FILE_ONLY___ ═
2024-11-15 11:17:37,027 INFO     ___FILE_ONLY___ ═
2024-11-15 11:17:37,027 INFO     ___FILE_ONLY___ ═
2024-11-15 11:17:37,028 INFO     ___FILE_ONLY___ ═
2024-11-15 11:17:37,029 INFO     ___FILE_ONLY___ ═
2024-11-15 11:17:37,029 INFO     ___FILE_ONLY___ ═
2024-11-15 11:17:37,030 INFO     ___FILE_ONLY___ ═
2024-11-15 11:17:37,031 INFO     ___FILE_ONLY___ ═
2024-11-15 11:17:37,031 INFO     ___FILE_ONLY___ ═
2024-11-15 11:17:37,037 INFO     ___FILE_ONLY___ ═
2024-11-15 11:17:37,038 INFO     ___FILE_ONLY___ ═
2024-11-15 11:17:37,039 INFO     ___FILE_ONLY___ ═
2024-11-15 11:17:37,040 INFO     ___FILE_ONLY___ ═
2024-11-15 11:17:37,041 INFO     ___FILE_ONLY___ ═
2024-11-15 11:17:37,041 INFO     ___FILE_ONLY___ ═
2024-11-15 11:17:37,042 INFO     ___FILE_ONLY___ ═
2024-11-15 11:17:37,043 INFO     ___FILE_ONLY___ ═
2024-11-15 11:17:37,043 INFO     ___FILE_ONLY___ ═
2024-11-15 11:17:37,044 INFO     ___FILE_ONLY___ ═
2024-11-15 11:17:37,044 INFO     ___FILE_ONLY___ ═
2024-11-15 11:17:37,045 INFO     ___FILE_ONLY___ ═
2024-11-15 11:17:37,046 INFO     ___FILE_ONLY___ ═
2024-11-15 11:17:37,046 INFO     ___FILE_ONLY___ ═
2024-11-15 11:17:37,047 INFO     ___FILE_ONLY___ ═
2024-11-15 11:17:37,049 INFO     ___FILE_ONLY___ ═
2024-11-15 11:17:37,051 INFO     ___FILE_ONLY___ ═
2024-11-15 11:17:37,053 INFO     ___FILE_ONLY___ ═
2024-11-15 11:17:37,053 INFO     ___FILE_ONLY___ ═
2024-11-15 11:17:37,054 INFO     ___FILE_ONLY___ ═
2024-11-15 11:17:37,055 INFO     ___FILE_ONLY___ ═
2024-11-15 11:17:37,055 INFO     ___FILE_ONLY___ ═
2024-11-15 11:17:37,056 INFO     ___FILE_ONLY___ ═
2024-11-15 11:17:37,056 INFO     ___FILE_ONLY___ ═
2024-11-15 11:17:37,057 INFO     ___FILE_ONLY___ ═
2024-11-15 11:17:37,057 INFO     ___FILE_ONLY___ ═
2024-11-15 11:17:37,058 INFO     ___FILE_ONLY___ ═
2024-11-15 11:17:37,058 INFO     ___FILE_ONLY___ ═
2024-11-15 11:17:37,059 INFO     ___FILE_ONLY___ ═
2024-11-15 11:17:37,060 INFO     ___FILE_ONLY___ ═
2024-11-15 11:17:37,061 INFO     ___FILE_ONLY___ ═
2024-11-15 11:17:37,061 INFO     ___FILE_ONLY___ ═
2024-11-15 11:17:37,061 INFO     ___FILE_ONLY___ ═
2024-11-15 11:17:37,062 INFO     ___FILE_ONLY___ ═
2024-11-15 11:17:37,062 INFO     ___FILE_ONLY___ ═
2024-11-15 11:17:37,063 INFO     ___FILE_ONLY___ ═
2024-11-15 11:17:37,063 INFO     ___FILE_ONLY___ ═
2024-11-15 11:17:37,064 INFO     ___FILE_ONLY___ ═
2024-11-15 11:17:37,064 INFO     ___FILE_ONLY___ ═
2024-11-15 11:17:37,065 INFO     ___FILE_ONLY___ ═
2024-11-15 11:17:37,065 INFO     ___FILE_ONLY___ ═
2024-11-15 11:17:37,066 INFO     ___FILE_ONLY___ ═
2024-11-15 11:17:37,066 INFO     ___FILE_ONLY___ ═
2024-11-15 11:17:37,067 INFO     ___FILE_ONLY___ ═
2024-11-15 11:17:37,067 INFO     ___FILE_ONLY___ ═
2024-11-15 11:17:37,067 INFO     ___FILE_ONLY___ ═
2024-11-15 11:17:37,068 INFO     ___FILE_ONLY___ ═
2024-11-15 11:17:37,070 INFO     ___FILE_ONLY___ ═
2024-11-15 11:17:37,071 INFO     ___FILE_ONLY___ ═
2024-11-15 11:17:37,071 INFO     ___FILE_ONLY___ ═
2024-11-15 11:17:37,071 INFO     ___FILE_ONLY___ ╝

2024-11-15 11:17:37,078 INFO     ___FILE_ONLY___ ╔════════════════════════════════════════════════════════════╗

2024-11-15 11:17:37,079 INFO     ___FILE_ONLY___ ╠═ Downloading: Skaffold                                    ═╣

2024-11-15 11:17:37,079 INFO     ___FILE_ONLY___ ╚
2024-11-15 11:17:37,079 INFO     ___FILE_ONLY___ ════════════════════════════════════════════════════════════
2024-11-15 11:17:37,079 INFO     ___FILE_ONLY___ ╝

2024-11-15 11:17:37,084 INFO     ___FILE_ONLY___ ╔════════════════════════════════════════════════════════════╗

2024-11-15 11:17:37,084 INFO     ___FILE_ONLY___ ╠═ Downloading: Skaffold (Platform Specific)                ═╣

2024-11-15 11:17:37,084 INFO     ___FILE_ONLY___ ╚
2024-11-15 11:17:37,086 DEBUG    urllib3.connectionpool Starting new HTTPS connection (1): dl.google.com:443
2024-11-15 11:17:37,268 DEBUG    urllib3.connectionpool https://dl.google.com:443 "GET /dl/cloudsdk/channels/rapid/components/google-cloud-sdk-skaffold-darwin-arm-20240806142304.tar.gz HTTP/1.1" 200 24031362
2024-11-15 11:17:37,861 INFO     ___FILE_ONLY___ ═
2024-11-15 11:17:37,862 INFO     ___FILE_ONLY___ ═
2024-11-15 11:17:37,862 INFO     ___FILE_ONLY___ ═
2024-11-15 11:17:37,863 INFO     ___FILE_ONLY___ ═
2024-11-15 11:17:37,864 INFO     ___FILE_ONLY___ ═
2024-11-15 11:17:37,864 INFO     ___FILE_ONLY___ ═
2024-11-15 11:17:37,865 INFO     ___FILE_ONLY___ ═
2024-11-15 11:17:37,865 INFO     ___FILE_ONLY___ ═
2024-11-15 11:17:37,866 INFO     ___FILE_ONLY___ ═
2024-11-15 11:17:37,866 INFO     ___FILE_ONLY___ ═
2024-11-15 11:17:37,867 INFO     ___FILE_ONLY___ ═
2024-11-15 11:17:37,868 INFO     ___FILE_ONLY___ ═
2024-11-15 11:17:37,868 INFO     ___FILE_ONLY___ ═
2024-11-15 11:17:37,869 INFO     ___FILE_ONLY___ ═
2024-11-15 11:17:37,869 INFO     ___FILE_ONLY___ ═
2024-11-15 11:17:37,870 INFO     ___FILE_ONLY___ ═
2024-11-15 11:17:37,870 INFO     ___FILE_ONLY___ ═
2024-11-15 11:17:37,870 INFO     ___FILE_ONLY___ ═
2024-11-15 11:17:37,871 INFO     ___FILE_ONLY___ ═
2024-11-15 11:17:37,871 INFO     ___FILE_ONLY___ ═
2024-11-15 11:17:37,872 INFO     ___FILE_ONLY___ ═
2024-11-15 11:17:37,872 INFO     ___FILE_ONLY___ ═
2024-11-15 11:17:37,874 INFO     ___FILE_ONLY___ ═
2024-11-15 11:17:37,875 INFO     ___FILE_ONLY___ ═
2024-11-15 11:17:37,876 INFO     ___FILE_ONLY___ ═
2024-11-15 11:17:37,877 INFO     ___FILE_ONLY___ ═
2024-11-15 11:17:37,878 INFO     ___FILE_ONLY___ ═
2024-11-15 11:17:37,878 INFO     ___FILE_ONLY___ ═
2024-11-15 11:17:37,878 INFO     ___FILE_ONLY___ ═
2024-11-15 11:17:37,879 INFO     ___FILE_ONLY___ ═
2024-11-15 11:17:37,879 INFO     ___FILE_ONLY___ ═
2024-11-15 11:17:37,880 INFO     ___FILE_ONLY___ ═
2024-11-15 11:17:37,880 INFO     ___FILE_ONLY___ ═
2024-11-15 11:17:37,881 INFO     ___FILE_ONLY___ ═
2024-11-15 11:17:37,881 INFO     ___FILE_ONLY___ ═
2024-11-15 11:17:37,881 INFO     ___FILE_ONLY___ ═
2024-11-15 11:17:37,882 INFO     ___FILE_ONLY___ ═
2024-11-15 11:17:37,882 INFO     ___FILE_ONLY___ ═
2024-11-15 11:17:37,882 INFO     ___FILE_ONLY___ ═
2024-11-15 11:17:37,883 INFO     ___FILE_ONLY___ ═
2024-11-15 11:17:37,883 INFO     ___FILE_ONLY___ ═
2024-11-15 11:17:37,884 INFO     ___FILE_ONLY___ ═
2024-11-15 11:17:37,884 INFO     ___FILE_ONLY___ ═
2024-11-15 11:17:37,884 INFO     ___FILE_ONLY___ ═
2024-11-15 11:17:37,885 INFO     ___FILE_ONLY___ ═
2024-11-15 11:17:37,885 INFO     ___FILE_ONLY___ ═
2024-11-15 11:17:37,886 INFO     ___FILE_ONLY___ ═
2024-11-15 11:17:37,886 INFO     ___FILE_ONLY___ ═
2024-11-15 11:17:37,887 INFO     ___FILE_ONLY___ ═
2024-11-15 11:17:37,889 INFO     ___FILE_ONLY___ ═
2024-11-15 11:17:37,890 INFO     ___FILE_ONLY___ ═
2024-11-15 11:17:37,891 INFO     ___FILE_ONLY___ ═
2024-11-15 11:17:37,891 INFO     ___FILE_ONLY___ ═
2024-11-15 11:17:37,891 INFO     ___FILE_ONLY___ ═
2024-11-15 11:17:37,892 INFO     ___FILE_ONLY___ ═
2024-11-15 11:17:37,892 INFO     ___FILE_ONLY___ ═
2024-11-15 11:17:37,892 INFO     ___FILE_ONLY___ ═
2024-11-15 11:17:37,892 INFO     ___FILE_ONLY___ ═
2024-11-15 11:17:37,893 INFO     ___FILE_ONLY___ ═
2024-11-15 11:17:37,893 INFO     ___FILE_ONLY___ ═
2024-11-15 11:17:37,893 INFO     ___FILE_ONLY___ ╝

2024-11-15 11:17:37,905 INFO     ___FILE_ONLY___ ╔════════════════════════════════════════════════════════════╗

2024-11-15 11:17:37,905 INFO     ___FILE_ONLY___ ╠═ Downloading: gcloud Alpha Commands                       ═╣

2024-11-15 11:17:37,905 INFO     ___FILE_ONLY___ ╚
2024-11-15 11:17:37,908 DEBUG    urllib3.connectionpool Starting new HTTPS connection (1): dl.google.com:443
2024-11-15 11:17:38,165 DEBUG    urllib3.connectionpool https://dl.google.com:443 "GET /dl/cloudsdk/channels/rapid/components/google-cloud-sdk-alpha-20241108162203.tar.gz HTTP/1.1" 200 800
2024-11-15 11:17:38,167 INFO     ___FILE_ONLY___ ════════════════════════════════════════════════════════════
2024-11-15 11:17:38,167 INFO     ___FILE_ONLY___ ╝

2024-11-15 11:17:38,186 INFO     ___FILE_ONLY___ ╔════════════════════════════════════════════════════════════╗

2024-11-15 11:17:38,186 INFO     ___FILE_ONLY___ ╠═ Downloading: gcloud Beta Commands                        ═╣

2024-11-15 11:17:38,186 INFO     ___FILE_ONLY___ ╚
2024-11-15 11:17:38,190 DEBUG    urllib3.connectionpool Starting new HTTPS connection (1): dl.google.com:443
2024-11-15 11:17:38,381 DEBUG    urllib3.connectionpool https://dl.google.com:443 "GET /dl/cloudsdk/channels/rapid/components/google-cloud-sdk-beta-20241108162203.tar.gz HTTP/1.1" 200 797
2024-11-15 11:17:38,383 INFO     ___FILE_ONLY___ ════════════════════════════════════════════════════════════
2024-11-15 11:17:38,383 INFO     ___FILE_ONLY___ ╝

2024-11-15 11:17:38,400 INFO     ___FILE_ONLY___ ╔════════════════════════════════════════════════════════════╗

2024-11-15 11:17:38,400 INFO     ___FILE_ONLY___ ╠═ Downloading: gcloud cli dependencies (Platform Specific) ═╣

2024-11-15 11:17:38,400 INFO     ___FILE_ONLY___ ╚
2024-11-15 11:17:38,404 DEBUG    urllib3.connectionpool Starting new HTTPS connection (1): dl.google.com:443
2024-11-15 11:17:38,599 DEBUG    urllib3.connectionpool https://dl.google.com:443 "GET /dl/cloudsdk/channels/rapid/components/google-cloud-sdk-gcloud-deps-darwin-x86_64-20210416153011.tar.gz HTTP/1.1" 200 105
2024-11-15 11:17:38,601 INFO     ___FILE_ONLY___ ════════════════════════════════════════════════════════════
2024-11-15 11:17:38,601 INFO     ___FILE_ONLY___ ╝

2024-11-15 11:17:38,618 INFO     ___FILE_ONLY___ ╔════════════════════════════════════════════════════════════╗

2024-11-15 11:17:38,618 INFO     ___FILE_ONLY___ ╠═ Downloading: gke-gcloud-auth-plugin                      ═╣

2024-11-15 11:17:38,618 INFO     ___FILE_ONLY___ ╚
2024-11-15 11:17:38,618 INFO     ___FILE_ONLY___ ════════════════════════════════════════════════════════════
2024-11-15 11:17:38,619 INFO     ___FILE_ONLY___ ╝

2024-11-15 11:17:38,629 INFO     ___FILE_ONLY___ ╔════════════════════════════════════════════════════════════╗

2024-11-15 11:17:38,629 INFO     ___FILE_ONLY___ ╠═ Downloading: gke-gcloud-auth-plugin (Platform Specific)  ═╣

2024-11-15 11:17:38,629 INFO     ___FILE_ONLY___ ╚
2024-11-15 11:17:38,633 DEBUG    urllib3.connectionpool Starting new HTTPS connection (1): dl.google.com:443
2024-11-15 11:17:38,817 DEBUG    urllib3.connectionpool https://dl.google.com:443 "GET /dl/cloudsdk/channels/rapid/components/google-cloud-sdk-gke-gcloud-auth-plugin-darwin-arm-20240628141907.tar.gz HTTP/1.1" 200 4148014
2024-11-15 11:17:39,045 INFO     ___FILE_ONLY___ ═
2024-11-15 11:17:39,045 INFO     ___FILE_ONLY___ ═
2024-11-15 11:17:39,046 INFO     ___FILE_ONLY___ ═
2024-11-15 11:17:39,046 INFO     ___FILE_ONLY___ ═
2024-11-15 11:17:39,046 INFO     ___FILE_ONLY___ ═
2024-11-15 11:17:39,046 INFO     ___FILE_ONLY___ ═
2024-11-15 11:17:39,047 INFO     ___FILE_ONLY___ ═
2024-11-15 11:17:39,047 INFO     ___FILE_ONLY___ ═
2024-11-15 11:17:39,047 INFO     ___FILE_ONLY___ ═
2024-11-15 11:17:39,047 INFO     ___FILE_ONLY___ ═
2024-11-15 11:17:39,047 INFO     ___FILE_ONLY___ ═
2024-11-15 11:17:39,048 INFO     ___FILE_ONLY___ ═
2024-11-15 11:17:39,048 INFO     ___FILE_ONLY___ ═
2024-11-15 11:17:39,048 INFO     ___FILE_ONLY___ ═
2024-11-15 11:17:39,048 INFO     ___FILE_ONLY___ ═
2024-11-15 11:17:39,048 INFO     ___FILE_ONLY___ ═
2024-11-15 11:17:39,049 INFO     ___FILE_ONLY___ ═
2024-11-15 11:17:39,049 INFO     ___FILE_ONLY___ ═
2024-11-15 11:17:39,049 INFO     ___FILE_ONLY___ ═
2024-11-15 11:17:39,049 INFO     ___FILE_ONLY___ ═
2024-11-15 11:17:39,049 INFO     ___FILE_ONLY___ ═
2024-11-15 11:17:39,050 INFO     ___FILE_ONLY___ ═
2024-11-15 11:17:39,050 INFO     ___FILE_ONLY___ ═
2024-11-15 11:17:39,050 INFO     ___FILE_ONLY___ ═
2024-11-15 11:17:39,050 INFO     ___FILE_ONLY___ ═
2024-11-15 11:17:39,050 INFO     ___FILE_ONLY___ ═
2024-11-15 11:17:39,051 INFO     ___FILE_ONLY___ ═
2024-11-15 11:17:39,051 INFO     ___FILE_ONLY___ ═
2024-11-15 11:17:39,051 INFO     ___FILE_ONLY___ ═
2024-11-15 11:17:39,051 INFO     ___FILE_ONLY___ ═
2024-11-15 11:17:39,051 INFO     ___FILE_ONLY___ ═
2024-11-15 11:17:39,051 INFO     ___FILE_ONLY___ ═
2024-11-15 11:17:39,051 INFO     ___FILE_ONLY___ ═
2024-11-15 11:17:39,052 INFO     ___FILE_ONLY___ ═
2024-11-15 11:17:39,052 INFO     ___FILE_ONLY___ ═
2024-11-15 11:17:39,052 INFO     ___FILE_ONLY___ ═
2024-11-15 11:17:39,052 INFO     ___FILE_ONLY___ ═
2024-11-15 11:17:39,052 INFO     ___FILE_ONLY___ ═
2024-11-15 11:17:39,052 INFO     ___FILE_ONLY___ ═
2024-11-15 11:17:39,053 INFO     ___FILE_ONLY___ ═
2024-11-15 11:17:39,053 INFO     ___FILE_ONLY___ ═
2024-11-15 11:17:39,053 INFO     ___FILE_ONLY___ ═
2024-11-15 11:17:39,053 INFO     ___FILE_ONLY___ ═
2024-11-15 11:17:39,053 INFO     ___FILE_ONLY___ ═
2024-11-15 11:17:39,053 INFO     ___FILE_ONLY___ ═
2024-11-15 11:17:39,053 INFO     ___FILE_ONLY___ ═
2024-11-15 11:17:39,053 INFO     ___FILE_ONLY___ ═
2024-11-15 11:17:39,054 INFO     ___FILE_ONLY___ ═
2024-11-15 11:17:39,054 INFO     ___FILE_ONLY___ ═
2024-11-15 11:17:39,054 INFO     ___FILE_ONLY___ ═
2024-11-15 11:17:39,055 INFO     ___FILE_ONLY___ ═
2024-11-15 11:17:39,055 INFO     ___FILE_ONLY___ ═
2024-11-15 11:17:39,056 INFO     ___FILE_ONLY___ ═
2024-11-15 11:17:39,056 INFO     ___FILE_ONLY___ ═
2024-11-15 11:17:39,056 INFO     ___FILE_ONLY___ ═
2024-11-15 11:17:39,056 INFO     ___FILE_ONLY___ ═
2024-11-15 11:17:39,057 INFO     ___FILE_ONLY___ ═
2024-11-15 11:17:39,057 INFO     ___FILE_ONLY___ ═
2024-11-15 11:17:39,057 INFO     ___FILE_ONLY___ ═
2024-11-15 11:17:39,057 INFO     ___FILE_ONLY___ ═
2024-11-15 11:17:39,057 INFO     ___FILE_ONLY___ ╝

2024-11-15 11:17:39,069 INFO     ___FILE_ONLY___ ╔════════════════════════════════════════════════════════════╗

2024-11-15 11:17:39,069 INFO     ___FILE_ONLY___ ╠═ Downloading: kubectl                                     ═╣

2024-11-15 11:17:39,069 INFO     ___FILE_ONLY___ ╚
2024-11-15 11:17:39,082 DEBUG    urllib3.connectionpool Starting new HTTPS connection (1): dl.google.com:443
2024-11-15 11:17:39,258 DEBUG    urllib3.connectionpool https://dl.google.com:443 "GET /dl/cloudsdk/channels/rapid/components/google-cloud-sdk-kubectl-20241004144944.tar.gz HTTP/1.1" 200 36206
2024-11-15 11:17:39,288 INFO     ___FILE_ONLY___ ═══════════════════════════
2024-11-15 11:17:39,289 INFO     ___FILE_ONLY___ ═══════════════════════════
2024-11-15 11:17:39,289 INFO     ___FILE_ONLY___ ══════
2024-11-15 11:17:39,289 INFO     ___FILE_ONLY___ ╝

2024-11-15 11:17:39,305 INFO     ___FILE_ONLY___ ╔════════════════════════════════════════════════════════════╗

2024-11-15 11:17:39,305 INFO     ___FILE_ONLY___ ╠═ Downloading: kubectl (Platform Specific)                 ═╣

2024-11-15 11:17:39,305 INFO     ___FILE_ONLY___ ╚
2024-11-15 11:17:39,309 DEBUG    urllib3.connectionpool Starting new HTTPS connection (1): dl.google.com:443
2024-11-15 11:17:39,495 DEBUG    urllib3.connectionpool https://dl.google.com:443 "GET /dl/cloudsdk/channels/rapid/components/google-cloud-sdk-kubectl-darwin-arm-20241108162203.tar.gz HTTP/1.1" 200 90277960
2024-11-15 11:17:41,075 INFO     ___FILE_ONLY___ ═
2024-11-15 11:17:41,076 INFO     ___FILE_ONLY___ ═
2024-11-15 11:17:41,077 INFO     ___FILE_ONLY___ ═
2024-11-15 11:17:41,078 INFO     ___FILE_ONLY___ ═
2024-11-15 11:17:41,079 INFO     ___FILE_ONLY___ ═
2024-11-15 11:17:41,080 INFO     ___FILE_ONLY___ ═
2024-11-15 11:17:41,081 INFO     ___FILE_ONLY___ ═
2024-11-15 11:17:41,083 INFO     ___FILE_ONLY___ ═
2024-11-15 11:17:41,084 INFO     ___FILE_ONLY___ ═
2024-11-15 11:17:41,084 INFO     ___FILE_ONLY___ ═
2024-11-15 11:17:41,085 INFO     ___FILE_ONLY___ ═
2024-11-15 11:17:41,086 INFO     ___FILE_ONLY___ ═
2024-11-15 11:17:41,087 INFO     ___FILE_ONLY___ ═
2024-11-15 11:17:41,088 INFO     ___FILE_ONLY___ ═
2024-11-15 11:17:41,089 INFO     ___FILE_ONLY___ ═
2024-11-15 11:17:41,090 INFO     ___FILE_ONLY___ ═
2024-11-15 11:17:41,091 INFO     ___FILE_ONLY___ ═
2024-11-15 11:17:41,092 INFO     ___FILE_ONLY___ ═
2024-11-15 11:17:41,092 INFO     ___FILE_ONLY___ ═
2024-11-15 11:17:41,093 INFO     ___FILE_ONLY___ ═
2024-11-15 11:17:41,094 INFO     ___FILE_ONLY___ ═
2024-11-15 11:17:41,095 INFO     ___FILE_ONLY___ ═
2024-11-15 11:17:41,096 INFO     ___FILE_ONLY___ ═
2024-11-15 11:17:41,096 INFO     ___FILE_ONLY___ ═
2024-11-15 11:17:41,097 INFO     ___FILE_ONLY___ ═
2024-11-15 11:17:41,098 INFO     ___FILE_ONLY___ ═
2024-11-15 11:17:41,099 INFO     ___FILE_ONLY___ ═
2024-11-15 11:17:41,100 INFO     ___FILE_ONLY___ ═
2024-11-15 11:17:41,101 INFO     ___FILE_ONLY___ ═
2024-11-15 11:17:41,102 INFO     ___FILE_ONLY___ ═
2024-11-15 11:17:41,102 INFO     ___FILE_ONLY___ ═
2024-11-15 11:17:41,103 INFO     ___FILE_ONLY___ ═
2024-11-15 11:17:41,104 INFO     ___FILE_ONLY___ ═
2024-11-15 11:17:41,105 INFO     ___FILE_ONLY___ ═
2024-11-15 11:17:41,106 INFO     ___FILE_ONLY___ ═
2024-11-15 11:17:41,107 INFO     ___FILE_ONLY___ ═
2024-11-15 11:17:41,107 INFO     ___FILE_ONLY___ ═
2024-11-15 11:17:41,109 INFO     ___FILE_ONLY___ ═
2024-11-15 11:17:41,110 INFO     ___FILE_ONLY___ ═
2024-11-15 11:17:41,110 INFO     ___FILE_ONLY___ ═
2024-11-15 11:17:41,111 INFO     ___FILE_ONLY___ ═
2024-11-15 11:17:41,112 INFO     ___FILE_ONLY___ ═
2024-11-15 11:17:41,113 INFO     ___FILE_ONLY___ ═
2024-11-15 11:17:41,113 INFO     ___FILE_ONLY___ ═
2024-11-15 11:17:41,114 INFO     ___FILE_ONLY___ ═
2024-11-15 11:17:41,115 INFO     ___FILE_ONLY___ ═
2024-11-15 11:17:41,116 INFO     ___FILE_ONLY___ ═
2024-11-15 11:17:41,116 INFO     ___FILE_ONLY___ ═
2024-11-15 11:17:41,117 INFO     ___FILE_ONLY___ ═
2024-11-15 11:17:41,118 INFO     ___FILE_ONLY___ ═
2024-11-15 11:17:41,119 INFO     ___FILE_ONLY___ ═
2024-11-15 11:17:41,119 INFO     ___FILE_ONLY___ ═
2024-11-15 11:17:41,120 INFO     ___FILE_ONLY___ ═
2024-11-15 11:17:41,121 INFO     ___FILE_ONLY___ ═
2024-11-15 11:17:41,122 INFO     ___FILE_ONLY___ ═
2024-11-15 11:17:41,122 INFO     ___FILE_ONLY___ ═
2024-11-15 11:17:41,123 INFO     ___FILE_ONLY___ ═
2024-11-15 11:17:41,124 INFO     ___FILE_ONLY___ ═
2024-11-15 11:17:41,125 INFO     ___FILE_ONLY___ ═
2024-11-15 11:17:41,126 INFO     ___FILE_ONLY___ ═
2024-11-15 11:17:41,126 INFO     ___FILE_ONLY___ ╝

2024-11-15 11:17:41,135 INFO     ___FILE_ONLY___ ╔════════════════════════════════════════════════════════════╗

2024-11-15 11:17:41,135 INFO     ___FILE_ONLY___ ╠═ Installing: Google Cloud CLI Core Libraries (Platform... ═╣

2024-11-15 11:17:41,135 INFO     ___FILE_ONLY___ ╚
2024-11-15 11:17:41,137 INFO     ___FILE_ONLY___ ══════════════════════════════
2024-11-15 11:17:41,137 INFO     ___FILE_ONLY___ ══════════════════════════════
2024-11-15 11:17:41,137 INFO     ___FILE_ONLY___ ╝

2024-11-15 11:17:41,143 INFO     ___FILE_ONLY___ ╔════════════════════════════════════════════════════════════╗

2024-11-15 11:17:41,144 INFO     ___FILE_ONLY___ ╠═ Installing: Minikube                                     ═╣

2024-11-15 11:17:41,144 INFO     ___FILE_ONLY___ ╚
2024-11-15 11:17:41,145 INFO     ___FILE_ONLY___ ════════════════════════════════════════════════════════════
2024-11-15 11:17:41,145 INFO     ___FILE_ONLY___ ╝

2024-11-15 11:17:41,149 INFO     ___FILE_ONLY___ ╔════════════════════════════════════════════════════════════╗

2024-11-15 11:17:41,149 INFO     ___FILE_ONLY___ ╠═ Installing: Minikube (Platform Specific)                 ═╣

2024-11-15 11:17:41,149 INFO     ___FILE_ONLY___ ╚
2024-11-15 11:17:41,488 INFO     ___FILE_ONLY___ ════════════════════════════════════════════════════════════
2024-11-15 11:17:41,489 INFO     ___FILE_ONLY___ ╝

2024-11-15 11:17:41,569 INFO     ___FILE_ONLY___ ╔════════════════════════════════════════════════════════════╗

2024-11-15 11:17:41,570 INFO     ___FILE_ONLY___ ╠═ Installing: Skaffold                                     ═╣

2024-11-15 11:17:41,570 INFO     ___FILE_ONLY___ ╚
2024-11-15 11:17:41,572 INFO     ___FILE_ONLY___ ════════════════════════════════════════════════════════════
2024-11-15 11:17:41,572 INFO     ___FILE_ONLY___ ╝

2024-11-15 11:17:41,580 INFO     ___FILE_ONLY___ ╔════════════════════════════════════════════════════════════╗

2024-11-15 11:17:41,580 INFO     ___FILE_ONLY___ ╠═ Installing: Skaffold (Platform Specific)                 ═╣

2024-11-15 11:17:41,580 INFO     ___FILE_ONLY___ ╚
2024-11-15 11:17:41,874 INFO     ___FILE_ONLY___ ════════════════════════════════════════════════════════════
2024-11-15 11:17:41,875 INFO     ___FILE_ONLY___ ╝

2024-11-15 11:17:41,892 INFO     ___FILE_ONLY___ ╔════════════════════════════════════════════════════════════╗

2024-11-15 11:17:41,892 INFO     ___FILE_ONLY___ ╠═ Installing: gcloud Alpha Commands                        ═╣

2024-11-15 11:17:41,892 INFO     ___FILE_ONLY___ ╚
2024-11-15 11:17:41,894 INFO     ___FILE_ONLY___ ════════════════════════════════════════════════════════════
2024-11-15 11:17:41,894 INFO     ___FILE_ONLY___ ╝

2024-11-15 11:17:41,905 INFO     ___FILE_ONLY___ ╔════════════════════════════════════════════════════════════╗

2024-11-15 11:17:41,905 INFO     ___FILE_ONLY___ ╠═ Installing: gcloud Beta Commands                         ═╣

2024-11-15 11:17:41,905 INFO     ___FILE_ONLY___ ╚
2024-11-15 11:17:41,905 INFO     ___FILE_ONLY___ ════════════════════════════════════════════════════════════
2024-11-15 11:17:41,905 INFO     ___FILE_ONLY___ ╝

2024-11-15 11:17:41,911 INFO     ___FILE_ONLY___ ╔════════════════════════════════════════════════════════════╗

2024-11-15 11:17:41,911 INFO     ___FILE_ONLY___ ╠═ Installing: gcloud cli dependencies (Platform Specific)  ═╣

2024-11-15 11:17:41,911 INFO     ___FILE_ONLY___ ╚
2024-11-15 11:17:41,911 INFO     ___FILE_ONLY___ ════════════════════════════════════════════════════════════
2024-11-15 11:17:41,912 INFO     ___FILE_ONLY___ ╝

2024-11-15 11:17:41,917 INFO     ___FILE_ONLY___ ╔════════════════════════════════════════════════════════════╗

2024-11-15 11:17:41,917 INFO     ___FILE_ONLY___ ╠═ Installing: gke-gcloud-auth-plugin                       ═╣

2024-11-15 11:17:41,917 INFO     ___FILE_ONLY___ ╚
2024-11-15 11:17:41,919 INFO     ___FILE_ONLY___ ════════════════════════════════════════════════════════════
2024-11-15 11:17:41,919 INFO     ___FILE_ONLY___ ╝

2024-11-15 11:17:41,923 INFO     ___FILE_ONLY___ ╔════════════════════════════════════════════════════════════╗

2024-11-15 11:17:41,923 INFO     ___FILE_ONLY___ ╠═ Installing: gke-gcloud-auth-plugin (Platform Specific)   ═╣

2024-11-15 11:17:41,923 INFO     ___FILE_ONLY___ ╚
2024-11-15 11:17:41,969 INFO     ___FILE_ONLY___ ════════════════════════════════════════════════════════════
2024-11-15 11:17:41,969 INFO     ___FILE_ONLY___ ╝

2024-11-15 11:17:41,977 INFO     ___FILE_ONLY___ ╔════════════════════════════════════════════════════════════╗

2024-11-15 11:17:41,977 INFO     ___FILE_ONLY___ ╠═ Installing: kubectl                                      ═╣

2024-11-15 11:17:41,977 INFO     ___FILE_ONLY___ ╚
2024-11-15 11:17:41,982 INFO     ___FILE_ONLY___ ════════════════════════════════════════════════════════════
2024-11-15 11:17:41,982 INFO     ___FILE_ONLY___ ╝

2024-11-15 11:17:41,990 INFO     ___FILE_ONLY___ ╔════════════════════════════════════════════════════════════╗

2024-11-15 11:17:41,990 INFO     ___FILE_ONLY___ ╠═ Installing: kubectl (Platform Specific)                  ═╣

2024-11-15 11:17:41,990 INFO     ___FILE_ONLY___ ╚
2024-11-15 11:17:42,550 INFO     ___FILE_ONLY___ ══════════
2024-11-15 11:17:42,645 INFO     ___FILE_ONLY___ ══════════
2024-11-15 11:17:42,741 INFO     ___FILE_ONLY___ ══════════
2024-11-15 11:17:42,838 INFO     ___FILE_ONLY___ ══════════
2024-11-15 11:17:42,935 INFO     ___FILE_ONLY___ ══════════
2024-11-15 11:17:43,036 INFO     ___FILE_ONLY___ ══════════
2024-11-15 11:17:43,036 INFO     ___FILE_ONLY___ ╝

2024-11-15 11:17:43,055 DEBUG    root            Updating notification cache...
2024-11-15 11:17:43,055 INFO     ___FILE_ONLY___ 

2024-11-15 11:17:43,063 INFO     ___FILE_ONLY___ Performing post processing steps...
2024-11-15 11:17:43,063 DEBUG    root            Executing command: ['/Users/gabrielpaura/Library/Application Support/cloud-code/installer/google-cloud-sdk/bin/gcloud', 'components', 'post-process', '--no-compile-python']
2024-11-15 11:17:43,655 DEBUG    ___FILE_ONLY___ 
2024-11-15 11:17:43,655 DEBUG    ___FILE_ONLY___ 
2024-11-15 11:17:43,827 INFO     ___FILE_ONLY___ 
Update done!


2024-11-15 11:17:43,828 WARNING  root              There are other instances of Google Cloud tools on your system PATH.
  Please remove the following to avoid confusion or accidental invocation:

  /Applications/Docker.app/Contents/Resources/bin/kubectl

  
2024-11-15 11:17:43,830 DEBUG    root            Chosen display Format:none
2024-11-15 11:17:43,830 INFO     root            Display format: "none"
2024-11-15 11:17:43,831 DEBUG    root            Executing command: ['curl', '--silent', '-O', 'https://dl.google.com/dl/cloudsdk/channels/rapid/python-3.11.6-macos11.tar.gz']
2024-11-15 11:17:44,891 DEBUG    root            Executing command: ['tar', '-xf', 'python-3.11.6-macos11.tar.gz']
2024-11-15 11:17:44,962 DEBUG    root            Executing command: ['sudo', 'installer', '-target', '/', '-pkg', './python-3.11.6-macos11.pkg']
