2024-11-15 11:18:41,007 DEBUG    root            Metrics collector initialized...
2024-11-15 11:18:41,008 DEBUG    root            Loaded Command Group: ['gcloud', 'components']
2024-11-15 11:18:41,010 DEBUG    root            Loaded Command Group: ['gcloud', 'components', 'update']
2024-11-15 11:18:41,011 DEBUG    root            Running [gcloud.components.update] with arguments: [--no-compile-python: "False", --quiet: "True", COMPONENT-IDS:6: "['alpha', 'beta', 'gke-gcloud-auth-plugin', 'kubectl', 'skaffold', 'minikube']"]
2024-11-15 11:18:41,011 INFO     ___FILE_ONLY___ Beginning update. This process may take several minutes.

2024-11-15 11:18:41,027 DEBUG    urllib3.connectionpool Starting new HTTPS connection (1): dl.google.com:443
2024-11-15 11:18:41,208 DEBUG    urllib3.connectionpool https://dl.google.com:443 "GET /dl/cloudsdk/channels/rapid/components-2.json HTTP/1.1" 200 226997
2024-11-15 11:18:41,306 INFO     ___FILE_ONLY___ 

2024-11-15 11:18:41,307 INFO     ___FILE_ONLY___ 
Your current Google Cloud CLI version is: 501.0.0

2024-11-15 11:18:41,307 INFO     ___FILE_ONLY___ Installing components from version: 501.0.0

2024-11-15 11:18:41,307 INFO     ___FILE_ONLY___ 

2024-11-15 11:18:41,307 DEBUG    root            Chosen display Format:table[box,title="These components will be removed."](details.display_name:label=Name:align=left,version.version_string:label=Version:align=right,data.size.size(zero="",min=1048576):label=Size:align=right)
2024-11-15 11:18:41,308 DEBUG    root            Chosen display Format:table[box,title="These components will be updated."](details.display_name:label=Name:align=left,version.version_string:label=Version:align=right,data.size.size(zero="",min=1048576):label=Size:align=right)
2024-11-15 11:18:41,308 DEBUG    root            Chosen display Format:table[box,title="These components will be installed."](details.display_name:label=Name:align=left,version.version_string:label=Version:align=right,data.size.size(zero="",min=1048576):label=Size:align=right)
2024-11-15 11:18:41,342 INFO     ___FILE_ONLY___ ┌─────────────────────────────────────────────────────────────────────────────┐
2024-11-15 11:18:41,343 INFO     ___FILE_ONLY___ 

2024-11-15 11:18:41,343 INFO     ___FILE_ONLY___ │                     These components will be installed.                     │
2024-11-15 11:18:41,343 INFO     ___FILE_ONLY___ 

2024-11-15 11:18:41,343 INFO     ___FILE_ONLY___ ├─────────────────────────────────────────────────────┬────────────┬──────────┤
2024-11-15 11:18:41,343 INFO     ___FILE_ONLY___ 

2024-11-15 11:18:41,343 INFO     ___FILE_ONLY___ │                         Name                        │  Version   │   Size   │
2024-11-15 11:18:41,343 INFO     ___FILE_ONLY___ 

2024-11-15 11:18:41,343 INFO     ___FILE_ONLY___ ├─────────────────────────────────────────────────────┼────────────┼──────────┤
2024-11-15 11:18:41,343 INFO     ___FILE_ONLY___ 

2024-11-15 11:18:41,343 INFO     ___FILE_ONLY___ │ 
2024-11-15 11:18:41,343 INFO     ___FILE_ONLY___ Google Cloud CLI Core Libraries (Platform Specific)
2024-11-15 11:18:41,343 INFO     ___FILE_ONLY___  
2024-11-15 11:18:41,343 INFO     ___FILE_ONLY___ │ 
2024-11-15 11:18:41,343 INFO     ___FILE_ONLY___ 2024.08.30
2024-11-15 11:18:41,343 INFO     ___FILE_ONLY___  
2024-11-15 11:18:41,343 INFO     ___FILE_ONLY___ │ 
2024-11-15 11:18:41,343 INFO     ___FILE_ONLY___  < 1 MiB
2024-11-15 11:18:41,343 INFO     ___FILE_ONLY___  
2024-11-15 11:18:41,343 INFO     ___FILE_ONLY___ │
2024-11-15 11:18:41,343 INFO     ___FILE_ONLY___ 

2024-11-15 11:18:41,343 INFO     ___FILE_ONLY___ │ 
2024-11-15 11:18:41,343 INFO     ___FILE_ONLY___ Minikube (Platform Specific)                       
2024-11-15 11:18:41,343 INFO     ___FILE_ONLY___  
2024-11-15 11:18:41,343 INFO     ___FILE_ONLY___ │ 
2024-11-15 11:18:41,343 INFO     ___FILE_ONLY___     1.34.0
2024-11-15 11:18:41,343 INFO     ___FILE_ONLY___  
2024-11-15 11:18:41,343 INFO     ___FILE_ONLY___ │ 
2024-11-15 11:18:41,343 INFO     ___FILE_ONLY___ 37.2 MiB
2024-11-15 11:18:41,343 INFO     ___FILE_ONLY___  
2024-11-15 11:18:41,343 INFO     ___FILE_ONLY___ │
2024-11-15 11:18:41,343 INFO     ___FILE_ONLY___ 

2024-11-15 11:18:41,343 INFO     ___FILE_ONLY___ │ 
2024-11-15 11:18:41,343 INFO     ___FILE_ONLY___ Skaffold (Platform Specific)                       
2024-11-15 11:18:41,343 INFO     ___FILE_ONLY___  
2024-11-15 11:18:41,343 INFO     ___FILE_ONLY___ │ 
2024-11-15 11:18:41,343 INFO     ___FILE_ONLY___     2.13.1
2024-11-15 11:18:41,343 INFO     ___FILE_ONLY___  
2024-11-15 11:18:41,343 INFO     ___FILE_ONLY___ │ 
2024-11-15 11:18:41,343 INFO     ___FILE_ONLY___ 22.9 MiB
2024-11-15 11:18:41,343 INFO     ___FILE_ONLY___  
2024-11-15 11:18:41,343 INFO     ___FILE_ONLY___ │
2024-11-15 11:18:41,343 INFO     ___FILE_ONLY___ 

2024-11-15 11:18:41,343 INFO     ___FILE_ONLY___ │ 
2024-11-15 11:18:41,343 INFO     ___FILE_ONLY___ gcloud Alpha Commands                              
2024-11-15 11:18:41,343 INFO     ___FILE_ONLY___  
2024-11-15 11:18:41,344 INFO     ___FILE_ONLY___ │ 
2024-11-15 11:18:41,344 INFO     ___FILE_ONLY___ 2024.11.08
2024-11-15 11:18:41,344 INFO     ___FILE_ONLY___  
2024-11-15 11:18:41,344 INFO     ___FILE_ONLY___ │ 
2024-11-15 11:18:41,344 INFO     ___FILE_ONLY___  < 1 MiB
2024-11-15 11:18:41,344 INFO     ___FILE_ONLY___  
2024-11-15 11:18:41,344 INFO     ___FILE_ONLY___ │
2024-11-15 11:18:41,344 INFO     ___FILE_ONLY___ 

2024-11-15 11:18:41,344 INFO     ___FILE_ONLY___ │ 
2024-11-15 11:18:41,344 INFO     ___FILE_ONLY___ gcloud Beta Commands                               
2024-11-15 11:18:41,344 INFO     ___FILE_ONLY___  
2024-11-15 11:18:41,344 INFO     ___FILE_ONLY___ │ 
2024-11-15 11:18:41,344 INFO     ___FILE_ONLY___ 2024.11.08
2024-11-15 11:18:41,344 INFO     ___FILE_ONLY___  
2024-11-15 11:18:41,344 INFO     ___FILE_ONLY___ │ 
2024-11-15 11:18:41,344 INFO     ___FILE_ONLY___  < 1 MiB
2024-11-15 11:18:41,344 INFO     ___FILE_ONLY___  
2024-11-15 11:18:41,344 INFO     ___FILE_ONLY___ │
2024-11-15 11:18:41,344 INFO     ___FILE_ONLY___ 

2024-11-15 11:18:41,344 INFO     ___FILE_ONLY___ │ 
2024-11-15 11:18:41,344 INFO     ___FILE_ONLY___ gcloud cli dependencies (Platform Specific)        
2024-11-15 11:18:41,344 INFO     ___FILE_ONLY___  
2024-11-15 11:18:41,344 INFO     ___FILE_ONLY___ │ 
2024-11-15 11:18:41,344 INFO     ___FILE_ONLY___ 2021.04.16
2024-11-15 11:18:41,344 INFO     ___FILE_ONLY___  
2024-11-15 11:18:41,344 INFO     ___FILE_ONLY___ │ 
2024-11-15 11:18:41,344 INFO     ___FILE_ONLY___  < 1 MiB
2024-11-15 11:18:41,344 INFO     ___FILE_ONLY___  
2024-11-15 11:18:41,344 INFO     ___FILE_ONLY___ │
2024-11-15 11:18:41,344 INFO     ___FILE_ONLY___ 

2024-11-15 11:18:41,344 INFO     ___FILE_ONLY___ │ 
2024-11-15 11:18:41,344 INFO     ___FILE_ONLY___ gke-gcloud-auth-plugin (Platform Specific)         
2024-11-15 11:18:41,344 INFO     ___FILE_ONLY___  
2024-11-15 11:18:41,344 INFO     ___FILE_ONLY___ │ 
2024-11-15 11:18:41,344 INFO     ___FILE_ONLY___      0.5.9
2024-11-15 11:18:41,344 INFO     ___FILE_ONLY___  
2024-11-15 11:18:41,344 INFO     ___FILE_ONLY___ │ 
2024-11-15 11:18:41,344 INFO     ___FILE_ONLY___  4.0 MiB
2024-11-15 11:18:41,344 INFO     ___FILE_ONLY___  
2024-11-15 11:18:41,344 INFO     ___FILE_ONLY___ │
2024-11-15 11:18:41,344 INFO     ___FILE_ONLY___ 

2024-11-15 11:18:41,344 INFO     ___FILE_ONLY___ │ 
2024-11-15 11:18:41,344 INFO     ___FILE_ONLY___ kubectl                                            
2024-11-15 11:18:41,344 INFO     ___FILE_ONLY___  
2024-11-15 11:18:41,344 INFO     ___FILE_ONLY___ │ 
2024-11-15 11:18:41,344 INFO     ___FILE_ONLY___     1.30.5
2024-11-15 11:18:41,344 INFO     ___FILE_ONLY___  
2024-11-15 11:18:41,344 INFO     ___FILE_ONLY___ │ 
2024-11-15 11:18:41,344 INFO     ___FILE_ONLY___  < 1 MiB
2024-11-15 11:18:41,344 INFO     ___FILE_ONLY___  
2024-11-15 11:18:41,344 INFO     ___FILE_ONLY___ │
2024-11-15 11:18:41,344 INFO     ___FILE_ONLY___ 

2024-11-15 11:18:41,344 INFO     ___FILE_ONLY___ │ 
2024-11-15 11:18:41,344 INFO     ___FILE_ONLY___ kubectl (Platform Specific)                        
2024-11-15 11:18:41,345 INFO     ___FILE_ONLY___  
2024-11-15 11:18:41,345 INFO     ___FILE_ONLY___ │ 
2024-11-15 11:18:41,345 INFO     ___FILE_ONLY___     1.30.6
2024-11-15 11:18:41,345 INFO     ___FILE_ONLY___  
2024-11-15 11:18:41,345 INFO     ___FILE_ONLY___ │ 
2024-11-15 11:18:41,345 INFO     ___FILE_ONLY___ 86.1 MiB
2024-11-15 11:18:41,345 INFO     ___FILE_ONLY___  
2024-11-15 11:18:41,345 INFO     ___FILE_ONLY___ │
2024-11-15 11:18:41,345 INFO     ___FILE_ONLY___ 

2024-11-15 11:18:41,345 INFO     ___FILE_ONLY___ └─────────────────────────────────────────────────────┴────────────┴──────────┘
2024-11-15 11:18:41,345 INFO     ___FILE_ONLY___ 

2024-11-15 11:18:41,345 INFO     ___FILE_ONLY___ 

2024-11-15 11:18:41,346 DEBUG    urllib3.connectionpool Starting new HTTPS connection (1): dl.google.com:443
2024-11-15 11:18:41,533 DEBUG    urllib3.connectionpool https://dl.google.com:443 "GET /dl/cloudsdk/channels/rapid/RELEASE_NOTES HTTP/1.1" 200 1311270
2024-11-15 11:18:41,737 INFO     ___FILE_ONLY___ For the latest full release notes, please visit:
  https://cloud.google.com/sdk/release_notes


2024-11-15 11:18:41,737 INFO     ___FILE_ONLY___ Performing in place update...


2024-11-15 11:18:41,748 INFO     ___FILE_ONLY___ ╔════════════════════════════════════════════════════════════╗

2024-11-15 11:18:41,748 INFO     ___FILE_ONLY___ ╠═ Downloading: Google Cloud CLI Core Libraries (Platfor... ═╣

2024-11-15 11:18:41,748 INFO     ___FILE_ONLY___ ╚
2024-11-15 11:18:41,755 DEBUG    urllib3.connectionpool Starting new HTTPS connection (1): dl.google.com:443
2024-11-15 11:18:41,933 DEBUG    urllib3.connectionpool https://dl.google.com:443 "GET /dl/cloudsdk/channels/rapid/components/google-cloud-sdk-core-nix-20240830134514.tar.gz HTTP/1.1" 200 2306
2024-11-15 11:18:41,934 INFO     ___FILE_ONLY___ ════════════════════════════════════════════════════════════
2024-11-15 11:18:41,935 INFO     ___FILE_ONLY___ ╝

2024-11-15 11:18:41,946 INFO     ___FILE_ONLY___ ╔════════════════════════════════════════════════════════════╗

2024-11-15 11:18:41,946 INFO     ___FILE_ONLY___ ╠═ Downloading: Minikube                                    ═╣

2024-11-15 11:18:41,946 INFO     ___FILE_ONLY___ ╚
2024-11-15 11:18:41,947 INFO     ___FILE_ONLY___ ════════════════════════════════════════════════════════════
2024-11-15 11:18:41,947 INFO     ___FILE_ONLY___ ╝

2024-11-15 11:18:41,957 INFO     ___FILE_ONLY___ ╔════════════════════════════════════════════════════════════╗

2024-11-15 11:18:41,958 INFO     ___FILE_ONLY___ ╠═ Downloading: Minikube (Platform Specific)                ═╣

2024-11-15 11:18:41,958 INFO     ___FILE_ONLY___ ╚
2024-11-15 11:18:41,960 DEBUG    urllib3.connectionpool Starting new HTTPS connection (1): dl.google.com:443
2024-11-15 11:18:42,299 DEBUG    urllib3.connectionpool https://dl.google.com:443 "GET /dl/cloudsdk/channels/rapid/components/google-cloud-sdk-minikube-darwin-arm-20240927140238.tar.gz HTTP/1.1" 200 38981244
2024-11-15 11:18:43,154 INFO     ___FILE_ONLY___ ═
2024-11-15 11:18:43,155 INFO     ___FILE_ONLY___ ═
2024-11-15 11:18:43,156 INFO     ___FILE_ONLY___ ═
2024-11-15 11:18:43,157 INFO     ___FILE_ONLY___ ═
2024-11-15 11:18:43,157 INFO     ___FILE_ONLY___ ═
2024-11-15 11:18:43,157 INFO     ___FILE_ONLY___ ═
2024-11-15 11:18:43,158 INFO     ___FILE_ONLY___ ═
2024-11-15 11:18:43,158 INFO     ___FILE_ONLY___ ═
2024-11-15 11:18:43,158 INFO     ___FILE_ONLY___ ═
2024-11-15 11:18:43,159 INFO     ___FILE_ONLY___ ═
2024-11-15 11:18:43,159 INFO     ___FILE_ONLY___ ═
2024-11-15 11:18:43,160 INFO     ___FILE_ONLY___ ═
2024-11-15 11:18:43,161 INFO     ___FILE_ONLY___ ═
2024-11-15 11:18:43,162 INFO     ___FILE_ONLY___ ═
2024-11-15 11:18:43,163 INFO     ___FILE_ONLY___ ═
2024-11-15 11:18:43,163 INFO     ___FILE_ONLY___ ═
2024-11-15 11:18:43,164 INFO     ___FILE_ONLY___ ═
2024-11-15 11:18:43,165 INFO     ___FILE_ONLY___ ═
2024-11-15 11:18:43,165 INFO     ___FILE_ONLY___ ═
2024-11-15 11:18:43,166 INFO     ___FILE_ONLY___ ═
2024-11-15 11:18:43,166 INFO     ___FILE_ONLY___ ═
2024-11-15 11:18:43,167 INFO     ___FILE_ONLY___ ═
2024-11-15 11:18:43,167 INFO     ___FILE_ONLY___ ═
2024-11-15 11:18:43,168 INFO     ___FILE_ONLY___ ═
2024-11-15 11:18:43,168 INFO     ___FILE_ONLY___ ═
2024-11-15 11:18:43,169 INFO     ___FILE_ONLY___ ═
2024-11-15 11:18:43,169 INFO     ___FILE_ONLY___ ═
2024-11-15 11:18:43,169 INFO     ___FILE_ONLY___ ═
2024-11-15 11:18:43,170 INFO     ___FILE_ONLY___ ═
2024-11-15 11:18:43,171 INFO     ___FILE_ONLY___ ═
2024-11-15 11:18:43,172 INFO     ___FILE_ONLY___ ═
2024-11-15 11:18:43,173 INFO     ___FILE_ONLY___ ═
2024-11-15 11:18:43,174 INFO     ___FILE_ONLY___ ═
2024-11-15 11:18:43,174 INFO     ___FILE_ONLY___ ═
2024-11-15 11:18:43,175 INFO     ___FILE_ONLY___ ═
2024-11-15 11:18:43,175 INFO     ___FILE_ONLY___ ═
2024-11-15 11:18:43,176 INFO     ___FILE_ONLY___ ═
2024-11-15 11:18:43,176 INFO     ___FILE_ONLY___ ═
2024-11-15 11:18:43,176 INFO     ___FILE_ONLY___ ═
2024-11-15 11:18:43,177 INFO     ___FILE_ONLY___ ═
2024-11-15 11:18:43,177 INFO     ___FILE_ONLY___ ═
2024-11-15 11:18:43,178 INFO     ___FILE_ONLY___ ═
2024-11-15 11:18:43,178 INFO     ___FILE_ONLY___ ═
2024-11-15 11:18:43,179 INFO     ___FILE_ONLY___ ═
2024-11-15 11:18:43,179 INFO     ___FILE_ONLY___ ═
2024-11-15 11:18:43,180 INFO     ___FILE_ONLY___ ═
2024-11-15 11:18:43,181 INFO     ___FILE_ONLY___ ═
2024-11-15 11:18:43,182 INFO     ___FILE_ONLY___ ═
2024-11-15 11:18:43,183 INFO     ___FILE_ONLY___ ═
2024-11-15 11:18:43,184 INFO     ___FILE_ONLY___ ═
2024-11-15 11:18:43,185 INFO     ___FILE_ONLY___ ═
2024-11-15 11:18:43,185 INFO     ___FILE_ONLY___ ═
2024-11-15 11:18:43,186 INFO     ___FILE_ONLY___ ═
2024-11-15 11:18:43,187 INFO     ___FILE_ONLY___ ═
2024-11-15 11:18:43,187 INFO     ___FILE_ONLY___ ═
2024-11-15 11:18:43,187 INFO     ___FILE_ONLY___ ═
2024-11-15 11:18:43,188 INFO     ___FILE_ONLY___ ═
2024-11-15 11:18:43,188 INFO     ___FILE_ONLY___ ═
2024-11-15 11:18:43,188 INFO     ___FILE_ONLY___ ═
2024-11-15 11:18:43,189 INFO     ___FILE_ONLY___ ═
2024-11-15 11:18:43,189 INFO     ___FILE_ONLY___ ╝

2024-11-15 11:18:43,197 INFO     ___FILE_ONLY___ ╔════════════════════════════════════════════════════════════╗

2024-11-15 11:18:43,198 INFO     ___FILE_ONLY___ ╠═ Downloading: Skaffold                                    ═╣

2024-11-15 11:18:43,198 INFO     ___FILE_ONLY___ ╚
2024-11-15 11:18:43,198 INFO     ___FILE_ONLY___ ════════════════════════════════════════════════════════════
2024-11-15 11:18:43,198 INFO     ___FILE_ONLY___ ╝

2024-11-15 11:18:43,203 INFO     ___FILE_ONLY___ ╔════════════════════════════════════════════════════════════╗

2024-11-15 11:18:43,203 INFO     ___FILE_ONLY___ ╠═ Downloading: Skaffold (Platform Specific)                ═╣

2024-11-15 11:18:43,203 INFO     ___FILE_ONLY___ ╚
2024-11-15 11:18:43,205 DEBUG    urllib3.connectionpool Starting new HTTPS connection (1): dl.google.com:443
2024-11-15 11:18:43,388 DEBUG    urllib3.connectionpool https://dl.google.com:443 "GET /dl/cloudsdk/channels/rapid/components/google-cloud-sdk-skaffold-darwin-arm-20240806142304.tar.gz HTTP/1.1" 200 24031362
2024-11-15 11:18:43,956 INFO     ___FILE_ONLY___ ═
2024-11-15 11:18:43,956 INFO     ___FILE_ONLY___ ═
2024-11-15 11:18:43,957 INFO     ___FILE_ONLY___ ═
2024-11-15 11:18:43,957 INFO     ___FILE_ONLY___ ═
2024-11-15 11:18:43,958 INFO     ___FILE_ONLY___ ═
2024-11-15 11:18:43,958 INFO     ___FILE_ONLY___ ═
2024-11-15 11:18:43,959 INFO     ___FILE_ONLY___ ═
2024-11-15 11:18:43,959 INFO     ___FILE_ONLY___ ═
2024-11-15 11:18:43,960 INFO     ___FILE_ONLY___ ═
2024-11-15 11:18:43,960 INFO     ___FILE_ONLY___ ═
2024-11-15 11:18:43,960 INFO     ___FILE_ONLY___ ═
2024-11-15 11:18:43,961 INFO     ___FILE_ONLY___ ═
2024-11-15 11:18:43,961 INFO     ___FILE_ONLY___ ═
2024-11-15 11:18:43,961 INFO     ___FILE_ONLY___ ═
2024-11-15 11:18:43,962 INFO     ___FILE_ONLY___ ═
2024-11-15 11:18:43,962 INFO     ___FILE_ONLY___ ═
2024-11-15 11:18:43,963 INFO     ___FILE_ONLY___ ═
2024-11-15 11:18:43,963 INFO     ___FILE_ONLY___ ═
2024-11-15 11:18:43,963 INFO     ___FILE_ONLY___ ═
2024-11-15 11:18:43,964 INFO     ___FILE_ONLY___ ═
2024-11-15 11:18:43,965 INFO     ___FILE_ONLY___ ═
2024-11-15 11:18:43,965 INFO     ___FILE_ONLY___ ═
2024-11-15 11:18:43,965 INFO     ___FILE_ONLY___ ═
2024-11-15 11:18:43,965 INFO     ___FILE_ONLY___ ═
2024-11-15 11:18:43,966 INFO     ___FILE_ONLY___ ═
2024-11-15 11:18:43,966 INFO     ___FILE_ONLY___ ═
2024-11-15 11:18:43,966 INFO     ___FILE_ONLY___ ═
2024-11-15 11:18:43,967 INFO     ___FILE_ONLY___ ═
2024-11-15 11:18:43,967 INFO     ___FILE_ONLY___ ═
2024-11-15 11:18:43,967 INFO     ___FILE_ONLY___ ═
2024-11-15 11:18:43,968 INFO     ___FILE_ONLY___ ═
2024-11-15 11:18:43,968 INFO     ___FILE_ONLY___ ═
2024-11-15 11:18:43,968 INFO     ___FILE_ONLY___ ═
2024-11-15 11:18:43,969 INFO     ___FILE_ONLY___ ═
2024-11-15 11:18:43,969 INFO     ___FILE_ONLY___ ═
2024-11-15 11:18:43,970 INFO     ___FILE_ONLY___ ═
2024-11-15 11:18:43,970 INFO     ___FILE_ONLY___ ═
2024-11-15 11:18:43,970 INFO     ___FILE_ONLY___ ═
2024-11-15 11:18:43,971 INFO     ___FILE_ONLY___ ═
2024-11-15 11:18:43,971 INFO     ___FILE_ONLY___ ═
2024-11-15 11:18:43,971 INFO     ___FILE_ONLY___ ═
2024-11-15 11:18:43,972 INFO     ___FILE_ONLY___ ═
2024-11-15 11:18:43,972 INFO     ___FILE_ONLY___ ═
2024-11-15 11:18:43,973 INFO     ___FILE_ONLY___ ═
2024-11-15 11:18:43,973 INFO     ___FILE_ONLY___ ═
2024-11-15 11:18:43,974 INFO     ___FILE_ONLY___ ═
2024-11-15 11:18:43,974 INFO     ___FILE_ONLY___ ═
2024-11-15 11:18:43,974 INFO     ___FILE_ONLY___ ═
2024-11-15 11:18:43,975 INFO     ___FILE_ONLY___ ═
2024-11-15 11:18:43,975 INFO     ___FILE_ONLY___ ═
2024-11-15 11:18:43,976 INFO     ___FILE_ONLY___ ═
2024-11-15 11:18:43,976 INFO     ___FILE_ONLY___ ═
2024-11-15 11:18:43,976 INFO     ___FILE_ONLY___ ═
2024-11-15 11:18:43,977 INFO     ___FILE_ONLY___ ═
2024-11-15 11:18:43,977 INFO     ___FILE_ONLY___ ═
2024-11-15 11:18:43,977 INFO     ___FILE_ONLY___ ═
2024-11-15 11:18:43,977 INFO     ___FILE_ONLY___ ═
2024-11-15 11:18:43,978 INFO     ___FILE_ONLY___ ═
2024-11-15 11:18:43,978 INFO     ___FILE_ONLY___ ═
2024-11-15 11:18:43,978 INFO     ___FILE_ONLY___ ═
2024-11-15 11:18:43,978 INFO     ___FILE_ONLY___ ╝

2024-11-15 11:18:43,991 INFO     ___FILE_ONLY___ ╔════════════════════════════════════════════════════════════╗

2024-11-15 11:18:43,991 INFO     ___FILE_ONLY___ ╠═ Downloading: gcloud Alpha Commands                       ═╣

2024-11-15 11:18:43,991 INFO     ___FILE_ONLY___ ╚
2024-11-15 11:18:43,994 DEBUG    urllib3.connectionpool Starting new HTTPS connection (1): dl.google.com:443
2024-11-15 11:18:44,192 DEBUG    urllib3.connectionpool https://dl.google.com:443 "GET /dl/cloudsdk/channels/rapid/components/google-cloud-sdk-alpha-20241108162203.tar.gz HTTP/1.1" 200 800
2024-11-15 11:18:44,194 INFO     ___FILE_ONLY___ ════════════════════════════════════════════════════════════
2024-11-15 11:18:44,194 INFO     ___FILE_ONLY___ ╝

2024-11-15 11:18:44,204 INFO     ___FILE_ONLY___ ╔════════════════════════════════════════════════════════════╗

2024-11-15 11:18:44,204 INFO     ___FILE_ONLY___ ╠═ Downloading: gcloud Beta Commands                        ═╣

2024-11-15 11:18:44,205 INFO     ___FILE_ONLY___ ╚
2024-11-15 11:18:44,207 DEBUG    urllib3.connectionpool Starting new HTTPS connection (1): dl.google.com:443
2024-11-15 11:18:44,401 DEBUG    urllib3.connectionpool https://dl.google.com:443 "GET /dl/cloudsdk/channels/rapid/components/google-cloud-sdk-beta-20241108162203.tar.gz HTTP/1.1" 200 797
2024-11-15 11:18:44,404 INFO     ___FILE_ONLY___ ════════════════════════════════════════════════════════════
2024-11-15 11:18:44,404 INFO     ___FILE_ONLY___ ╝

2024-11-15 11:18:44,434 INFO     ___FILE_ONLY___ ╔════════════════════════════════════════════════════════════╗

2024-11-15 11:18:44,435 INFO     ___FILE_ONLY___ ╠═ Downloading: gcloud cli dependencies (Platform Specific) ═╣

2024-11-15 11:18:44,435 INFO     ___FILE_ONLY___ ╚
2024-11-15 11:18:44,437 DEBUG    urllib3.connectionpool Starting new HTTPS connection (1): dl.google.com:443
2024-11-15 11:18:44,631 DEBUG    urllib3.connectionpool https://dl.google.com:443 "GET /dl/cloudsdk/channels/rapid/components/google-cloud-sdk-gcloud-deps-darwin-x86_64-20210416153011.tar.gz HTTP/1.1" 200 105
2024-11-15 11:18:44,633 INFO     ___FILE_ONLY___ ════════════════════════════════════════════════════════════
2024-11-15 11:18:44,633 INFO     ___FILE_ONLY___ ╝

2024-11-15 11:18:44,648 INFO     ___FILE_ONLY___ ╔════════════════════════════════════════════════════════════╗

2024-11-15 11:18:44,649 INFO     ___FILE_ONLY___ ╠═ Downloading: gke-gcloud-auth-plugin                      ═╣

2024-11-15 11:18:44,649 INFO     ___FILE_ONLY___ ╚
2024-11-15 11:18:44,649 INFO     ___FILE_ONLY___ ════════════════════════════════════════════════════════════
2024-11-15 11:18:44,649 INFO     ___FILE_ONLY___ ╝

2024-11-15 11:18:44,661 INFO     ___FILE_ONLY___ ╔════════════════════════════════════════════════════════════╗

2024-11-15 11:18:44,661 INFO     ___FILE_ONLY___ ╠═ Downloading: gke-gcloud-auth-plugin (Platform Specific)  ═╣

2024-11-15 11:18:44,661 INFO     ___FILE_ONLY___ ╚
2024-11-15 11:18:44,665 DEBUG    urllib3.connectionpool Starting new HTTPS connection (1): dl.google.com:443
2024-11-15 11:18:44,854 DEBUG    urllib3.connectionpool https://dl.google.com:443 "GET /dl/cloudsdk/channels/rapid/components/google-cloud-sdk-gke-gcloud-auth-plugin-darwin-arm-20240628141907.tar.gz HTTP/1.1" 200 4148014
2024-11-15 11:18:45,060 INFO     ___FILE_ONLY___ ═
2024-11-15 11:18:45,061 INFO     ___FILE_ONLY___ ═
2024-11-15 11:18:45,061 INFO     ___FILE_ONLY___ ═
2024-11-15 11:18:45,061 INFO     ___FILE_ONLY___ ═
2024-11-15 11:18:45,061 INFO     ___FILE_ONLY___ ═
2024-11-15 11:18:45,061 INFO     ___FILE_ONLY___ ═
2024-11-15 11:18:45,061 INFO     ___FILE_ONLY___ ═
2024-11-15 11:18:45,062 INFO     ___FILE_ONLY___ ═
2024-11-15 11:18:45,062 INFO     ___FILE_ONLY___ ═
2024-11-15 11:18:45,062 INFO     ___FILE_ONLY___ ═
2024-11-15 11:18:45,062 INFO     ___FILE_ONLY___ ═
2024-11-15 11:18:45,062 INFO     ___FILE_ONLY___ ═
2024-11-15 11:18:45,062 INFO     ___FILE_ONLY___ ═
2024-11-15 11:18:45,062 INFO     ___FILE_ONLY___ ═
2024-11-15 11:18:45,063 INFO     ___FILE_ONLY___ ═
2024-11-15 11:18:45,063 INFO     ___FILE_ONLY___ ═
2024-11-15 11:18:45,063 INFO     ___FILE_ONLY___ ═
2024-11-15 11:18:45,063 INFO     ___FILE_ONLY___ ═
2024-11-15 11:18:45,063 INFO     ___FILE_ONLY___ ═
2024-11-15 11:18:45,063 INFO     ___FILE_ONLY___ ═
2024-11-15 11:18:45,064 INFO     ___FILE_ONLY___ ═
2024-11-15 11:18:45,064 INFO     ___FILE_ONLY___ ═
2024-11-15 11:18:45,064 INFO     ___FILE_ONLY___ ═
2024-11-15 11:18:45,064 INFO     ___FILE_ONLY___ ═
2024-11-15 11:18:45,064 INFO     ___FILE_ONLY___ ═
2024-11-15 11:18:45,064 INFO     ___FILE_ONLY___ ═
2024-11-15 11:18:45,065 INFO     ___FILE_ONLY___ ═
2024-11-15 11:18:45,065 INFO     ___FILE_ONLY___ ═
2024-11-15 11:18:45,065 INFO     ___FILE_ONLY___ ═
2024-11-15 11:18:45,065 INFO     ___FILE_ONLY___ ═
2024-11-15 11:18:45,065 INFO     ___FILE_ONLY___ ═
2024-11-15 11:18:45,065 INFO     ___FILE_ONLY___ ═
2024-11-15 11:18:45,066 INFO     ___FILE_ONLY___ ═
2024-11-15 11:18:45,066 INFO     ___FILE_ONLY___ ═
2024-11-15 11:18:45,066 INFO     ___FILE_ONLY___ ═
2024-11-15 11:18:45,066 INFO     ___FILE_ONLY___ ═
2024-11-15 11:18:45,066 INFO     ___FILE_ONLY___ ═
2024-11-15 11:18:45,067 INFO     ___FILE_ONLY___ ═
2024-11-15 11:18:45,067 INFO     ___FILE_ONLY___ ═
2024-11-15 11:18:45,067 INFO     ___FILE_ONLY___ ═
2024-11-15 11:18:45,067 INFO     ___FILE_ONLY___ ═
2024-11-15 11:18:45,067 INFO     ___FILE_ONLY___ ═
2024-11-15 11:18:45,067 INFO     ___FILE_ONLY___ ═
2024-11-15 11:18:45,067 INFO     ___FILE_ONLY___ ═
2024-11-15 11:18:45,068 INFO     ___FILE_ONLY___ ═
2024-11-15 11:18:45,068 INFO     ___FILE_ONLY___ ═
2024-11-15 11:18:45,068 INFO     ___FILE_ONLY___ ═
2024-11-15 11:18:45,068 INFO     ___FILE_ONLY___ ═
2024-11-15 11:18:45,068 INFO     ___FILE_ONLY___ ═
2024-11-15 11:18:45,068 INFO     ___FILE_ONLY___ ═
2024-11-15 11:18:45,068 INFO     ___FILE_ONLY___ ═
2024-11-15 11:18:45,069 INFO     ___FILE_ONLY___ ═
2024-11-15 11:18:45,069 INFO     ___FILE_ONLY___ ═
2024-11-15 11:18:45,069 INFO     ___FILE_ONLY___ ═
2024-11-15 11:18:45,069 INFO     ___FILE_ONLY___ ═
2024-11-15 11:18:45,069 INFO     ___FILE_ONLY___ ═
2024-11-15 11:18:45,069 INFO     ___FILE_ONLY___ ═
2024-11-15 11:18:45,069 INFO     ___FILE_ONLY___ ═
2024-11-15 11:18:45,069 INFO     ___FILE_ONLY___ ═
2024-11-15 11:18:45,070 INFO     ___FILE_ONLY___ ═
2024-11-15 11:18:45,070 INFO     ___FILE_ONLY___ ╝

2024-11-15 11:18:45,085 INFO     ___FILE_ONLY___ ╔════════════════════════════════════════════════════════════╗

2024-11-15 11:18:45,085 INFO     ___FILE_ONLY___ ╠═ Downloading: kubectl                                     ═╣

2024-11-15 11:18:45,085 INFO     ___FILE_ONLY___ ╚
2024-11-15 11:18:45,098 DEBUG    urllib3.connectionpool Starting new HTTPS connection (1): dl.google.com:443
2024-11-15 11:18:45,296 DEBUG    urllib3.connectionpool https://dl.google.com:443 "GET /dl/cloudsdk/channels/rapid/components/google-cloud-sdk-kubectl-20241004144944.tar.gz HTTP/1.1" 200 36206
2024-11-15 11:18:45,324 INFO     ___FILE_ONLY___ ═══════════════════════════
2024-11-15 11:18:45,324 INFO     ___FILE_ONLY___ ═══════════════════════════
2024-11-15 11:18:45,325 INFO     ___FILE_ONLY___ ══════
2024-11-15 11:18:45,325 INFO     ___FILE_ONLY___ ╝

2024-11-15 11:18:45,344 INFO     ___FILE_ONLY___ ╔════════════════════════════════════════════════════════════╗

2024-11-15 11:18:45,345 INFO     ___FILE_ONLY___ ╠═ Downloading: kubectl (Platform Specific)                 ═╣

2024-11-15 11:18:45,345 INFO     ___FILE_ONLY___ ╚
2024-11-15 11:18:45,349 DEBUG    urllib3.connectionpool Starting new HTTPS connection (1): dl.google.com:443
2024-11-15 11:18:45,554 DEBUG    urllib3.connectionpool https://dl.google.com:443 "GET /dl/cloudsdk/channels/rapid/components/google-cloud-sdk-kubectl-darwin-arm-20241108162203.tar.gz HTTP/1.1" 200 90277960
2024-11-15 11:18:47,064 INFO     ___FILE_ONLY___ ═
2024-11-15 11:18:47,066 INFO     ___FILE_ONLY___ ═
2024-11-15 11:18:47,067 INFO     ___FILE_ONLY___ ═
2024-11-15 11:18:47,068 INFO     ___FILE_ONLY___ ═
2024-11-15 11:18:47,069 INFO     ___FILE_ONLY___ ═
2024-11-15 11:18:47,071 INFO     ___FILE_ONLY___ ═
2024-11-15 11:18:47,072 INFO     ___FILE_ONLY___ ═
2024-11-15 11:18:47,073 INFO     ___FILE_ONLY___ ═
2024-11-15 11:18:47,074 INFO     ___FILE_ONLY___ ═
2024-11-15 11:18:47,075 INFO     ___FILE_ONLY___ ═
2024-11-15 11:18:47,076 INFO     ___FILE_ONLY___ ═
2024-11-15 11:18:47,083 INFO     ___FILE_ONLY___ ═
2024-11-15 11:18:47,084 INFO     ___FILE_ONLY___ ═
2024-11-15 11:18:47,085 INFO     ___FILE_ONLY___ ═
2024-11-15 11:18:47,085 INFO     ___FILE_ONLY___ ═
2024-11-15 11:18:47,086 INFO     ___FILE_ONLY___ ═
2024-11-15 11:18:47,087 INFO     ___FILE_ONLY___ ═
2024-11-15 11:18:47,088 INFO     ___FILE_ONLY___ ═
2024-11-15 11:18:47,089 INFO     ___FILE_ONLY___ ═
2024-11-15 11:18:47,090 INFO     ___FILE_ONLY___ ═
2024-11-15 11:18:47,091 INFO     ___FILE_ONLY___ ═
2024-11-15 11:18:47,092 INFO     ___FILE_ONLY___ ═
2024-11-15 11:18:47,093 INFO     ___FILE_ONLY___ ═
2024-11-15 11:18:47,096 INFO     ___FILE_ONLY___ ═
2024-11-15 11:18:47,097 INFO     ___FILE_ONLY___ ═
2024-11-15 11:18:47,098 INFO     ___FILE_ONLY___ ═
2024-11-15 11:18:47,098 INFO     ___FILE_ONLY___ ═
2024-11-15 11:18:47,099 INFO     ___FILE_ONLY___ ═
2024-11-15 11:18:47,100 INFO     ___FILE_ONLY___ ═
2024-11-15 11:18:47,101 INFO     ___FILE_ONLY___ ═
2024-11-15 11:18:47,102 INFO     ___FILE_ONLY___ ═
2024-11-15 11:18:47,102 INFO     ___FILE_ONLY___ ═
2024-11-15 11:18:47,104 INFO     ___FILE_ONLY___ ═
2024-11-15 11:18:47,105 INFO     ___FILE_ONLY___ ═
2024-11-15 11:18:47,106 INFO     ___FILE_ONLY___ ═
2024-11-15 11:18:47,107 INFO     ___FILE_ONLY___ ═
2024-11-15 11:18:47,108 INFO     ___FILE_ONLY___ ═
2024-11-15 11:18:47,109 INFO     ___FILE_ONLY___ ═
2024-11-15 11:18:47,111 INFO     ___FILE_ONLY___ ═
2024-11-15 11:18:47,112 INFO     ___FILE_ONLY___ ═
2024-11-15 11:18:47,112 INFO     ___FILE_ONLY___ ═
2024-11-15 11:18:47,113 INFO     ___FILE_ONLY___ ═
2024-11-15 11:18:47,114 INFO     ___FILE_ONLY___ ═
2024-11-15 11:18:47,118 INFO     ___FILE_ONLY___ ═
2024-11-15 11:18:47,119 INFO     ___FILE_ONLY___ ═
2024-11-15 11:18:47,120 INFO     ___FILE_ONLY___ ═
2024-11-15 11:18:47,121 INFO     ___FILE_ONLY___ ═
2024-11-15 11:18:47,122 INFO     ___FILE_ONLY___ ═
2024-11-15 11:18:47,122 INFO     ___FILE_ONLY___ ═
2024-11-15 11:18:47,123 INFO     ___FILE_ONLY___ ═
2024-11-15 11:18:47,124 INFO     ___FILE_ONLY___ ═
2024-11-15 11:18:47,125 INFO     ___FILE_ONLY___ ═
2024-11-15 11:18:47,125 INFO     ___FILE_ONLY___ ═
2024-11-15 11:18:47,127 INFO     ___FILE_ONLY___ ═
2024-11-15 11:18:47,128 INFO     ___FILE_ONLY___ ═
2024-11-15 11:18:47,129 INFO     ___FILE_ONLY___ ═
2024-11-15 11:18:47,130 INFO     ___FILE_ONLY___ ═
2024-11-15 11:18:47,130 INFO     ___FILE_ONLY___ ═
2024-11-15 11:18:47,131 INFO     ___FILE_ONLY___ ═
2024-11-15 11:18:47,131 INFO     ___FILE_ONLY___ ═
2024-11-15 11:18:47,131 INFO     ___FILE_ONLY___ ╝

2024-11-15 11:18:47,149 INFO     ___FILE_ONLY___ ╔════════════════════════════════════════════════════════════╗

2024-11-15 11:18:47,149 INFO     ___FILE_ONLY___ ╠═ Installing: Google Cloud CLI Core Libraries (Platform... ═╣

2024-11-15 11:18:47,149 INFO     ___FILE_ONLY___ ╚
2024-11-15 11:18:47,151 INFO     ___FILE_ONLY___ ══════════════════════════════
2024-11-15 11:18:47,151 INFO     ___FILE_ONLY___ ══════════════════════════════
2024-11-15 11:18:47,151 INFO     ___FILE_ONLY___ ╝

2024-11-15 11:18:47,158 INFO     ___FILE_ONLY___ ╔════════════════════════════════════════════════════════════╗

2024-11-15 11:18:47,159 INFO     ___FILE_ONLY___ ╠═ Installing: Minikube                                     ═╣

2024-11-15 11:18:47,159 INFO     ___FILE_ONLY___ ╚
2024-11-15 11:18:47,160 INFO     ___FILE_ONLY___ ════════════════════════════════════════════════════════════
2024-11-15 11:18:47,160 INFO     ___FILE_ONLY___ ╝

2024-11-15 11:18:47,164 INFO     ___FILE_ONLY___ ╔════════════════════════════════════════════════════════════╗

2024-11-15 11:18:47,164 INFO     ___FILE_ONLY___ ╠═ Installing: Minikube (Platform Specific)                 ═╣

2024-11-15 11:18:47,164 INFO     ___FILE_ONLY___ ╚
2024-11-15 11:18:47,508 INFO     ___FILE_ONLY___ ════════════════════════════════════════════════════════════
2024-11-15 11:18:47,511 INFO     ___FILE_ONLY___ ╝

2024-11-15 11:18:47,519 INFO     ___FILE_ONLY___ ╔════════════════════════════════════════════════════════════╗

2024-11-15 11:18:47,520 INFO     ___FILE_ONLY___ ╠═ Installing: Skaffold                                     ═╣

2024-11-15 11:18:47,520 INFO     ___FILE_ONLY___ ╚
2024-11-15 11:18:47,521 INFO     ___FILE_ONLY___ ════════════════════════════════════════════════════════════
2024-11-15 11:18:47,521 INFO     ___FILE_ONLY___ ╝

2024-11-15 11:18:47,525 INFO     ___FILE_ONLY___ ╔════════════════════════════════════════════════════════════╗

2024-11-15 11:18:47,525 INFO     ___FILE_ONLY___ ╠═ Installing: Skaffold (Platform Specific)                 ═╣

2024-11-15 11:18:47,525 INFO     ___FILE_ONLY___ ╚
2024-11-15 11:18:47,789 INFO     ___FILE_ONLY___ ════════════════════════════════════════════════════════════
2024-11-15 11:18:47,789 INFO     ___FILE_ONLY___ ╝

2024-11-15 11:18:47,797 INFO     ___FILE_ONLY___ ╔════════════════════════════════════════════════════════════╗

2024-11-15 11:18:47,797 INFO     ___FILE_ONLY___ ╠═ Installing: gcloud Alpha Commands                        ═╣

2024-11-15 11:18:47,797 INFO     ___FILE_ONLY___ ╚
2024-11-15 11:18:47,801 INFO     ___FILE_ONLY___ ════════════════════════════════════════════════════════════
2024-11-15 11:18:47,801 INFO     ___FILE_ONLY___ ╝

2024-11-15 11:18:47,807 INFO     ___FILE_ONLY___ ╔════════════════════════════════════════════════════════════╗

2024-11-15 11:18:47,807 INFO     ___FILE_ONLY___ ╠═ Installing: gcloud Beta Commands                         ═╣

2024-11-15 11:18:47,807 INFO     ___FILE_ONLY___ ╚
2024-11-15 11:18:47,808 INFO     ___FILE_ONLY___ ════════════════════════════════════════════════════════════
2024-11-15 11:18:47,808 INFO     ___FILE_ONLY___ ╝

2024-11-15 11:18:47,813 INFO     ___FILE_ONLY___ ╔════════════════════════════════════════════════════════════╗

2024-11-15 11:18:47,814 INFO     ___FILE_ONLY___ ╠═ Installing: gcloud cli dependencies (Platform Specific)  ═╣

2024-11-15 11:18:47,814 INFO     ___FILE_ONLY___ ╚
2024-11-15 11:18:47,814 INFO     ___FILE_ONLY___ ════════════════════════════════════════════════════════════
2024-11-15 11:18:47,814 INFO     ___FILE_ONLY___ ╝

2024-11-15 11:18:47,820 INFO     ___FILE_ONLY___ ╔════════════════════════════════════════════════════════════╗

2024-11-15 11:18:47,820 INFO     ___FILE_ONLY___ ╠═ Installing: gke-gcloud-auth-plugin                       ═╣

2024-11-15 11:18:47,820 INFO     ___FILE_ONLY___ ╚
2024-11-15 11:18:47,821 INFO     ___FILE_ONLY___ ════════════════════════════════════════════════════════════
2024-11-15 11:18:47,821 INFO     ___FILE_ONLY___ ╝

2024-11-15 11:18:47,825 INFO     ___FILE_ONLY___ ╔════════════════════════════════════════════════════════════╗

2024-11-15 11:18:47,825 INFO     ___FILE_ONLY___ ╠═ Installing: gke-gcloud-auth-plugin (Platform Specific)   ═╣

2024-11-15 11:18:47,825 INFO     ___FILE_ONLY___ ╚
2024-11-15 11:18:47,871 INFO     ___FILE_ONLY___ ════════════════════════════════════════════════════════════
2024-11-15 11:18:47,871 INFO     ___FILE_ONLY___ ╝

2024-11-15 11:18:47,880 INFO     ___FILE_ONLY___ ╔════════════════════════════════════════════════════════════╗

2024-11-15 11:18:47,880 INFO     ___FILE_ONLY___ ╠═ Installing: kubectl                                      ═╣

2024-11-15 11:18:47,880 INFO     ___FILE_ONLY___ ╚
2024-11-15 11:18:47,888 INFO     ___FILE_ONLY___ ════════════════════════════════════════════════════════════
2024-11-15 11:18:47,888 INFO     ___FILE_ONLY___ ╝

2024-11-15 11:18:47,894 INFO     ___FILE_ONLY___ ╔════════════════════════════════════════════════════════════╗

2024-11-15 11:18:47,894 INFO     ___FILE_ONLY___ ╠═ Installing: kubectl (Platform Specific)                  ═╣

2024-11-15 11:18:47,894 INFO     ___FILE_ONLY___ ╚
2024-11-15 11:18:48,399 INFO     ___FILE_ONLY___ ══════════
2024-11-15 11:18:48,489 INFO     ___FILE_ONLY___ ══════════
2024-11-15 11:18:48,580 INFO     ___FILE_ONLY___ ══════════
2024-11-15 11:18:48,684 INFO     ___FILE_ONLY___ ══════════
2024-11-15 11:18:48,779 INFO     ___FILE_ONLY___ ══════════
2024-11-15 11:18:48,880 INFO     ___FILE_ONLY___ ══════════
2024-11-15 11:18:48,880 INFO     ___FILE_ONLY___ ╝

2024-11-15 11:18:48,895 DEBUG    root            Updating notification cache...
2024-11-15 11:18:48,895 INFO     ___FILE_ONLY___ 

2024-11-15 11:18:48,902 INFO     ___FILE_ONLY___ Performing post processing steps...
2024-11-15 11:18:48,902 DEBUG    root            Executing command: ['/Users/gabrielpaura/Library/Application Support/cloud-code/installer/google-cloud-sdk/bin/gcloud', 'components', 'post-process', '--no-compile-python']
2024-11-15 11:18:49,458 DEBUG    ___FILE_ONLY___ 
2024-11-15 11:18:49,458 DEBUG    ___FILE_ONLY___ 
2024-11-15 11:18:49,670 INFO     ___FILE_ONLY___ 
Update done!


2024-11-15 11:18:49,673 WARNING  root              There are other instances of Google Cloud tools on your system PATH.
  Please remove the following to avoid confusion or accidental invocation:

  /Applications/Docker.app/Contents/Resources/bin/kubectl

  
2024-11-15 11:18:49,675 DEBUG    root            Chosen display Format:none
2024-11-15 11:18:49,675 INFO     root            Display format: "none"
2024-11-15 11:18:49,677 DEBUG    root            Executing command: ['curl', '--silent', '-O', 'https://dl.google.com/dl/cloudsdk/channels/rapid/python-3.11.6-macos11.tar.gz']
2024-11-15 11:18:50,752 DEBUG    root            Executing command: ['tar', '-xf', 'python-3.11.6-macos11.tar.gz']
2024-11-15 11:18:50,812 DEBUG    root            Executing command: ['sudo', 'installer', '-target', '/', '-pkg', './python-3.11.6-macos11.pkg']
