2024-12-04 11:49:31,993 DEBUG    root            Metrics collector initialized...
2024-12-04 11:49:31,993 DEBUG    root            Loaded Command Group: ['gcloud', 'components']
2024-12-04 11:49:31,995 DEBUG    root            Loaded Command Group: ['gcloud', 'components', 'update']
2024-12-04 11:49:31,996 DEBUG    root            Running [gcloud.components.update] with arguments: [--no-compile-python: "False", --quiet: "True", COMPONENT-IDS:6: "['alpha', 'beta', 'gke-gcloud-auth-plugin', 'kubectl', 'skaffold', 'minikube']"]
2024-12-04 11:49:31,996 INFO     ___FILE_ONLY___ Beginning update. This process may take several minutes.

2024-12-04 11:49:32,014 DEBUG    urllib3.connectionpool Starting new HTTPS connection (1): dl.google.com:443
2024-12-04 11:49:32,215 DEBUG    urllib3.connectionpool https://dl.google.com:443 "GET /dl/cloudsdk/channels/rapid/components-2.json HTTP/1.1" 200 227816
2024-12-04 11:49:32,246 INFO     ___FILE_ONLY___ 

2024-12-04 11:49:32,246 INFO     ___FILE_ONLY___ 
Your current Google Cloud CLI version is: 502.0.0

2024-12-04 11:49:32,246 INFO     ___FILE_ONLY___ Installing components from version: 502.0.0

2024-12-04 11:49:32,247 INFO     ___FILE_ONLY___ 

2024-12-04 11:49:32,247 DEBUG    root            Chosen display Format:table[box,title="These components will be removed."](details.display_name:label=Name:align=left,version.version_string:label=Version:align=right,data.size.size(zero="",min=1048576):label=Size:align=right)
2024-12-04 11:49:32,247 DEBUG    root            Chosen display Format:table[box,title="These components will be updated."](details.display_name:label=Name:align=left,version.version_string:label=Version:align=right,data.size.size(zero="",min=1048576):label=Size:align=right)
2024-12-04 11:49:32,248 DEBUG    root            Chosen display Format:table[box,title="These components will be installed."](details.display_name:label=Name:align=left,version.version_string:label=Version:align=right,data.size.size(zero="",min=1048576):label=Size:align=right)
2024-12-04 11:49:32,283 INFO     ___FILE_ONLY___ ┌─────────────────────────────────────────────────────────────────────────────┐
2024-12-04 11:49:32,283 INFO     ___FILE_ONLY___ 

2024-12-04 11:49:32,283 INFO     ___FILE_ONLY___ │                     These components will be installed.                     │
2024-12-04 11:49:32,283 INFO     ___FILE_ONLY___ 

2024-12-04 11:49:32,283 INFO     ___FILE_ONLY___ ├─────────────────────────────────────────────────────┬────────────┬──────────┤
2024-12-04 11:49:32,283 INFO     ___FILE_ONLY___ 

2024-12-04 11:49:32,283 INFO     ___FILE_ONLY___ │                         Name                        │  Version   │   Size   │
2024-12-04 11:49:32,283 INFO     ___FILE_ONLY___ 

2024-12-04 11:49:32,283 INFO     ___FILE_ONLY___ ├─────────────────────────────────────────────────────┼────────────┼──────────┤
2024-12-04 11:49:32,283 INFO     ___FILE_ONLY___ 

2024-12-04 11:49:32,283 INFO     ___FILE_ONLY___ │ 
2024-12-04 11:49:32,283 INFO     ___FILE_ONLY___ Google Cloud CLI Core Libraries (Platform Specific)
2024-12-04 11:49:32,284 INFO     ___FILE_ONLY___  
2024-12-04 11:49:32,284 INFO     ___FILE_ONLY___ │ 
2024-12-04 11:49:32,284 INFO     ___FILE_ONLY___ 2024.08.30
2024-12-04 11:49:32,284 INFO     ___FILE_ONLY___  
2024-12-04 11:49:32,284 INFO     ___FILE_ONLY___ │ 
2024-12-04 11:49:32,284 INFO     ___FILE_ONLY___  < 1 MiB
2024-12-04 11:49:32,284 INFO     ___FILE_ONLY___  
2024-12-04 11:49:32,284 INFO     ___FILE_ONLY___ │
2024-12-04 11:49:32,284 INFO     ___FILE_ONLY___ 

2024-12-04 11:49:32,284 INFO     ___FILE_ONLY___ │ 
2024-12-04 11:49:32,284 INFO     ___FILE_ONLY___ Minikube (Platform Specific)                       
2024-12-04 11:49:32,284 INFO     ___FILE_ONLY___  
2024-12-04 11:49:32,284 INFO     ___FILE_ONLY___ │ 
2024-12-04 11:49:32,284 INFO     ___FILE_ONLY___     1.34.0
2024-12-04 11:49:32,284 INFO     ___FILE_ONLY___  
2024-12-04 11:49:32,284 INFO     ___FILE_ONLY___ │ 
2024-12-04 11:49:32,284 INFO     ___FILE_ONLY___ 37.2 MiB
2024-12-04 11:49:32,284 INFO     ___FILE_ONLY___  
2024-12-04 11:49:32,284 INFO     ___FILE_ONLY___ │
2024-12-04 11:49:32,284 INFO     ___FILE_ONLY___ 

2024-12-04 11:49:32,284 INFO     ___FILE_ONLY___ │ 
2024-12-04 11:49:32,284 INFO     ___FILE_ONLY___ Skaffold (Platform Specific)                       
2024-12-04 11:49:32,284 INFO     ___FILE_ONLY___  
2024-12-04 11:49:32,284 INFO     ___FILE_ONLY___ │ 
2024-12-04 11:49:32,284 INFO     ___FILE_ONLY___     2.13.1
2024-12-04 11:49:32,284 INFO     ___FILE_ONLY___  
2024-12-04 11:49:32,284 INFO     ___FILE_ONLY___ │ 
2024-12-04 11:49:32,284 INFO     ___FILE_ONLY___ 22.9 MiB
2024-12-04 11:49:32,284 INFO     ___FILE_ONLY___  
2024-12-04 11:49:32,284 INFO     ___FILE_ONLY___ │
2024-12-04 11:49:32,284 INFO     ___FILE_ONLY___ 

2024-12-04 11:49:32,284 INFO     ___FILE_ONLY___ │ 
2024-12-04 11:49:32,284 INFO     ___FILE_ONLY___ gcloud Alpha Commands                              
2024-12-04 11:49:32,284 INFO     ___FILE_ONLY___  
2024-12-04 11:49:32,284 INFO     ___FILE_ONLY___ │ 
2024-12-04 11:49:32,284 INFO     ___FILE_ONLY___ 2024.11.15
2024-12-04 11:49:32,284 INFO     ___FILE_ONLY___  
2024-12-04 11:49:32,284 INFO     ___FILE_ONLY___ │ 
2024-12-04 11:49:32,284 INFO     ___FILE_ONLY___  < 1 MiB
2024-12-04 11:49:32,284 INFO     ___FILE_ONLY___  
2024-12-04 11:49:32,284 INFO     ___FILE_ONLY___ │
2024-12-04 11:49:32,285 INFO     ___FILE_ONLY___ 

2024-12-04 11:49:32,285 INFO     ___FILE_ONLY___ │ 
2024-12-04 11:49:32,285 INFO     ___FILE_ONLY___ gcloud Beta Commands                               
2024-12-04 11:49:32,285 INFO     ___FILE_ONLY___  
2024-12-04 11:49:32,285 INFO     ___FILE_ONLY___ │ 
2024-12-04 11:49:32,285 INFO     ___FILE_ONLY___ 2024.11.15
2024-12-04 11:49:32,285 INFO     ___FILE_ONLY___  
2024-12-04 11:49:32,285 INFO     ___FILE_ONLY___ │ 
2024-12-04 11:49:32,285 INFO     ___FILE_ONLY___  < 1 MiB
2024-12-04 11:49:32,285 INFO     ___FILE_ONLY___  
2024-12-04 11:49:32,285 INFO     ___FILE_ONLY___ │
2024-12-04 11:49:32,285 INFO     ___FILE_ONLY___ 

2024-12-04 11:49:32,285 INFO     ___FILE_ONLY___ │ 
2024-12-04 11:49:32,285 INFO     ___FILE_ONLY___ gcloud cli dependencies (Platform Specific)        
2024-12-04 11:49:32,285 INFO     ___FILE_ONLY___  
2024-12-04 11:49:32,285 INFO     ___FILE_ONLY___ │ 
2024-12-04 11:49:32,285 INFO     ___FILE_ONLY___ 2021.04.16
2024-12-04 11:49:32,285 INFO     ___FILE_ONLY___  
2024-12-04 11:49:32,285 INFO     ___FILE_ONLY___ │ 
2024-12-04 11:49:32,285 INFO     ___FILE_ONLY___  < 1 MiB
2024-12-04 11:49:32,285 INFO     ___FILE_ONLY___  
2024-12-04 11:49:32,285 INFO     ___FILE_ONLY___ │
2024-12-04 11:49:32,285 INFO     ___FILE_ONLY___ 

2024-12-04 11:49:32,285 INFO     ___FILE_ONLY___ │ 
2024-12-04 11:49:32,285 INFO     ___FILE_ONLY___ gke-gcloud-auth-plugin (Platform Specific)         
2024-12-04 11:49:32,285 INFO     ___FILE_ONLY___  
2024-12-04 11:49:32,285 INFO     ___FILE_ONLY___ │ 
2024-12-04 11:49:32,285 INFO     ___FILE_ONLY___      0.5.9
2024-12-04 11:49:32,285 INFO     ___FILE_ONLY___  
2024-12-04 11:49:32,285 INFO     ___FILE_ONLY___ │ 
2024-12-04 11:49:32,285 INFO     ___FILE_ONLY___  4.0 MiB
2024-12-04 11:49:32,285 INFO     ___FILE_ONLY___  
2024-12-04 11:49:32,285 INFO     ___FILE_ONLY___ │
2024-12-04 11:49:32,285 INFO     ___FILE_ONLY___ 

2024-12-04 11:49:32,285 INFO     ___FILE_ONLY___ │ 
2024-12-04 11:49:32,285 INFO     ___FILE_ONLY___ kubectl                                            
2024-12-04 11:49:32,285 INFO     ___FILE_ONLY___  
2024-12-04 11:49:32,285 INFO     ___FILE_ONLY___ │ 
2024-12-04 11:49:32,285 INFO     ___FILE_ONLY___     1.30.5
2024-12-04 11:49:32,285 INFO     ___FILE_ONLY___  
2024-12-04 11:49:32,285 INFO     ___FILE_ONLY___ │ 
2024-12-04 11:49:32,285 INFO     ___FILE_ONLY___  < 1 MiB
2024-12-04 11:49:32,285 INFO     ___FILE_ONLY___  
2024-12-04 11:49:32,285 INFO     ___FILE_ONLY___ │
2024-12-04 11:49:32,285 INFO     ___FILE_ONLY___ 

2024-12-04 11:49:32,285 INFO     ___FILE_ONLY___ │ 
2024-12-04 11:49:32,285 INFO     ___FILE_ONLY___ kubectl (Platform Specific)                        
2024-12-04 11:49:32,285 INFO     ___FILE_ONLY___  
2024-12-04 11:49:32,285 INFO     ___FILE_ONLY___ │ 
2024-12-04 11:49:32,286 INFO     ___FILE_ONLY___     1.30.6
2024-12-04 11:49:32,286 INFO     ___FILE_ONLY___  
2024-12-04 11:49:32,286 INFO     ___FILE_ONLY___ │ 
2024-12-04 11:49:32,286 INFO     ___FILE_ONLY___ 86.1 MiB
2024-12-04 11:49:32,286 INFO     ___FILE_ONLY___  
2024-12-04 11:49:32,286 INFO     ___FILE_ONLY___ │
2024-12-04 11:49:32,286 INFO     ___FILE_ONLY___ 

2024-12-04 11:49:32,286 INFO     ___FILE_ONLY___ └─────────────────────────────────────────────────────┴────────────┴──────────┘
2024-12-04 11:49:32,286 INFO     ___FILE_ONLY___ 

2024-12-04 11:49:32,286 INFO     ___FILE_ONLY___ 

2024-12-04 11:49:32,288 DEBUG    urllib3.connectionpool Starting new HTTPS connection (1): dl.google.com:443
2024-12-04 11:49:32,447 DEBUG    urllib3.connectionpool https://dl.google.com:443 "GET /dl/cloudsdk/channels/rapid/RELEASE_NOTES HTTP/1.1" 200 1314602
2024-12-04 11:49:32,581 INFO     ___FILE_ONLY___ For the latest full release notes, please visit:
  https://cloud.google.com/sdk/release_notes


2024-12-04 11:49:32,582 INFO     ___FILE_ONLY___ Performing in place update...


2024-12-04 11:49:32,595 INFO     ___FILE_ONLY___ ╔════════════════════════════════════════════════════════════╗

2024-12-04 11:49:32,595 INFO     ___FILE_ONLY___ ╠═ Downloading: Google Cloud CLI Core Libraries (Platfor... ═╣

2024-12-04 11:49:32,595 INFO     ___FILE_ONLY___ ╚
2024-12-04 11:49:32,602 DEBUG    urllib3.connectionpool Starting new HTTPS connection (1): dl.google.com:443
2024-12-04 11:49:32,759 DEBUG    urllib3.connectionpool https://dl.google.com:443 "GET /dl/cloudsdk/channels/rapid/components/google-cloud-sdk-core-nix-20240830134514.tar.gz HTTP/1.1" 200 2306
2024-12-04 11:49:32,761 INFO     ___FILE_ONLY___ ════════════════════════════════════════════════════════════
2024-12-04 11:49:32,761 INFO     ___FILE_ONLY___ ╝

2024-12-04 11:49:32,778 INFO     ___FILE_ONLY___ ╔════════════════════════════════════════════════════════════╗

2024-12-04 11:49:32,778 INFO     ___FILE_ONLY___ ╠═ Downloading: Minikube                                    ═╣

2024-12-04 11:49:32,778 INFO     ___FILE_ONLY___ ╚
2024-12-04 11:49:32,778 INFO     ___FILE_ONLY___ ════════════════════════════════════════════════════════════
2024-12-04 11:49:32,778 INFO     ___FILE_ONLY___ ╝

2024-12-04 11:49:32,789 INFO     ___FILE_ONLY___ ╔════════════════════════════════════════════════════════════╗

2024-12-04 11:49:32,789 INFO     ___FILE_ONLY___ ╠═ Downloading: Minikube (Platform Specific)                ═╣

2024-12-04 11:49:32,789 INFO     ___FILE_ONLY___ ╚
2024-12-04 11:49:32,792 DEBUG    urllib3.connectionpool Starting new HTTPS connection (1): dl.google.com:443
2024-12-04 11:49:32,979 DEBUG    urllib3.connectionpool https://dl.google.com:443 "GET /dl/cloudsdk/channels/rapid/components/google-cloud-sdk-minikube-darwin-arm-20240927140238.tar.gz HTTP/1.1" 200 38981244
2024-12-04 11:49:33,536 INFO     ___FILE_ONLY___ ═
2024-12-04 11:49:33,537 INFO     ___FILE_ONLY___ ═
2024-12-04 11:49:33,538 INFO     ___FILE_ONLY___ ═
2024-12-04 11:49:33,538 INFO     ___FILE_ONLY___ ═
2024-12-04 11:49:33,539 INFO     ___FILE_ONLY___ ═
2024-12-04 11:49:33,540 INFO     ___FILE_ONLY___ ═
2024-12-04 11:49:33,541 INFO     ___FILE_ONLY___ ═
2024-12-04 11:49:33,541 INFO     ___FILE_ONLY___ ═
2024-12-04 11:49:33,542 INFO     ___FILE_ONLY___ ═
2024-12-04 11:49:33,543 INFO     ___FILE_ONLY___ ═
2024-12-04 11:49:33,543 INFO     ___FILE_ONLY___ ═
2024-12-04 11:49:33,544 INFO     ___FILE_ONLY___ ═
2024-12-04 11:49:33,545 INFO     ___FILE_ONLY___ ═
2024-12-04 11:49:33,546 INFO     ___FILE_ONLY___ ═
2024-12-04 11:49:33,546 INFO     ___FILE_ONLY___ ═
2024-12-04 11:49:33,547 INFO     ___FILE_ONLY___ ═
2024-12-04 11:49:33,548 INFO     ___FILE_ONLY___ ═
2024-12-04 11:49:33,548 INFO     ___FILE_ONLY___ ═
2024-12-04 11:49:33,549 INFO     ___FILE_ONLY___ ═
2024-12-04 11:49:33,549 INFO     ___FILE_ONLY___ ═
2024-12-04 11:49:33,550 INFO     ___FILE_ONLY___ ═
2024-12-04 11:49:33,551 INFO     ___FILE_ONLY___ ═
2024-12-04 11:49:33,551 INFO     ___FILE_ONLY___ ═
2024-12-04 11:49:33,552 INFO     ___FILE_ONLY___ ═
2024-12-04 11:49:33,553 INFO     ___FILE_ONLY___ ═
2024-12-04 11:49:33,554 INFO     ___FILE_ONLY___ ═
2024-12-04 11:49:33,554 INFO     ___FILE_ONLY___ ═
2024-12-04 11:49:33,555 INFO     ___FILE_ONLY___ ═
2024-12-04 11:49:33,555 INFO     ___FILE_ONLY___ ═
2024-12-04 11:49:33,556 INFO     ___FILE_ONLY___ ═
2024-12-04 11:49:33,556 INFO     ___FILE_ONLY___ ═
2024-12-04 11:49:33,557 INFO     ___FILE_ONLY___ ═
2024-12-04 11:49:33,557 INFO     ___FILE_ONLY___ ═
2024-12-04 11:49:33,558 INFO     ___FILE_ONLY___ ═
2024-12-04 11:49:33,558 INFO     ___FILE_ONLY___ ═
2024-12-04 11:49:33,559 INFO     ___FILE_ONLY___ ═
2024-12-04 11:49:33,559 INFO     ___FILE_ONLY___ ═
2024-12-04 11:49:33,559 INFO     ___FILE_ONLY___ ═
2024-12-04 11:49:33,560 INFO     ___FILE_ONLY___ ═
2024-12-04 11:49:33,561 INFO     ___FILE_ONLY___ ═
2024-12-04 11:49:33,561 INFO     ___FILE_ONLY___ ═
2024-12-04 11:49:33,562 INFO     ___FILE_ONLY___ ═
2024-12-04 11:49:33,562 INFO     ___FILE_ONLY___ ═
2024-12-04 11:49:33,563 INFO     ___FILE_ONLY___ ═
2024-12-04 11:49:33,563 INFO     ___FILE_ONLY___ ═
2024-12-04 11:49:33,563 INFO     ___FILE_ONLY___ ═
2024-12-04 11:49:33,564 INFO     ___FILE_ONLY___ ═
2024-12-04 11:49:33,564 INFO     ___FILE_ONLY___ ═
2024-12-04 11:49:33,565 INFO     ___FILE_ONLY___ ═
2024-12-04 11:49:33,565 INFO     ___FILE_ONLY___ ═
2024-12-04 11:49:33,566 INFO     ___FILE_ONLY___ ═
2024-12-04 11:49:33,566 INFO     ___FILE_ONLY___ ═
2024-12-04 11:49:33,567 INFO     ___FILE_ONLY___ ═
2024-12-04 11:49:33,567 INFO     ___FILE_ONLY___ ═
2024-12-04 11:49:33,568 INFO     ___FILE_ONLY___ ═
2024-12-04 11:49:33,568 INFO     ___FILE_ONLY___ ═
2024-12-04 11:49:33,569 INFO     ___FILE_ONLY___ ═
2024-12-04 11:49:33,569 INFO     ___FILE_ONLY___ ═
2024-12-04 11:49:33,569 INFO     ___FILE_ONLY___ ═
2024-12-04 11:49:33,570 INFO     ___FILE_ONLY___ ═
2024-12-04 11:49:33,570 INFO     ___FILE_ONLY___ ╝

2024-12-04 11:49:33,579 INFO     ___FILE_ONLY___ ╔════════════════════════════════════════════════════════════╗

2024-12-04 11:49:33,579 INFO     ___FILE_ONLY___ ╠═ Downloading: Skaffold                                    ═╣

2024-12-04 11:49:33,579 INFO     ___FILE_ONLY___ ╚
2024-12-04 11:49:33,579 INFO     ___FILE_ONLY___ ════════════════════════════════════════════════════════════
2024-12-04 11:49:33,579 INFO     ___FILE_ONLY___ ╝

2024-12-04 11:49:33,584 INFO     ___FILE_ONLY___ ╔════════════════════════════════════════════════════════════╗

2024-12-04 11:49:33,584 INFO     ___FILE_ONLY___ ╠═ Downloading: Skaffold (Platform Specific)                ═╣

2024-12-04 11:49:33,584 INFO     ___FILE_ONLY___ ╚
2024-12-04 11:49:33,586 DEBUG    urllib3.connectionpool Starting new HTTPS connection (1): dl.google.com:443
2024-12-04 11:49:33,739 DEBUG    urllib3.connectionpool https://dl.google.com:443 "GET /dl/cloudsdk/channels/rapid/components/google-cloud-sdk-skaffold-darwin-arm-20240806142304.tar.gz HTTP/1.1" 200 24031362
2024-12-04 11:49:34,086 INFO     ___FILE_ONLY___ ═
2024-12-04 11:49:34,086 INFO     ___FILE_ONLY___ ═
2024-12-04 11:49:34,087 INFO     ___FILE_ONLY___ ═
2024-12-04 11:49:34,088 INFO     ___FILE_ONLY___ ═
2024-12-04 11:49:34,088 INFO     ___FILE_ONLY___ ═
2024-12-04 11:49:34,089 INFO     ___FILE_ONLY___ ═
2024-12-04 11:49:34,089 INFO     ___FILE_ONLY___ ═
2024-12-04 11:49:34,090 INFO     ___FILE_ONLY___ ═
2024-12-04 11:49:34,091 INFO     ___FILE_ONLY___ ═
2024-12-04 11:49:34,092 INFO     ___FILE_ONLY___ ═
2024-12-04 11:49:34,092 INFO     ___FILE_ONLY___ ═
2024-12-04 11:49:34,093 INFO     ___FILE_ONLY___ ═
2024-12-04 11:49:34,093 INFO     ___FILE_ONLY___ ═
2024-12-04 11:49:34,094 INFO     ___FILE_ONLY___ ═
2024-12-04 11:49:34,095 INFO     ___FILE_ONLY___ ═
2024-12-04 11:49:34,095 INFO     ___FILE_ONLY___ ═
2024-12-04 11:49:34,096 INFO     ___FILE_ONLY___ ═
2024-12-04 11:49:34,096 INFO     ___FILE_ONLY___ ═
2024-12-04 11:49:34,096 INFO     ___FILE_ONLY___ ═
2024-12-04 11:49:34,097 INFO     ___FILE_ONLY___ ═
2024-12-04 11:49:34,098 INFO     ___FILE_ONLY___ ═
2024-12-04 11:49:34,098 INFO     ___FILE_ONLY___ ═
2024-12-04 11:49:34,099 INFO     ___FILE_ONLY___ ═
2024-12-04 11:49:34,099 INFO     ___FILE_ONLY___ ═
2024-12-04 11:49:34,100 INFO     ___FILE_ONLY___ ═
2024-12-04 11:49:34,100 INFO     ___FILE_ONLY___ ═
2024-12-04 11:49:34,100 INFO     ___FILE_ONLY___ ═
2024-12-04 11:49:34,101 INFO     ___FILE_ONLY___ ═
2024-12-04 11:49:34,101 INFO     ___FILE_ONLY___ ═
2024-12-04 11:49:34,102 INFO     ___FILE_ONLY___ ═
2024-12-04 11:49:34,102 INFO     ___FILE_ONLY___ ═
2024-12-04 11:49:34,102 INFO     ___FILE_ONLY___ ═
2024-12-04 11:49:34,103 INFO     ___FILE_ONLY___ ═
2024-12-04 11:49:34,103 INFO     ___FILE_ONLY___ ═
2024-12-04 11:49:34,104 INFO     ___FILE_ONLY___ ═
2024-12-04 11:49:34,104 INFO     ___FILE_ONLY___ ═
2024-12-04 11:49:34,104 INFO     ___FILE_ONLY___ ═
2024-12-04 11:49:34,105 INFO     ___FILE_ONLY___ ═
2024-12-04 11:49:34,105 INFO     ___FILE_ONLY___ ═
2024-12-04 11:49:34,106 INFO     ___FILE_ONLY___ ═
2024-12-04 11:49:34,107 INFO     ___FILE_ONLY___ ═
2024-12-04 11:49:34,109 INFO     ___FILE_ONLY___ ═
2024-12-04 11:49:34,110 INFO     ___FILE_ONLY___ ═
2024-12-04 11:49:34,111 INFO     ___FILE_ONLY___ ═
2024-12-04 11:49:34,111 INFO     ___FILE_ONLY___ ═
2024-12-04 11:49:34,112 INFO     ___FILE_ONLY___ ═
2024-12-04 11:49:34,112 INFO     ___FILE_ONLY___ ═
2024-12-04 11:49:34,112 INFO     ___FILE_ONLY___ ═
2024-12-04 11:49:34,113 INFO     ___FILE_ONLY___ ═
2024-12-04 11:49:34,113 INFO     ___FILE_ONLY___ ═
2024-12-04 11:49:34,113 INFO     ___FILE_ONLY___ ═
2024-12-04 11:49:34,114 INFO     ___FILE_ONLY___ ═
2024-12-04 11:49:34,114 INFO     ___FILE_ONLY___ ═
2024-12-04 11:49:34,114 INFO     ___FILE_ONLY___ ═
2024-12-04 11:49:34,115 INFO     ___FILE_ONLY___ ═
2024-12-04 11:49:34,115 INFO     ___FILE_ONLY___ ═
2024-12-04 11:49:34,115 INFO     ___FILE_ONLY___ ═
2024-12-04 11:49:34,116 INFO     ___FILE_ONLY___ ═
2024-12-04 11:49:34,116 INFO     ___FILE_ONLY___ ═
2024-12-04 11:49:34,116 INFO     ___FILE_ONLY___ ═
2024-12-04 11:49:34,116 INFO     ___FILE_ONLY___ ╝

2024-12-04 11:49:34,130 INFO     ___FILE_ONLY___ ╔════════════════════════════════════════════════════════════╗

2024-12-04 11:49:34,130 INFO     ___FILE_ONLY___ ╠═ Downloading: gcloud Alpha Commands                       ═╣

2024-12-04 11:49:34,130 INFO     ___FILE_ONLY___ ╚
2024-12-04 11:49:34,133 DEBUG    urllib3.connectionpool Starting new HTTPS connection (1): dl.google.com:443
2024-12-04 11:49:34,286 DEBUG    urllib3.connectionpool https://dl.google.com:443 "GET /dl/cloudsdk/channels/rapid/components/google-cloud-sdk-alpha-20241115154308.tar.gz HTTP/1.1" 200 800
2024-12-04 11:49:34,288 INFO     ___FILE_ONLY___ ════════════════════════════════════════════════════════════
2024-12-04 11:49:34,288 INFO     ___FILE_ONLY___ ╝

2024-12-04 11:49:34,307 INFO     ___FILE_ONLY___ ╔════════════════════════════════════════════════════════════╗

2024-12-04 11:49:34,307 INFO     ___FILE_ONLY___ ╠═ Downloading: gcloud Beta Commands                        ═╣

2024-12-04 11:49:34,307 INFO     ___FILE_ONLY___ ╚
2024-12-04 11:49:34,311 DEBUG    urllib3.connectionpool Starting new HTTPS connection (1): dl.google.com:443
2024-12-04 11:49:34,464 DEBUG    urllib3.connectionpool https://dl.google.com:443 "GET /dl/cloudsdk/channels/rapid/components/google-cloud-sdk-beta-20241115154308.tar.gz HTTP/1.1" 200 797
2024-12-04 11:49:34,468 INFO     ___FILE_ONLY___ ════════════════════════════════════════════════════════════
2024-12-04 11:49:34,469 INFO     ___FILE_ONLY___ ╝

2024-12-04 11:49:34,481 INFO     ___FILE_ONLY___ ╔════════════════════════════════════════════════════════════╗

2024-12-04 11:49:34,481 INFO     ___FILE_ONLY___ ╠═ Downloading: gcloud cli dependencies (Platform Specific) ═╣

2024-12-04 11:49:34,482 INFO     ___FILE_ONLY___ ╚
2024-12-04 11:49:34,485 DEBUG    urllib3.connectionpool Starting new HTTPS connection (1): dl.google.com:443
2024-12-04 11:49:34,637 DEBUG    urllib3.connectionpool https://dl.google.com:443 "GET /dl/cloudsdk/channels/rapid/components/google-cloud-sdk-gcloud-deps-darwin-x86_64-20210416153011.tar.gz HTTP/1.1" 200 105
2024-12-04 11:49:34,638 INFO     ___FILE_ONLY___ ════════════════════════════════════════════════════════════
2024-12-04 11:49:34,638 INFO     ___FILE_ONLY___ ╝

2024-12-04 11:49:34,649 INFO     ___FILE_ONLY___ ╔════════════════════════════════════════════════════════════╗

2024-12-04 11:49:34,649 INFO     ___FILE_ONLY___ ╠═ Downloading: gke-gcloud-auth-plugin                      ═╣

2024-12-04 11:49:34,649 INFO     ___FILE_ONLY___ ╚
2024-12-04 11:49:34,649 INFO     ___FILE_ONLY___ ════════════════════════════════════════════════════════════
2024-12-04 11:49:34,649 INFO     ___FILE_ONLY___ ╝

2024-12-04 11:49:34,654 INFO     ___FILE_ONLY___ ╔════════════════════════════════════════════════════════════╗

2024-12-04 11:49:34,654 INFO     ___FILE_ONLY___ ╠═ Downloading: gke-gcloud-auth-plugin (Platform Specific)  ═╣

2024-12-04 11:49:34,654 INFO     ___FILE_ONLY___ ╚
2024-12-04 11:49:34,656 DEBUG    urllib3.connectionpool Starting new HTTPS connection (1): dl.google.com:443
2024-12-04 11:49:34,805 DEBUG    urllib3.connectionpool https://dl.google.com:443 "GET /dl/cloudsdk/channels/rapid/components/google-cloud-sdk-gke-gcloud-auth-plugin-darwin-arm-20240628141907.tar.gz HTTP/1.1" 200 4148014
2024-12-04 11:49:34,906 INFO     ___FILE_ONLY___ ═
2024-12-04 11:49:34,907 INFO     ___FILE_ONLY___ ═
2024-12-04 11:49:34,907 INFO     ___FILE_ONLY___ ═
2024-12-04 11:49:34,907 INFO     ___FILE_ONLY___ ═
2024-12-04 11:49:34,907 INFO     ___FILE_ONLY___ ═
2024-12-04 11:49:34,907 INFO     ___FILE_ONLY___ ═
2024-12-04 11:49:34,907 INFO     ___FILE_ONLY___ ═
2024-12-04 11:49:34,908 INFO     ___FILE_ONLY___ ═
2024-12-04 11:49:34,908 INFO     ___FILE_ONLY___ ═
2024-12-04 11:49:34,908 INFO     ___FILE_ONLY___ ═
2024-12-04 11:49:34,908 INFO     ___FILE_ONLY___ ═
2024-12-04 11:49:34,908 INFO     ___FILE_ONLY___ ═
2024-12-04 11:49:34,908 INFO     ___FILE_ONLY___ ═
2024-12-04 11:49:34,908 INFO     ___FILE_ONLY___ ═
2024-12-04 11:49:34,908 INFO     ___FILE_ONLY___ ═
2024-12-04 11:49:34,908 INFO     ___FILE_ONLY___ ═
2024-12-04 11:49:34,909 INFO     ___FILE_ONLY___ ═
2024-12-04 11:49:34,909 INFO     ___FILE_ONLY___ ═
2024-12-04 11:49:34,909 INFO     ___FILE_ONLY___ ═
2024-12-04 11:49:34,909 INFO     ___FILE_ONLY___ ═
2024-12-04 11:49:34,909 INFO     ___FILE_ONLY___ ═
2024-12-04 11:49:34,909 INFO     ___FILE_ONLY___ ═
2024-12-04 11:49:34,909 INFO     ___FILE_ONLY___ ═
2024-12-04 11:49:34,909 INFO     ___FILE_ONLY___ ═
2024-12-04 11:49:34,910 INFO     ___FILE_ONLY___ ═
2024-12-04 11:49:34,910 INFO     ___FILE_ONLY___ ═
2024-12-04 11:49:34,910 INFO     ___FILE_ONLY___ ═
2024-12-04 11:49:34,911 INFO     ___FILE_ONLY___ ═
2024-12-04 11:49:34,911 INFO     ___FILE_ONLY___ ═
2024-12-04 11:49:34,911 INFO     ___FILE_ONLY___ ═
2024-12-04 11:49:34,911 INFO     ___FILE_ONLY___ ═
2024-12-04 11:49:34,911 INFO     ___FILE_ONLY___ ═
2024-12-04 11:49:34,911 INFO     ___FILE_ONLY___ ═
2024-12-04 11:49:34,912 INFO     ___FILE_ONLY___ ═
2024-12-04 11:49:34,912 INFO     ___FILE_ONLY___ ═
2024-12-04 11:49:34,912 INFO     ___FILE_ONLY___ ═
2024-12-04 11:49:34,912 INFO     ___FILE_ONLY___ ═
2024-12-04 11:49:34,912 INFO     ___FILE_ONLY___ ═
2024-12-04 11:49:34,912 INFO     ___FILE_ONLY___ ═
2024-12-04 11:49:34,912 INFO     ___FILE_ONLY___ ═
2024-12-04 11:49:34,913 INFO     ___FILE_ONLY___ ═
2024-12-04 11:49:34,913 INFO     ___FILE_ONLY___ ═
2024-12-04 11:49:34,913 INFO     ___FILE_ONLY___ ═
2024-12-04 11:49:34,913 INFO     ___FILE_ONLY___ ═
2024-12-04 11:49:34,913 INFO     ___FILE_ONLY___ ═
2024-12-04 11:49:34,913 INFO     ___FILE_ONLY___ ═
2024-12-04 11:49:34,913 INFO     ___FILE_ONLY___ ═
2024-12-04 11:49:34,913 INFO     ___FILE_ONLY___ ═
2024-12-04 11:49:34,913 INFO     ___FILE_ONLY___ ═
2024-12-04 11:49:34,914 INFO     ___FILE_ONLY___ ═
2024-12-04 11:49:34,914 INFO     ___FILE_ONLY___ ═
2024-12-04 11:49:34,914 INFO     ___FILE_ONLY___ ═
2024-12-04 11:49:34,914 INFO     ___FILE_ONLY___ ═
2024-12-04 11:49:34,914 INFO     ___FILE_ONLY___ ═
2024-12-04 11:49:34,914 INFO     ___FILE_ONLY___ ═
2024-12-04 11:49:34,914 INFO     ___FILE_ONLY___ ═
2024-12-04 11:49:34,914 INFO     ___FILE_ONLY___ ═
2024-12-04 11:49:34,915 INFO     ___FILE_ONLY___ ═
2024-12-04 11:49:34,915 INFO     ___FILE_ONLY___ ═
2024-12-04 11:49:34,915 INFO     ___FILE_ONLY___ ═
2024-12-04 11:49:34,915 INFO     ___FILE_ONLY___ ╝

2024-12-04 11:49:34,932 INFO     ___FILE_ONLY___ ╔════════════════════════════════════════════════════════════╗

2024-12-04 11:49:34,933 INFO     ___FILE_ONLY___ ╠═ Downloading: kubectl                                     ═╣

2024-12-04 11:49:34,933 INFO     ___FILE_ONLY___ ╚
2024-12-04 11:49:34,947 DEBUG    urllib3.connectionpool Starting new HTTPS connection (1): dl.google.com:443
2024-12-04 11:49:35,098 DEBUG    urllib3.connectionpool https://dl.google.com:443 "GET /dl/cloudsdk/channels/rapid/components/google-cloud-sdk-kubectl-20241004144944.tar.gz HTTP/1.1" 200 36206
2024-12-04 11:49:35,106 INFO     ___FILE_ONLY___ ═══════════════════════════
2024-12-04 11:49:35,106 INFO     ___FILE_ONLY___ ═══════════════════════════
2024-12-04 11:49:35,106 INFO     ___FILE_ONLY___ ══════
2024-12-04 11:49:35,106 INFO     ___FILE_ONLY___ ╝

2024-12-04 11:49:35,123 INFO     ___FILE_ONLY___ ╔════════════════════════════════════════════════════════════╗

2024-12-04 11:49:35,123 INFO     ___FILE_ONLY___ ╠═ Downloading: kubectl (Platform Specific)                 ═╣

2024-12-04 11:49:35,123 INFO     ___FILE_ONLY___ ╚
2024-12-04 11:49:35,127 DEBUG    urllib3.connectionpool Starting new HTTPS connection (1): dl.google.com:443
2024-12-04 11:49:35,284 DEBUG    urllib3.connectionpool https://dl.google.com:443 "GET /dl/cloudsdk/channels/rapid/components/google-cloud-sdk-kubectl-darwin-arm-20241108162203.tar.gz HTTP/1.1" 200 90277960
2024-12-04 11:49:36,598 INFO     ___FILE_ONLY___ ═
2024-12-04 11:49:36,599 INFO     ___FILE_ONLY___ ═
2024-12-04 11:49:36,600 INFO     ___FILE_ONLY___ ═
2024-12-04 11:49:36,601 INFO     ___FILE_ONLY___ ═
2024-12-04 11:49:36,602 INFO     ___FILE_ONLY___ ═
2024-12-04 11:49:36,603 INFO     ___FILE_ONLY___ ═
2024-12-04 11:49:36,604 INFO     ___FILE_ONLY___ ═
2024-12-04 11:49:36,606 INFO     ___FILE_ONLY___ ═
2024-12-04 11:49:36,607 INFO     ___FILE_ONLY___ ═
2024-12-04 11:49:36,608 INFO     ___FILE_ONLY___ ═
2024-12-04 11:49:36,609 INFO     ___FILE_ONLY___ ═
2024-12-04 11:49:36,610 INFO     ___FILE_ONLY___ ═
2024-12-04 11:49:36,611 INFO     ___FILE_ONLY___ ═
2024-12-04 11:49:36,612 INFO     ___FILE_ONLY___ ═
2024-12-04 11:49:36,613 INFO     ___FILE_ONLY___ ═
2024-12-04 11:49:36,614 INFO     ___FILE_ONLY___ ═
2024-12-04 11:49:36,614 INFO     ___FILE_ONLY___ ═
2024-12-04 11:49:36,615 INFO     ___FILE_ONLY___ ═
2024-12-04 11:49:36,616 INFO     ___FILE_ONLY___ ═
2024-12-04 11:49:36,617 INFO     ___FILE_ONLY___ ═
2024-12-04 11:49:36,619 INFO     ___FILE_ONLY___ ═
2024-12-04 11:49:36,619 INFO     ___FILE_ONLY___ ═
2024-12-04 11:49:36,622 INFO     ___FILE_ONLY___ ═
2024-12-04 11:49:36,623 INFO     ___FILE_ONLY___ ═
2024-12-04 11:49:36,625 INFO     ___FILE_ONLY___ ═
2024-12-04 11:49:36,627 INFO     ___FILE_ONLY___ ═
2024-12-04 11:49:36,628 INFO     ___FILE_ONLY___ ═
2024-12-04 11:49:36,629 INFO     ___FILE_ONLY___ ═
2024-12-04 11:49:36,630 INFO     ___FILE_ONLY___ ═
2024-12-04 11:49:36,631 INFO     ___FILE_ONLY___ ═
2024-12-04 11:49:36,632 INFO     ___FILE_ONLY___ ═
2024-12-04 11:49:36,633 INFO     ___FILE_ONLY___ ═
2024-12-04 11:49:36,634 INFO     ___FILE_ONLY___ ═
2024-12-04 11:49:36,635 INFO     ___FILE_ONLY___ ═
2024-12-04 11:49:36,636 INFO     ___FILE_ONLY___ ═
2024-12-04 11:49:36,637 INFO     ___FILE_ONLY___ ═
2024-12-04 11:49:36,638 INFO     ___FILE_ONLY___ ═
2024-12-04 11:49:36,638 INFO     ___FILE_ONLY___ ═
2024-12-04 11:49:36,639 INFO     ___FILE_ONLY___ ═
2024-12-04 11:49:36,640 INFO     ___FILE_ONLY___ ═
2024-12-04 11:49:36,641 INFO     ___FILE_ONLY___ ═
2024-12-04 11:49:36,642 INFO     ___FILE_ONLY___ ═
2024-12-04 11:49:36,643 INFO     ___FILE_ONLY___ ═
2024-12-04 11:49:36,644 INFO     ___FILE_ONLY___ ═
2024-12-04 11:49:36,646 INFO     ___FILE_ONLY___ ═
2024-12-04 11:49:36,647 INFO     ___FILE_ONLY___ ═
2024-12-04 11:49:36,648 INFO     ___FILE_ONLY___ ═
2024-12-04 11:49:36,649 INFO     ___FILE_ONLY___ ═
2024-12-04 11:49:36,650 INFO     ___FILE_ONLY___ ═
2024-12-04 11:49:36,651 INFO     ___FILE_ONLY___ ═
2024-12-04 11:49:36,652 INFO     ___FILE_ONLY___ ═
2024-12-04 11:49:36,652 INFO     ___FILE_ONLY___ ═
2024-12-04 11:49:36,653 INFO     ___FILE_ONLY___ ═
2024-12-04 11:49:36,654 INFO     ___FILE_ONLY___ ═
2024-12-04 11:49:36,655 INFO     ___FILE_ONLY___ ═
2024-12-04 11:49:36,655 INFO     ___FILE_ONLY___ ═
2024-12-04 11:49:36,656 INFO     ___FILE_ONLY___ ═
2024-12-04 11:49:36,657 INFO     ___FILE_ONLY___ ═
2024-12-04 11:49:36,658 INFO     ___FILE_ONLY___ ═
2024-12-04 11:49:36,658 INFO     ___FILE_ONLY___ ═
2024-12-04 11:49:36,658 INFO     ___FILE_ONLY___ ╝

2024-12-04 11:49:36,673 INFO     ___FILE_ONLY___ ╔════════════════════════════════════════════════════════════╗

2024-12-04 11:49:36,674 INFO     ___FILE_ONLY___ ╠═ Installing: Google Cloud CLI Core Libraries (Platform... ═╣

2024-12-04 11:49:36,674 INFO     ___FILE_ONLY___ ╚
2024-12-04 11:49:36,675 INFO     ___FILE_ONLY___ ══════════════════════════════
2024-12-04 11:49:36,676 INFO     ___FILE_ONLY___ ══════════════════════════════
2024-12-04 11:49:36,676 INFO     ___FILE_ONLY___ ╝

2024-12-04 11:49:36,686 INFO     ___FILE_ONLY___ ╔════════════════════════════════════════════════════════════╗

2024-12-04 11:49:36,686 INFO     ___FILE_ONLY___ ╠═ Installing: Minikube                                     ═╣

2024-12-04 11:49:36,686 INFO     ___FILE_ONLY___ ╚
2024-12-04 11:49:36,688 INFO     ___FILE_ONLY___ ════════════════════════════════════════════════════════════
2024-12-04 11:49:36,688 INFO     ___FILE_ONLY___ ╝

2024-12-04 11:49:36,694 INFO     ___FILE_ONLY___ ╔════════════════════════════════════════════════════════════╗

2024-12-04 11:49:36,694 INFO     ___FILE_ONLY___ ╠═ Installing: Minikube (Platform Specific)                 ═╣

2024-12-04 11:49:36,694 INFO     ___FILE_ONLY___ ╚
2024-12-04 11:49:37,072 INFO     ___FILE_ONLY___ ════════════════════════════════════════════════════════════
2024-12-04 11:49:37,072 INFO     ___FILE_ONLY___ ╝

2024-12-04 11:49:37,085 INFO     ___FILE_ONLY___ ╔════════════════════════════════════════════════════════════╗

2024-12-04 11:49:37,085 INFO     ___FILE_ONLY___ ╠═ Installing: Skaffold                                     ═╣

2024-12-04 11:49:37,085 INFO     ___FILE_ONLY___ ╚
2024-12-04 11:49:37,087 INFO     ___FILE_ONLY___ ════════════════════════════════════════════════════════════
2024-12-04 11:49:37,087 INFO     ___FILE_ONLY___ ╝

2024-12-04 11:49:37,093 INFO     ___FILE_ONLY___ ╔════════════════════════════════════════════════════════════╗

2024-12-04 11:49:37,093 INFO     ___FILE_ONLY___ ╠═ Installing: Skaffold (Platform Specific)                 ═╣

2024-12-04 11:49:37,093 INFO     ___FILE_ONLY___ ╚
2024-12-04 11:49:37,435 INFO     ___FILE_ONLY___ ════════════════════════════════════════════════════════════
2024-12-04 11:49:37,435 INFO     ___FILE_ONLY___ ╝

2024-12-04 11:49:37,446 INFO     ___FILE_ONLY___ ╔════════════════════════════════════════════════════════════╗

2024-12-04 11:49:37,446 INFO     ___FILE_ONLY___ ╠═ Installing: gcloud Alpha Commands                        ═╣

2024-12-04 11:49:37,446 INFO     ___FILE_ONLY___ ╚
2024-12-04 11:49:37,447 INFO     ___FILE_ONLY___ ════════════════════════════════════════════════════════════
2024-12-04 11:49:37,447 INFO     ___FILE_ONLY___ ╝

2024-12-04 11:49:37,453 INFO     ___FILE_ONLY___ ╔════════════════════════════════════════════════════════════╗

2024-12-04 11:49:37,454 INFO     ___FILE_ONLY___ ╠═ Installing: gcloud Beta Commands                         ═╣

2024-12-04 11:49:37,454 INFO     ___FILE_ONLY___ ╚
2024-12-04 11:49:37,454 INFO     ___FILE_ONLY___ ════════════════════════════════════════════════════════════
2024-12-04 11:49:37,454 INFO     ___FILE_ONLY___ ╝

2024-12-04 11:49:37,460 INFO     ___FILE_ONLY___ ╔════════════════════════════════════════════════════════════╗

2024-12-04 11:49:37,460 INFO     ___FILE_ONLY___ ╠═ Installing: gcloud cli dependencies (Platform Specific)  ═╣

2024-12-04 11:49:37,460 INFO     ___FILE_ONLY___ ╚
2024-12-04 11:49:37,460 INFO     ___FILE_ONLY___ ════════════════════════════════════════════════════════════
2024-12-04 11:49:37,460 INFO     ___FILE_ONLY___ ╝

2024-12-04 11:49:37,466 INFO     ___FILE_ONLY___ ╔════════════════════════════════════════════════════════════╗

2024-12-04 11:49:37,466 INFO     ___FILE_ONLY___ ╠═ Installing: gke-gcloud-auth-plugin                       ═╣

2024-12-04 11:49:37,466 INFO     ___FILE_ONLY___ ╚
2024-12-04 11:49:37,468 INFO     ___FILE_ONLY___ ════════════════════════════════════════════════════════════
2024-12-04 11:49:37,468 INFO     ___FILE_ONLY___ ╝

2024-12-04 11:49:37,472 INFO     ___FILE_ONLY___ ╔════════════════════════════════════════════════════════════╗

2024-12-04 11:49:37,472 INFO     ___FILE_ONLY___ ╠═ Installing: gke-gcloud-auth-plugin (Platform Specific)   ═╣

2024-12-04 11:49:37,472 INFO     ___FILE_ONLY___ ╚
2024-12-04 11:49:37,520 INFO     ___FILE_ONLY___ ════════════════════════════════════════════════════════════
2024-12-04 11:49:37,520 INFO     ___FILE_ONLY___ ╝

2024-12-04 11:49:37,529 INFO     ___FILE_ONLY___ ╔════════════════════════════════════════════════════════════╗

2024-12-04 11:49:37,530 INFO     ___FILE_ONLY___ ╠═ Installing: kubectl                                      ═╣

2024-12-04 11:49:37,530 INFO     ___FILE_ONLY___ ╚
2024-12-04 11:49:37,531 INFO     ___FILE_ONLY___ ════════════════════════════════════════════════════════════
2024-12-04 11:49:37,531 INFO     ___FILE_ONLY___ ╝

2024-12-04 11:49:37,540 INFO     ___FILE_ONLY___ ╔════════════════════════════════════════════════════════════╗

2024-12-04 11:49:37,540 INFO     ___FILE_ONLY___ ╠═ Installing: kubectl (Platform Specific)                  ═╣

2024-12-04 11:49:37,540 INFO     ___FILE_ONLY___ ╚
2024-12-04 11:49:38,123 INFO     ___FILE_ONLY___ ══════════
2024-12-04 11:49:38,222 INFO     ___FILE_ONLY___ ══════════
2024-12-04 11:49:38,321 INFO     ___FILE_ONLY___ ══════════
2024-12-04 11:49:38,420 INFO     ___FILE_ONLY___ ══════════
2024-12-04 11:49:38,522 INFO     ___FILE_ONLY___ ══════════
2024-12-04 11:49:38,631 INFO     ___FILE_ONLY___ ══════════
2024-12-04 11:49:38,631 INFO     ___FILE_ONLY___ ╝

2024-12-04 11:49:38,638 DEBUG    root            Updating notification cache...
2024-12-04 11:49:38,639 INFO     ___FILE_ONLY___ 

2024-12-04 11:49:38,647 INFO     ___FILE_ONLY___ Performing post processing steps...
2024-12-04 11:49:38,647 DEBUG    root            Executing command: ['/Users/gabrielpaura/Library/Application Support/cloud-code/installer/google-cloud-sdk/bin/gcloud', 'components', 'post-process', '--no-compile-python']
2024-12-04 11:49:39,289 DEBUG    ___FILE_ONLY___ 
2024-12-04 11:49:39,289 DEBUG    ___FILE_ONLY___ 
2024-12-04 11:49:39,416 INFO     ___FILE_ONLY___ 
Update done!


2024-12-04 11:49:39,420 WARNING  root              There are other instances of Google Cloud tools on your system PATH.
  Please remove the following to avoid confusion or accidental invocation:

  /Applications/Docker.app/Contents/Resources/bin/kubectl

  
2024-12-04 11:49:39,422 DEBUG    root            Chosen display Format:none
2024-12-04 11:49:39,422 INFO     root            Display format: "none"
2024-12-04 11:49:39,424 DEBUG    root            Executing command: ['curl', '--silent', '-O', 'https://dl.google.com/dl/cloudsdk/channels/rapid/python-3.11.6-macos11.tar.gz']
2024-12-04 11:49:40,175 DEBUG    root            Executing command: ['tar', '-xf', 'python-3.11.6-macos11.tar.gz']
2024-12-04 11:49:40,238 DEBUG    root            Executing command: ['sudo', 'installer', '-target', '/', '-pkg', './python-3.11.6-macos11.pkg']
