2024-12-04 11:50:28,527 DEBUG    root            Metrics collector initialized...
2024-12-04 11:50:28,528 DEBUG    root            Loaded Command Group: ['gcloud', 'components']
2024-12-04 11:50:28,530 DEBUG    root            Loaded Command Group: ['gcloud', 'components', 'update']
2024-12-04 11:50:28,531 DEBUG    root            Running [gcloud.components.update] with arguments: [--no-compile-python: "False", --quiet: "True", COMPONENT-IDS:6: "['alpha', 'beta', 'gke-gcloud-auth-plugin', 'kubectl', 'skaffold', 'minikube']"]
2024-12-04 11:50:28,531 INFO     ___FILE_ONLY___ Beginning update. This process may take several minutes.

2024-12-04 11:50:28,548 DEBUG    urllib3.connectionpool Starting new HTTPS connection (1): dl.google.com:443
2024-12-04 11:50:28,701 DEBUG    urllib3.connectionpool https://dl.google.com:443 "GET /dl/cloudsdk/channels/rapid/components-2.json HTTP/1.1" 200 227816
2024-12-04 11:50:28,742 INFO     ___FILE_ONLY___ 

2024-12-04 11:50:28,743 INFO     ___FILE_ONLY___ 
Your current Google Cloud CLI version is: 502.0.0

2024-12-04 11:50:28,743 INFO     ___FILE_ONLY___ Installing components from version: 502.0.0

2024-12-04 11:50:28,743 INFO     ___FILE_ONLY___ 

2024-12-04 11:50:28,743 DEBUG    root            Chosen display Format:table[box,title="These components will be removed."](details.display_name:label=Name:align=left,version.version_string:label=Version:align=right,data.size.size(zero="",min=1048576):label=Size:align=right)
2024-12-04 11:50:28,744 DEBUG    root            Chosen display Format:table[box,title="These components will be updated."](details.display_name:label=Name:align=left,version.version_string:label=Version:align=right,data.size.size(zero="",min=1048576):label=Size:align=right)
2024-12-04 11:50:28,744 DEBUG    root            Chosen display Format:table[box,title="These components will be installed."](details.display_name:label=Name:align=left,version.version_string:label=Version:align=right,data.size.size(zero="",min=1048576):label=Size:align=right)
2024-12-04 11:50:28,777 INFO     ___FILE_ONLY___ ┌─────────────────────────────────────────────────────────────────────────────┐
2024-12-04 11:50:28,777 INFO     ___FILE_ONLY___ 

2024-12-04 11:50:28,777 INFO     ___FILE_ONLY___ │                     These components will be installed.                     │
2024-12-04 11:50:28,777 INFO     ___FILE_ONLY___ 

2024-12-04 11:50:28,777 INFO     ___FILE_ONLY___ ├─────────────────────────────────────────────────────┬────────────┬──────────┤
2024-12-04 11:50:28,777 INFO     ___FILE_ONLY___ 

2024-12-04 11:50:28,777 INFO     ___FILE_ONLY___ │                         Name                        │  Version   │   Size   │
2024-12-04 11:50:28,777 INFO     ___FILE_ONLY___ 

2024-12-04 11:50:28,777 INFO     ___FILE_ONLY___ ├─────────────────────────────────────────────────────┼────────────┼──────────┤
2024-12-04 11:50:28,777 INFO     ___FILE_ONLY___ 

2024-12-04 11:50:28,777 INFO     ___FILE_ONLY___ │ 
2024-12-04 11:50:28,777 INFO     ___FILE_ONLY___ Google Cloud CLI Core Libraries (Platform Specific)
2024-12-04 11:50:28,777 INFO     ___FILE_ONLY___  
2024-12-04 11:50:28,777 INFO     ___FILE_ONLY___ │ 
2024-12-04 11:50:28,777 INFO     ___FILE_ONLY___ 2024.08.30
2024-12-04 11:50:28,777 INFO     ___FILE_ONLY___  
2024-12-04 11:50:28,777 INFO     ___FILE_ONLY___ │ 
2024-12-04 11:50:28,777 INFO     ___FILE_ONLY___  < 1 MiB
2024-12-04 11:50:28,777 INFO     ___FILE_ONLY___  
2024-12-04 11:50:28,777 INFO     ___FILE_ONLY___ │
2024-12-04 11:50:28,777 INFO     ___FILE_ONLY___ 

2024-12-04 11:50:28,777 INFO     ___FILE_ONLY___ │ 
2024-12-04 11:50:28,777 INFO     ___FILE_ONLY___ Minikube (Platform Specific)                       
2024-12-04 11:50:28,777 INFO     ___FILE_ONLY___  
2024-12-04 11:50:28,777 INFO     ___FILE_ONLY___ │ 
2024-12-04 11:50:28,777 INFO     ___FILE_ONLY___     1.34.0
2024-12-04 11:50:28,777 INFO     ___FILE_ONLY___  
2024-12-04 11:50:28,777 INFO     ___FILE_ONLY___ │ 
2024-12-04 11:50:28,777 INFO     ___FILE_ONLY___ 37.2 MiB
2024-12-04 11:50:28,777 INFO     ___FILE_ONLY___  
2024-12-04 11:50:28,777 INFO     ___FILE_ONLY___ │
2024-12-04 11:50:28,778 INFO     ___FILE_ONLY___ 

2024-12-04 11:50:28,778 INFO     ___FILE_ONLY___ │ 
2024-12-04 11:50:28,778 INFO     ___FILE_ONLY___ Skaffold (Platform Specific)                       
2024-12-04 11:50:28,778 INFO     ___FILE_ONLY___  
2024-12-04 11:50:28,778 INFO     ___FILE_ONLY___ │ 
2024-12-04 11:50:28,778 INFO     ___FILE_ONLY___     2.13.1
2024-12-04 11:50:28,778 INFO     ___FILE_ONLY___  
2024-12-04 11:50:28,778 INFO     ___FILE_ONLY___ │ 
2024-12-04 11:50:28,778 INFO     ___FILE_ONLY___ 22.9 MiB
2024-12-04 11:50:28,778 INFO     ___FILE_ONLY___  
2024-12-04 11:50:28,778 INFO     ___FILE_ONLY___ │
2024-12-04 11:50:28,778 INFO     ___FILE_ONLY___ 

2024-12-04 11:50:28,778 INFO     ___FILE_ONLY___ │ 
2024-12-04 11:50:28,778 INFO     ___FILE_ONLY___ gcloud Alpha Commands                              
2024-12-04 11:50:28,778 INFO     ___FILE_ONLY___  
2024-12-04 11:50:28,778 INFO     ___FILE_ONLY___ │ 
2024-12-04 11:50:28,778 INFO     ___FILE_ONLY___ 2024.11.15
2024-12-04 11:50:28,778 INFO     ___FILE_ONLY___  
2024-12-04 11:50:28,778 INFO     ___FILE_ONLY___ │ 
2024-12-04 11:50:28,778 INFO     ___FILE_ONLY___  < 1 MiB
2024-12-04 11:50:28,778 INFO     ___FILE_ONLY___  
2024-12-04 11:50:28,778 INFO     ___FILE_ONLY___ │
2024-12-04 11:50:28,778 INFO     ___FILE_ONLY___ 

2024-12-04 11:50:28,778 INFO     ___FILE_ONLY___ │ 
2024-12-04 11:50:28,778 INFO     ___FILE_ONLY___ gcloud Beta Commands                               
2024-12-04 11:50:28,778 INFO     ___FILE_ONLY___  
2024-12-04 11:50:28,778 INFO     ___FILE_ONLY___ │ 
2024-12-04 11:50:28,778 INFO     ___FILE_ONLY___ 2024.11.15
2024-12-04 11:50:28,778 INFO     ___FILE_ONLY___  
2024-12-04 11:50:28,778 INFO     ___FILE_ONLY___ │ 
2024-12-04 11:50:28,778 INFO     ___FILE_ONLY___  < 1 MiB
2024-12-04 11:50:28,778 INFO     ___FILE_ONLY___  
2024-12-04 11:50:28,778 INFO     ___FILE_ONLY___ │
2024-12-04 11:50:28,778 INFO     ___FILE_ONLY___ 

2024-12-04 11:50:28,778 INFO     ___FILE_ONLY___ │ 
2024-12-04 11:50:28,778 INFO     ___FILE_ONLY___ gcloud cli dependencies (Platform Specific)        
2024-12-04 11:50:28,778 INFO     ___FILE_ONLY___  
2024-12-04 11:50:28,778 INFO     ___FILE_ONLY___ │ 
2024-12-04 11:50:28,778 INFO     ___FILE_ONLY___ 2021.04.16
2024-12-04 11:50:28,778 INFO     ___FILE_ONLY___  
2024-12-04 11:50:28,778 INFO     ___FILE_ONLY___ │ 
2024-12-04 11:50:28,778 INFO     ___FILE_ONLY___  < 1 MiB
2024-12-04 11:50:28,778 INFO     ___FILE_ONLY___  
2024-12-04 11:50:28,778 INFO     ___FILE_ONLY___ │
2024-12-04 11:50:28,778 INFO     ___FILE_ONLY___ 

2024-12-04 11:50:28,778 INFO     ___FILE_ONLY___ │ 
2024-12-04 11:50:28,778 INFO     ___FILE_ONLY___ gke-gcloud-auth-plugin (Platform Specific)         
2024-12-04 11:50:28,778 INFO     ___FILE_ONLY___  
2024-12-04 11:50:28,779 INFO     ___FILE_ONLY___ │ 
2024-12-04 11:50:28,779 INFO     ___FILE_ONLY___      0.5.9
2024-12-04 11:50:28,779 INFO     ___FILE_ONLY___  
2024-12-04 11:50:28,779 INFO     ___FILE_ONLY___ │ 
2024-12-04 11:50:28,779 INFO     ___FILE_ONLY___  4.0 MiB
2024-12-04 11:50:28,779 INFO     ___FILE_ONLY___  
2024-12-04 11:50:28,779 INFO     ___FILE_ONLY___ │
2024-12-04 11:50:28,779 INFO     ___FILE_ONLY___ 

2024-12-04 11:50:28,779 INFO     ___FILE_ONLY___ │ 
2024-12-04 11:50:28,779 INFO     ___FILE_ONLY___ kubectl                                            
2024-12-04 11:50:28,779 INFO     ___FILE_ONLY___  
2024-12-04 11:50:28,779 INFO     ___FILE_ONLY___ │ 
2024-12-04 11:50:28,779 INFO     ___FILE_ONLY___     1.30.5
2024-12-04 11:50:28,779 INFO     ___FILE_ONLY___  
2024-12-04 11:50:28,779 INFO     ___FILE_ONLY___ │ 
2024-12-04 11:50:28,779 INFO     ___FILE_ONLY___  < 1 MiB
2024-12-04 11:50:28,779 INFO     ___FILE_ONLY___  
2024-12-04 11:50:28,779 INFO     ___FILE_ONLY___ │
2024-12-04 11:50:28,779 INFO     ___FILE_ONLY___ 

2024-12-04 11:50:28,779 INFO     ___FILE_ONLY___ │ 
2024-12-04 11:50:28,779 INFO     ___FILE_ONLY___ kubectl (Platform Specific)                        
2024-12-04 11:50:28,779 INFO     ___FILE_ONLY___  
2024-12-04 11:50:28,779 INFO     ___FILE_ONLY___ │ 
2024-12-04 11:50:28,779 INFO     ___FILE_ONLY___     1.30.6
2024-12-04 11:50:28,779 INFO     ___FILE_ONLY___  
2024-12-04 11:50:28,779 INFO     ___FILE_ONLY___ │ 
2024-12-04 11:50:28,779 INFO     ___FILE_ONLY___ 86.1 MiB
2024-12-04 11:50:28,779 INFO     ___FILE_ONLY___  
2024-12-04 11:50:28,779 INFO     ___FILE_ONLY___ │
2024-12-04 11:50:28,779 INFO     ___FILE_ONLY___ 

2024-12-04 11:50:28,779 INFO     ___FILE_ONLY___ └─────────────────────────────────────────────────────┴────────────┴──────────┘
2024-12-04 11:50:28,779 INFO     ___FILE_ONLY___ 

2024-12-04 11:50:28,779 INFO     ___FILE_ONLY___ 

2024-12-04 11:50:28,781 DEBUG    urllib3.connectionpool Starting new HTTPS connection (1): dl.google.com:443
2024-12-04 11:50:28,930 DEBUG    urllib3.connectionpool https://dl.google.com:443 "GET /dl/cloudsdk/channels/rapid/RELEASE_NOTES HTTP/1.1" 200 1314602
2024-12-04 11:50:29,031 INFO     ___FILE_ONLY___ For the latest full release notes, please visit:
  https://cloud.google.com/sdk/release_notes


2024-12-04 11:50:29,032 INFO     ___FILE_ONLY___ Performing in place update...


2024-12-04 11:50:29,044 INFO     ___FILE_ONLY___ ╔════════════════════════════════════════════════════════════╗

2024-12-04 11:50:29,044 INFO     ___FILE_ONLY___ ╠═ Downloading: Google Cloud CLI Core Libraries (Platfor... ═╣

2024-12-04 11:50:29,044 INFO     ___FILE_ONLY___ ╚
2024-12-04 11:50:29,051 DEBUG    urllib3.connectionpool Starting new HTTPS connection (1): dl.google.com:443
2024-12-04 11:50:29,200 DEBUG    urllib3.connectionpool https://dl.google.com:443 "GET /dl/cloudsdk/channels/rapid/components/google-cloud-sdk-core-nix-20240830134514.tar.gz HTTP/1.1" 200 2306
2024-12-04 11:50:29,201 INFO     ___FILE_ONLY___ ════════════════════════════════════════════════════════════
2024-12-04 11:50:29,201 INFO     ___FILE_ONLY___ ╝

2024-12-04 11:50:29,222 INFO     ___FILE_ONLY___ ╔════════════════════════════════════════════════════════════╗

2024-12-04 11:50:29,223 INFO     ___FILE_ONLY___ ╠═ Downloading: Minikube                                    ═╣

2024-12-04 11:50:29,223 INFO     ___FILE_ONLY___ ╚
2024-12-04 11:50:29,223 INFO     ___FILE_ONLY___ ════════════════════════════════════════════════════════════
2024-12-04 11:50:29,223 INFO     ___FILE_ONLY___ ╝

2024-12-04 11:50:29,232 INFO     ___FILE_ONLY___ ╔════════════════════════════════════════════════════════════╗

2024-12-04 11:50:29,233 INFO     ___FILE_ONLY___ ╠═ Downloading: Minikube (Platform Specific)                ═╣

2024-12-04 11:50:29,233 INFO     ___FILE_ONLY___ ╚
2024-12-04 11:50:29,236 DEBUG    urllib3.connectionpool Starting new HTTPS connection (1): dl.google.com:443
2024-12-04 11:50:29,392 DEBUG    urllib3.connectionpool https://dl.google.com:443 "GET /dl/cloudsdk/channels/rapid/components/google-cloud-sdk-minikube-darwin-arm-20240927140238.tar.gz HTTP/1.1" 200 38981244
2024-12-04 11:50:29,911 INFO     ___FILE_ONLY___ ═
2024-12-04 11:50:29,912 INFO     ___FILE_ONLY___ ═
2024-12-04 11:50:29,913 INFO     ___FILE_ONLY___ ═
2024-12-04 11:50:29,913 INFO     ___FILE_ONLY___ ═
2024-12-04 11:50:29,914 INFO     ___FILE_ONLY___ ═
2024-12-04 11:50:29,915 INFO     ___FILE_ONLY___ ═
2024-12-04 11:50:29,915 INFO     ___FILE_ONLY___ ═
2024-12-04 11:50:29,916 INFO     ___FILE_ONLY___ ═
2024-12-04 11:50:29,917 INFO     ___FILE_ONLY___ ═
2024-12-04 11:50:29,917 INFO     ___FILE_ONLY___ ═
2024-12-04 11:50:29,918 INFO     ___FILE_ONLY___ ═
2024-12-04 11:50:29,918 INFO     ___FILE_ONLY___ ═
2024-12-04 11:50:29,919 INFO     ___FILE_ONLY___ ═
2024-12-04 11:50:29,920 INFO     ___FILE_ONLY___ ═
2024-12-04 11:50:29,921 INFO     ___FILE_ONLY___ ═
2024-12-04 11:50:29,922 INFO     ___FILE_ONLY___ ═
2024-12-04 11:50:29,922 INFO     ___FILE_ONLY___ ═
2024-12-04 11:50:29,923 INFO     ___FILE_ONLY___ ═
2024-12-04 11:50:29,923 INFO     ___FILE_ONLY___ ═
2024-12-04 11:50:29,924 INFO     ___FILE_ONLY___ ═
2024-12-04 11:50:29,925 INFO     ___FILE_ONLY___ ═
2024-12-04 11:50:29,925 INFO     ___FILE_ONLY___ ═
2024-12-04 11:50:29,926 INFO     ___FILE_ONLY___ ═
2024-12-04 11:50:29,926 INFO     ___FILE_ONLY___ ═
2024-12-04 11:50:29,927 INFO     ___FILE_ONLY___ ═
2024-12-04 11:50:29,928 INFO     ___FILE_ONLY___ ═
2024-12-04 11:50:29,928 INFO     ___FILE_ONLY___ ═
2024-12-04 11:50:29,929 INFO     ___FILE_ONLY___ ═
2024-12-04 11:50:29,929 INFO     ___FILE_ONLY___ ═
2024-12-04 11:50:29,930 INFO     ___FILE_ONLY___ ═
2024-12-04 11:50:29,931 INFO     ___FILE_ONLY___ ═
2024-12-04 11:50:29,931 INFO     ___FILE_ONLY___ ═
2024-12-04 11:50:29,932 INFO     ___FILE_ONLY___ ═
2024-12-04 11:50:29,932 INFO     ___FILE_ONLY___ ═
2024-12-04 11:50:29,932 INFO     ___FILE_ONLY___ ═
2024-12-04 11:50:29,933 INFO     ___FILE_ONLY___ ═
2024-12-04 11:50:29,933 INFO     ___FILE_ONLY___ ═
2024-12-04 11:50:29,934 INFO     ___FILE_ONLY___ ═
2024-12-04 11:50:29,934 INFO     ___FILE_ONLY___ ═
2024-12-04 11:50:29,935 INFO     ___FILE_ONLY___ ═
2024-12-04 11:50:29,935 INFO     ___FILE_ONLY___ ═
2024-12-04 11:50:29,936 INFO     ___FILE_ONLY___ ═
2024-12-04 11:50:29,936 INFO     ___FILE_ONLY___ ═
2024-12-04 11:50:29,937 INFO     ___FILE_ONLY___ ═
2024-12-04 11:50:29,937 INFO     ___FILE_ONLY___ ═
2024-12-04 11:50:29,938 INFO     ___FILE_ONLY___ ═
2024-12-04 11:50:29,938 INFO     ___FILE_ONLY___ ═
2024-12-04 11:50:29,939 INFO     ___FILE_ONLY___ ═
2024-12-04 11:50:29,939 INFO     ___FILE_ONLY___ ═
2024-12-04 11:50:29,939 INFO     ___FILE_ONLY___ ═
2024-12-04 11:50:29,940 INFO     ___FILE_ONLY___ ═
2024-12-04 11:50:29,940 INFO     ___FILE_ONLY___ ═
2024-12-04 11:50:29,941 INFO     ___FILE_ONLY___ ═
2024-12-04 11:50:29,941 INFO     ___FILE_ONLY___ ═
2024-12-04 11:50:29,943 INFO     ___FILE_ONLY___ ═
2024-12-04 11:50:29,943 INFO     ___FILE_ONLY___ ═
2024-12-04 11:50:29,944 INFO     ___FILE_ONLY___ ═
2024-12-04 11:50:29,944 INFO     ___FILE_ONLY___ ═
2024-12-04 11:50:29,945 INFO     ___FILE_ONLY___ ═
2024-12-04 11:50:29,945 INFO     ___FILE_ONLY___ ═
2024-12-04 11:50:29,945 INFO     ___FILE_ONLY___ ╝

2024-12-04 11:50:29,954 INFO     ___FILE_ONLY___ ╔════════════════════════════════════════════════════════════╗

2024-12-04 11:50:29,954 INFO     ___FILE_ONLY___ ╠═ Downloading: Skaffold                                    ═╣

2024-12-04 11:50:29,954 INFO     ___FILE_ONLY___ ╚
2024-12-04 11:50:29,954 INFO     ___FILE_ONLY___ ════════════════════════════════════════════════════════════
2024-12-04 11:50:29,954 INFO     ___FILE_ONLY___ ╝

2024-12-04 11:50:29,959 INFO     ___FILE_ONLY___ ╔════════════════════════════════════════════════════════════╗

2024-12-04 11:50:29,959 INFO     ___FILE_ONLY___ ╠═ Downloading: Skaffold (Platform Specific)                ═╣

2024-12-04 11:50:29,959 INFO     ___FILE_ONLY___ ╚
2024-12-04 11:50:29,961 DEBUG    urllib3.connectionpool Starting new HTTPS connection (1): dl.google.com:443
2024-12-04 11:50:30,118 DEBUG    urllib3.connectionpool https://dl.google.com:443 "GET /dl/cloudsdk/channels/rapid/components/google-cloud-sdk-skaffold-darwin-arm-20240806142304.tar.gz HTTP/1.1" 200 24031362
2024-12-04 11:50:30,458 INFO     ___FILE_ONLY___ ═
2024-12-04 11:50:30,459 INFO     ___FILE_ONLY___ ═
2024-12-04 11:50:30,460 INFO     ___FILE_ONLY___ ═
2024-12-04 11:50:30,460 INFO     ___FILE_ONLY___ ═
2024-12-04 11:50:30,461 INFO     ___FILE_ONLY___ ═
2024-12-04 11:50:30,461 INFO     ___FILE_ONLY___ ═
2024-12-04 11:50:30,462 INFO     ___FILE_ONLY___ ═
2024-12-04 11:50:30,462 INFO     ___FILE_ONLY___ ═
2024-12-04 11:50:30,463 INFO     ___FILE_ONLY___ ═
2024-12-04 11:50:30,464 INFO     ___FILE_ONLY___ ═
2024-12-04 11:50:30,464 INFO     ___FILE_ONLY___ ═
2024-12-04 11:50:30,465 INFO     ___FILE_ONLY___ ═
2024-12-04 11:50:30,465 INFO     ___FILE_ONLY___ ═
2024-12-04 11:50:30,465 INFO     ___FILE_ONLY___ ═
2024-12-04 11:50:30,466 INFO     ___FILE_ONLY___ ═
2024-12-04 11:50:30,466 INFO     ___FILE_ONLY___ ═
2024-12-04 11:50:30,467 INFO     ___FILE_ONLY___ ═
2024-12-04 11:50:30,467 INFO     ___FILE_ONLY___ ═
2024-12-04 11:50:30,468 INFO     ___FILE_ONLY___ ═
2024-12-04 11:50:30,468 INFO     ___FILE_ONLY___ ═
2024-12-04 11:50:30,469 INFO     ___FILE_ONLY___ ═
2024-12-04 11:50:30,469 INFO     ___FILE_ONLY___ ═
2024-12-04 11:50:30,470 INFO     ___FILE_ONLY___ ═
2024-12-04 11:50:30,470 INFO     ___FILE_ONLY___ ═
2024-12-04 11:50:30,470 INFO     ___FILE_ONLY___ ═
2024-12-04 11:50:30,471 INFO     ___FILE_ONLY___ ═
2024-12-04 11:50:30,471 INFO     ___FILE_ONLY___ ═
2024-12-04 11:50:30,472 INFO     ___FILE_ONLY___ ═
2024-12-04 11:50:30,472 INFO     ___FILE_ONLY___ ═
2024-12-04 11:50:30,472 INFO     ___FILE_ONLY___ ═
2024-12-04 11:50:30,473 INFO     ___FILE_ONLY___ ═
2024-12-04 11:50:30,473 INFO     ___FILE_ONLY___ ═
2024-12-04 11:50:30,473 INFO     ___FILE_ONLY___ ═
2024-12-04 11:50:30,474 INFO     ___FILE_ONLY___ ═
2024-12-04 11:50:30,474 INFO     ___FILE_ONLY___ ═
2024-12-04 11:50:30,474 INFO     ___FILE_ONLY___ ═
2024-12-04 11:50:30,475 INFO     ___FILE_ONLY___ ═
2024-12-04 11:50:30,475 INFO     ___FILE_ONLY___ ═
2024-12-04 11:50:30,476 INFO     ___FILE_ONLY___ ═
2024-12-04 11:50:30,476 INFO     ___FILE_ONLY___ ═
2024-12-04 11:50:30,476 INFO     ___FILE_ONLY___ ═
2024-12-04 11:50:30,477 INFO     ___FILE_ONLY___ ═
2024-12-04 11:50:30,477 INFO     ___FILE_ONLY___ ═
2024-12-04 11:50:30,478 INFO     ___FILE_ONLY___ ═
2024-12-04 11:50:30,478 INFO     ___FILE_ONLY___ ═
2024-12-04 11:50:30,479 INFO     ___FILE_ONLY___ ═
2024-12-04 11:50:30,479 INFO     ___FILE_ONLY___ ═
2024-12-04 11:50:30,480 INFO     ___FILE_ONLY___ ═
2024-12-04 11:50:30,480 INFO     ___FILE_ONLY___ ═
2024-12-04 11:50:30,480 INFO     ___FILE_ONLY___ ═
2024-12-04 11:50:30,481 INFO     ___FILE_ONLY___ ═
2024-12-04 11:50:30,481 INFO     ___FILE_ONLY___ ═
2024-12-04 11:50:30,481 INFO     ___FILE_ONLY___ ═
2024-12-04 11:50:30,482 INFO     ___FILE_ONLY___ ═
2024-12-04 11:50:30,482 INFO     ___FILE_ONLY___ ═
2024-12-04 11:50:30,482 INFO     ___FILE_ONLY___ ═
2024-12-04 11:50:30,482 INFO     ___FILE_ONLY___ ═
2024-12-04 11:50:30,483 INFO     ___FILE_ONLY___ ═
2024-12-04 11:50:30,483 INFO     ___FILE_ONLY___ ═
2024-12-04 11:50:30,483 INFO     ___FILE_ONLY___ ═
2024-12-04 11:50:30,483 INFO     ___FILE_ONLY___ ╝

2024-12-04 11:50:30,499 INFO     ___FILE_ONLY___ ╔════════════════════════════════════════════════════════════╗

2024-12-04 11:50:30,499 INFO     ___FILE_ONLY___ ╠═ Downloading: gcloud Alpha Commands                       ═╣

2024-12-04 11:50:30,499 INFO     ___FILE_ONLY___ ╚
2024-12-04 11:50:30,501 DEBUG    urllib3.connectionpool Starting new HTTPS connection (1): dl.google.com:443
2024-12-04 11:50:30,651 DEBUG    urllib3.connectionpool https://dl.google.com:443 "GET /dl/cloudsdk/channels/rapid/components/google-cloud-sdk-alpha-20241115154308.tar.gz HTTP/1.1" 200 800
2024-12-04 11:50:30,652 INFO     ___FILE_ONLY___ ════════════════════════════════════════════════════════════
2024-12-04 11:50:30,652 INFO     ___FILE_ONLY___ ╝

2024-12-04 11:50:30,668 INFO     ___FILE_ONLY___ ╔════════════════════════════════════════════════════════════╗

2024-12-04 11:50:30,668 INFO     ___FILE_ONLY___ ╠═ Downloading: gcloud Beta Commands                        ═╣

2024-12-04 11:50:30,668 INFO     ___FILE_ONLY___ ╚
2024-12-04 11:50:30,672 DEBUG    urllib3.connectionpool Starting new HTTPS connection (1): dl.google.com:443
2024-12-04 11:50:30,825 DEBUG    urllib3.connectionpool https://dl.google.com:443 "GET /dl/cloudsdk/channels/rapid/components/google-cloud-sdk-beta-20241115154308.tar.gz HTTP/1.1" 200 797
2024-12-04 11:50:30,827 INFO     ___FILE_ONLY___ ════════════════════════════════════════════════════════════
2024-12-04 11:50:30,827 INFO     ___FILE_ONLY___ ╝

2024-12-04 11:50:30,844 INFO     ___FILE_ONLY___ ╔════════════════════════════════════════════════════════════╗

2024-12-04 11:50:30,844 INFO     ___FILE_ONLY___ ╠═ Downloading: gcloud cli dependencies (Platform Specific) ═╣

2024-12-04 11:50:30,844 INFO     ___FILE_ONLY___ ╚
2024-12-04 11:50:30,848 DEBUG    urllib3.connectionpool Starting new HTTPS connection (1): dl.google.com:443
2024-12-04 11:50:31,002 DEBUG    urllib3.connectionpool https://dl.google.com:443 "GET /dl/cloudsdk/channels/rapid/components/google-cloud-sdk-gcloud-deps-darwin-x86_64-20210416153011.tar.gz HTTP/1.1" 200 105
2024-12-04 11:50:31,003 INFO     ___FILE_ONLY___ ════════════════════════════════════════════════════════════
2024-12-04 11:50:31,004 INFO     ___FILE_ONLY___ ╝

2024-12-04 11:50:31,022 INFO     ___FILE_ONLY___ ╔════════════════════════════════════════════════════════════╗

2024-12-04 11:50:31,022 INFO     ___FILE_ONLY___ ╠═ Downloading: gke-gcloud-auth-plugin                      ═╣

2024-12-04 11:50:31,022 INFO     ___FILE_ONLY___ ╚
2024-12-04 11:50:31,022 INFO     ___FILE_ONLY___ ════════════════════════════════════════════════════════════
2024-12-04 11:50:31,022 INFO     ___FILE_ONLY___ ╝

2024-12-04 11:50:31,033 INFO     ___FILE_ONLY___ ╔════════════════════════════════════════════════════════════╗

2024-12-04 11:50:31,033 INFO     ___FILE_ONLY___ ╠═ Downloading: gke-gcloud-auth-plugin (Platform Specific)  ═╣

2024-12-04 11:50:31,033 INFO     ___FILE_ONLY___ ╚
2024-12-04 11:50:31,037 DEBUG    urllib3.connectionpool Starting new HTTPS connection (1): dl.google.com:443
2024-12-04 11:50:31,198 DEBUG    urllib3.connectionpool https://dl.google.com:443 "GET /dl/cloudsdk/channels/rapid/components/google-cloud-sdk-gke-gcloud-auth-plugin-darwin-arm-20240628141907.tar.gz HTTP/1.1" 200 4148014
2024-12-04 11:50:31,304 INFO     ___FILE_ONLY___ ═
2024-12-04 11:50:31,304 INFO     ___FILE_ONLY___ ═
2024-12-04 11:50:31,304 INFO     ___FILE_ONLY___ ═
2024-12-04 11:50:31,304 INFO     ___FILE_ONLY___ ═
2024-12-04 11:50:31,304 INFO     ___FILE_ONLY___ ═
2024-12-04 11:50:31,305 INFO     ___FILE_ONLY___ ═
2024-12-04 11:50:31,305 INFO     ___FILE_ONLY___ ═
2024-12-04 11:50:31,305 INFO     ___FILE_ONLY___ ═
2024-12-04 11:50:31,305 INFO     ___FILE_ONLY___ ═
2024-12-04 11:50:31,305 INFO     ___FILE_ONLY___ ═
2024-12-04 11:50:31,305 INFO     ___FILE_ONLY___ ═
2024-12-04 11:50:31,306 INFO     ___FILE_ONLY___ ═
2024-12-04 11:50:31,306 INFO     ___FILE_ONLY___ ═
2024-12-04 11:50:31,306 INFO     ___FILE_ONLY___ ═
2024-12-04 11:50:31,306 INFO     ___FILE_ONLY___ ═
2024-12-04 11:50:31,306 INFO     ___FILE_ONLY___ ═
2024-12-04 11:50:31,306 INFO     ___FILE_ONLY___ ═
2024-12-04 11:50:31,306 INFO     ___FILE_ONLY___ ═
2024-12-04 11:50:31,306 INFO     ___FILE_ONLY___ ═
2024-12-04 11:50:31,307 INFO     ___FILE_ONLY___ ═
2024-12-04 11:50:31,307 INFO     ___FILE_ONLY___ ═
2024-12-04 11:50:31,307 INFO     ___FILE_ONLY___ ═
2024-12-04 11:50:31,307 INFO     ___FILE_ONLY___ ═
2024-12-04 11:50:31,307 INFO     ___FILE_ONLY___ ═
2024-12-04 11:50:31,307 INFO     ___FILE_ONLY___ ═
2024-12-04 11:50:31,307 INFO     ___FILE_ONLY___ ═
2024-12-04 11:50:31,307 INFO     ___FILE_ONLY___ ═
2024-12-04 11:50:31,307 INFO     ___FILE_ONLY___ ═
2024-12-04 11:50:31,308 INFO     ___FILE_ONLY___ ═
2024-12-04 11:50:31,308 INFO     ___FILE_ONLY___ ═
2024-12-04 11:50:31,308 INFO     ___FILE_ONLY___ ═
2024-12-04 11:50:31,308 INFO     ___FILE_ONLY___ ═
2024-12-04 11:50:31,308 INFO     ___FILE_ONLY___ ═
2024-12-04 11:50:31,308 INFO     ___FILE_ONLY___ ═
2024-12-04 11:50:31,309 INFO     ___FILE_ONLY___ ═
2024-12-04 11:50:31,309 INFO     ___FILE_ONLY___ ═
2024-12-04 11:50:31,309 INFO     ___FILE_ONLY___ ═
2024-12-04 11:50:31,309 INFO     ___FILE_ONLY___ ═
2024-12-04 11:50:31,309 INFO     ___FILE_ONLY___ ═
2024-12-04 11:50:31,309 INFO     ___FILE_ONLY___ ═
2024-12-04 11:50:31,309 INFO     ___FILE_ONLY___ ═
2024-12-04 11:50:31,310 INFO     ___FILE_ONLY___ ═
2024-12-04 11:50:31,310 INFO     ___FILE_ONLY___ ═
2024-12-04 11:50:31,310 INFO     ___FILE_ONLY___ ═
2024-12-04 11:50:31,311 INFO     ___FILE_ONLY___ ═
2024-12-04 11:50:31,312 INFO     ___FILE_ONLY___ ═
2024-12-04 11:50:31,312 INFO     ___FILE_ONLY___ ═
2024-12-04 11:50:31,313 INFO     ___FILE_ONLY___ ═
2024-12-04 11:50:31,313 INFO     ___FILE_ONLY___ ═
2024-12-04 11:50:31,313 INFO     ___FILE_ONLY___ ═
2024-12-04 11:50:31,313 INFO     ___FILE_ONLY___ ═
2024-12-04 11:50:31,313 INFO     ___FILE_ONLY___ ═
2024-12-04 11:50:31,314 INFO     ___FILE_ONLY___ ═
2024-12-04 11:50:31,314 INFO     ___FILE_ONLY___ ═
2024-12-04 11:50:31,314 INFO     ___FILE_ONLY___ ═
2024-12-04 11:50:31,314 INFO     ___FILE_ONLY___ ═
2024-12-04 11:50:31,314 INFO     ___FILE_ONLY___ ═
2024-12-04 11:50:31,314 INFO     ___FILE_ONLY___ ═
2024-12-04 11:50:31,314 INFO     ___FILE_ONLY___ ═
2024-12-04 11:50:31,315 INFO     ___FILE_ONLY___ ═
2024-12-04 11:50:31,315 INFO     ___FILE_ONLY___ ╝

2024-12-04 11:50:31,328 INFO     ___FILE_ONLY___ ╔════════════════════════════════════════════════════════════╗

2024-12-04 11:50:31,328 INFO     ___FILE_ONLY___ ╠═ Downloading: kubectl                                     ═╣

2024-12-04 11:50:31,328 INFO     ___FILE_ONLY___ ╚
2024-12-04 11:50:31,340 DEBUG    urllib3.connectionpool Starting new HTTPS connection (1): dl.google.com:443
2024-12-04 11:50:31,491 DEBUG    urllib3.connectionpool https://dl.google.com:443 "GET /dl/cloudsdk/channels/rapid/components/google-cloud-sdk-kubectl-20241004144944.tar.gz HTTP/1.1" 200 36206
2024-12-04 11:50:31,502 INFO     ___FILE_ONLY___ ═══════════════════════════
2024-12-04 11:50:31,502 INFO     ___FILE_ONLY___ ═══════════════════════════
2024-12-04 11:50:31,502 INFO     ___FILE_ONLY___ ══════
2024-12-04 11:50:31,502 INFO     ___FILE_ONLY___ ╝

2024-12-04 11:50:31,514 INFO     ___FILE_ONLY___ ╔════════════════════════════════════════════════════════════╗

2024-12-04 11:50:31,515 INFO     ___FILE_ONLY___ ╠═ Downloading: kubectl (Platform Specific)                 ═╣

2024-12-04 11:50:31,515 INFO     ___FILE_ONLY___ ╚
2024-12-04 11:50:31,519 DEBUG    urllib3.connectionpool Starting new HTTPS connection (1): dl.google.com:443
2024-12-04 11:50:31,670 DEBUG    urllib3.connectionpool https://dl.google.com:443 "GET /dl/cloudsdk/channels/rapid/components/google-cloud-sdk-kubectl-darwin-arm-20241108162203.tar.gz HTTP/1.1" 200 90277960
2024-12-04 11:50:32,863 INFO     ___FILE_ONLY___ ═
2024-12-04 11:50:32,864 INFO     ___FILE_ONLY___ ═
2024-12-04 11:50:32,866 INFO     ___FILE_ONLY___ ═
2024-12-04 11:50:32,867 INFO     ___FILE_ONLY___ ═
2024-12-04 11:50:32,868 INFO     ___FILE_ONLY___ ═
2024-12-04 11:50:32,869 INFO     ___FILE_ONLY___ ═
2024-12-04 11:50:32,870 INFO     ___FILE_ONLY___ ═
2024-12-04 11:50:32,871 INFO     ___FILE_ONLY___ ═
2024-12-04 11:50:32,872 INFO     ___FILE_ONLY___ ═
2024-12-04 11:50:32,872 INFO     ___FILE_ONLY___ ═
2024-12-04 11:50:32,873 INFO     ___FILE_ONLY___ ═
2024-12-04 11:50:32,874 INFO     ___FILE_ONLY___ ═
2024-12-04 11:50:32,875 INFO     ___FILE_ONLY___ ═
2024-12-04 11:50:32,876 INFO     ___FILE_ONLY___ ═
2024-12-04 11:50:32,877 INFO     ___FILE_ONLY___ ═
2024-12-04 11:50:32,878 INFO     ___FILE_ONLY___ ═
2024-12-04 11:50:32,879 INFO     ___FILE_ONLY___ ═
2024-12-04 11:50:32,880 INFO     ___FILE_ONLY___ ═
2024-12-04 11:50:32,881 INFO     ___FILE_ONLY___ ═
2024-12-04 11:50:32,882 INFO     ___FILE_ONLY___ ═
2024-12-04 11:50:32,883 INFO     ___FILE_ONLY___ ═
2024-12-04 11:50:32,885 INFO     ___FILE_ONLY___ ═
2024-12-04 11:50:32,886 INFO     ___FILE_ONLY___ ═
2024-12-04 11:50:32,887 INFO     ___FILE_ONLY___ ═
2024-12-04 11:50:32,887 INFO     ___FILE_ONLY___ ═
2024-12-04 11:50:32,888 INFO     ___FILE_ONLY___ ═
2024-12-04 11:50:32,889 INFO     ___FILE_ONLY___ ═
2024-12-04 11:50:32,891 INFO     ___FILE_ONLY___ ═
2024-12-04 11:50:32,892 INFO     ___FILE_ONLY___ ═
2024-12-04 11:50:32,892 INFO     ___FILE_ONLY___ ═
2024-12-04 11:50:32,893 INFO     ___FILE_ONLY___ ═
2024-12-04 11:50:32,894 INFO     ___FILE_ONLY___ ═
2024-12-04 11:50:32,895 INFO     ___FILE_ONLY___ ═
2024-12-04 11:50:32,896 INFO     ___FILE_ONLY___ ═
2024-12-04 11:50:32,897 INFO     ___FILE_ONLY___ ═
2024-12-04 11:50:32,898 INFO     ___FILE_ONLY___ ═
2024-12-04 11:50:32,898 INFO     ___FILE_ONLY___ ═
2024-12-04 11:50:32,899 INFO     ___FILE_ONLY___ ═
2024-12-04 11:50:32,901 INFO     ___FILE_ONLY___ ═
2024-12-04 11:50:32,902 INFO     ___FILE_ONLY___ ═
2024-12-04 11:50:32,903 INFO     ___FILE_ONLY___ ═
2024-12-04 11:50:32,903 INFO     ___FILE_ONLY___ ═
2024-12-04 11:50:32,904 INFO     ___FILE_ONLY___ ═
2024-12-04 11:50:32,905 INFO     ___FILE_ONLY___ ═
2024-12-04 11:50:32,906 INFO     ___FILE_ONLY___ ═
2024-12-04 11:50:32,907 INFO     ___FILE_ONLY___ ═
2024-12-04 11:50:32,908 INFO     ___FILE_ONLY___ ═
2024-12-04 11:50:32,908 INFO     ___FILE_ONLY___ ═
2024-12-04 11:50:32,909 INFO     ___FILE_ONLY___ ═
2024-12-04 11:50:32,910 INFO     ___FILE_ONLY___ ═
2024-12-04 11:50:32,911 INFO     ___FILE_ONLY___ ═
2024-12-04 11:50:32,912 INFO     ___FILE_ONLY___ ═
2024-12-04 11:50:32,913 INFO     ___FILE_ONLY___ ═
2024-12-04 11:50:32,913 INFO     ___FILE_ONLY___ ═
2024-12-04 11:50:32,915 INFO     ___FILE_ONLY___ ═
2024-12-04 11:50:32,917 INFO     ___FILE_ONLY___ ═
2024-12-04 11:50:32,918 INFO     ___FILE_ONLY___ ═
2024-12-04 11:50:32,919 INFO     ___FILE_ONLY___ ═
2024-12-04 11:50:32,920 INFO     ___FILE_ONLY___ ═
2024-12-04 11:50:32,921 INFO     ___FILE_ONLY___ ═
2024-12-04 11:50:32,921 INFO     ___FILE_ONLY___ ╝

2024-12-04 11:50:32,929 INFO     ___FILE_ONLY___ ╔════════════════════════════════════════════════════════════╗

2024-12-04 11:50:32,929 INFO     ___FILE_ONLY___ ╠═ Installing: Google Cloud CLI Core Libraries (Platform... ═╣

2024-12-04 11:50:32,929 INFO     ___FILE_ONLY___ ╚
2024-12-04 11:50:32,931 INFO     ___FILE_ONLY___ ══════════════════════════════
2024-12-04 11:50:32,931 INFO     ___FILE_ONLY___ ══════════════════════════════
2024-12-04 11:50:32,931 INFO     ___FILE_ONLY___ ╝

2024-12-04 11:50:32,938 INFO     ___FILE_ONLY___ ╔════════════════════════════════════════════════════════════╗

2024-12-04 11:50:32,938 INFO     ___FILE_ONLY___ ╠═ Installing: Minikube                                     ═╣

2024-12-04 11:50:32,938 INFO     ___FILE_ONLY___ ╚
2024-12-04 11:50:32,940 INFO     ___FILE_ONLY___ ════════════════════════════════════════════════════════════
2024-12-04 11:50:32,940 INFO     ___FILE_ONLY___ ╝

2024-12-04 11:50:32,944 INFO     ___FILE_ONLY___ ╔════════════════════════════════════════════════════════════╗

2024-12-04 11:50:32,944 INFO     ___FILE_ONLY___ ╠═ Installing: Minikube (Platform Specific)                 ═╣

2024-12-04 11:50:32,944 INFO     ___FILE_ONLY___ ╚
2024-12-04 11:50:33,268 INFO     ___FILE_ONLY___ ════════════════════════════════════════════════════════════
2024-12-04 11:50:33,268 INFO     ___FILE_ONLY___ ╝

2024-12-04 11:50:33,277 INFO     ___FILE_ONLY___ ╔════════════════════════════════════════════════════════════╗

2024-12-04 11:50:33,277 INFO     ___FILE_ONLY___ ╠═ Installing: Skaffold                                     ═╣

2024-12-04 11:50:33,277 INFO     ___FILE_ONLY___ ╚
2024-12-04 11:50:33,278 INFO     ___FILE_ONLY___ ════════════════════════════════════════════════════════════
2024-12-04 11:50:33,278 INFO     ___FILE_ONLY___ ╝

2024-12-04 11:50:33,283 INFO     ___FILE_ONLY___ ╔════════════════════════════════════════════════════════════╗

2024-12-04 11:50:33,283 INFO     ___FILE_ONLY___ ╠═ Installing: Skaffold (Platform Specific)                 ═╣

2024-12-04 11:50:33,283 INFO     ___FILE_ONLY___ ╚
2024-12-04 11:50:33,551 INFO     ___FILE_ONLY___ ════════════════════════════════════════════════════════════
2024-12-04 11:50:33,551 INFO     ___FILE_ONLY___ ╝

2024-12-04 11:50:33,560 INFO     ___FILE_ONLY___ ╔════════════════════════════════════════════════════════════╗

2024-12-04 11:50:33,560 INFO     ___FILE_ONLY___ ╠═ Installing: gcloud Alpha Commands                        ═╣

2024-12-04 11:50:33,560 INFO     ___FILE_ONLY___ ╚
2024-12-04 11:50:33,561 INFO     ___FILE_ONLY___ ════════════════════════════════════════════════════════════
2024-12-04 11:50:33,561 INFO     ___FILE_ONLY___ ╝

2024-12-04 11:50:33,567 INFO     ___FILE_ONLY___ ╔════════════════════════════════════════════════════════════╗

2024-12-04 11:50:33,567 INFO     ___FILE_ONLY___ ╠═ Installing: gcloud Beta Commands                         ═╣

2024-12-04 11:50:33,567 INFO     ___FILE_ONLY___ ╚
2024-12-04 11:50:33,568 INFO     ___FILE_ONLY___ ════════════════════════════════════════════════════════════
2024-12-04 11:50:33,568 INFO     ___FILE_ONLY___ ╝

2024-12-04 11:50:33,573 INFO     ___FILE_ONLY___ ╔════════════════════════════════════════════════════════════╗

2024-12-04 11:50:33,573 INFO     ___FILE_ONLY___ ╠═ Installing: gcloud cli dependencies (Platform Specific)  ═╣

2024-12-04 11:50:33,573 INFO     ___FILE_ONLY___ ╚
2024-12-04 11:50:33,573 INFO     ___FILE_ONLY___ ════════════════════════════════════════════════════════════
2024-12-04 11:50:33,573 INFO     ___FILE_ONLY___ ╝

2024-12-04 11:50:33,599 INFO     ___FILE_ONLY___ ╔════════════════════════════════════════════════════════════╗

2024-12-04 11:50:33,599 INFO     ___FILE_ONLY___ ╠═ Installing: gke-gcloud-auth-plugin                       ═╣

2024-12-04 11:50:33,599 INFO     ___FILE_ONLY___ ╚
2024-12-04 11:50:33,602 INFO     ___FILE_ONLY___ ════════════════════════════════════════════════════════════
2024-12-04 11:50:33,602 INFO     ___FILE_ONLY___ ╝

2024-12-04 11:50:33,609 INFO     ___FILE_ONLY___ ╔════════════════════════════════════════════════════════════╗

2024-12-04 11:50:33,609 INFO     ___FILE_ONLY___ ╠═ Installing: gke-gcloud-auth-plugin (Platform Specific)   ═╣

2024-12-04 11:50:33,609 INFO     ___FILE_ONLY___ ╚
2024-12-04 11:50:33,656 INFO     ___FILE_ONLY___ ════════════════════════════════════════════════════════════
2024-12-04 11:50:33,656 INFO     ___FILE_ONLY___ ╝

2024-12-04 11:50:33,663 INFO     ___FILE_ONLY___ ╔════════════════════════════════════════════════════════════╗

2024-12-04 11:50:33,664 INFO     ___FILE_ONLY___ ╠═ Installing: kubectl                                      ═╣

2024-12-04 11:50:33,664 INFO     ___FILE_ONLY___ ╚
2024-12-04 11:50:33,665 INFO     ___FILE_ONLY___ ════════════════════════════════════════════════════════════
2024-12-04 11:50:33,665 INFO     ___FILE_ONLY___ ╝

2024-12-04 11:50:33,671 INFO     ___FILE_ONLY___ ╔════════════════════════════════════════════════════════════╗

2024-12-04 11:50:33,671 INFO     ___FILE_ONLY___ ╠═ Installing: kubectl (Platform Specific)                  ═╣

2024-12-04 11:50:33,671 INFO     ___FILE_ONLY___ ╚
2024-12-04 11:50:34,197 INFO     ___FILE_ONLY___ ══════════
2024-12-04 11:50:34,288 INFO     ___FILE_ONLY___ ══════════
2024-12-04 11:50:34,381 INFO     ___FILE_ONLY___ ══════════
2024-12-04 11:50:34,474 INFO     ___FILE_ONLY___ ══════════
2024-12-04 11:50:34,571 INFO     ___FILE_ONLY___ ══════════
2024-12-04 11:50:34,674 INFO     ___FILE_ONLY___ ══════════
2024-12-04 11:50:34,674 INFO     ___FILE_ONLY___ ╝

2024-12-04 11:50:34,681 DEBUG    root            Updating notification cache...
2024-12-04 11:50:34,681 INFO     ___FILE_ONLY___ 

2024-12-04 11:50:34,688 INFO     ___FILE_ONLY___ Performing post processing steps...
2024-12-04 11:50:34,688 DEBUG    root            Executing command: ['/Users/gabrielpaura/Library/Application Support/cloud-code/installer/google-cloud-sdk/bin/gcloud', 'components', 'post-process', '--no-compile-python']
2024-12-04 11:50:35,255 DEBUG    ___FILE_ONLY___ 
2024-12-04 11:50:35,255 DEBUG    ___FILE_ONLY___ 
2024-12-04 11:50:35,454 INFO     ___FILE_ONLY___ 
Update done!


2024-12-04 11:50:35,459 WARNING  root              There are other instances of Google Cloud tools on your system PATH.
  Please remove the following to avoid confusion or accidental invocation:

  /Applications/Docker.app/Contents/Resources/bin/kubectl

  
2024-12-04 11:50:35,461 DEBUG    root            Chosen display Format:none
2024-12-04 11:50:35,461 INFO     root            Display format: "none"
2024-12-04 11:50:35,463 DEBUG    root            Executing command: ['curl', '--silent', '-O', 'https://dl.google.com/dl/cloudsdk/channels/rapid/python-3.11.6-macos11.tar.gz']
2024-12-04 11:50:36,196 DEBUG    root            Executing command: ['tar', '-xf', 'python-3.11.6-macos11.tar.gz']
2024-12-04 11:50:36,257 DEBUG    root            Executing command: ['sudo', 'installer', '-target', '/', '-pkg', './python-3.11.6-macos11.pkg']
