2024-12-04 15:25:53,837 DEBUG    root            Metrics collector initialized...
2024-12-04 15:25:53,838 DEBUG    root            Loaded Command Group: ['gcloud', 'components']
2024-12-04 15:25:53,843 DEBUG    root            Loaded Command Group: ['gcloud', 'components', 'update']
2024-12-04 15:25:53,844 DEBUG    root            Running [gcloud.components.update] with arguments: [--no-compile-python: "False", --quiet: "True", COMPONENT-IDS:6: "['alpha', 'beta', 'gke-gcloud-auth-plugin', 'kubectl', 'skaffold', 'minikube']"]
2024-12-04 15:25:53,844 INFO     ___FILE_ONLY___ Beginning update. This process may take several minutes.

2024-12-04 15:25:53,863 DEBUG    urllib3.connectionpool Starting new HTTPS connection (1): dl.google.com:443
2024-12-04 15:25:54,007 DEBUG    urllib3.connectionpool https://dl.google.com:443 "GET /dl/cloudsdk/channels/rapid/components-2.json HTTP/1.1" 200 227816
2024-12-04 15:25:54,056 INFO     ___FILE_ONLY___ 

2024-12-04 15:25:54,056 INFO     ___FILE_ONLY___ 
Your current Google Cloud CLI version is: 502.0.0

2024-12-04 15:25:54,057 INFO     ___FILE_ONLY___ Installing components from version: 502.0.0

2024-12-04 15:25:54,057 INFO     ___FILE_ONLY___ 

2024-12-04 15:25:54,057 DEBUG    root            Chosen display Format:table[box,title="These components will be removed."](details.display_name:label=Name:align=left,version.version_string:label=Version:align=right,data.size.size(zero="",min=1048576):label=Size:align=right)
2024-12-04 15:25:54,057 DEBUG    root            Chosen display Format:table[box,title="These components will be updated."](details.display_name:label=Name:align=left,version.version_string:label=Version:align=right,data.size.size(zero="",min=1048576):label=Size:align=right)
2024-12-04 15:25:54,058 DEBUG    root            Chosen display Format:table[box,title="These components will be installed."](details.display_name:label=Name:align=left,version.version_string:label=Version:align=right,data.size.size(zero="",min=1048576):label=Size:align=right)
2024-12-04 15:25:54,092 INFO     ___FILE_ONLY___ ┌─────────────────────────────────────────────────────────────────────────────┐
2024-12-04 15:25:54,092 INFO     ___FILE_ONLY___ 

2024-12-04 15:25:54,092 INFO     ___FILE_ONLY___ │                     These components will be installed.                     │
2024-12-04 15:25:54,092 INFO     ___FILE_ONLY___ 

2024-12-04 15:25:54,092 INFO     ___FILE_ONLY___ ├─────────────────────────────────────────────────────┬────────────┬──────────┤
2024-12-04 15:25:54,092 INFO     ___FILE_ONLY___ 

2024-12-04 15:25:54,092 INFO     ___FILE_ONLY___ │                         Name                        │  Version   │   Size   │
2024-12-04 15:25:54,092 INFO     ___FILE_ONLY___ 

2024-12-04 15:25:54,092 INFO     ___FILE_ONLY___ ├─────────────────────────────────────────────────────┼────────────┼──────────┤
2024-12-04 15:25:54,092 INFO     ___FILE_ONLY___ 

2024-12-04 15:25:54,092 INFO     ___FILE_ONLY___ │ 
2024-12-04 15:25:54,092 INFO     ___FILE_ONLY___ Google Cloud CLI Core Libraries (Platform Specific)
2024-12-04 15:25:54,092 INFO     ___FILE_ONLY___  
2024-12-04 15:25:54,092 INFO     ___FILE_ONLY___ │ 
2024-12-04 15:25:54,092 INFO     ___FILE_ONLY___ 2024.08.30
2024-12-04 15:25:54,092 INFO     ___FILE_ONLY___  
2024-12-04 15:25:54,092 INFO     ___FILE_ONLY___ │ 
2024-12-04 15:25:54,092 INFO     ___FILE_ONLY___  < 1 MiB
2024-12-04 15:25:54,092 INFO     ___FILE_ONLY___  
2024-12-04 15:25:54,092 INFO     ___FILE_ONLY___ │
2024-12-04 15:25:54,092 INFO     ___FILE_ONLY___ 

2024-12-04 15:25:54,092 INFO     ___FILE_ONLY___ │ 
2024-12-04 15:25:54,093 INFO     ___FILE_ONLY___ Minikube (Platform Specific)                       
2024-12-04 15:25:54,093 INFO     ___FILE_ONLY___  
2024-12-04 15:25:54,093 INFO     ___FILE_ONLY___ │ 
2024-12-04 15:25:54,093 INFO     ___FILE_ONLY___     1.34.0
2024-12-04 15:25:54,093 INFO     ___FILE_ONLY___  
2024-12-04 15:25:54,093 INFO     ___FILE_ONLY___ │ 
2024-12-04 15:25:54,093 INFO     ___FILE_ONLY___ 37.2 MiB
2024-12-04 15:25:54,093 INFO     ___FILE_ONLY___  
2024-12-04 15:25:54,093 INFO     ___FILE_ONLY___ │
2024-12-04 15:25:54,093 INFO     ___FILE_ONLY___ 

2024-12-04 15:25:54,093 INFO     ___FILE_ONLY___ │ 
2024-12-04 15:25:54,093 INFO     ___FILE_ONLY___ Skaffold (Platform Specific)                       
2024-12-04 15:25:54,093 INFO     ___FILE_ONLY___  
2024-12-04 15:25:54,093 INFO     ___FILE_ONLY___ │ 
2024-12-04 15:25:54,093 INFO     ___FILE_ONLY___     2.13.1
2024-12-04 15:25:54,093 INFO     ___FILE_ONLY___  
2024-12-04 15:25:54,093 INFO     ___FILE_ONLY___ │ 
2024-12-04 15:25:54,093 INFO     ___FILE_ONLY___ 22.9 MiB
2024-12-04 15:25:54,093 INFO     ___FILE_ONLY___  
2024-12-04 15:25:54,093 INFO     ___FILE_ONLY___ │
2024-12-04 15:25:54,093 INFO     ___FILE_ONLY___ 

2024-12-04 15:25:54,093 INFO     ___FILE_ONLY___ │ 
2024-12-04 15:25:54,093 INFO     ___FILE_ONLY___ gcloud Alpha Commands                              
2024-12-04 15:25:54,093 INFO     ___FILE_ONLY___  
2024-12-04 15:25:54,093 INFO     ___FILE_ONLY___ │ 
2024-12-04 15:25:54,093 INFO     ___FILE_ONLY___ 2024.11.15
2024-12-04 15:25:54,093 INFO     ___FILE_ONLY___  
2024-12-04 15:25:54,093 INFO     ___FILE_ONLY___ │ 
2024-12-04 15:25:54,093 INFO     ___FILE_ONLY___  < 1 MiB
2024-12-04 15:25:54,093 INFO     ___FILE_ONLY___  
2024-12-04 15:25:54,093 INFO     ___FILE_ONLY___ │
2024-12-04 15:25:54,093 INFO     ___FILE_ONLY___ 

2024-12-04 15:25:54,093 INFO     ___FILE_ONLY___ │ 
2024-12-04 15:25:54,093 INFO     ___FILE_ONLY___ gcloud Beta Commands                               
2024-12-04 15:25:54,093 INFO     ___FILE_ONLY___  
2024-12-04 15:25:54,093 INFO     ___FILE_ONLY___ │ 
2024-12-04 15:25:54,093 INFO     ___FILE_ONLY___ 2024.11.15
2024-12-04 15:25:54,093 INFO     ___FILE_ONLY___  
2024-12-04 15:25:54,093 INFO     ___FILE_ONLY___ │ 
2024-12-04 15:25:54,093 INFO     ___FILE_ONLY___  < 1 MiB
2024-12-04 15:25:54,093 INFO     ___FILE_ONLY___  
2024-12-04 15:25:54,093 INFO     ___FILE_ONLY___ │
2024-12-04 15:25:54,093 INFO     ___FILE_ONLY___ 

2024-12-04 15:25:54,093 INFO     ___FILE_ONLY___ │ 
2024-12-04 15:25:54,093 INFO     ___FILE_ONLY___ gcloud cli dependencies (Platform Specific)        
2024-12-04 15:25:54,093 INFO     ___FILE_ONLY___  
2024-12-04 15:25:54,093 INFO     ___FILE_ONLY___ │ 
2024-12-04 15:25:54,093 INFO     ___FILE_ONLY___ 2021.04.16
2024-12-04 15:25:54,093 INFO     ___FILE_ONLY___  
2024-12-04 15:25:54,093 INFO     ___FILE_ONLY___ │ 
2024-12-04 15:25:54,093 INFO     ___FILE_ONLY___  < 1 MiB
2024-12-04 15:25:54,093 INFO     ___FILE_ONLY___  
2024-12-04 15:25:54,093 INFO     ___FILE_ONLY___ │
2024-12-04 15:25:54,093 INFO     ___FILE_ONLY___ 

2024-12-04 15:25:54,093 INFO     ___FILE_ONLY___ │ 
2024-12-04 15:25:54,093 INFO     ___FILE_ONLY___ gke-gcloud-auth-plugin (Platform Specific)         
2024-12-04 15:25:54,093 INFO     ___FILE_ONLY___  
2024-12-04 15:25:54,094 INFO     ___FILE_ONLY___ │ 
2024-12-04 15:25:54,094 INFO     ___FILE_ONLY___      0.5.9
2024-12-04 15:25:54,094 INFO     ___FILE_ONLY___  
2024-12-04 15:25:54,094 INFO     ___FILE_ONLY___ │ 
2024-12-04 15:25:54,094 INFO     ___FILE_ONLY___  4.0 MiB
2024-12-04 15:25:54,094 INFO     ___FILE_ONLY___  
2024-12-04 15:25:54,094 INFO     ___FILE_ONLY___ │
2024-12-04 15:25:54,094 INFO     ___FILE_ONLY___ 

2024-12-04 15:25:54,094 INFO     ___FILE_ONLY___ │ 
2024-12-04 15:25:54,094 INFO     ___FILE_ONLY___ kubectl                                            
2024-12-04 15:25:54,094 INFO     ___FILE_ONLY___  
2024-12-04 15:25:54,094 INFO     ___FILE_ONLY___ │ 
2024-12-04 15:25:54,094 INFO     ___FILE_ONLY___     1.30.5
2024-12-04 15:25:54,094 INFO     ___FILE_ONLY___  
2024-12-04 15:25:54,094 INFO     ___FILE_ONLY___ │ 
2024-12-04 15:25:54,094 INFO     ___FILE_ONLY___  < 1 MiB
2024-12-04 15:25:54,094 INFO     ___FILE_ONLY___  
2024-12-04 15:25:54,094 INFO     ___FILE_ONLY___ │
2024-12-04 15:25:54,094 INFO     ___FILE_ONLY___ 

2024-12-04 15:25:54,094 INFO     ___FILE_ONLY___ │ 
2024-12-04 15:25:54,094 INFO     ___FILE_ONLY___ kubectl (Platform Specific)                        
2024-12-04 15:25:54,094 INFO     ___FILE_ONLY___  
2024-12-04 15:25:54,094 INFO     ___FILE_ONLY___ │ 
2024-12-04 15:25:54,094 INFO     ___FILE_ONLY___     1.30.6
2024-12-04 15:25:54,094 INFO     ___FILE_ONLY___  
2024-12-04 15:25:54,094 INFO     ___FILE_ONLY___ │ 
2024-12-04 15:25:54,094 INFO     ___FILE_ONLY___ 86.1 MiB
2024-12-04 15:25:54,094 INFO     ___FILE_ONLY___  
2024-12-04 15:25:54,094 INFO     ___FILE_ONLY___ │
2024-12-04 15:25:54,094 INFO     ___FILE_ONLY___ 

2024-12-04 15:25:54,094 INFO     ___FILE_ONLY___ └─────────────────────────────────────────────────────┴────────────┴──────────┘
2024-12-04 15:25:54,094 INFO     ___FILE_ONLY___ 

2024-12-04 15:25:54,094 INFO     ___FILE_ONLY___ 

2024-12-04 15:25:54,096 DEBUG    urllib3.connectionpool Starting new HTTPS connection (1): dl.google.com:443
2024-12-04 15:25:54,246 DEBUG    urllib3.connectionpool https://dl.google.com:443 "GET /dl/cloudsdk/channels/rapid/RELEASE_NOTES HTTP/1.1" 200 1314602
2024-12-04 15:25:54,333 INFO     ___FILE_ONLY___ For the latest full release notes, please visit:
  https://cloud.google.com/sdk/release_notes


2024-12-04 15:25:54,333 INFO     ___FILE_ONLY___ Performing in place update...


2024-12-04 15:25:54,341 INFO     ___FILE_ONLY___ ╔════════════════════════════════════════════════════════════╗

2024-12-04 15:25:54,341 INFO     ___FILE_ONLY___ ╠═ Downloading: Google Cloud CLI Core Libraries (Platfor... ═╣

2024-12-04 15:25:54,341 INFO     ___FILE_ONLY___ ╚
2024-12-04 15:25:54,346 DEBUG    urllib3.connectionpool Starting new HTTPS connection (1): dl.google.com:443
2024-12-04 15:25:54,488 DEBUG    urllib3.connectionpool https://dl.google.com:443 "GET /dl/cloudsdk/channels/rapid/components/google-cloud-sdk-core-nix-20240830134514.tar.gz HTTP/1.1" 200 2306
2024-12-04 15:25:54,488 INFO     ___FILE_ONLY___ ════════════════════════════════════════════════════════════
2024-12-04 15:25:54,488 INFO     ___FILE_ONLY___ ╝

2024-12-04 15:25:54,497 INFO     ___FILE_ONLY___ ╔════════════════════════════════════════════════════════════╗

2024-12-04 15:25:54,497 INFO     ___FILE_ONLY___ ╠═ Downloading: Minikube                                    ═╣

2024-12-04 15:25:54,497 INFO     ___FILE_ONLY___ ╚
2024-12-04 15:25:54,498 INFO     ___FILE_ONLY___ ════════════════════════════════════════════════════════════
2024-12-04 15:25:54,498 INFO     ___FILE_ONLY___ ╝

2024-12-04 15:25:54,504 INFO     ___FILE_ONLY___ ╔════════════════════════════════════════════════════════════╗

2024-12-04 15:25:54,504 INFO     ___FILE_ONLY___ ╠═ Downloading: Minikube (Platform Specific)                ═╣

2024-12-04 15:25:54,504 INFO     ___FILE_ONLY___ ╚
2024-12-04 15:25:54,507 DEBUG    urllib3.connectionpool Starting new HTTPS connection (1): dl.google.com:443
2024-12-04 15:25:54,658 DEBUG    urllib3.connectionpool https://dl.google.com:443 "GET /dl/cloudsdk/channels/rapid/components/google-cloud-sdk-minikube-darwin-arm-20240927140238.tar.gz HTTP/1.1" 200 38981244
2024-12-04 15:25:55,229 INFO     ___FILE_ONLY___ ═
2024-12-04 15:25:55,230 INFO     ___FILE_ONLY___ ═
2024-12-04 15:25:55,230 INFO     ___FILE_ONLY___ ═
2024-12-04 15:25:55,231 INFO     ___FILE_ONLY___ ═
2024-12-04 15:25:55,232 INFO     ___FILE_ONLY___ ═
2024-12-04 15:25:55,232 INFO     ___FILE_ONLY___ ═
2024-12-04 15:25:55,233 INFO     ___FILE_ONLY___ ═
2024-12-04 15:25:55,233 INFO     ___FILE_ONLY___ ═
2024-12-04 15:25:55,234 INFO     ___FILE_ONLY___ ═
2024-12-04 15:25:55,234 INFO     ___FILE_ONLY___ ═
2024-12-04 15:25:55,235 INFO     ___FILE_ONLY___ ═
2024-12-04 15:25:55,237 INFO     ___FILE_ONLY___ ═
2024-12-04 15:25:55,238 INFO     ___FILE_ONLY___ ═
2024-12-04 15:25:55,238 INFO     ___FILE_ONLY___ ═
2024-12-04 15:25:55,239 INFO     ___FILE_ONLY___ ═
2024-12-04 15:25:55,239 INFO     ___FILE_ONLY___ ═
2024-12-04 15:25:55,240 INFO     ___FILE_ONLY___ ═
2024-12-04 15:25:55,241 INFO     ___FILE_ONLY___ ═
2024-12-04 15:25:55,241 INFO     ___FILE_ONLY___ ═
2024-12-04 15:25:55,242 INFO     ___FILE_ONLY___ ═
2024-12-04 15:25:55,242 INFO     ___FILE_ONLY___ ═
2024-12-04 15:25:55,243 INFO     ___FILE_ONLY___ ═
2024-12-04 15:25:55,244 INFO     ___FILE_ONLY___ ═
2024-12-04 15:25:55,245 INFO     ___FILE_ONLY___ ═
2024-12-04 15:25:55,246 INFO     ___FILE_ONLY___ ═
2024-12-04 15:25:55,250 INFO     ___FILE_ONLY___ ═
2024-12-04 15:25:55,250 INFO     ___FILE_ONLY___ ═
2024-12-04 15:25:55,250 INFO     ___FILE_ONLY___ ═
2024-12-04 15:25:55,251 INFO     ___FILE_ONLY___ ═
2024-12-04 15:25:55,251 INFO     ___FILE_ONLY___ ═
2024-12-04 15:25:55,252 INFO     ___FILE_ONLY___ ═
2024-12-04 15:25:55,252 INFO     ___FILE_ONLY___ ═
2024-12-04 15:25:55,253 INFO     ___FILE_ONLY___ ═
2024-12-04 15:25:55,253 INFO     ___FILE_ONLY___ ═
2024-12-04 15:25:55,254 INFO     ___FILE_ONLY___ ═
2024-12-04 15:25:55,254 INFO     ___FILE_ONLY___ ═
2024-12-04 15:25:55,255 INFO     ___FILE_ONLY___ ═
2024-12-04 15:25:55,255 INFO     ___FILE_ONLY___ ═
2024-12-04 15:25:55,260 INFO     ___FILE_ONLY___ ═
2024-12-04 15:25:55,261 INFO     ___FILE_ONLY___ ═
2024-12-04 15:25:55,261 INFO     ___FILE_ONLY___ ═
2024-12-04 15:25:55,261 INFO     ___FILE_ONLY___ ═
2024-12-04 15:25:55,262 INFO     ___FILE_ONLY___ ═
2024-12-04 15:25:55,262 INFO     ___FILE_ONLY___ ═
2024-12-04 15:25:55,263 INFO     ___FILE_ONLY___ ═
2024-12-04 15:25:55,263 INFO     ___FILE_ONLY___ ═
2024-12-04 15:25:55,263 INFO     ___FILE_ONLY___ ═
2024-12-04 15:25:55,264 INFO     ___FILE_ONLY___ ═
2024-12-04 15:25:55,264 INFO     ___FILE_ONLY___ ═
2024-12-04 15:25:55,265 INFO     ___FILE_ONLY___ ═
2024-12-04 15:25:55,265 INFO     ___FILE_ONLY___ ═
2024-12-04 15:25:55,265 INFO     ___FILE_ONLY___ ═
2024-12-04 15:25:55,266 INFO     ___FILE_ONLY___ ═
2024-12-04 15:25:55,266 INFO     ___FILE_ONLY___ ═
2024-12-04 15:25:55,266 INFO     ___FILE_ONLY___ ═
2024-12-04 15:25:55,267 INFO     ___FILE_ONLY___ ═
2024-12-04 15:25:55,267 INFO     ___FILE_ONLY___ ═
2024-12-04 15:25:55,267 INFO     ___FILE_ONLY___ ═
2024-12-04 15:25:55,268 INFO     ___FILE_ONLY___ ═
2024-12-04 15:25:55,268 INFO     ___FILE_ONLY___ ═
2024-12-04 15:25:55,268 INFO     ___FILE_ONLY___ ╝

2024-12-04 15:25:55,278 INFO     ___FILE_ONLY___ ╔════════════════════════════════════════════════════════════╗

2024-12-04 15:25:55,278 INFO     ___FILE_ONLY___ ╠═ Downloading: Skaffold                                    ═╣

2024-12-04 15:25:55,278 INFO     ___FILE_ONLY___ ╚
2024-12-04 15:25:55,278 INFO     ___FILE_ONLY___ ════════════════════════════════════════════════════════════
2024-12-04 15:25:55,278 INFO     ___FILE_ONLY___ ╝

2024-12-04 15:25:55,282 INFO     ___FILE_ONLY___ ╔════════════════════════════════════════════════════════════╗

2024-12-04 15:25:55,282 INFO     ___FILE_ONLY___ ╠═ Downloading: Skaffold (Platform Specific)                ═╣

2024-12-04 15:25:55,282 INFO     ___FILE_ONLY___ ╚
2024-12-04 15:25:55,284 DEBUG    urllib3.connectionpool Starting new HTTPS connection (1): dl.google.com:443
2024-12-04 15:25:55,440 DEBUG    urllib3.connectionpool https://dl.google.com:443 "GET /dl/cloudsdk/channels/rapid/components/google-cloud-sdk-skaffold-darwin-arm-20240806142304.tar.gz HTTP/1.1" 200 24031362
2024-12-04 15:25:55,773 INFO     ___FILE_ONLY___ ═
2024-12-04 15:25:55,773 INFO     ___FILE_ONLY___ ═
2024-12-04 15:25:55,774 INFO     ___FILE_ONLY___ ═
2024-12-04 15:25:55,775 INFO     ___FILE_ONLY___ ═
2024-12-04 15:25:55,776 INFO     ___FILE_ONLY___ ═
2024-12-04 15:25:55,777 INFO     ___FILE_ONLY___ ═
2024-12-04 15:25:55,777 INFO     ___FILE_ONLY___ ═
2024-12-04 15:25:55,778 INFO     ___FILE_ONLY___ ═
2024-12-04 15:25:55,779 INFO     ___FILE_ONLY___ ═
2024-12-04 15:25:55,779 INFO     ___FILE_ONLY___ ═
2024-12-04 15:25:55,780 INFO     ___FILE_ONLY___ ═
2024-12-04 15:25:55,781 INFO     ___FILE_ONLY___ ═
2024-12-04 15:25:55,781 INFO     ___FILE_ONLY___ ═
2024-12-04 15:25:55,782 INFO     ___FILE_ONLY___ ═
2024-12-04 15:25:55,782 INFO     ___FILE_ONLY___ ═
2024-12-04 15:25:55,783 INFO     ___FILE_ONLY___ ═
2024-12-04 15:25:55,783 INFO     ___FILE_ONLY___ ═
2024-12-04 15:25:55,783 INFO     ___FILE_ONLY___ ═
2024-12-04 15:25:55,784 INFO     ___FILE_ONLY___ ═
2024-12-04 15:25:55,784 INFO     ___FILE_ONLY___ ═
2024-12-04 15:25:55,785 INFO     ___FILE_ONLY___ ═
2024-12-04 15:25:55,785 INFO     ___FILE_ONLY___ ═
2024-12-04 15:25:55,785 INFO     ___FILE_ONLY___ ═
2024-12-04 15:25:55,786 INFO     ___FILE_ONLY___ ═
2024-12-04 15:25:55,786 INFO     ___FILE_ONLY___ ═
2024-12-04 15:25:55,786 INFO     ___FILE_ONLY___ ═
2024-12-04 15:25:55,787 INFO     ___FILE_ONLY___ ═
2024-12-04 15:25:55,787 INFO     ___FILE_ONLY___ ═
2024-12-04 15:25:55,787 INFO     ___FILE_ONLY___ ═
2024-12-04 15:25:55,787 INFO     ___FILE_ONLY___ ═
2024-12-04 15:25:55,788 INFO     ___FILE_ONLY___ ═
2024-12-04 15:25:55,788 INFO     ___FILE_ONLY___ ═
2024-12-04 15:25:55,788 INFO     ___FILE_ONLY___ ═
2024-12-04 15:25:55,789 INFO     ___FILE_ONLY___ ═
2024-12-04 15:25:55,789 INFO     ___FILE_ONLY___ ═
2024-12-04 15:25:55,789 INFO     ___FILE_ONLY___ ═
2024-12-04 15:25:55,790 INFO     ___FILE_ONLY___ ═
2024-12-04 15:25:55,790 INFO     ___FILE_ONLY___ ═
2024-12-04 15:25:55,790 INFO     ___FILE_ONLY___ ═
2024-12-04 15:25:55,791 INFO     ___FILE_ONLY___ ═
2024-12-04 15:25:55,791 INFO     ___FILE_ONLY___ ═
2024-12-04 15:25:55,794 INFO     ___FILE_ONLY___ ═
2024-12-04 15:25:55,794 INFO     ___FILE_ONLY___ ═
2024-12-04 15:25:55,794 INFO     ___FILE_ONLY___ ═
2024-12-04 15:25:55,795 INFO     ___FILE_ONLY___ ═
2024-12-04 15:25:55,795 INFO     ___FILE_ONLY___ ═
2024-12-04 15:25:55,795 INFO     ___FILE_ONLY___ ═
2024-12-04 15:25:55,795 INFO     ___FILE_ONLY___ ═
2024-12-04 15:25:55,796 INFO     ___FILE_ONLY___ ═
2024-12-04 15:25:55,796 INFO     ___FILE_ONLY___ ═
2024-12-04 15:25:55,796 INFO     ___FILE_ONLY___ ═
2024-12-04 15:25:55,797 INFO     ___FILE_ONLY___ ═
2024-12-04 15:25:55,797 INFO     ___FILE_ONLY___ ═
2024-12-04 15:25:55,798 INFO     ___FILE_ONLY___ ═
2024-12-04 15:25:55,798 INFO     ___FILE_ONLY___ ═
2024-12-04 15:25:55,799 INFO     ___FILE_ONLY___ ═
2024-12-04 15:25:55,799 INFO     ___FILE_ONLY___ ═
2024-12-04 15:25:55,799 INFO     ___FILE_ONLY___ ═
2024-12-04 15:25:55,799 INFO     ___FILE_ONLY___ ═
2024-12-04 15:25:55,800 INFO     ___FILE_ONLY___ ═
2024-12-04 15:25:55,800 INFO     ___FILE_ONLY___ ╝

2024-12-04 15:25:55,822 INFO     ___FILE_ONLY___ ╔════════════════════════════════════════════════════════════╗

2024-12-04 15:25:55,822 INFO     ___FILE_ONLY___ ╠═ Downloading: gcloud Alpha Commands                       ═╣

2024-12-04 15:25:55,822 INFO     ___FILE_ONLY___ ╚
2024-12-04 15:25:55,824 DEBUG    urllib3.connectionpool Starting new HTTPS connection (1): dl.google.com:443
2024-12-04 15:25:55,964 DEBUG    urllib3.connectionpool https://dl.google.com:443 "GET /dl/cloudsdk/channels/rapid/components/google-cloud-sdk-alpha-20241115154308.tar.gz HTTP/1.1" 200 800
2024-12-04 15:25:55,965 INFO     ___FILE_ONLY___ ════════════════════════════════════════════════════════════
2024-12-04 15:25:55,965 INFO     ___FILE_ONLY___ ╝

2024-12-04 15:25:55,976 INFO     ___FILE_ONLY___ ╔════════════════════════════════════════════════════════════╗

2024-12-04 15:25:55,976 INFO     ___FILE_ONLY___ ╠═ Downloading: gcloud Beta Commands                        ═╣

2024-12-04 15:25:55,976 INFO     ___FILE_ONLY___ ╚
2024-12-04 15:25:55,979 DEBUG    urllib3.connectionpool Starting new HTTPS connection (1): dl.google.com:443
2024-12-04 15:25:56,155 DEBUG    urllib3.connectionpool https://dl.google.com:443 "GET /dl/cloudsdk/channels/rapid/components/google-cloud-sdk-beta-20241115154308.tar.gz HTTP/1.1" 200 797
2024-12-04 15:25:56,155 INFO     ___FILE_ONLY___ ════════════════════════════════════════════════════════════
2024-12-04 15:25:56,155 INFO     ___FILE_ONLY___ ╝

2024-12-04 15:25:56,164 INFO     ___FILE_ONLY___ ╔════════════════════════════════════════════════════════════╗

2024-12-04 15:25:56,164 INFO     ___FILE_ONLY___ ╠═ Downloading: gcloud cli dependencies (Platform Specific) ═╣

2024-12-04 15:25:56,164 INFO     ___FILE_ONLY___ ╚
2024-12-04 15:25:56,166 DEBUG    urllib3.connectionpool Starting new HTTPS connection (1): dl.google.com:443
2024-12-04 15:25:56,329 DEBUG    urllib3.connectionpool https://dl.google.com:443 "GET /dl/cloudsdk/channels/rapid/components/google-cloud-sdk-gcloud-deps-darwin-x86_64-20210416153011.tar.gz HTTP/1.1" 200 105
2024-12-04 15:25:56,330 INFO     ___FILE_ONLY___ ════════════════════════════════════════════════════════════
2024-12-04 15:25:56,330 INFO     ___FILE_ONLY___ ╝

2024-12-04 15:25:56,338 INFO     ___FILE_ONLY___ ╔════════════════════════════════════════════════════════════╗

2024-12-04 15:25:56,338 INFO     ___FILE_ONLY___ ╠═ Downloading: gke-gcloud-auth-plugin                      ═╣

2024-12-04 15:25:56,338 INFO     ___FILE_ONLY___ ╚
2024-12-04 15:25:56,339 INFO     ___FILE_ONLY___ ════════════════════════════════════════════════════════════
2024-12-04 15:25:56,339 INFO     ___FILE_ONLY___ ╝

2024-12-04 15:25:56,344 INFO     ___FILE_ONLY___ ╔════════════════════════════════════════════════════════════╗

2024-12-04 15:25:56,344 INFO     ___FILE_ONLY___ ╠═ Downloading: gke-gcloud-auth-plugin (Platform Specific)  ═╣

2024-12-04 15:25:56,344 INFO     ___FILE_ONLY___ ╚
2024-12-04 15:25:56,347 DEBUG    urllib3.connectionpool Starting new HTTPS connection (1): dl.google.com:443
2024-12-04 15:25:56,501 DEBUG    urllib3.connectionpool https://dl.google.com:443 "GET /dl/cloudsdk/channels/rapid/components/google-cloud-sdk-gke-gcloud-auth-plugin-darwin-arm-20240628141907.tar.gz HTTP/1.1" 200 4148014
2024-12-04 15:25:56,611 INFO     ___FILE_ONLY___ ═
2024-12-04 15:25:56,612 INFO     ___FILE_ONLY___ ═
2024-12-04 15:25:56,612 INFO     ___FILE_ONLY___ ═
2024-12-04 15:25:56,612 INFO     ___FILE_ONLY___ ═
2024-12-04 15:25:56,612 INFO     ___FILE_ONLY___ ═
2024-12-04 15:25:56,612 INFO     ___FILE_ONLY___ ═
2024-12-04 15:25:56,613 INFO     ___FILE_ONLY___ ═
2024-12-04 15:25:56,613 INFO     ___FILE_ONLY___ ═
2024-12-04 15:25:56,613 INFO     ___FILE_ONLY___ ═
2024-12-04 15:25:56,613 INFO     ___FILE_ONLY___ ═
2024-12-04 15:25:56,614 INFO     ___FILE_ONLY___ ═
2024-12-04 15:25:56,614 INFO     ___FILE_ONLY___ ═
2024-12-04 15:25:56,614 INFO     ___FILE_ONLY___ ═
2024-12-04 15:25:56,614 INFO     ___FILE_ONLY___ ═
2024-12-04 15:25:56,615 INFO     ___FILE_ONLY___ ═
2024-12-04 15:25:56,615 INFO     ___FILE_ONLY___ ═
2024-12-04 15:25:56,615 INFO     ___FILE_ONLY___ ═
2024-12-04 15:25:56,615 INFO     ___FILE_ONLY___ ═
2024-12-04 15:25:56,615 INFO     ___FILE_ONLY___ ═
2024-12-04 15:25:56,615 INFO     ___FILE_ONLY___ ═
2024-12-04 15:25:56,615 INFO     ___FILE_ONLY___ ═
2024-12-04 15:25:56,616 INFO     ___FILE_ONLY___ ═
2024-12-04 15:25:56,616 INFO     ___FILE_ONLY___ ═
2024-12-04 15:25:56,616 INFO     ___FILE_ONLY___ ═
2024-12-04 15:25:56,616 INFO     ___FILE_ONLY___ ═
2024-12-04 15:25:56,616 INFO     ___FILE_ONLY___ ═
2024-12-04 15:25:56,616 INFO     ___FILE_ONLY___ ═
2024-12-04 15:25:56,616 INFO     ___FILE_ONLY___ ═
2024-12-04 15:25:56,617 INFO     ___FILE_ONLY___ ═
2024-12-04 15:25:56,617 INFO     ___FILE_ONLY___ ═
2024-12-04 15:25:56,617 INFO     ___FILE_ONLY___ ═
2024-12-04 15:25:56,617 INFO     ___FILE_ONLY___ ═
2024-12-04 15:25:56,617 INFO     ___FILE_ONLY___ ═
2024-12-04 15:25:56,617 INFO     ___FILE_ONLY___ ═
2024-12-04 15:25:56,617 INFO     ___FILE_ONLY___ ═
2024-12-04 15:25:56,618 INFO     ___FILE_ONLY___ ═
2024-12-04 15:25:56,618 INFO     ___FILE_ONLY___ ═
2024-12-04 15:25:56,618 INFO     ___FILE_ONLY___ ═
2024-12-04 15:25:56,618 INFO     ___FILE_ONLY___ ═
2024-12-04 15:25:56,618 INFO     ___FILE_ONLY___ ═
2024-12-04 15:25:56,619 INFO     ___FILE_ONLY___ ═
2024-12-04 15:25:56,619 INFO     ___FILE_ONLY___ ═
2024-12-04 15:25:56,619 INFO     ___FILE_ONLY___ ═
2024-12-04 15:25:56,619 INFO     ___FILE_ONLY___ ═
2024-12-04 15:25:56,619 INFO     ___FILE_ONLY___ ═
2024-12-04 15:25:56,619 INFO     ___FILE_ONLY___ ═
2024-12-04 15:25:56,620 INFO     ___FILE_ONLY___ ═
2024-12-04 15:25:56,620 INFO     ___FILE_ONLY___ ═
2024-12-04 15:25:56,620 INFO     ___FILE_ONLY___ ═
2024-12-04 15:25:56,620 INFO     ___FILE_ONLY___ ═
2024-12-04 15:25:56,621 INFO     ___FILE_ONLY___ ═
2024-12-04 15:25:56,621 INFO     ___FILE_ONLY___ ═
2024-12-04 15:25:56,621 INFO     ___FILE_ONLY___ ═
2024-12-04 15:25:56,621 INFO     ___FILE_ONLY___ ═
2024-12-04 15:25:56,621 INFO     ___FILE_ONLY___ ═
2024-12-04 15:25:56,621 INFO     ___FILE_ONLY___ ═
2024-12-04 15:25:56,621 INFO     ___FILE_ONLY___ ═
2024-12-04 15:25:56,621 INFO     ___FILE_ONLY___ ═
2024-12-04 15:25:56,622 INFO     ___FILE_ONLY___ ═
2024-12-04 15:25:56,622 INFO     ___FILE_ONLY___ ═
2024-12-04 15:25:56,622 INFO     ___FILE_ONLY___ ╝

2024-12-04 15:25:56,631 INFO     ___FILE_ONLY___ ╔════════════════════════════════════════════════════════════╗

2024-12-04 15:25:56,631 INFO     ___FILE_ONLY___ ╠═ Downloading: kubectl                                     ═╣

2024-12-04 15:25:56,631 INFO     ___FILE_ONLY___ ╚
2024-12-04 15:25:56,641 DEBUG    urllib3.connectionpool Starting new HTTPS connection (1): dl.google.com:443
2024-12-04 15:25:56,796 DEBUG    urllib3.connectionpool https://dl.google.com:443 "GET /dl/cloudsdk/channels/rapid/components/google-cloud-sdk-kubectl-20241004144944.tar.gz HTTP/1.1" 200 36206
2024-12-04 15:25:56,806 INFO     ___FILE_ONLY___ ═══════════════════════════
2024-12-04 15:25:56,806 INFO     ___FILE_ONLY___ ═══════════════════════════
2024-12-04 15:25:56,806 INFO     ___FILE_ONLY___ ══════
2024-12-04 15:25:56,807 INFO     ___FILE_ONLY___ ╝

2024-12-04 15:25:56,816 INFO     ___FILE_ONLY___ ╔════════════════════════════════════════════════════════════╗

2024-12-04 15:25:56,816 INFO     ___FILE_ONLY___ ╠═ Downloading: kubectl (Platform Specific)                 ═╣

2024-12-04 15:25:56,816 INFO     ___FILE_ONLY___ ╚
2024-12-04 15:25:56,819 DEBUG    urllib3.connectionpool Starting new HTTPS connection (1): dl.google.com:443
2024-12-04 15:25:56,972 DEBUG    urllib3.connectionpool https://dl.google.com:443 "GET /dl/cloudsdk/channels/rapid/components/google-cloud-sdk-kubectl-darwin-arm-20241108162203.tar.gz HTTP/1.1" 200 90277960
2024-12-04 15:25:58,093 INFO     ___FILE_ONLY___ ═
2024-12-04 15:25:58,094 INFO     ___FILE_ONLY___ ═
2024-12-04 15:25:58,095 INFO     ___FILE_ONLY___ ═
2024-12-04 15:25:58,096 INFO     ___FILE_ONLY___ ═
2024-12-04 15:25:58,097 INFO     ___FILE_ONLY___ ═
2024-12-04 15:25:58,099 INFO     ___FILE_ONLY___ ═
2024-12-04 15:25:58,100 INFO     ___FILE_ONLY___ ═
2024-12-04 15:25:58,100 INFO     ___FILE_ONLY___ ═
2024-12-04 15:25:58,101 INFO     ___FILE_ONLY___ ═
2024-12-04 15:25:58,102 INFO     ___FILE_ONLY___ ═
2024-12-04 15:25:58,103 INFO     ___FILE_ONLY___ ═
2024-12-04 15:25:58,104 INFO     ___FILE_ONLY___ ═
2024-12-04 15:25:58,105 INFO     ___FILE_ONLY___ ═
2024-12-04 15:25:58,105 INFO     ___FILE_ONLY___ ═
2024-12-04 15:25:58,106 INFO     ___FILE_ONLY___ ═
2024-12-04 15:25:58,107 INFO     ___FILE_ONLY___ ═
2024-12-04 15:25:58,111 INFO     ___FILE_ONLY___ ═
2024-12-04 15:25:58,112 INFO     ___FILE_ONLY___ ═
2024-12-04 15:25:58,113 INFO     ___FILE_ONLY___ ═
2024-12-04 15:25:58,114 INFO     ___FILE_ONLY___ ═
2024-12-04 15:25:58,114 INFO     ___FILE_ONLY___ ═
2024-12-04 15:25:58,115 INFO     ___FILE_ONLY___ ═
2024-12-04 15:25:58,116 INFO     ___FILE_ONLY___ ═
2024-12-04 15:25:58,117 INFO     ___FILE_ONLY___ ═
2024-12-04 15:25:58,118 INFO     ___FILE_ONLY___ ═
2024-12-04 15:25:58,119 INFO     ___FILE_ONLY___ ═
2024-12-04 15:25:58,120 INFO     ___FILE_ONLY___ ═
2024-12-04 15:25:58,124 INFO     ___FILE_ONLY___ ═
2024-12-04 15:25:58,125 INFO     ___FILE_ONLY___ ═
2024-12-04 15:25:58,126 INFO     ___FILE_ONLY___ ═
2024-12-04 15:25:58,127 INFO     ___FILE_ONLY___ ═
2024-12-04 15:25:58,128 INFO     ___FILE_ONLY___ ═
2024-12-04 15:25:58,128 INFO     ___FILE_ONLY___ ═
2024-12-04 15:25:58,135 INFO     ___FILE_ONLY___ ═
2024-12-04 15:25:58,135 INFO     ___FILE_ONLY___ ═
2024-12-04 15:25:58,136 INFO     ___FILE_ONLY___ ═
2024-12-04 15:25:58,137 INFO     ___FILE_ONLY___ ═
2024-12-04 15:25:58,138 INFO     ___FILE_ONLY___ ═
2024-12-04 15:25:58,138 INFO     ___FILE_ONLY___ ═
2024-12-04 15:25:58,144 INFO     ___FILE_ONLY___ ═
2024-12-04 15:25:58,145 INFO     ___FILE_ONLY___ ═
2024-12-04 15:25:58,145 INFO     ___FILE_ONLY___ ═
2024-12-04 15:25:58,146 INFO     ___FILE_ONLY___ ═
2024-12-04 15:25:58,147 INFO     ___FILE_ONLY___ ═
2024-12-04 15:25:58,152 INFO     ___FILE_ONLY___ ═
2024-12-04 15:25:58,153 INFO     ___FILE_ONLY___ ═
2024-12-04 15:25:58,153 INFO     ___FILE_ONLY___ ═
2024-12-04 15:25:58,154 INFO     ___FILE_ONLY___ ═
2024-12-04 15:25:58,155 INFO     ___FILE_ONLY___ ═
2024-12-04 15:25:58,155 INFO     ___FILE_ONLY___ ═
2024-12-04 15:25:58,156 INFO     ___FILE_ONLY___ ═
2024-12-04 15:25:58,157 INFO     ___FILE_ONLY___ ═
2024-12-04 15:25:58,158 INFO     ___FILE_ONLY___ ═
2024-12-04 15:25:58,159 INFO     ___FILE_ONLY___ ═
2024-12-04 15:25:58,159 INFO     ___FILE_ONLY___ ═
2024-12-04 15:25:58,163 INFO     ___FILE_ONLY___ ═
2024-12-04 15:25:58,164 INFO     ___FILE_ONLY___ ═
2024-12-04 15:25:58,165 INFO     ___FILE_ONLY___ ═
2024-12-04 15:25:58,165 INFO     ___FILE_ONLY___ ═
2024-12-04 15:25:58,166 INFO     ___FILE_ONLY___ ═
2024-12-04 15:25:58,166 INFO     ___FILE_ONLY___ ╝

2024-12-04 15:25:58,193 INFO     ___FILE_ONLY___ ╔════════════════════════════════════════════════════════════╗

2024-12-04 15:25:58,193 INFO     ___FILE_ONLY___ ╠═ Installing: Google Cloud CLI Core Libraries (Platform... ═╣

2024-12-04 15:25:58,193 INFO     ___FILE_ONLY___ ╚
2024-12-04 15:25:58,195 INFO     ___FILE_ONLY___ ══════════════════════════════
2024-12-04 15:25:58,195 INFO     ___FILE_ONLY___ ══════════════════════════════
2024-12-04 15:25:58,195 INFO     ___FILE_ONLY___ ╝

2024-12-04 15:25:58,202 INFO     ___FILE_ONLY___ ╔════════════════════════════════════════════════════════════╗

2024-12-04 15:25:58,202 INFO     ___FILE_ONLY___ ╠═ Installing: Minikube                                     ═╣

2024-12-04 15:25:58,202 INFO     ___FILE_ONLY___ ╚
2024-12-04 15:25:58,204 INFO     ___FILE_ONLY___ ════════════════════════════════════════════════════════════
2024-12-04 15:25:58,204 INFO     ___FILE_ONLY___ ╝

2024-12-04 15:25:58,208 INFO     ___FILE_ONLY___ ╔════════════════════════════════════════════════════════════╗

2024-12-04 15:25:58,208 INFO     ___FILE_ONLY___ ╠═ Installing: Minikube (Platform Specific)                 ═╣

2024-12-04 15:25:58,208 INFO     ___FILE_ONLY___ ╚
2024-12-04 15:25:58,550 INFO     ___FILE_ONLY___ ════════════════════════════════════════════════════════════
2024-12-04 15:25:58,552 INFO     ___FILE_ONLY___ ╝

2024-12-04 15:25:58,573 INFO     ___FILE_ONLY___ ╔════════════════════════════════════════════════════════════╗

2024-12-04 15:25:58,573 INFO     ___FILE_ONLY___ ╠═ Installing: Skaffold                                     ═╣

2024-12-04 15:25:58,573 INFO     ___FILE_ONLY___ ╚
2024-12-04 15:25:58,575 INFO     ___FILE_ONLY___ ════════════════════════════════════════════════════════════
2024-12-04 15:25:58,575 INFO     ___FILE_ONLY___ ╝

2024-12-04 15:25:58,579 INFO     ___FILE_ONLY___ ╔════════════════════════════════════════════════════════════╗

2024-12-04 15:25:58,580 INFO     ___FILE_ONLY___ ╠═ Installing: Skaffold (Platform Specific)                 ═╣

2024-12-04 15:25:58,580 INFO     ___FILE_ONLY___ ╚
2024-12-04 15:25:58,853 INFO     ___FILE_ONLY___ ════════════════════════════════════════════════════════════
2024-12-04 15:25:58,853 INFO     ___FILE_ONLY___ ╝

2024-12-04 15:25:58,875 INFO     ___FILE_ONLY___ ╔════════════════════════════════════════════════════════════╗

2024-12-04 15:25:58,875 INFO     ___FILE_ONLY___ ╠═ Installing: gcloud Alpha Commands                        ═╣

2024-12-04 15:25:58,875 INFO     ___FILE_ONLY___ ╚
2024-12-04 15:25:58,876 INFO     ___FILE_ONLY___ ════════════════════════════════════════════════════════════
2024-12-04 15:25:58,876 INFO     ___FILE_ONLY___ ╝

2024-12-04 15:25:58,882 INFO     ___FILE_ONLY___ ╔════════════════════════════════════════════════════════════╗

2024-12-04 15:25:58,882 INFO     ___FILE_ONLY___ ╠═ Installing: gcloud Beta Commands                         ═╣

2024-12-04 15:25:58,882 INFO     ___FILE_ONLY___ ╚
2024-12-04 15:25:58,883 INFO     ___FILE_ONLY___ ════════════════════════════════════════════════════════════
2024-12-04 15:25:58,883 INFO     ___FILE_ONLY___ ╝

2024-12-04 15:25:58,889 INFO     ___FILE_ONLY___ ╔════════════════════════════════════════════════════════════╗

2024-12-04 15:25:58,889 INFO     ___FILE_ONLY___ ╠═ Installing: gcloud cli dependencies (Platform Specific)  ═╣

2024-12-04 15:25:58,889 INFO     ___FILE_ONLY___ ╚
2024-12-04 15:25:58,889 INFO     ___FILE_ONLY___ ════════════════════════════════════════════════════════════
2024-12-04 15:25:58,889 INFO     ___FILE_ONLY___ ╝

2024-12-04 15:25:58,895 INFO     ___FILE_ONLY___ ╔════════════════════════════════════════════════════════════╗

2024-12-04 15:25:58,895 INFO     ___FILE_ONLY___ ╠═ Installing: gke-gcloud-auth-plugin                       ═╣

2024-12-04 15:25:58,895 INFO     ___FILE_ONLY___ ╚
2024-12-04 15:25:58,896 INFO     ___FILE_ONLY___ ════════════════════════════════════════════════════════════
2024-12-04 15:25:58,896 INFO     ___FILE_ONLY___ ╝

2024-12-04 15:25:58,900 INFO     ___FILE_ONLY___ ╔════════════════════════════════════════════════════════════╗

2024-12-04 15:25:58,900 INFO     ___FILE_ONLY___ ╠═ Installing: gke-gcloud-auth-plugin (Platform Specific)   ═╣

2024-12-04 15:25:58,900 INFO     ___FILE_ONLY___ ╚
2024-12-04 15:25:58,953 INFO     ___FILE_ONLY___ ════════════════════════════════════════════════════════════
2024-12-04 15:25:58,953 INFO     ___FILE_ONLY___ ╝

2024-12-04 15:25:58,961 INFO     ___FILE_ONLY___ ╔════════════════════════════════════════════════════════════╗

2024-12-04 15:25:58,961 INFO     ___FILE_ONLY___ ╠═ Installing: kubectl                                      ═╣

2024-12-04 15:25:58,961 INFO     ___FILE_ONLY___ ╚
2024-12-04 15:25:58,963 INFO     ___FILE_ONLY___ ════════════════════════════════════════════════════════════
2024-12-04 15:25:58,963 INFO     ___FILE_ONLY___ ╝

2024-12-04 15:25:58,968 INFO     ___FILE_ONLY___ ╔════════════════════════════════════════════════════════════╗

2024-12-04 15:25:58,968 INFO     ___FILE_ONLY___ ╠═ Installing: kubectl (Platform Specific)                  ═╣

2024-12-04 15:25:58,968 INFO     ___FILE_ONLY___ ╚
2024-12-04 15:25:59,469 INFO     ___FILE_ONLY___ ══════════
2024-12-04 15:25:59,562 INFO     ___FILE_ONLY___ ══════════
2024-12-04 15:25:59,659 INFO     ___FILE_ONLY___ ══════════
2024-12-04 15:25:59,753 INFO     ___FILE_ONLY___ ══════════
2024-12-04 15:25:59,862 INFO     ___FILE_ONLY___ ══════════
2024-12-04 15:25:59,978 INFO     ___FILE_ONLY___ ══════════
2024-12-04 15:25:59,979 INFO     ___FILE_ONLY___ ╝

2024-12-04 15:25:59,992 DEBUG    root            Updating notification cache...
2024-12-04 15:25:59,992 INFO     ___FILE_ONLY___ 

2024-12-04 15:26:00,000 INFO     ___FILE_ONLY___ Performing post processing steps...
2024-12-04 15:26:00,000 DEBUG    root            Executing command: ['/Users/gabrielpaura/Library/Application Support/cloud-code/installer/google-cloud-sdk/bin/gcloud', 'components', 'post-process', '--no-compile-python']
2024-12-04 15:26:00,584 DEBUG    ___FILE_ONLY___ 
2024-12-04 15:26:00,584 DEBUG    ___FILE_ONLY___ 
2024-12-04 15:26:00,768 INFO     ___FILE_ONLY___ 
Update done!


2024-12-04 15:26:00,769 WARNING  root              There are other instances of Google Cloud tools on your system PATH.
  Please remove the following to avoid confusion or accidental invocation:

  /Applications/Docker.app/Contents/Resources/bin/kubectl

  
2024-12-04 15:26:00,771 DEBUG    root            Chosen display Format:none
2024-12-04 15:26:00,771 INFO     root            Display format: "none"
2024-12-04 15:26:00,774 DEBUG    root            Executing command: ['curl', '--silent', '-O', 'https://dl.google.com/dl/cloudsdk/channels/rapid/python-3.11.6-macos11.tar.gz']
2024-12-04 15:26:01,553 DEBUG    root            Executing command: ['tar', '-xf', 'python-3.11.6-macos11.tar.gz']
2024-12-04 15:26:01,621 DEBUG    root            Executing command: ['sudo', 'installer', '-target', '/', '-pkg', './python-3.11.6-macos11.pkg']
