2024-11-22 09:05:17,578 DEBUG    root            Metrics collector initialized...
2024-11-22 09:05:17,579 DEBUG    root            Loaded Command Group: ['gcloud', 'components']
2024-11-22 09:05:17,584 DEBUG    root            Loaded Command Group: ['gcloud', 'components', 'update']
2024-11-22 09:05:17,584 DEBUG    root            Running [gcloud.components.update] with arguments: [--no-compile-python: "False", --quiet: "True", COMPONENT-IDS:6: "['alpha', 'beta', 'gke-gcloud-auth-plugin', 'kubectl', 'skaffold', 'minikube']"]
2024-11-22 09:05:17,584 INFO     ___FILE_ONLY___ Beginning update. This process may take several minutes.

2024-11-22 09:05:17,601 DEBUG    urllib3.connectionpool Starting new HTTPS connection (1): dl.google.com:443
2024-11-22 09:05:17,742 DEBUG    urllib3.connectionpool https://dl.google.com:443 "GET /dl/cloudsdk/channels/rapid/components-2.json HTTP/1.1" 200 227816
2024-11-22 09:05:17,786 INFO     ___FILE_ONLY___ 

2024-11-22 09:05:17,787 INFO     ___FILE_ONLY___ 
Your current Google Cloud CLI version is: 502.0.0

2024-11-22 09:05:17,787 INFO     ___FILE_ONLY___ Installing components from version: 502.0.0

2024-11-22 09:05:17,787 INFO     ___FILE_ONLY___ 

2024-11-22 09:05:17,787 DEBUG    root            Chosen display Format:table[box,title="These components will be removed."](details.display_name:label=Name:align=left,version.version_string:label=Version:align=right,data.size.size(zero="",min=1048576):label=Size:align=right)
2024-11-22 09:05:17,788 DEBUG    root            Chosen display Format:table[box,title="These components will be updated."](details.display_name:label=Name:align=left,version.version_string:label=Version:align=right,data.size.size(zero="",min=1048576):label=Size:align=right)
2024-11-22 09:05:17,788 DEBUG    root            Chosen display Format:table[box,title="These components will be installed."](details.display_name:label=Name:align=left,version.version_string:label=Version:align=right,data.size.size(zero="",min=1048576):label=Size:align=right)
2024-11-22 09:05:17,819 INFO     ___FILE_ONLY___ ┌─────────────────────────────────────────────────────────────────────────────┐
2024-11-22 09:05:17,819 INFO     ___FILE_ONLY___ 

2024-11-22 09:05:17,819 INFO     ___FILE_ONLY___ │                     These components will be installed.                     │
2024-11-22 09:05:17,819 INFO     ___FILE_ONLY___ 

2024-11-22 09:05:17,819 INFO     ___FILE_ONLY___ ├─────────────────────────────────────────────────────┬────────────┬──────────┤
2024-11-22 09:05:17,819 INFO     ___FILE_ONLY___ 

2024-11-22 09:05:17,819 INFO     ___FILE_ONLY___ │                         Name                        │  Version   │   Size   │
2024-11-22 09:05:17,819 INFO     ___FILE_ONLY___ 

2024-11-22 09:05:17,819 INFO     ___FILE_ONLY___ ├─────────────────────────────────────────────────────┼────────────┼──────────┤
2024-11-22 09:05:17,819 INFO     ___FILE_ONLY___ 

2024-11-22 09:05:17,819 INFO     ___FILE_ONLY___ │ 
2024-11-22 09:05:17,819 INFO     ___FILE_ONLY___ Google Cloud CLI Core Libraries (Platform Specific)
2024-11-22 09:05:17,819 INFO     ___FILE_ONLY___  
2024-11-22 09:05:17,819 INFO     ___FILE_ONLY___ │ 
2024-11-22 09:05:17,819 INFO     ___FILE_ONLY___ 2024.08.30
2024-11-22 09:05:17,819 INFO     ___FILE_ONLY___  
2024-11-22 09:05:17,819 INFO     ___FILE_ONLY___ │ 
2024-11-22 09:05:17,819 INFO     ___FILE_ONLY___  < 1 MiB
2024-11-22 09:05:17,819 INFO     ___FILE_ONLY___  
2024-11-22 09:05:17,819 INFO     ___FILE_ONLY___ │
2024-11-22 09:05:17,819 INFO     ___FILE_ONLY___ 

2024-11-22 09:05:17,819 INFO     ___FILE_ONLY___ │ 
2024-11-22 09:05:17,819 INFO     ___FILE_ONLY___ Minikube (Platform Specific)                       
2024-11-22 09:05:17,819 INFO     ___FILE_ONLY___  
2024-11-22 09:05:17,820 INFO     ___FILE_ONLY___ │ 
2024-11-22 09:05:17,820 INFO     ___FILE_ONLY___     1.34.0
2024-11-22 09:05:17,820 INFO     ___FILE_ONLY___  
2024-11-22 09:05:17,820 INFO     ___FILE_ONLY___ │ 
2024-11-22 09:05:17,820 INFO     ___FILE_ONLY___ 37.2 MiB
2024-11-22 09:05:17,820 INFO     ___FILE_ONLY___  
2024-11-22 09:05:17,820 INFO     ___FILE_ONLY___ │
2024-11-22 09:05:17,820 INFO     ___FILE_ONLY___ 

2024-11-22 09:05:17,820 INFO     ___FILE_ONLY___ │ 
2024-11-22 09:05:17,820 INFO     ___FILE_ONLY___ Skaffold (Platform Specific)                       
2024-11-22 09:05:17,820 INFO     ___FILE_ONLY___  
2024-11-22 09:05:17,820 INFO     ___FILE_ONLY___ │ 
2024-11-22 09:05:17,820 INFO     ___FILE_ONLY___     2.13.1
2024-11-22 09:05:17,820 INFO     ___FILE_ONLY___  
2024-11-22 09:05:17,820 INFO     ___FILE_ONLY___ │ 
2024-11-22 09:05:17,820 INFO     ___FILE_ONLY___ 22.9 MiB
2024-11-22 09:05:17,820 INFO     ___FILE_ONLY___  
2024-11-22 09:05:17,820 INFO     ___FILE_ONLY___ │
2024-11-22 09:05:17,820 INFO     ___FILE_ONLY___ 

2024-11-22 09:05:17,820 INFO     ___FILE_ONLY___ │ 
2024-11-22 09:05:17,820 INFO     ___FILE_ONLY___ gcloud Alpha Commands                              
2024-11-22 09:05:17,820 INFO     ___FILE_ONLY___  
2024-11-22 09:05:17,820 INFO     ___FILE_ONLY___ │ 
2024-11-22 09:05:17,820 INFO     ___FILE_ONLY___ 2024.11.15
2024-11-22 09:05:17,820 INFO     ___FILE_ONLY___  
2024-11-22 09:05:17,820 INFO     ___FILE_ONLY___ │ 
2024-11-22 09:05:17,820 INFO     ___FILE_ONLY___  < 1 MiB
2024-11-22 09:05:17,820 INFO     ___FILE_ONLY___  
2024-11-22 09:05:17,820 INFO     ___FILE_ONLY___ │
2024-11-22 09:05:17,820 INFO     ___FILE_ONLY___ 

2024-11-22 09:05:17,820 INFO     ___FILE_ONLY___ │ 
2024-11-22 09:05:17,820 INFO     ___FILE_ONLY___ gcloud Beta Commands                               
2024-11-22 09:05:17,820 INFO     ___FILE_ONLY___  
2024-11-22 09:05:17,820 INFO     ___FILE_ONLY___ │ 
2024-11-22 09:05:17,820 INFO     ___FILE_ONLY___ 2024.11.15
2024-11-22 09:05:17,820 INFO     ___FILE_ONLY___  
2024-11-22 09:05:17,820 INFO     ___FILE_ONLY___ │ 
2024-11-22 09:05:17,820 INFO     ___FILE_ONLY___  < 1 MiB
2024-11-22 09:05:17,820 INFO     ___FILE_ONLY___  
2024-11-22 09:05:17,820 INFO     ___FILE_ONLY___ │
2024-11-22 09:05:17,820 INFO     ___FILE_ONLY___ 

2024-11-22 09:05:17,820 INFO     ___FILE_ONLY___ │ 
2024-11-22 09:05:17,820 INFO     ___FILE_ONLY___ gcloud cli dependencies (Platform Specific)        
2024-11-22 09:05:17,820 INFO     ___FILE_ONLY___  
2024-11-22 09:05:17,820 INFO     ___FILE_ONLY___ │ 
2024-11-22 09:05:17,820 INFO     ___FILE_ONLY___ 2021.04.16
2024-11-22 09:05:17,820 INFO     ___FILE_ONLY___  
2024-11-22 09:05:17,820 INFO     ___FILE_ONLY___ │ 
2024-11-22 09:05:17,820 INFO     ___FILE_ONLY___  < 1 MiB
2024-11-22 09:05:17,820 INFO     ___FILE_ONLY___  
2024-11-22 09:05:17,820 INFO     ___FILE_ONLY___ │
2024-11-22 09:05:17,820 INFO     ___FILE_ONLY___ 

2024-11-22 09:05:17,820 INFO     ___FILE_ONLY___ │ 
2024-11-22 09:05:17,820 INFO     ___FILE_ONLY___ gke-gcloud-auth-plugin (Platform Specific)         
2024-11-22 09:05:17,820 INFO     ___FILE_ONLY___  
2024-11-22 09:05:17,821 INFO     ___FILE_ONLY___ │ 
2024-11-22 09:05:17,821 INFO     ___FILE_ONLY___      0.5.9
2024-11-22 09:05:17,821 INFO     ___FILE_ONLY___  
2024-11-22 09:05:17,821 INFO     ___FILE_ONLY___ │ 
2024-11-22 09:05:17,821 INFO     ___FILE_ONLY___  4.0 MiB
2024-11-22 09:05:17,821 INFO     ___FILE_ONLY___  
2024-11-22 09:05:17,821 INFO     ___FILE_ONLY___ │
2024-11-22 09:05:17,821 INFO     ___FILE_ONLY___ 

2024-11-22 09:05:17,821 INFO     ___FILE_ONLY___ │ 
2024-11-22 09:05:17,821 INFO     ___FILE_ONLY___ kubectl                                            
2024-11-22 09:05:17,821 INFO     ___FILE_ONLY___  
2024-11-22 09:05:17,821 INFO     ___FILE_ONLY___ │ 
2024-11-22 09:05:17,821 INFO     ___FILE_ONLY___     1.30.5
2024-11-22 09:05:17,821 INFO     ___FILE_ONLY___  
2024-11-22 09:05:17,821 INFO     ___FILE_ONLY___ │ 
2024-11-22 09:05:17,821 INFO     ___FILE_ONLY___  < 1 MiB
2024-11-22 09:05:17,821 INFO     ___FILE_ONLY___  
2024-11-22 09:05:17,821 INFO     ___FILE_ONLY___ │
2024-11-22 09:05:17,821 INFO     ___FILE_ONLY___ 

2024-11-22 09:05:17,821 INFO     ___FILE_ONLY___ │ 
2024-11-22 09:05:17,821 INFO     ___FILE_ONLY___ kubectl (Platform Specific)                        
2024-11-22 09:05:17,821 INFO     ___FILE_ONLY___  
2024-11-22 09:05:17,821 INFO     ___FILE_ONLY___ │ 
2024-11-22 09:05:17,821 INFO     ___FILE_ONLY___     1.30.6
2024-11-22 09:05:17,821 INFO     ___FILE_ONLY___  
2024-11-22 09:05:17,821 INFO     ___FILE_ONLY___ │ 
2024-11-22 09:05:17,821 INFO     ___FILE_ONLY___ 86.1 MiB
2024-11-22 09:05:17,821 INFO     ___FILE_ONLY___  
2024-11-22 09:05:17,821 INFO     ___FILE_ONLY___ │
2024-11-22 09:05:17,821 INFO     ___FILE_ONLY___ 

2024-11-22 09:05:17,821 INFO     ___FILE_ONLY___ └─────────────────────────────────────────────────────┴────────────┴──────────┘
2024-11-22 09:05:17,821 INFO     ___FILE_ONLY___ 

2024-11-22 09:05:17,821 INFO     ___FILE_ONLY___ 

2024-11-22 09:05:17,823 DEBUG    urllib3.connectionpool Starting new HTTPS connection (1): dl.google.com:443
2024-11-22 09:05:17,959 DEBUG    urllib3.connectionpool https://dl.google.com:443 "GET /dl/cloudsdk/channels/rapid/RELEASE_NOTES HTTP/1.1" 200 1314602
2024-11-22 09:05:18,056 INFO     ___FILE_ONLY___ For the latest full release notes, please visit:
  https://cloud.google.com/sdk/release_notes


2024-11-22 09:05:18,057 INFO     ___FILE_ONLY___ Performing in place update...


2024-11-22 09:05:18,066 INFO     ___FILE_ONLY___ ╔════════════════════════════════════════════════════════════╗

2024-11-22 09:05:18,066 INFO     ___FILE_ONLY___ ╠═ Downloading: Google Cloud CLI Core Libraries (Platfor... ═╣

2024-11-22 09:05:18,066 INFO     ___FILE_ONLY___ ╚
2024-11-22 09:05:18,071 DEBUG    urllib3.connectionpool Starting new HTTPS connection (1): dl.google.com:443
2024-11-22 09:05:18,210 DEBUG    urllib3.connectionpool https://dl.google.com:443 "GET /dl/cloudsdk/channels/rapid/components/google-cloud-sdk-core-nix-20240830134514.tar.gz HTTP/1.1" 200 2306
2024-11-22 09:05:18,211 INFO     ___FILE_ONLY___ ════════════════════════════════════════════════════════════
2024-11-22 09:05:18,211 INFO     ___FILE_ONLY___ ╝

2024-11-22 09:05:18,226 INFO     ___FILE_ONLY___ ╔════════════════════════════════════════════════════════════╗

2024-11-22 09:05:18,226 INFO     ___FILE_ONLY___ ╠═ Downloading: Minikube                                    ═╣

2024-11-22 09:05:18,226 INFO     ___FILE_ONLY___ ╚
2024-11-22 09:05:18,226 INFO     ___FILE_ONLY___ ════════════════════════════════════════════════════════════
2024-11-22 09:05:18,227 INFO     ___FILE_ONLY___ ╝

2024-11-22 09:05:18,238 INFO     ___FILE_ONLY___ ╔════════════════════════════════════════════════════════════╗

2024-11-22 09:05:18,238 INFO     ___FILE_ONLY___ ╠═ Downloading: Minikube (Platform Specific)                ═╣

2024-11-22 09:05:18,238 INFO     ___FILE_ONLY___ ╚
2024-11-22 09:05:18,241 DEBUG    urllib3.connectionpool Starting new HTTPS connection (1): dl.google.com:443
2024-11-22 09:05:18,396 DEBUG    urllib3.connectionpool https://dl.google.com:443 "GET /dl/cloudsdk/channels/rapid/components/google-cloud-sdk-minikube-darwin-arm-20240927140238.tar.gz HTTP/1.1" 200 38981244
2024-11-22 09:05:18,940 INFO     ___FILE_ONLY___ ═
2024-11-22 09:05:18,940 INFO     ___FILE_ONLY___ ═
2024-11-22 09:05:18,941 INFO     ___FILE_ONLY___ ═
2024-11-22 09:05:18,942 INFO     ___FILE_ONLY___ ═
2024-11-22 09:05:18,943 INFO     ___FILE_ONLY___ ═
2024-11-22 09:05:18,943 INFO     ___FILE_ONLY___ ═
2024-11-22 09:05:18,944 INFO     ___FILE_ONLY___ ═
2024-11-22 09:05:18,945 INFO     ___FILE_ONLY___ ═
2024-11-22 09:05:18,945 INFO     ___FILE_ONLY___ ═
2024-11-22 09:05:18,946 INFO     ___FILE_ONLY___ ═
2024-11-22 09:05:18,946 INFO     ___FILE_ONLY___ ═
2024-11-22 09:05:18,947 INFO     ___FILE_ONLY___ ═
2024-11-22 09:05:18,948 INFO     ___FILE_ONLY___ ═
2024-11-22 09:05:18,949 INFO     ___FILE_ONLY___ ═
2024-11-22 09:05:18,950 INFO     ___FILE_ONLY___ ═
2024-11-22 09:05:18,952 INFO     ___FILE_ONLY___ ═
2024-11-22 09:05:18,953 INFO     ___FILE_ONLY___ ═
2024-11-22 09:05:18,954 INFO     ___FILE_ONLY___ ═
2024-11-22 09:05:18,955 INFO     ___FILE_ONLY___ ═
2024-11-22 09:05:18,955 INFO     ___FILE_ONLY___ ═
2024-11-22 09:05:18,956 INFO     ___FILE_ONLY___ ═
2024-11-22 09:05:18,956 INFO     ___FILE_ONLY___ ═
2024-11-22 09:05:18,957 INFO     ___FILE_ONLY___ ═
2024-11-22 09:05:18,957 INFO     ___FILE_ONLY___ ═
2024-11-22 09:05:18,958 INFO     ___FILE_ONLY___ ═
2024-11-22 09:05:18,958 INFO     ___FILE_ONLY___ ═
2024-11-22 09:05:18,959 INFO     ___FILE_ONLY___ ═
2024-11-22 09:05:18,959 INFO     ___FILE_ONLY___ ═
2024-11-22 09:05:18,960 INFO     ___FILE_ONLY___ ═
2024-11-22 09:05:18,960 INFO     ___FILE_ONLY___ ═
2024-11-22 09:05:18,962 INFO     ___FILE_ONLY___ ═
2024-11-22 09:05:18,963 INFO     ___FILE_ONLY___ ═
2024-11-22 09:05:18,964 INFO     ___FILE_ONLY___ ═
2024-11-22 09:05:18,964 INFO     ___FILE_ONLY___ ═
2024-11-22 09:05:18,965 INFO     ___FILE_ONLY___ ═
2024-11-22 09:05:18,966 INFO     ___FILE_ONLY___ ═
2024-11-22 09:05:18,967 INFO     ___FILE_ONLY___ ═
2024-11-22 09:05:18,968 INFO     ___FILE_ONLY___ ═
2024-11-22 09:05:18,969 INFO     ___FILE_ONLY___ ═
2024-11-22 09:05:18,969 INFO     ___FILE_ONLY___ ═
2024-11-22 09:05:18,970 INFO     ___FILE_ONLY___ ═
2024-11-22 09:05:18,970 INFO     ___FILE_ONLY___ ═
2024-11-22 09:05:18,970 INFO     ___FILE_ONLY___ ═
2024-11-22 09:05:18,971 INFO     ___FILE_ONLY___ ═
2024-11-22 09:05:18,971 INFO     ___FILE_ONLY___ ═
2024-11-22 09:05:18,972 INFO     ___FILE_ONLY___ ═
2024-11-22 09:05:18,972 INFO     ___FILE_ONLY___ ═
2024-11-22 09:05:18,973 INFO     ___FILE_ONLY___ ═
2024-11-22 09:05:18,973 INFO     ___FILE_ONLY___ ═
2024-11-22 09:05:18,974 INFO     ___FILE_ONLY___ ═
2024-11-22 09:05:18,975 INFO     ___FILE_ONLY___ ═
2024-11-22 09:05:18,976 INFO     ___FILE_ONLY___ ═
2024-11-22 09:05:18,976 INFO     ___FILE_ONLY___ ═
2024-11-22 09:05:18,977 INFO     ___FILE_ONLY___ ═
2024-11-22 09:05:18,978 INFO     ___FILE_ONLY___ ═
2024-11-22 09:05:18,979 INFO     ___FILE_ONLY___ ═
2024-11-22 09:05:18,979 INFO     ___FILE_ONLY___ ═
2024-11-22 09:05:18,980 INFO     ___FILE_ONLY___ ═
2024-11-22 09:05:18,981 INFO     ___FILE_ONLY___ ═
2024-11-22 09:05:18,981 INFO     ___FILE_ONLY___ ═
2024-11-22 09:05:18,981 INFO     ___FILE_ONLY___ ╝

2024-11-22 09:05:18,992 INFO     ___FILE_ONLY___ ╔════════════════════════════════════════════════════════════╗

2024-11-22 09:05:18,992 INFO     ___FILE_ONLY___ ╠═ Downloading: Skaffold                                    ═╣

2024-11-22 09:05:18,992 INFO     ___FILE_ONLY___ ╚
2024-11-22 09:05:18,992 INFO     ___FILE_ONLY___ ════════════════════════════════════════════════════════════
2024-11-22 09:05:18,992 INFO     ___FILE_ONLY___ ╝

2024-11-22 09:05:18,998 INFO     ___FILE_ONLY___ ╔════════════════════════════════════════════════════════════╗

2024-11-22 09:05:18,998 INFO     ___FILE_ONLY___ ╠═ Downloading: Skaffold (Platform Specific)                ═╣

2024-11-22 09:05:18,998 INFO     ___FILE_ONLY___ ╚
2024-11-22 09:05:19,000 DEBUG    urllib3.connectionpool Starting new HTTPS connection (1): dl.google.com:443
2024-11-22 09:05:19,148 DEBUG    urllib3.connectionpool https://dl.google.com:443 "GET /dl/cloudsdk/channels/rapid/components/google-cloud-sdk-skaffold-darwin-arm-20240806142304.tar.gz HTTP/1.1" 200 24031362
2024-11-22 09:05:19,521 INFO     ___FILE_ONLY___ ═
2024-11-22 09:05:19,521 INFO     ___FILE_ONLY___ ═
2024-11-22 09:05:19,522 INFO     ___FILE_ONLY___ ═
2024-11-22 09:05:19,522 INFO     ___FILE_ONLY___ ═
2024-11-22 09:05:19,523 INFO     ___FILE_ONLY___ ═
2024-11-22 09:05:19,523 INFO     ___FILE_ONLY___ ═
2024-11-22 09:05:19,524 INFO     ___FILE_ONLY___ ═
2024-11-22 09:05:19,524 INFO     ___FILE_ONLY___ ═
2024-11-22 09:05:19,525 INFO     ___FILE_ONLY___ ═
2024-11-22 09:05:19,525 INFO     ___FILE_ONLY___ ═
2024-11-22 09:05:19,526 INFO     ___FILE_ONLY___ ═
2024-11-22 09:05:19,526 INFO     ___FILE_ONLY___ ═
2024-11-22 09:05:19,526 INFO     ___FILE_ONLY___ ═
2024-11-22 09:05:19,527 INFO     ___FILE_ONLY___ ═
2024-11-22 09:05:19,527 INFO     ___FILE_ONLY___ ═
2024-11-22 09:05:19,528 INFO     ___FILE_ONLY___ ═
2024-11-22 09:05:19,528 INFO     ___FILE_ONLY___ ═
2024-11-22 09:05:19,529 INFO     ___FILE_ONLY___ ═
2024-11-22 09:05:19,529 INFO     ___FILE_ONLY___ ═
2024-11-22 09:05:19,530 INFO     ___FILE_ONLY___ ═
2024-11-22 09:05:19,530 INFO     ___FILE_ONLY___ ═
2024-11-22 09:05:19,531 INFO     ___FILE_ONLY___ ═
2024-11-22 09:05:19,531 INFO     ___FILE_ONLY___ ═
2024-11-22 09:05:19,532 INFO     ___FILE_ONLY___ ═
2024-11-22 09:05:19,532 INFO     ___FILE_ONLY___ ═
2024-11-22 09:05:19,532 INFO     ___FILE_ONLY___ ═
2024-11-22 09:05:19,533 INFO     ___FILE_ONLY___ ═
2024-11-22 09:05:19,533 INFO     ___FILE_ONLY___ ═
2024-11-22 09:05:19,533 INFO     ___FILE_ONLY___ ═
2024-11-22 09:05:19,534 INFO     ___FILE_ONLY___ ═
2024-11-22 09:05:19,534 INFO     ___FILE_ONLY___ ═
2024-11-22 09:05:19,534 INFO     ___FILE_ONLY___ ═
2024-11-22 09:05:19,535 INFO     ___FILE_ONLY___ ═
2024-11-22 09:05:19,535 INFO     ___FILE_ONLY___ ═
2024-11-22 09:05:19,535 INFO     ___FILE_ONLY___ ═
2024-11-22 09:05:19,536 INFO     ___FILE_ONLY___ ═
2024-11-22 09:05:19,536 INFO     ___FILE_ONLY___ ═
2024-11-22 09:05:19,536 INFO     ___FILE_ONLY___ ═
2024-11-22 09:05:19,537 INFO     ___FILE_ONLY___ ═
2024-11-22 09:05:19,537 INFO     ___FILE_ONLY___ ═
2024-11-22 09:05:19,539 INFO     ___FILE_ONLY___ ═
2024-11-22 09:05:19,540 INFO     ___FILE_ONLY___ ═
2024-11-22 09:05:19,541 INFO     ___FILE_ONLY___ ═
2024-11-22 09:05:19,542 INFO     ___FILE_ONLY___ ═
2024-11-22 09:05:19,542 INFO     ___FILE_ONLY___ ═
2024-11-22 09:05:19,543 INFO     ___FILE_ONLY___ ═
2024-11-22 09:05:19,543 INFO     ___FILE_ONLY___ ═
2024-11-22 09:05:19,544 INFO     ___FILE_ONLY___ ═
2024-11-22 09:05:19,544 INFO     ___FILE_ONLY___ ═
2024-11-22 09:05:19,545 INFO     ___FILE_ONLY___ ═
2024-11-22 09:05:19,546 INFO     ___FILE_ONLY___ ═
2024-11-22 09:05:19,546 INFO     ___FILE_ONLY___ ═
2024-11-22 09:05:19,547 INFO     ___FILE_ONLY___ ═
2024-11-22 09:05:19,548 INFO     ___FILE_ONLY___ ═
2024-11-22 09:05:19,548 INFO     ___FILE_ONLY___ ═
2024-11-22 09:05:19,549 INFO     ___FILE_ONLY___ ═
2024-11-22 09:05:19,549 INFO     ___FILE_ONLY___ ═
2024-11-22 09:05:19,550 INFO     ___FILE_ONLY___ ═
2024-11-22 09:05:19,550 INFO     ___FILE_ONLY___ ═
2024-11-22 09:05:19,551 INFO     ___FILE_ONLY___ ═
2024-11-22 09:05:19,551 INFO     ___FILE_ONLY___ ╝

2024-11-22 09:05:19,565 INFO     ___FILE_ONLY___ ╔════════════════════════════════════════════════════════════╗

2024-11-22 09:05:19,565 INFO     ___FILE_ONLY___ ╠═ Downloading: gcloud Alpha Commands                       ═╣

2024-11-22 09:05:19,565 INFO     ___FILE_ONLY___ ╚
2024-11-22 09:05:19,567 DEBUG    urllib3.connectionpool Starting new HTTPS connection (1): dl.google.com:443
2024-11-22 09:05:19,702 DEBUG    urllib3.connectionpool https://dl.google.com:443 "GET /dl/cloudsdk/channels/rapid/components/google-cloud-sdk-alpha-20241115154308.tar.gz HTTP/1.1" 200 800
2024-11-22 09:05:19,703 INFO     ___FILE_ONLY___ ════════════════════════════════════════════════════════════
2024-11-22 09:05:19,703 INFO     ___FILE_ONLY___ ╝

2024-11-22 09:05:19,717 INFO     ___FILE_ONLY___ ╔════════════════════════════════════════════════════════════╗

2024-11-22 09:05:19,717 INFO     ___FILE_ONLY___ ╠═ Downloading: gcloud Beta Commands                        ═╣

2024-11-22 09:05:19,717 INFO     ___FILE_ONLY___ ╚
2024-11-22 09:05:19,721 DEBUG    urllib3.connectionpool Starting new HTTPS connection (1): dl.google.com:443
2024-11-22 09:05:19,868 DEBUG    urllib3.connectionpool https://dl.google.com:443 "GET /dl/cloudsdk/channels/rapid/components/google-cloud-sdk-beta-20241115154308.tar.gz HTTP/1.1" 200 797
2024-11-22 09:05:19,870 INFO     ___FILE_ONLY___ ════════════════════════════════════════════════════════════
2024-11-22 09:05:19,870 INFO     ___FILE_ONLY___ ╝

2024-11-22 09:05:19,892 INFO     ___FILE_ONLY___ ╔════════════════════════════════════════════════════════════╗

2024-11-22 09:05:19,892 INFO     ___FILE_ONLY___ ╠═ Downloading: gcloud cli dependencies (Platform Specific) ═╣

2024-11-22 09:05:19,893 INFO     ___FILE_ONLY___ ╚
2024-11-22 09:05:19,897 DEBUG    urllib3.connectionpool Starting new HTTPS connection (1): dl.google.com:443
2024-11-22 09:05:20,047 DEBUG    urllib3.connectionpool https://dl.google.com:443 "GET /dl/cloudsdk/channels/rapid/components/google-cloud-sdk-gcloud-deps-darwin-x86_64-20210416153011.tar.gz HTTP/1.1" 200 105
2024-11-22 09:05:20,048 INFO     ___FILE_ONLY___ ════════════════════════════════════════════════════════════
2024-11-22 09:05:20,049 INFO     ___FILE_ONLY___ ╝

2024-11-22 09:05:20,065 INFO     ___FILE_ONLY___ ╔════════════════════════════════════════════════════════════╗

2024-11-22 09:05:20,065 INFO     ___FILE_ONLY___ ╠═ Downloading: gke-gcloud-auth-plugin                      ═╣

2024-11-22 09:05:20,065 INFO     ___FILE_ONLY___ ╚
2024-11-22 09:05:20,065 INFO     ___FILE_ONLY___ ════════════════════════════════════════════════════════════
2024-11-22 09:05:20,065 INFO     ___FILE_ONLY___ ╝

2024-11-22 09:05:20,075 INFO     ___FILE_ONLY___ ╔════════════════════════════════════════════════════════════╗

2024-11-22 09:05:20,075 INFO     ___FILE_ONLY___ ╠═ Downloading: gke-gcloud-auth-plugin (Platform Specific)  ═╣

2024-11-22 09:05:20,075 INFO     ___FILE_ONLY___ ╚
2024-11-22 09:05:20,079 DEBUG    urllib3.connectionpool Starting new HTTPS connection (1): dl.google.com:443
2024-11-22 09:05:20,223 DEBUG    urllib3.connectionpool https://dl.google.com:443 "GET /dl/cloudsdk/channels/rapid/components/google-cloud-sdk-gke-gcloud-auth-plugin-darwin-arm-20240628141907.tar.gz HTTP/1.1" 200 4148014
2024-11-22 09:05:20,332 INFO     ___FILE_ONLY___ ═
2024-11-22 09:05:20,332 INFO     ___FILE_ONLY___ ═
2024-11-22 09:05:20,333 INFO     ___FILE_ONLY___ ═
2024-11-22 09:05:20,333 INFO     ___FILE_ONLY___ ═
2024-11-22 09:05:20,333 INFO     ___FILE_ONLY___ ═
2024-11-22 09:05:20,333 INFO     ___FILE_ONLY___ ═
2024-11-22 09:05:20,333 INFO     ___FILE_ONLY___ ═
2024-11-22 09:05:20,333 INFO     ___FILE_ONLY___ ═
2024-11-22 09:05:20,334 INFO     ___FILE_ONLY___ ═
2024-11-22 09:05:20,334 INFO     ___FILE_ONLY___ ═
2024-11-22 09:05:20,334 INFO     ___FILE_ONLY___ ═
2024-11-22 09:05:20,334 INFO     ___FILE_ONLY___ ═
2024-11-22 09:05:20,334 INFO     ___FILE_ONLY___ ═
2024-11-22 09:05:20,334 INFO     ___FILE_ONLY___ ═
2024-11-22 09:05:20,334 INFO     ___FILE_ONLY___ ═
2024-11-22 09:05:20,335 INFO     ___FILE_ONLY___ ═
2024-11-22 09:05:20,335 INFO     ___FILE_ONLY___ ═
2024-11-22 09:05:20,335 INFO     ___FILE_ONLY___ ═
2024-11-22 09:05:20,335 INFO     ___FILE_ONLY___ ═
2024-11-22 09:05:20,335 INFO     ___FILE_ONLY___ ═
2024-11-22 09:05:20,335 INFO     ___FILE_ONLY___ ═
2024-11-22 09:05:20,336 INFO     ___FILE_ONLY___ ═
2024-11-22 09:05:20,336 INFO     ___FILE_ONLY___ ═
2024-11-22 09:05:20,336 INFO     ___FILE_ONLY___ ═
2024-11-22 09:05:20,336 INFO     ___FILE_ONLY___ ═
2024-11-22 09:05:20,336 INFO     ___FILE_ONLY___ ═
2024-11-22 09:05:20,337 INFO     ___FILE_ONLY___ ═
2024-11-22 09:05:20,337 INFO     ___FILE_ONLY___ ═
2024-11-22 09:05:20,337 INFO     ___FILE_ONLY___ ═
2024-11-22 09:05:20,337 INFO     ___FILE_ONLY___ ═
2024-11-22 09:05:20,337 INFO     ___FILE_ONLY___ ═
2024-11-22 09:05:20,337 INFO     ___FILE_ONLY___ ═
2024-11-22 09:05:20,337 INFO     ___FILE_ONLY___ ═
2024-11-22 09:05:20,338 INFO     ___FILE_ONLY___ ═
2024-11-22 09:05:20,338 INFO     ___FILE_ONLY___ ═
2024-11-22 09:05:20,338 INFO     ___FILE_ONLY___ ═
2024-11-22 09:05:20,338 INFO     ___FILE_ONLY___ ═
2024-11-22 09:05:20,338 INFO     ___FILE_ONLY___ ═
2024-11-22 09:05:20,338 INFO     ___FILE_ONLY___ ═
2024-11-22 09:05:20,338 INFO     ___FILE_ONLY___ ═
2024-11-22 09:05:20,338 INFO     ___FILE_ONLY___ ═
2024-11-22 09:05:20,339 INFO     ___FILE_ONLY___ ═
2024-11-22 09:05:20,339 INFO     ___FILE_ONLY___ ═
2024-11-22 09:05:20,339 INFO     ___FILE_ONLY___ ═
2024-11-22 09:05:20,339 INFO     ___FILE_ONLY___ ═
2024-11-22 09:05:20,339 INFO     ___FILE_ONLY___ ═
2024-11-22 09:05:20,339 INFO     ___FILE_ONLY___ ═
2024-11-22 09:05:20,340 INFO     ___FILE_ONLY___ ═
2024-11-22 09:05:20,340 INFO     ___FILE_ONLY___ ═
2024-11-22 09:05:20,340 INFO     ___FILE_ONLY___ ═
2024-11-22 09:05:20,340 INFO     ___FILE_ONLY___ ═
2024-11-22 09:05:20,340 INFO     ___FILE_ONLY___ ═
2024-11-22 09:05:20,340 INFO     ___FILE_ONLY___ ═
2024-11-22 09:05:20,340 INFO     ___FILE_ONLY___ ═
2024-11-22 09:05:20,341 INFO     ___FILE_ONLY___ ═
2024-11-22 09:05:20,341 INFO     ___FILE_ONLY___ ═
2024-11-22 09:05:20,341 INFO     ___FILE_ONLY___ ═
2024-11-22 09:05:20,341 INFO     ___FILE_ONLY___ ═
2024-11-22 09:05:20,341 INFO     ___FILE_ONLY___ ═
2024-11-22 09:05:20,341 INFO     ___FILE_ONLY___ ═
2024-11-22 09:05:20,342 INFO     ___FILE_ONLY___ ╝

2024-11-22 09:05:20,354 INFO     ___FILE_ONLY___ ╔════════════════════════════════════════════════════════════╗

2024-11-22 09:05:20,355 INFO     ___FILE_ONLY___ ╠═ Downloading: kubectl                                     ═╣

2024-11-22 09:05:20,355 INFO     ___FILE_ONLY___ ╚
2024-11-22 09:05:20,368 DEBUG    urllib3.connectionpool Starting new HTTPS connection (1): dl.google.com:443
2024-11-22 09:05:20,516 DEBUG    urllib3.connectionpool https://dl.google.com:443 "GET /dl/cloudsdk/channels/rapid/components/google-cloud-sdk-kubectl-20241004144944.tar.gz HTTP/1.1" 200 36206
2024-11-22 09:05:20,528 INFO     ___FILE_ONLY___ ═══════════════════════════
2024-11-22 09:05:20,529 INFO     ___FILE_ONLY___ ═══════════════════════════
2024-11-22 09:05:20,529 INFO     ___FILE_ONLY___ ══════
2024-11-22 09:05:20,529 INFO     ___FILE_ONLY___ ╝

2024-11-22 09:05:20,545 INFO     ___FILE_ONLY___ ╔════════════════════════════════════════════════════════════╗

2024-11-22 09:05:20,545 INFO     ___FILE_ONLY___ ╠═ Downloading: kubectl (Platform Specific)                 ═╣

2024-11-22 09:05:20,546 INFO     ___FILE_ONLY___ ╚
2024-11-22 09:05:20,549 DEBUG    urllib3.connectionpool Starting new HTTPS connection (1): dl.google.com:443
2024-11-22 09:05:20,695 DEBUG    urllib3.connectionpool https://dl.google.com:443 "GET /dl/cloudsdk/channels/rapid/components/google-cloud-sdk-kubectl-darwin-arm-20241108162203.tar.gz HTTP/1.1" 200 90277960
2024-11-22 09:05:21,842 INFO     ___FILE_ONLY___ ═
2024-11-22 09:05:21,843 INFO     ___FILE_ONLY___ ═
2024-11-22 09:05:21,845 INFO     ___FILE_ONLY___ ═
2024-11-22 09:05:21,847 INFO     ___FILE_ONLY___ ═
2024-11-22 09:05:21,848 INFO     ___FILE_ONLY___ ═
2024-11-22 09:05:21,850 INFO     ___FILE_ONLY___ ═
2024-11-22 09:05:21,851 INFO     ___FILE_ONLY___ ═
2024-11-22 09:05:21,851 INFO     ___FILE_ONLY___ ═
2024-11-22 09:05:21,852 INFO     ___FILE_ONLY___ ═
2024-11-22 09:05:21,853 INFO     ___FILE_ONLY___ ═
2024-11-22 09:05:21,857 INFO     ___FILE_ONLY___ ═
2024-11-22 09:05:21,858 INFO     ___FILE_ONLY___ ═
2024-11-22 09:05:21,859 INFO     ___FILE_ONLY___ ═
2024-11-22 09:05:21,860 INFO     ___FILE_ONLY___ ═
2024-11-22 09:05:21,861 INFO     ___FILE_ONLY___ ═
2024-11-22 09:05:21,862 INFO     ___FILE_ONLY___ ═
2024-11-22 09:05:21,863 INFO     ___FILE_ONLY___ ═
2024-11-22 09:05:21,864 INFO     ___FILE_ONLY___ ═
2024-11-22 09:05:21,865 INFO     ___FILE_ONLY___ ═
2024-11-22 09:05:21,866 INFO     ___FILE_ONLY___ ═
2024-11-22 09:05:21,866 INFO     ___FILE_ONLY___ ═
2024-11-22 09:05:21,868 INFO     ___FILE_ONLY___ ═
2024-11-22 09:05:21,869 INFO     ___FILE_ONLY___ ═
2024-11-22 09:05:21,870 INFO     ___FILE_ONLY___ ═
2024-11-22 09:05:21,871 INFO     ___FILE_ONLY___ ═
2024-11-22 09:05:21,872 INFO     ___FILE_ONLY___ ═
2024-11-22 09:05:21,873 INFO     ___FILE_ONLY___ ═
2024-11-22 09:05:21,874 INFO     ___FILE_ONLY___ ═
2024-11-22 09:05:21,875 INFO     ___FILE_ONLY___ ═
2024-11-22 09:05:21,877 INFO     ___FILE_ONLY___ ═
2024-11-22 09:05:21,878 INFO     ___FILE_ONLY___ ═
2024-11-22 09:05:21,879 INFO     ___FILE_ONLY___ ═
2024-11-22 09:05:21,880 INFO     ___FILE_ONLY___ ═
2024-11-22 09:05:21,881 INFO     ___FILE_ONLY___ ═
2024-11-22 09:05:21,882 INFO     ___FILE_ONLY___ ═
2024-11-22 09:05:21,884 INFO     ___FILE_ONLY___ ═
2024-11-22 09:05:21,885 INFO     ___FILE_ONLY___ ═
2024-11-22 09:05:21,886 INFO     ___FILE_ONLY___ ═
2024-11-22 09:05:21,887 INFO     ___FILE_ONLY___ ═
2024-11-22 09:05:21,888 INFO     ___FILE_ONLY___ ═
2024-11-22 09:05:21,888 INFO     ___FILE_ONLY___ ═
2024-11-22 09:05:21,889 INFO     ___FILE_ONLY___ ═
2024-11-22 09:05:21,890 INFO     ___FILE_ONLY___ ═
2024-11-22 09:05:21,892 INFO     ___FILE_ONLY___ ═
2024-11-22 09:05:21,893 INFO     ___FILE_ONLY___ ═
2024-11-22 09:05:21,893 INFO     ___FILE_ONLY___ ═
2024-11-22 09:05:21,894 INFO     ___FILE_ONLY___ ═
2024-11-22 09:05:21,895 INFO     ___FILE_ONLY___ ═
2024-11-22 09:05:21,896 INFO     ___FILE_ONLY___ ═
2024-11-22 09:05:21,897 INFO     ___FILE_ONLY___ ═
2024-11-22 09:05:21,899 INFO     ___FILE_ONLY___ ═
2024-11-22 09:05:21,900 INFO     ___FILE_ONLY___ ═
2024-11-22 09:05:21,901 INFO     ___FILE_ONLY___ ═
2024-11-22 09:05:21,902 INFO     ___FILE_ONLY___ ═
2024-11-22 09:05:21,902 INFO     ___FILE_ONLY___ ═
2024-11-22 09:05:21,903 INFO     ___FILE_ONLY___ ═
2024-11-22 09:05:21,904 INFO     ___FILE_ONLY___ ═
2024-11-22 09:05:21,904 INFO     ___FILE_ONLY___ ═
2024-11-22 09:05:21,905 INFO     ___FILE_ONLY___ ═
2024-11-22 09:05:21,907 INFO     ___FILE_ONLY___ ═
2024-11-22 09:05:21,907 INFO     ___FILE_ONLY___ ╝

2024-11-22 09:05:21,922 INFO     ___FILE_ONLY___ ╔════════════════════════════════════════════════════════════╗

2024-11-22 09:05:21,923 INFO     ___FILE_ONLY___ ╠═ Installing: Google Cloud CLI Core Libraries (Platform... ═╣

2024-11-22 09:05:21,923 INFO     ___FILE_ONLY___ ╚
2024-11-22 09:05:21,923 INFO     ___FILE_ONLY___ ══════════════════════════════
2024-11-22 09:05:21,923 INFO     ___FILE_ONLY___ ══════════════════════════════
2024-11-22 09:05:21,924 INFO     ___FILE_ONLY___ ╝

2024-11-22 09:05:21,931 INFO     ___FILE_ONLY___ ╔════════════════════════════════════════════════════════════╗

2024-11-22 09:05:21,931 INFO     ___FILE_ONLY___ ╠═ Installing: Minikube                                     ═╣

2024-11-22 09:05:21,931 INFO     ___FILE_ONLY___ ╚
2024-11-22 09:05:21,932 INFO     ___FILE_ONLY___ ════════════════════════════════════════════════════════════
2024-11-22 09:05:21,932 INFO     ___FILE_ONLY___ ╝

2024-11-22 09:05:21,937 INFO     ___FILE_ONLY___ ╔════════════════════════════════════════════════════════════╗

2024-11-22 09:05:21,937 INFO     ___FILE_ONLY___ ╠═ Installing: Minikube (Platform Specific)                 ═╣

2024-11-22 09:05:21,937 INFO     ___FILE_ONLY___ ╚
2024-11-22 09:05:22,257 INFO     ___FILE_ONLY___ ════════════════════════════════════════════════════════════
2024-11-22 09:05:22,257 INFO     ___FILE_ONLY___ ╝

2024-11-22 09:05:22,265 INFO     ___FILE_ONLY___ ╔════════════════════════════════════════════════════════════╗

2024-11-22 09:05:22,265 INFO     ___FILE_ONLY___ ╠═ Installing: Skaffold                                     ═╣

2024-11-22 09:05:22,265 INFO     ___FILE_ONLY___ ╚
2024-11-22 09:05:22,266 INFO     ___FILE_ONLY___ ════════════════════════════════════════════════════════════
2024-11-22 09:05:22,267 INFO     ___FILE_ONLY___ ╝

2024-11-22 09:05:22,271 INFO     ___FILE_ONLY___ ╔════════════════════════════════════════════════════════════╗

2024-11-22 09:05:22,271 INFO     ___FILE_ONLY___ ╠═ Installing: Skaffold (Platform Specific)                 ═╣

2024-11-22 09:05:22,271 INFO     ___FILE_ONLY___ ╚
2024-11-22 09:05:22,537 INFO     ___FILE_ONLY___ ════════════════════════════════════════════════════════════
2024-11-22 09:05:22,538 INFO     ___FILE_ONLY___ ╝

2024-11-22 09:05:22,554 INFO     ___FILE_ONLY___ ╔════════════════════════════════════════════════════════════╗

2024-11-22 09:05:22,554 INFO     ___FILE_ONLY___ ╠═ Installing: gcloud Alpha Commands                        ═╣

2024-11-22 09:05:22,554 INFO     ___FILE_ONLY___ ╚
2024-11-22 09:05:22,555 INFO     ___FILE_ONLY___ ════════════════════════════════════════════════════════════
2024-11-22 09:05:22,555 INFO     ___FILE_ONLY___ ╝

2024-11-22 09:05:22,561 INFO     ___FILE_ONLY___ ╔════════════════════════════════════════════════════════════╗

2024-11-22 09:05:22,561 INFO     ___FILE_ONLY___ ╠═ Installing: gcloud Beta Commands                         ═╣

2024-11-22 09:05:22,561 INFO     ___FILE_ONLY___ ╚
2024-11-22 09:05:22,562 INFO     ___FILE_ONLY___ ════════════════════════════════════════════════════════════
2024-11-22 09:05:22,562 INFO     ___FILE_ONLY___ ╝

2024-11-22 09:05:22,567 INFO     ___FILE_ONLY___ ╔════════════════════════════════════════════════════════════╗

2024-11-22 09:05:22,568 INFO     ___FILE_ONLY___ ╠═ Installing: gcloud cli dependencies (Platform Specific)  ═╣

2024-11-22 09:05:22,568 INFO     ___FILE_ONLY___ ╚
2024-11-22 09:05:22,568 INFO     ___FILE_ONLY___ ════════════════════════════════════════════════════════════
2024-11-22 09:05:22,568 INFO     ___FILE_ONLY___ ╝

2024-11-22 09:05:22,573 INFO     ___FILE_ONLY___ ╔════════════════════════════════════════════════════════════╗

2024-11-22 09:05:22,573 INFO     ___FILE_ONLY___ ╠═ Installing: gke-gcloud-auth-plugin                       ═╣

2024-11-22 09:05:22,573 INFO     ___FILE_ONLY___ ╚
2024-11-22 09:05:22,574 INFO     ___FILE_ONLY___ ════════════════════════════════════════════════════════════
2024-11-22 09:05:22,575 INFO     ___FILE_ONLY___ ╝

2024-11-22 09:05:22,579 INFO     ___FILE_ONLY___ ╔════════════════════════════════════════════════════════════╗

2024-11-22 09:05:22,579 INFO     ___FILE_ONLY___ ╠═ Installing: gke-gcloud-auth-plugin (Platform Specific)   ═╣

2024-11-22 09:05:22,579 INFO     ___FILE_ONLY___ ╚
2024-11-22 09:05:22,627 INFO     ___FILE_ONLY___ ════════════════════════════════════════════════════════════
2024-11-22 09:05:22,627 INFO     ___FILE_ONLY___ ╝

2024-11-22 09:05:22,635 INFO     ___FILE_ONLY___ ╔════════════════════════════════════════════════════════════╗

2024-11-22 09:05:22,636 INFO     ___FILE_ONLY___ ╠═ Installing: kubectl                                      ═╣

2024-11-22 09:05:22,636 INFO     ___FILE_ONLY___ ╚
2024-11-22 09:05:22,637 INFO     ___FILE_ONLY___ ════════════════════════════════════════════════════════════
2024-11-22 09:05:22,637 INFO     ___FILE_ONLY___ ╝

2024-11-22 09:05:22,643 INFO     ___FILE_ONLY___ ╔════════════════════════════════════════════════════════════╗

2024-11-22 09:05:22,643 INFO     ___FILE_ONLY___ ╠═ Installing: kubectl (Platform Specific)                  ═╣

2024-11-22 09:05:22,643 INFO     ___FILE_ONLY___ ╚
2024-11-22 09:05:23,140 INFO     ___FILE_ONLY___ ══════════
2024-11-22 09:05:23,233 INFO     ___FILE_ONLY___ ══════════
2024-11-22 09:05:23,328 INFO     ___FILE_ONLY___ ══════════
2024-11-22 09:05:23,421 INFO     ___FILE_ONLY___ ══════════
2024-11-22 09:05:23,516 INFO     ___FILE_ONLY___ ══════════
2024-11-22 09:05:23,626 INFO     ___FILE_ONLY___ ══════════
2024-11-22 09:05:23,626 INFO     ___FILE_ONLY___ ╝

2024-11-22 09:05:23,643 DEBUG    root            Updating notification cache...
2024-11-22 09:05:23,644 INFO     ___FILE_ONLY___ 

2024-11-22 09:05:23,651 INFO     ___FILE_ONLY___ Performing post processing steps...
2024-11-22 09:05:23,651 DEBUG    root            Executing command: ['/Users/gabrielpaura/Library/Application Support/cloud-code/installer/google-cloud-sdk/bin/gcloud', 'components', 'post-process', '--no-compile-python']
2024-11-22 09:05:24,199 DEBUG    ___FILE_ONLY___ 
2024-11-22 09:05:24,199 DEBUG    ___FILE_ONLY___ 
2024-11-22 09:05:24,417 INFO     ___FILE_ONLY___ 
Update done!


2024-11-22 09:05:24,419 WARNING  root              There are other instances of Google Cloud tools on your system PATH.
  Please remove the following to avoid confusion or accidental invocation:

  /Applications/Docker.app/Contents/Resources/bin/kubectl

  
2024-11-22 09:05:24,422 DEBUG    root            Chosen display Format:none
2024-11-22 09:05:24,422 INFO     root            Display format: "none"
2024-11-22 09:05:24,424 DEBUG    root            Executing command: ['curl', '--silent', '-O', 'https://dl.google.com/dl/cloudsdk/channels/rapid/python-3.11.6-macos11.tar.gz']
2024-11-22 09:05:25,159 DEBUG    root            Executing command: ['tar', '-xf', 'python-3.11.6-macos11.tar.gz']
2024-11-22 09:05:25,222 DEBUG    root            Executing command: ['sudo', 'installer', '-target', '/', '-pkg', './python-3.11.6-macos11.pkg']
