2024-11-22 09:05:45,339 DEBUG    root            Metrics collector initialized...
2024-11-22 09:05:45,340 DEBUG    root            Loaded Command Group: ['gcloud', 'components']
2024-11-22 09:05:45,342 DEBUG    root            Loaded Command Group: ['gcloud', 'components', 'update']
2024-11-22 09:05:45,342 DEBUG    root            Running [gcloud.components.update] with arguments: [--no-compile-python: "False", --quiet: "True", COMPONENT-IDS:6: "['alpha', 'beta', 'gke-gcloud-auth-plugin', 'kubectl', 'skaffold', 'minikube']"]
2024-11-22 09:05:45,343 INFO     ___FILE_ONLY___ Beginning update. This process may take several minutes.

2024-11-22 09:05:45,358 DEBUG    urllib3.connectionpool Starting new HTTPS connection (1): dl.google.com:443
2024-11-22 09:05:45,498 DEBUG    urllib3.connectionpool https://dl.google.com:443 "GET /dl/cloudsdk/channels/rapid/components-2.json HTTP/1.1" 200 227816
2024-11-22 09:05:45,542 INFO     ___FILE_ONLY___ 

2024-11-22 09:05:45,543 INFO     ___FILE_ONLY___ 
Your current Google Cloud CLI version is: 502.0.0

2024-11-22 09:05:45,543 INFO     ___FILE_ONLY___ Installing components from version: 502.0.0

2024-11-22 09:05:45,543 INFO     ___FILE_ONLY___ 

2024-11-22 09:05:45,543 DEBUG    root            Chosen display Format:table[box,title="These components will be removed."](details.display_name:label=Name:align=left,version.version_string:label=Version:align=right,data.size.size(zero="",min=1048576):label=Size:align=right)
2024-11-22 09:05:45,544 DEBUG    root            Chosen display Format:table[box,title="These components will be updated."](details.display_name:label=Name:align=left,version.version_string:label=Version:align=right,data.size.size(zero="",min=1048576):label=Size:align=right)
2024-11-22 09:05:45,544 DEBUG    root            Chosen display Format:table[box,title="These components will be installed."](details.display_name:label=Name:align=left,version.version_string:label=Version:align=right,data.size.size(zero="",min=1048576):label=Size:align=right)
2024-11-22 09:05:45,575 INFO     ___FILE_ONLY___ ┌─────────────────────────────────────────────────────────────────────────────┐
2024-11-22 09:05:45,575 INFO     ___FILE_ONLY___ 

2024-11-22 09:05:45,575 INFO     ___FILE_ONLY___ │                     These components will be installed.                     │
2024-11-22 09:05:45,575 INFO     ___FILE_ONLY___ 

2024-11-22 09:05:45,575 INFO     ___FILE_ONLY___ ├─────────────────────────────────────────────────────┬────────────┬──────────┤
2024-11-22 09:05:45,575 INFO     ___FILE_ONLY___ 

2024-11-22 09:05:45,575 INFO     ___FILE_ONLY___ │                         Name                        │  Version   │   Size   │
2024-11-22 09:05:45,575 INFO     ___FILE_ONLY___ 

2024-11-22 09:05:45,575 INFO     ___FILE_ONLY___ ├─────────────────────────────────────────────────────┼────────────┼──────────┤
2024-11-22 09:05:45,575 INFO     ___FILE_ONLY___ 

2024-11-22 09:05:45,575 INFO     ___FILE_ONLY___ │ 
2024-11-22 09:05:45,575 INFO     ___FILE_ONLY___ Google Cloud CLI Core Libraries (Platform Specific)
2024-11-22 09:05:45,575 INFO     ___FILE_ONLY___  
2024-11-22 09:05:45,575 INFO     ___FILE_ONLY___ │ 
2024-11-22 09:05:45,575 INFO     ___FILE_ONLY___ 2024.08.30
2024-11-22 09:05:45,575 INFO     ___FILE_ONLY___  
2024-11-22 09:05:45,575 INFO     ___FILE_ONLY___ │ 
2024-11-22 09:05:45,575 INFO     ___FILE_ONLY___  < 1 MiB
2024-11-22 09:05:45,575 INFO     ___FILE_ONLY___  
2024-11-22 09:05:45,575 INFO     ___FILE_ONLY___ │
2024-11-22 09:05:45,576 INFO     ___FILE_ONLY___ 

2024-11-22 09:05:45,576 INFO     ___FILE_ONLY___ │ 
2024-11-22 09:05:45,576 INFO     ___FILE_ONLY___ Minikube (Platform Specific)                       
2024-11-22 09:05:45,576 INFO     ___FILE_ONLY___  
2024-11-22 09:05:45,576 INFO     ___FILE_ONLY___ │ 
2024-11-22 09:05:45,576 INFO     ___FILE_ONLY___     1.34.0
2024-11-22 09:05:45,576 INFO     ___FILE_ONLY___  
2024-11-22 09:05:45,576 INFO     ___FILE_ONLY___ │ 
2024-11-22 09:05:45,576 INFO     ___FILE_ONLY___ 37.2 MiB
2024-11-22 09:05:45,576 INFO     ___FILE_ONLY___  
2024-11-22 09:05:45,576 INFO     ___FILE_ONLY___ │
2024-11-22 09:05:45,576 INFO     ___FILE_ONLY___ 

2024-11-22 09:05:45,576 INFO     ___FILE_ONLY___ │ 
2024-11-22 09:05:45,576 INFO     ___FILE_ONLY___ Skaffold (Platform Specific)                       
2024-11-22 09:05:45,576 INFO     ___FILE_ONLY___  
2024-11-22 09:05:45,576 INFO     ___FILE_ONLY___ │ 
2024-11-22 09:05:45,576 INFO     ___FILE_ONLY___     2.13.1
2024-11-22 09:05:45,576 INFO     ___FILE_ONLY___  
2024-11-22 09:05:45,576 INFO     ___FILE_ONLY___ │ 
2024-11-22 09:05:45,576 INFO     ___FILE_ONLY___ 22.9 MiB
2024-11-22 09:05:45,576 INFO     ___FILE_ONLY___  
2024-11-22 09:05:45,576 INFO     ___FILE_ONLY___ │
2024-11-22 09:05:45,576 INFO     ___FILE_ONLY___ 

2024-11-22 09:05:45,576 INFO     ___FILE_ONLY___ │ 
2024-11-22 09:05:45,576 INFO     ___FILE_ONLY___ gcloud Alpha Commands                              
2024-11-22 09:05:45,576 INFO     ___FILE_ONLY___  
2024-11-22 09:05:45,576 INFO     ___FILE_ONLY___ │ 
2024-11-22 09:05:45,576 INFO     ___FILE_ONLY___ 2024.11.15
2024-11-22 09:05:45,576 INFO     ___FILE_ONLY___  
2024-11-22 09:05:45,576 INFO     ___FILE_ONLY___ │ 
2024-11-22 09:05:45,576 INFO     ___FILE_ONLY___  < 1 MiB
2024-11-22 09:05:45,576 INFO     ___FILE_ONLY___  
2024-11-22 09:05:45,576 INFO     ___FILE_ONLY___ │
2024-11-22 09:05:45,576 INFO     ___FILE_ONLY___ 

2024-11-22 09:05:45,576 INFO     ___FILE_ONLY___ │ 
2024-11-22 09:05:45,576 INFO     ___FILE_ONLY___ gcloud Beta Commands                               
2024-11-22 09:05:45,576 INFO     ___FILE_ONLY___  
2024-11-22 09:05:45,576 INFO     ___FILE_ONLY___ │ 
2024-11-22 09:05:45,576 INFO     ___FILE_ONLY___ 2024.11.15
2024-11-22 09:05:45,576 INFO     ___FILE_ONLY___  
2024-11-22 09:05:45,576 INFO     ___FILE_ONLY___ │ 
2024-11-22 09:05:45,576 INFO     ___FILE_ONLY___  < 1 MiB
2024-11-22 09:05:45,576 INFO     ___FILE_ONLY___  
2024-11-22 09:05:45,576 INFO     ___FILE_ONLY___ │
2024-11-22 09:05:45,576 INFO     ___FILE_ONLY___ 

2024-11-22 09:05:45,576 INFO     ___FILE_ONLY___ │ 
2024-11-22 09:05:45,576 INFO     ___FILE_ONLY___ gcloud cli dependencies (Platform Specific)        
2024-11-22 09:05:45,576 INFO     ___FILE_ONLY___  
2024-11-22 09:05:45,576 INFO     ___FILE_ONLY___ │ 
2024-11-22 09:05:45,576 INFO     ___FILE_ONLY___ 2021.04.16
2024-11-22 09:05:45,576 INFO     ___FILE_ONLY___  
2024-11-22 09:05:45,576 INFO     ___FILE_ONLY___ │ 
2024-11-22 09:05:45,577 INFO     ___FILE_ONLY___  < 1 MiB
2024-11-22 09:05:45,577 INFO     ___FILE_ONLY___  
2024-11-22 09:05:45,577 INFO     ___FILE_ONLY___ │
2024-11-22 09:05:45,577 INFO     ___FILE_ONLY___ 

2024-11-22 09:05:45,577 INFO     ___FILE_ONLY___ │ 
2024-11-22 09:05:45,577 INFO     ___FILE_ONLY___ gke-gcloud-auth-plugin (Platform Specific)         
2024-11-22 09:05:45,577 INFO     ___FILE_ONLY___  
2024-11-22 09:05:45,577 INFO     ___FILE_ONLY___ │ 
2024-11-22 09:05:45,577 INFO     ___FILE_ONLY___      0.5.9
2024-11-22 09:05:45,577 INFO     ___FILE_ONLY___  
2024-11-22 09:05:45,577 INFO     ___FILE_ONLY___ │ 
2024-11-22 09:05:45,577 INFO     ___FILE_ONLY___  4.0 MiB
2024-11-22 09:05:45,577 INFO     ___FILE_ONLY___  
2024-11-22 09:05:45,577 INFO     ___FILE_ONLY___ │
2024-11-22 09:05:45,577 INFO     ___FILE_ONLY___ 

2024-11-22 09:05:45,577 INFO     ___FILE_ONLY___ │ 
2024-11-22 09:05:45,577 INFO     ___FILE_ONLY___ kubectl                                            
2024-11-22 09:05:45,577 INFO     ___FILE_ONLY___  
2024-11-22 09:05:45,577 INFO     ___FILE_ONLY___ │ 
2024-11-22 09:05:45,577 INFO     ___FILE_ONLY___     1.30.5
2024-11-22 09:05:45,577 INFO     ___FILE_ONLY___  
2024-11-22 09:05:45,577 INFO     ___FILE_ONLY___ │ 
2024-11-22 09:05:45,577 INFO     ___FILE_ONLY___  < 1 MiB
2024-11-22 09:05:45,577 INFO     ___FILE_ONLY___  
2024-11-22 09:05:45,577 INFO     ___FILE_ONLY___ │
2024-11-22 09:05:45,577 INFO     ___FILE_ONLY___ 

2024-11-22 09:05:45,577 INFO     ___FILE_ONLY___ │ 
2024-11-22 09:05:45,577 INFO     ___FILE_ONLY___ kubectl (Platform Specific)                        
2024-11-22 09:05:45,577 INFO     ___FILE_ONLY___  
2024-11-22 09:05:45,577 INFO     ___FILE_ONLY___ │ 
2024-11-22 09:05:45,577 INFO     ___FILE_ONLY___     1.30.6
2024-11-22 09:05:45,577 INFO     ___FILE_ONLY___  
2024-11-22 09:05:45,577 INFO     ___FILE_ONLY___ │ 
2024-11-22 09:05:45,577 INFO     ___FILE_ONLY___ 86.1 MiB
2024-11-22 09:05:45,577 INFO     ___FILE_ONLY___  
2024-11-22 09:05:45,577 INFO     ___FILE_ONLY___ │
2024-11-22 09:05:45,577 INFO     ___FILE_ONLY___ 

2024-11-22 09:05:45,577 INFO     ___FILE_ONLY___ └─────────────────────────────────────────────────────┴────────────┴──────────┘
2024-11-22 09:05:45,577 INFO     ___FILE_ONLY___ 

2024-11-22 09:05:45,577 INFO     ___FILE_ONLY___ 

2024-11-22 09:05:45,579 DEBUG    urllib3.connectionpool Starting new HTTPS connection (1): dl.google.com:443
2024-11-22 09:05:45,729 DEBUG    urllib3.connectionpool https://dl.google.com:443 "GET /dl/cloudsdk/channels/rapid/RELEASE_NOTES HTTP/1.1" 200 1314602
2024-11-22 09:05:45,822 INFO     ___FILE_ONLY___ For the latest full release notes, please visit:
  https://cloud.google.com/sdk/release_notes


2024-11-22 09:05:45,823 INFO     ___FILE_ONLY___ Performing in place update...


2024-11-22 09:05:45,835 INFO     ___FILE_ONLY___ ╔════════════════════════════════════════════════════════════╗

2024-11-22 09:05:45,835 INFO     ___FILE_ONLY___ ╠═ Downloading: Google Cloud CLI Core Libraries (Platfor... ═╣

2024-11-22 09:05:45,835 INFO     ___FILE_ONLY___ ╚
2024-11-22 09:05:45,842 DEBUG    urllib3.connectionpool Starting new HTTPS connection (1): dl.google.com:443
2024-11-22 09:05:45,990 DEBUG    urllib3.connectionpool https://dl.google.com:443 "GET /dl/cloudsdk/channels/rapid/components/google-cloud-sdk-core-nix-20240830134514.tar.gz HTTP/1.1" 200 2306
2024-11-22 09:05:45,992 INFO     ___FILE_ONLY___ ════════════════════════════════════════════════════════════
2024-11-22 09:05:45,992 INFO     ___FILE_ONLY___ ╝

2024-11-22 09:05:46,003 INFO     ___FILE_ONLY___ ╔════════════════════════════════════════════════════════════╗

2024-11-22 09:05:46,004 INFO     ___FILE_ONLY___ ╠═ Downloading: Minikube                                    ═╣

2024-11-22 09:05:46,004 INFO     ___FILE_ONLY___ ╚
2024-11-22 09:05:46,004 INFO     ___FILE_ONLY___ ════════════════════════════════════════════════════════════
2024-11-22 09:05:46,004 INFO     ___FILE_ONLY___ ╝

2024-11-22 09:05:46,012 INFO     ___FILE_ONLY___ ╔════════════════════════════════════════════════════════════╗

2024-11-22 09:05:46,012 INFO     ___FILE_ONLY___ ╠═ Downloading: Minikube (Platform Specific)                ═╣

2024-11-22 09:05:46,012 INFO     ___FILE_ONLY___ ╚
2024-11-22 09:05:46,015 DEBUG    urllib3.connectionpool Starting new HTTPS connection (1): dl.google.com:443
2024-11-22 09:05:46,194 DEBUG    urllib3.connectionpool https://dl.google.com:443 "GET /dl/cloudsdk/channels/rapid/components/google-cloud-sdk-minikube-darwin-arm-20240927140238.tar.gz HTTP/1.1" 200 38981244
2024-11-22 09:05:46,749 INFO     ___FILE_ONLY___ ═
2024-11-22 09:05:46,750 INFO     ___FILE_ONLY___ ═
2024-11-22 09:05:46,750 INFO     ___FILE_ONLY___ ═
2024-11-22 09:05:46,750 INFO     ___FILE_ONLY___ ═
2024-11-22 09:05:46,751 INFO     ___FILE_ONLY___ ═
2024-11-22 09:05:46,751 INFO     ___FILE_ONLY___ ═
2024-11-22 09:05:46,752 INFO     ___FILE_ONLY___ ═
2024-11-22 09:05:46,752 INFO     ___FILE_ONLY___ ═
2024-11-22 09:05:46,752 INFO     ___FILE_ONLY___ ═
2024-11-22 09:05:46,753 INFO     ___FILE_ONLY___ ═
2024-11-22 09:05:46,753 INFO     ___FILE_ONLY___ ═
2024-11-22 09:05:46,753 INFO     ___FILE_ONLY___ ═
2024-11-22 09:05:46,754 INFO     ___FILE_ONLY___ ═
2024-11-22 09:05:46,755 INFO     ___FILE_ONLY___ ═
2024-11-22 09:05:46,755 INFO     ___FILE_ONLY___ ═
2024-11-22 09:05:46,755 INFO     ___FILE_ONLY___ ═
2024-11-22 09:05:46,756 INFO     ___FILE_ONLY___ ═
2024-11-22 09:05:46,756 INFO     ___FILE_ONLY___ ═
2024-11-22 09:05:46,757 INFO     ___FILE_ONLY___ ═
2024-11-22 09:05:46,757 INFO     ___FILE_ONLY___ ═
2024-11-22 09:05:46,757 INFO     ___FILE_ONLY___ ═
2024-11-22 09:05:46,758 INFO     ___FILE_ONLY___ ═
2024-11-22 09:05:46,758 INFO     ___FILE_ONLY___ ═
2024-11-22 09:05:46,758 INFO     ___FILE_ONLY___ ═
2024-11-22 09:05:46,759 INFO     ___FILE_ONLY___ ═
2024-11-22 09:05:46,759 INFO     ___FILE_ONLY___ ═
2024-11-22 09:05:46,760 INFO     ___FILE_ONLY___ ═
2024-11-22 09:05:46,760 INFO     ___FILE_ONLY___ ═
2024-11-22 09:05:46,761 INFO     ___FILE_ONLY___ ═
2024-11-22 09:05:46,761 INFO     ___FILE_ONLY___ ═
2024-11-22 09:05:46,761 INFO     ___FILE_ONLY___ ═
2024-11-22 09:05:46,762 INFO     ___FILE_ONLY___ ═
2024-11-22 09:05:46,762 INFO     ___FILE_ONLY___ ═
2024-11-22 09:05:46,763 INFO     ___FILE_ONLY___ ═
2024-11-22 09:05:46,763 INFO     ___FILE_ONLY___ ═
2024-11-22 09:05:46,763 INFO     ___FILE_ONLY___ ═
2024-11-22 09:05:46,764 INFO     ___FILE_ONLY___ ═
2024-11-22 09:05:46,764 INFO     ___FILE_ONLY___ ═
2024-11-22 09:05:46,765 INFO     ___FILE_ONLY___ ═
2024-11-22 09:05:46,765 INFO     ___FILE_ONLY___ ═
2024-11-22 09:05:46,766 INFO     ___FILE_ONLY___ ═
2024-11-22 09:05:46,766 INFO     ___FILE_ONLY___ ═
2024-11-22 09:05:46,767 INFO     ___FILE_ONLY___ ═
2024-11-22 09:05:46,767 INFO     ___FILE_ONLY___ ═
2024-11-22 09:05:46,767 INFO     ___FILE_ONLY___ ═
2024-11-22 09:05:46,768 INFO     ___FILE_ONLY___ ═
2024-11-22 09:05:46,768 INFO     ___FILE_ONLY___ ═
2024-11-22 09:05:46,768 INFO     ___FILE_ONLY___ ═
2024-11-22 09:05:46,768 INFO     ___FILE_ONLY___ ═
2024-11-22 09:05:46,769 INFO     ___FILE_ONLY___ ═
2024-11-22 09:05:46,769 INFO     ___FILE_ONLY___ ═
2024-11-22 09:05:46,770 INFO     ___FILE_ONLY___ ═
2024-11-22 09:05:46,770 INFO     ___FILE_ONLY___ ═
2024-11-22 09:05:46,771 INFO     ___FILE_ONLY___ ═
2024-11-22 09:05:46,771 INFO     ___FILE_ONLY___ ═
2024-11-22 09:05:46,771 INFO     ___FILE_ONLY___ ═
2024-11-22 09:05:46,771 INFO     ___FILE_ONLY___ ═
2024-11-22 09:05:46,772 INFO     ___FILE_ONLY___ ═
2024-11-22 09:05:46,772 INFO     ___FILE_ONLY___ ═
2024-11-22 09:05:46,772 INFO     ___FILE_ONLY___ ═
2024-11-22 09:05:46,772 INFO     ___FILE_ONLY___ ╝

2024-11-22 09:05:46,780 INFO     ___FILE_ONLY___ ╔════════════════════════════════════════════════════════════╗

2024-11-22 09:05:46,783 INFO     ___FILE_ONLY___ ╠═ Downloading: Skaffold                                    ═╣

2024-11-22 09:05:46,783 INFO     ___FILE_ONLY___ ╚
2024-11-22 09:05:46,783 INFO     ___FILE_ONLY___ ════════════════════════════════════════════════════════════
2024-11-22 09:05:46,783 INFO     ___FILE_ONLY___ ╝

2024-11-22 09:05:46,788 INFO     ___FILE_ONLY___ ╔════════════════════════════════════════════════════════════╗

2024-11-22 09:05:46,788 INFO     ___FILE_ONLY___ ╠═ Downloading: Skaffold (Platform Specific)                ═╣

2024-11-22 09:05:46,788 INFO     ___FILE_ONLY___ ╚
2024-11-22 09:05:46,791 DEBUG    urllib3.connectionpool Starting new HTTPS connection (1): dl.google.com:443
2024-11-22 09:05:46,944 DEBUG    urllib3.connectionpool https://dl.google.com:443 "GET /dl/cloudsdk/channels/rapid/components/google-cloud-sdk-skaffold-darwin-arm-20240806142304.tar.gz HTTP/1.1" 200 24031362
2024-11-22 09:05:47,299 INFO     ___FILE_ONLY___ ═
2024-11-22 09:05:47,299 INFO     ___FILE_ONLY___ ═
2024-11-22 09:05:47,300 INFO     ___FILE_ONLY___ ═
2024-11-22 09:05:47,300 INFO     ___FILE_ONLY___ ═
2024-11-22 09:05:47,301 INFO     ___FILE_ONLY___ ═
2024-11-22 09:05:47,301 INFO     ___FILE_ONLY___ ═
2024-11-22 09:05:47,301 INFO     ___FILE_ONLY___ ═
2024-11-22 09:05:47,302 INFO     ___FILE_ONLY___ ═
2024-11-22 09:05:47,302 INFO     ___FILE_ONLY___ ═
2024-11-22 09:05:47,303 INFO     ___FILE_ONLY___ ═
2024-11-22 09:05:47,303 INFO     ___FILE_ONLY___ ═
2024-11-22 09:05:47,303 INFO     ___FILE_ONLY___ ═
2024-11-22 09:05:47,304 INFO     ___FILE_ONLY___ ═
2024-11-22 09:05:47,304 INFO     ___FILE_ONLY___ ═
2024-11-22 09:05:47,304 INFO     ___FILE_ONLY___ ═
2024-11-22 09:05:47,305 INFO     ___FILE_ONLY___ ═
2024-11-22 09:05:47,305 INFO     ___FILE_ONLY___ ═
2024-11-22 09:05:47,306 INFO     ___FILE_ONLY___ ═
2024-11-22 09:05:47,306 INFO     ___FILE_ONLY___ ═
2024-11-22 09:05:47,306 INFO     ___FILE_ONLY___ ═
2024-11-22 09:05:47,307 INFO     ___FILE_ONLY___ ═
2024-11-22 09:05:47,308 INFO     ___FILE_ONLY___ ═
2024-11-22 09:05:47,308 INFO     ___FILE_ONLY___ ═
2024-11-22 09:05:47,309 INFO     ___FILE_ONLY___ ═
2024-11-22 09:05:47,310 INFO     ___FILE_ONLY___ ═
2024-11-22 09:05:47,310 INFO     ___FILE_ONLY___ ═
2024-11-22 09:05:47,312 INFO     ___FILE_ONLY___ ═
2024-11-22 09:05:47,312 INFO     ___FILE_ONLY___ ═
2024-11-22 09:05:47,312 INFO     ___FILE_ONLY___ ═
2024-11-22 09:05:47,313 INFO     ___FILE_ONLY___ ═
2024-11-22 09:05:47,313 INFO     ___FILE_ONLY___ ═
2024-11-22 09:05:47,313 INFO     ___FILE_ONLY___ ═
2024-11-22 09:05:47,314 INFO     ___FILE_ONLY___ ═
2024-11-22 09:05:47,314 INFO     ___FILE_ONLY___ ═
2024-11-22 09:05:47,314 INFO     ___FILE_ONLY___ ═
2024-11-22 09:05:47,315 INFO     ___FILE_ONLY___ ═
2024-11-22 09:05:47,315 INFO     ___FILE_ONLY___ ═
2024-11-22 09:05:47,315 INFO     ___FILE_ONLY___ ═
2024-11-22 09:05:47,316 INFO     ___FILE_ONLY___ ═
2024-11-22 09:05:47,316 INFO     ___FILE_ONLY___ ═
2024-11-22 09:05:47,316 INFO     ___FILE_ONLY___ ═
2024-11-22 09:05:47,317 INFO     ___FILE_ONLY___ ═
2024-11-22 09:05:47,317 INFO     ___FILE_ONLY___ ═
2024-11-22 09:05:47,318 INFO     ___FILE_ONLY___ ═
2024-11-22 09:05:47,318 INFO     ___FILE_ONLY___ ═
2024-11-22 09:05:47,318 INFO     ___FILE_ONLY___ ═
2024-11-22 09:05:47,319 INFO     ___FILE_ONLY___ ═
2024-11-22 09:05:47,319 INFO     ___FILE_ONLY___ ═
2024-11-22 09:05:47,320 INFO     ___FILE_ONLY___ ═
2024-11-22 09:05:47,320 INFO     ___FILE_ONLY___ ═
2024-11-22 09:05:47,321 INFO     ___FILE_ONLY___ ═
2024-11-22 09:05:47,322 INFO     ___FILE_ONLY___ ═
2024-11-22 09:05:47,322 INFO     ___FILE_ONLY___ ═
2024-11-22 09:05:47,323 INFO     ___FILE_ONLY___ ═
2024-11-22 09:05:47,324 INFO     ___FILE_ONLY___ ═
2024-11-22 09:05:47,324 INFO     ___FILE_ONLY___ ═
2024-11-22 09:05:47,325 INFO     ___FILE_ONLY___ ═
2024-11-22 09:05:47,325 INFO     ___FILE_ONLY___ ═
2024-11-22 09:05:47,326 INFO     ___FILE_ONLY___ ═
2024-11-22 09:05:47,326 INFO     ___FILE_ONLY___ ═
2024-11-22 09:05:47,326 INFO     ___FILE_ONLY___ ╝

2024-11-22 09:05:47,336 INFO     ___FILE_ONLY___ ╔════════════════════════════════════════════════════════════╗

2024-11-22 09:05:47,336 INFO     ___FILE_ONLY___ ╠═ Downloading: gcloud Alpha Commands                       ═╣

2024-11-22 09:05:47,336 INFO     ___FILE_ONLY___ ╚
2024-11-22 09:05:47,338 DEBUG    urllib3.connectionpool Starting new HTTPS connection (1): dl.google.com:443
2024-11-22 09:05:47,484 DEBUG    urllib3.connectionpool https://dl.google.com:443 "GET /dl/cloudsdk/channels/rapid/components/google-cloud-sdk-alpha-20241115154308.tar.gz HTTP/1.1" 200 800
2024-11-22 09:05:47,485 INFO     ___FILE_ONLY___ ════════════════════════════════════════════════════════════
2024-11-22 09:05:47,485 INFO     ___FILE_ONLY___ ╝

2024-11-22 09:05:47,496 INFO     ___FILE_ONLY___ ╔════════════════════════════════════════════════════════════╗

2024-11-22 09:05:47,497 INFO     ___FILE_ONLY___ ╠═ Downloading: gcloud Beta Commands                        ═╣

2024-11-22 09:05:47,497 INFO     ___FILE_ONLY___ ╚
2024-11-22 09:05:47,501 DEBUG    urllib3.connectionpool Starting new HTTPS connection (1): dl.google.com:443
2024-11-22 09:05:47,653 DEBUG    urllib3.connectionpool https://dl.google.com:443 "GET /dl/cloudsdk/channels/rapid/components/google-cloud-sdk-beta-20241115154308.tar.gz HTTP/1.1" 200 797
2024-11-22 09:05:47,654 INFO     ___FILE_ONLY___ ════════════════════════════════════════════════════════════
2024-11-22 09:05:47,654 INFO     ___FILE_ONLY___ ╝

2024-11-22 09:05:47,669 INFO     ___FILE_ONLY___ ╔════════════════════════════════════════════════════════════╗

2024-11-22 09:05:47,669 INFO     ___FILE_ONLY___ ╠═ Downloading: gcloud cli dependencies (Platform Specific) ═╣

2024-11-22 09:05:47,669 INFO     ___FILE_ONLY___ ╚
2024-11-22 09:05:47,673 DEBUG    urllib3.connectionpool Starting new HTTPS connection (1): dl.google.com:443
2024-11-22 09:05:47,821 DEBUG    urllib3.connectionpool https://dl.google.com:443 "GET /dl/cloudsdk/channels/rapid/components/google-cloud-sdk-gcloud-deps-darwin-x86_64-20210416153011.tar.gz HTTP/1.1" 200 105
2024-11-22 09:05:47,822 INFO     ___FILE_ONLY___ ════════════════════════════════════════════════════════════
2024-11-22 09:05:47,822 INFO     ___FILE_ONLY___ ╝

2024-11-22 09:05:47,830 INFO     ___FILE_ONLY___ ╔════════════════════════════════════════════════════════════╗

2024-11-22 09:05:47,831 INFO     ___FILE_ONLY___ ╠═ Downloading: gke-gcloud-auth-plugin                      ═╣

2024-11-22 09:05:47,831 INFO     ___FILE_ONLY___ ╚
2024-11-22 09:05:47,831 INFO     ___FILE_ONLY___ ════════════════════════════════════════════════════════════
2024-11-22 09:05:47,831 INFO     ___FILE_ONLY___ ╝

2024-11-22 09:05:47,836 INFO     ___FILE_ONLY___ ╔════════════════════════════════════════════════════════════╗

2024-11-22 09:05:47,837 INFO     ___FILE_ONLY___ ╠═ Downloading: gke-gcloud-auth-plugin (Platform Specific)  ═╣

2024-11-22 09:05:47,837 INFO     ___FILE_ONLY___ ╚
2024-11-22 09:05:47,839 DEBUG    urllib3.connectionpool Starting new HTTPS connection (1): dl.google.com:443
2024-11-22 09:05:47,990 DEBUG    urllib3.connectionpool https://dl.google.com:443 "GET /dl/cloudsdk/channels/rapid/components/google-cloud-sdk-gke-gcloud-auth-plugin-darwin-arm-20240628141907.tar.gz HTTP/1.1" 200 4148014
2024-11-22 09:05:48,106 INFO     ___FILE_ONLY___ ═
2024-11-22 09:05:48,106 INFO     ___FILE_ONLY___ ═
2024-11-22 09:05:48,106 INFO     ___FILE_ONLY___ ═
2024-11-22 09:05:48,106 INFO     ___FILE_ONLY___ ═
2024-11-22 09:05:48,106 INFO     ___FILE_ONLY___ ═
2024-11-22 09:05:48,106 INFO     ___FILE_ONLY___ ═
2024-11-22 09:05:48,106 INFO     ___FILE_ONLY___ ═
2024-11-22 09:05:48,106 INFO     ___FILE_ONLY___ ═
2024-11-22 09:05:48,107 INFO     ___FILE_ONLY___ ═
2024-11-22 09:05:48,107 INFO     ___FILE_ONLY___ ═
2024-11-22 09:05:48,107 INFO     ___FILE_ONLY___ ═
2024-11-22 09:05:48,107 INFO     ___FILE_ONLY___ ═
2024-11-22 09:05:48,107 INFO     ___FILE_ONLY___ ═
2024-11-22 09:05:48,107 INFO     ___FILE_ONLY___ ═
2024-11-22 09:05:48,107 INFO     ___FILE_ONLY___ ═
2024-11-22 09:05:48,107 INFO     ___FILE_ONLY___ ═
2024-11-22 09:05:48,107 INFO     ___FILE_ONLY___ ═
2024-11-22 09:05:48,107 INFO     ___FILE_ONLY___ ═
2024-11-22 09:05:48,107 INFO     ___FILE_ONLY___ ═
2024-11-22 09:05:48,107 INFO     ___FILE_ONLY___ ═
2024-11-22 09:05:48,107 INFO     ___FILE_ONLY___ ═
2024-11-22 09:05:48,107 INFO     ___FILE_ONLY___ ═
2024-11-22 09:05:48,107 INFO     ___FILE_ONLY___ ═
2024-11-22 09:05:48,107 INFO     ___FILE_ONLY___ ═
2024-11-22 09:05:48,108 INFO     ___FILE_ONLY___ ═
2024-11-22 09:05:48,108 INFO     ___FILE_ONLY___ ═
2024-11-22 09:05:48,108 INFO     ___FILE_ONLY___ ═
2024-11-22 09:05:48,108 INFO     ___FILE_ONLY___ ═
2024-11-22 09:05:48,108 INFO     ___FILE_ONLY___ ═
2024-11-22 09:05:48,108 INFO     ___FILE_ONLY___ ═
2024-11-22 09:05:48,108 INFO     ___FILE_ONLY___ ═
2024-11-22 09:05:48,108 INFO     ___FILE_ONLY___ ═
2024-11-22 09:05:48,108 INFO     ___FILE_ONLY___ ═
2024-11-22 09:05:48,108 INFO     ___FILE_ONLY___ ═
2024-11-22 09:05:48,108 INFO     ___FILE_ONLY___ ═
2024-11-22 09:05:48,108 INFO     ___FILE_ONLY___ ═
2024-11-22 09:05:48,108 INFO     ___FILE_ONLY___ ═
2024-11-22 09:05:48,108 INFO     ___FILE_ONLY___ ═
2024-11-22 09:05:48,108 INFO     ___FILE_ONLY___ ═
2024-11-22 09:05:48,108 INFO     ___FILE_ONLY___ ═
2024-11-22 09:05:48,109 INFO     ___FILE_ONLY___ ═
2024-11-22 09:05:48,109 INFO     ___FILE_ONLY___ ═
2024-11-22 09:05:48,109 INFO     ___FILE_ONLY___ ═
2024-11-22 09:05:48,109 INFO     ___FILE_ONLY___ ═
2024-11-22 09:05:48,109 INFO     ___FILE_ONLY___ ═
2024-11-22 09:05:48,109 INFO     ___FILE_ONLY___ ═
2024-11-22 09:05:48,109 INFO     ___FILE_ONLY___ ═
2024-11-22 09:05:48,109 INFO     ___FILE_ONLY___ ═
2024-11-22 09:05:48,109 INFO     ___FILE_ONLY___ ═
2024-11-22 09:05:48,109 INFO     ___FILE_ONLY___ ═
2024-11-22 09:05:48,109 INFO     ___FILE_ONLY___ ═
2024-11-22 09:05:48,109 INFO     ___FILE_ONLY___ ═
2024-11-22 09:05:48,109 INFO     ___FILE_ONLY___ ═
2024-11-22 09:05:48,109 INFO     ___FILE_ONLY___ ═
2024-11-22 09:05:48,109 INFO     ___FILE_ONLY___ ═
2024-11-22 09:05:48,110 INFO     ___FILE_ONLY___ ═
2024-11-22 09:05:48,110 INFO     ___FILE_ONLY___ ═
2024-11-22 09:05:48,110 INFO     ___FILE_ONLY___ ═
2024-11-22 09:05:48,110 INFO     ___FILE_ONLY___ ═
2024-11-22 09:05:48,110 INFO     ___FILE_ONLY___ ═
2024-11-22 09:05:48,110 INFO     ___FILE_ONLY___ ╝

2024-11-22 09:05:48,118 INFO     ___FILE_ONLY___ ╔════════════════════════════════════════════════════════════╗

2024-11-22 09:05:48,118 INFO     ___FILE_ONLY___ ╠═ Downloading: kubectl                                     ═╣

2024-11-22 09:05:48,118 INFO     ___FILE_ONLY___ ╚
2024-11-22 09:05:48,126 DEBUG    urllib3.connectionpool Starting new HTTPS connection (1): dl.google.com:443
2024-11-22 09:05:48,291 DEBUG    urllib3.connectionpool https://dl.google.com:443 "GET /dl/cloudsdk/channels/rapid/components/google-cloud-sdk-kubectl-20241004144944.tar.gz HTTP/1.1" 200 36206
2024-11-22 09:05:48,303 INFO     ___FILE_ONLY___ ═══════════════════════════
2024-11-22 09:05:48,303 INFO     ___FILE_ONLY___ ═══════════════════════════
2024-11-22 09:05:48,303 INFO     ___FILE_ONLY___ ══════
2024-11-22 09:05:48,303 INFO     ___FILE_ONLY___ ╝

2024-11-22 09:05:48,317 INFO     ___FILE_ONLY___ ╔════════════════════════════════════════════════════════════╗

2024-11-22 09:05:48,317 INFO     ___FILE_ONLY___ ╠═ Downloading: kubectl (Platform Specific)                 ═╣

2024-11-22 09:05:48,317 INFO     ___FILE_ONLY___ ╚
2024-11-22 09:05:48,320 DEBUG    urllib3.connectionpool Starting new HTTPS connection (1): dl.google.com:443
2024-11-22 09:05:48,462 DEBUG    urllib3.connectionpool https://dl.google.com:443 "GET /dl/cloudsdk/channels/rapid/components/google-cloud-sdk-kubectl-darwin-arm-20241108162203.tar.gz HTTP/1.1" 200 90277960
2024-11-22 09:05:49,615 INFO     ___FILE_ONLY___ ═
2024-11-22 09:05:49,616 INFO     ___FILE_ONLY___ ═
2024-11-22 09:05:49,617 INFO     ___FILE_ONLY___ ═
2024-11-22 09:05:49,618 INFO     ___FILE_ONLY___ ═
2024-11-22 09:05:49,619 INFO     ___FILE_ONLY___ ═
2024-11-22 09:05:49,621 INFO     ___FILE_ONLY___ ═
2024-11-22 09:05:49,622 INFO     ___FILE_ONLY___ ═
2024-11-22 09:05:49,623 INFO     ___FILE_ONLY___ ═
2024-11-22 09:05:49,624 INFO     ___FILE_ONLY___ ═
2024-11-22 09:05:49,625 INFO     ___FILE_ONLY___ ═
2024-11-22 09:05:49,625 INFO     ___FILE_ONLY___ ═
2024-11-22 09:05:49,627 INFO     ___FILE_ONLY___ ═
2024-11-22 09:05:49,627 INFO     ___FILE_ONLY___ ═
2024-11-22 09:05:49,628 INFO     ___FILE_ONLY___ ═
2024-11-22 09:05:49,629 INFO     ___FILE_ONLY___ ═
2024-11-22 09:05:49,630 INFO     ___FILE_ONLY___ ═
2024-11-22 09:05:49,631 INFO     ___FILE_ONLY___ ═
2024-11-22 09:05:49,632 INFO     ___FILE_ONLY___ ═
2024-11-22 09:05:49,633 INFO     ___FILE_ONLY___ ═
2024-11-22 09:05:49,634 INFO     ___FILE_ONLY___ ═
2024-11-22 09:05:49,634 INFO     ___FILE_ONLY___ ═
2024-11-22 09:05:49,635 INFO     ___FILE_ONLY___ ═
2024-11-22 09:05:49,636 INFO     ___FILE_ONLY___ ═
2024-11-22 09:05:49,637 INFO     ___FILE_ONLY___ ═
2024-11-22 09:05:49,638 INFO     ___FILE_ONLY___ ═
2024-11-22 09:05:49,639 INFO     ___FILE_ONLY___ ═
2024-11-22 09:05:49,639 INFO     ___FILE_ONLY___ ═
2024-11-22 09:05:49,640 INFO     ___FILE_ONLY___ ═
2024-11-22 09:05:49,641 INFO     ___FILE_ONLY___ ═
2024-11-22 09:05:49,642 INFO     ___FILE_ONLY___ ═
2024-11-22 09:05:49,643 INFO     ___FILE_ONLY___ ═
2024-11-22 09:05:49,644 INFO     ___FILE_ONLY___ ═
2024-11-22 09:05:49,644 INFO     ___FILE_ONLY___ ═
2024-11-22 09:05:49,646 INFO     ___FILE_ONLY___ ═
2024-11-22 09:05:49,646 INFO     ___FILE_ONLY___ ═
2024-11-22 09:05:49,647 INFO     ___FILE_ONLY___ ═
2024-11-22 09:05:49,648 INFO     ___FILE_ONLY___ ═
2024-11-22 09:05:49,649 INFO     ___FILE_ONLY___ ═
2024-11-22 09:05:49,649 INFO     ___FILE_ONLY___ ═
2024-11-22 09:05:49,650 INFO     ___FILE_ONLY___ ═
2024-11-22 09:05:49,651 INFO     ___FILE_ONLY___ ═
2024-11-22 09:05:49,652 INFO     ___FILE_ONLY___ ═
2024-11-22 09:05:49,653 INFO     ___FILE_ONLY___ ═
2024-11-22 09:05:49,653 INFO     ___FILE_ONLY___ ═
2024-11-22 09:05:49,654 INFO     ___FILE_ONLY___ ═
2024-11-22 09:05:49,655 INFO     ___FILE_ONLY___ ═
2024-11-22 09:05:49,656 INFO     ___FILE_ONLY___ ═
2024-11-22 09:05:49,656 INFO     ___FILE_ONLY___ ═
2024-11-22 09:05:49,657 INFO     ___FILE_ONLY___ ═
2024-11-22 09:05:49,658 INFO     ___FILE_ONLY___ ═
2024-11-22 09:05:49,659 INFO     ___FILE_ONLY___ ═
2024-11-22 09:05:49,660 INFO     ___FILE_ONLY___ ═
2024-11-22 09:05:49,660 INFO     ___FILE_ONLY___ ═
2024-11-22 09:05:49,661 INFO     ___FILE_ONLY___ ═
2024-11-22 09:05:49,662 INFO     ___FILE_ONLY___ ═
2024-11-22 09:05:49,663 INFO     ___FILE_ONLY___ ═
2024-11-22 09:05:49,663 INFO     ___FILE_ONLY___ ═
2024-11-22 09:05:49,664 INFO     ___FILE_ONLY___ ═
2024-11-22 09:05:49,665 INFO     ___FILE_ONLY___ ═
2024-11-22 09:05:49,667 INFO     ___FILE_ONLY___ ═
2024-11-22 09:05:49,667 INFO     ___FILE_ONLY___ ╝

2024-11-22 09:05:49,676 INFO     ___FILE_ONLY___ ╔════════════════════════════════════════════════════════════╗

2024-11-22 09:05:49,676 INFO     ___FILE_ONLY___ ╠═ Installing: Google Cloud CLI Core Libraries (Platform... ═╣

2024-11-22 09:05:49,676 INFO     ___FILE_ONLY___ ╚
2024-11-22 09:05:49,678 INFO     ___FILE_ONLY___ ══════════════════════════════
2024-11-22 09:05:49,679 INFO     ___FILE_ONLY___ ══════════════════════════════
2024-11-22 09:05:49,679 INFO     ___FILE_ONLY___ ╝

2024-11-22 09:05:49,686 INFO     ___FILE_ONLY___ ╔════════════════════════════════════════════════════════════╗

2024-11-22 09:05:49,686 INFO     ___FILE_ONLY___ ╠═ Installing: Minikube                                     ═╣

2024-11-22 09:05:49,686 INFO     ___FILE_ONLY___ ╚
2024-11-22 09:05:49,687 INFO     ___FILE_ONLY___ ════════════════════════════════════════════════════════════
2024-11-22 09:05:49,687 INFO     ___FILE_ONLY___ ╝

2024-11-22 09:05:49,691 INFO     ___FILE_ONLY___ ╔════════════════════════════════════════════════════════════╗

2024-11-22 09:05:49,692 INFO     ___FILE_ONLY___ ╠═ Installing: Minikube (Platform Specific)                 ═╣

2024-11-22 09:05:49,692 INFO     ___FILE_ONLY___ ╚
2024-11-22 09:05:50,014 INFO     ___FILE_ONLY___ ════════════════════════════════════════════════════════════
2024-11-22 09:05:50,014 INFO     ___FILE_ONLY___ ╝

2024-11-22 09:05:50,026 INFO     ___FILE_ONLY___ ╔════════════════════════════════════════════════════════════╗

2024-11-22 09:05:50,026 INFO     ___FILE_ONLY___ ╠═ Installing: Skaffold                                     ═╣

2024-11-22 09:05:50,026 INFO     ___FILE_ONLY___ ╚
2024-11-22 09:05:50,027 INFO     ___FILE_ONLY___ ════════════════════════════════════════════════════════════
2024-11-22 09:05:50,027 INFO     ___FILE_ONLY___ ╝

2024-11-22 09:05:50,032 INFO     ___FILE_ONLY___ ╔════════════════════════════════════════════════════════════╗

2024-11-22 09:05:50,032 INFO     ___FILE_ONLY___ ╠═ Installing: Skaffold (Platform Specific)                 ═╣

2024-11-22 09:05:50,032 INFO     ___FILE_ONLY___ ╚
2024-11-22 09:05:50,302 INFO     ___FILE_ONLY___ ════════════════════════════════════════════════════════════
2024-11-22 09:05:50,303 INFO     ___FILE_ONLY___ ╝

2024-11-22 09:05:50,310 INFO     ___FILE_ONLY___ ╔════════════════════════════════════════════════════════════╗

2024-11-22 09:05:50,310 INFO     ___FILE_ONLY___ ╠═ Installing: gcloud Alpha Commands                        ═╣

2024-11-22 09:05:50,310 INFO     ___FILE_ONLY___ ╚
2024-11-22 09:05:50,312 INFO     ___FILE_ONLY___ ════════════════════════════════════════════════════════════
2024-11-22 09:05:50,312 INFO     ___FILE_ONLY___ ╝

2024-11-22 09:05:50,318 INFO     ___FILE_ONLY___ ╔════════════════════════════════════════════════════════════╗

2024-11-22 09:05:50,318 INFO     ___FILE_ONLY___ ╠═ Installing: gcloud Beta Commands                         ═╣

2024-11-22 09:05:50,318 INFO     ___FILE_ONLY___ ╚
2024-11-22 09:05:50,319 INFO     ___FILE_ONLY___ ════════════════════════════════════════════════════════════
2024-11-22 09:05:50,319 INFO     ___FILE_ONLY___ ╝

2024-11-22 09:05:50,325 INFO     ___FILE_ONLY___ ╔════════════════════════════════════════════════════════════╗

2024-11-22 09:05:50,325 INFO     ___FILE_ONLY___ ╠═ Installing: gcloud cli dependencies (Platform Specific)  ═╣

2024-11-22 09:05:50,325 INFO     ___FILE_ONLY___ ╚
2024-11-22 09:05:50,325 INFO     ___FILE_ONLY___ ════════════════════════════════════════════════════════════
2024-11-22 09:05:50,325 INFO     ___FILE_ONLY___ ╝

2024-11-22 09:05:50,331 INFO     ___FILE_ONLY___ ╔════════════════════════════════════════════════════════════╗

2024-11-22 09:05:50,331 INFO     ___FILE_ONLY___ ╠═ Installing: gke-gcloud-auth-plugin                       ═╣

2024-11-22 09:05:50,331 INFO     ___FILE_ONLY___ ╚
2024-11-22 09:05:50,332 INFO     ___FILE_ONLY___ ════════════════════════════════════════════════════════════
2024-11-22 09:05:50,332 INFO     ___FILE_ONLY___ ╝

2024-11-22 09:05:50,336 INFO     ___FILE_ONLY___ ╔════════════════════════════════════════════════════════════╗

2024-11-22 09:05:50,336 INFO     ___FILE_ONLY___ ╠═ Installing: gke-gcloud-auth-plugin (Platform Specific)   ═╣

2024-11-22 09:05:50,337 INFO     ___FILE_ONLY___ ╚
2024-11-22 09:05:50,387 INFO     ___FILE_ONLY___ ════════════════════════════════════════════════════════════
2024-11-22 09:05:50,387 INFO     ___FILE_ONLY___ ╝

2024-11-22 09:05:50,398 INFO     ___FILE_ONLY___ ╔════════════════════════════════════════════════════════════╗

2024-11-22 09:05:50,398 INFO     ___FILE_ONLY___ ╠═ Installing: kubectl                                      ═╣

2024-11-22 09:05:50,398 INFO     ___FILE_ONLY___ ╚
2024-11-22 09:05:50,401 INFO     ___FILE_ONLY___ ════════════════════════════════════════════════════════════
2024-11-22 09:05:50,401 INFO     ___FILE_ONLY___ ╝

2024-11-22 09:05:50,408 INFO     ___FILE_ONLY___ ╔════════════════════════════════════════════════════════════╗

2024-11-22 09:05:50,408 INFO     ___FILE_ONLY___ ╠═ Installing: kubectl (Platform Specific)                  ═╣

2024-11-22 09:05:50,408 INFO     ___FILE_ONLY___ ╚
2024-11-22 09:05:50,920 INFO     ___FILE_ONLY___ ══════════
2024-11-22 09:05:51,011 INFO     ___FILE_ONLY___ ══════════
2024-11-22 09:05:51,115 INFO     ___FILE_ONLY___ ══════════
2024-11-22 09:05:51,213 INFO     ___FILE_ONLY___ ══════════
2024-11-22 09:05:51,308 INFO     ___FILE_ONLY___ ══════════
2024-11-22 09:05:51,411 INFO     ___FILE_ONLY___ ══════════
2024-11-22 09:05:51,411 INFO     ___FILE_ONLY___ ╝

2024-11-22 09:05:51,418 DEBUG    root            Updating notification cache...
2024-11-22 09:05:51,419 INFO     ___FILE_ONLY___ 

2024-11-22 09:05:51,425 INFO     ___FILE_ONLY___ Performing post processing steps...
2024-11-22 09:05:51,426 DEBUG    root            Executing command: ['/Users/gabrielpaura/Library/Application Support/cloud-code/installer/google-cloud-sdk/bin/gcloud', 'components', 'post-process', '--no-compile-python']
2024-11-22 09:05:51,967 DEBUG    ___FILE_ONLY___ 
2024-11-22 09:05:51,967 DEBUG    ___FILE_ONLY___ 
2024-11-22 09:05:52,191 INFO     ___FILE_ONLY___ 
Update done!


2024-11-22 09:05:52,192 WARNING  root              There are other instances of Google Cloud tools on your system PATH.
  Please remove the following to avoid confusion or accidental invocation:

  /Applications/Docker.app/Contents/Resources/bin/kubectl

  
2024-11-22 09:05:52,195 DEBUG    root            Chosen display Format:none
2024-11-22 09:05:52,195 INFO     root            Display format: "none"
2024-11-22 09:05:52,198 DEBUG    root            Executing command: ['curl', '--silent', '-O', 'https://dl.google.com/dl/cloudsdk/channels/rapid/python-3.11.6-macos11.tar.gz']
2024-11-22 09:05:53,018 DEBUG    root            Executing command: ['tar', '-xf', 'python-3.11.6-macos11.tar.gz']
2024-11-22 09:05:53,066 DEBUG    root            Executing command: ['sudo', 'installer', '-target', '/', '-pkg', './python-3.11.6-macos11.pkg']
