2024-12-02 11:49:55,610 DEBUG    root            Loaded Command Group: ['gcloud', 'meta']
2024-12-02 11:49:55,622 DEBUG    root            Loaded Command Group: ['gcloud', 'meta', 'list_commands']
2024-12-02 11:49:55,623 DEBUG    root            Running [gcloud.meta.list-commands] with arguments: []
2024-12-02 11:49:55,623 DEBUG    root            Loaded Command Group: ['gcloud', 'asset']
2024-12-02 11:49:55,672 DEBUG    root            Loaded Command Group: ['gcloud', 'asset', 'analyze_iam_policy']
2024-12-02 11:49:55,673 DEBUG    root            Loaded Command Group: ['gcloud', 'asset', 'analyze_iam_policy_longrunning']
2024-12-02 11:49:55,674 DEBUG    root            Loaded Command Group: ['gcloud', 'asset', 'analyze_move']
2024-12-02 11:49:55,675 DEBUG    root            Loaded Command Group: ['gcloud', 'asset', 'search_all_resources']
2024-12-02 11:49:55,676 DEBUG    root            Loaded Command Group: ['gcloud', 'asset', 'export']
2024-12-02 11:49:55,717 DEBUG    root            Loaded Command Group: ['gcloud', 'asset', 'operations']
2024-12-02 11:49:55,718 DEBUG    root            Loaded Command Group: ['gcloud', 'asset', 'operations', 'describe']
2024-12-02 11:49:55,719 DEBUG    root            Loaded Command Group: ['gcloud', 'asset', 'saved_queries']
2024-12-02 11:49:55,720 DEBUG    root            Loaded Command Group: ['gcloud', 'asset', 'saved-queries', 'describe']
2024-12-02 11:49:55,720 DEBUG    root            Loaded Command Group: ['gcloud', 'asset', 'saved-queries', 'delete']
2024-12-02 11:49:55,721 DEBUG    root            Loaded Command Group: ['gcloud', 'asset', 'saved-queries', 'update']
2024-12-02 11:49:55,722 DEBUG    root            Loaded Command Group: ['gcloud', 'asset', 'saved-queries', 'list']
2024-12-02 11:49:55,723 DEBUG    root            Loaded Command Group: ['gcloud', 'asset', 'saved-queries', 'create']
2024-12-02 11:49:55,724 DEBUG    root            Loaded Command Group: ['gcloud', 'asset', 'search_all_iam_policies']
2024-12-02 11:49:55,725 DEBUG    root            Loaded Command Group: ['gcloud', 'asset', 'analyze_org_policy_governed_assets']
2024-12-02 11:49:55,726 DEBUG    root            Loaded Command Group: ['gcloud', 'asset', 'analyze_org_policy_governed_containers']
2024-12-02 11:49:55,729 DEBUG    root            Loaded Command Group: ['gcloud', 'asset', 'query']
2024-12-02 11:49:55,735 DEBUG    root            Loaded Command Group: ['gcloud', 'asset', 'get_history']
2024-12-02 11:49:55,736 DEBUG    root            Loaded Command Group: ['gcloud', 'asset', 'feeds']
2024-12-02 11:49:55,736 DEBUG    root            Loaded Command Group: ['gcloud', 'asset', 'feeds', 'describe']
2024-12-02 11:49:55,737 DEBUG    root            Loaded Command Group: ['gcloud', 'asset', 'feeds', 'delete']
2024-12-02 11:49:55,738 DEBUG    root            Loaded Command Group: ['gcloud', 'asset', 'feeds', 'update']
2024-12-02 11:49:55,739 DEBUG    root            Loaded Command Group: ['gcloud', 'asset', 'feeds', 'list']
2024-12-02 11:49:55,739 DEBUG    root            Loaded Command Group: ['gcloud', 'asset', 'feeds', 'create']
2024-12-02 11:49:55,740 DEBUG    root            Loaded Command Group: ['gcloud', 'asset', 'get_effective_iam_policy']
2024-12-02 11:49:55,741 DEBUG    root            Loaded Command Group: ['gcloud', 'asset', 'analyze_org_policies']
2024-12-02 11:49:55,742 DEBUG    root            Loaded Command Group: ['gcloud', 'asset', 'list']
2024-12-02 11:49:55,743 DEBUG    root            Loaded Command Group: ['gcloud', 'deployment_manager']
2024-12-02 11:49:55,744 DEBUG    root            No implementation for release track [GA] for element: [/Users/gabrielpaura/Library/Application Support/cloud-code/installer/google-cloud-sdk/lib/surface/deployment_manager/type_providers]
2024-12-02 11:49:55,745 DEBUG    root            Loaded Command Group: ['gcloud', 'deployment-manager', 'types']
2024-12-02 11:49:55,747 DEBUG    root            No implementation for release track [GA] for element: [/Users/gabrielpaura/Library/Application Support/cloud-code/installer/google-cloud-sdk/lib/surface/deployment_manager/types/describe]
2024-12-02 11:49:55,753 DEBUG    root            No implementation for release track [GA] for element: [/Users/gabrielpaura/Library/Application Support/cloud-code/installer/google-cloud-sdk/lib/surface/deployment_manager/types/delete]
2024-12-02 11:49:55,754 DEBUG    root            No implementation for release track [GA] for element: [/Users/gabrielpaura/Library/Application Support/cloud-code/installer/google-cloud-sdk/lib/surface/deployment_manager/types/update]
2024-12-02 11:49:55,755 DEBUG    root            Loaded Command Group: ['gcloud', 'deployment-manager', 'types', 'list']
2024-12-02 11:49:55,756 DEBUG    root            No implementation for release track [GA] for element: [/Users/gabrielpaura/Library/Application Support/cloud-code/installer/google-cloud-sdk/lib/surface/deployment_manager/types/create]
2024-12-02 11:49:55,757 DEBUG    root            Loaded Command Group: ['gcloud', 'deployment-manager', 'deployments']
2024-12-02 11:49:55,759 DEBUG    root            Loaded Command Group: ['gcloud', 'deployment-manager', 'deployments', 'describe']
2024-12-02 11:49:55,766 DEBUG    root            Loaded Command Group: ['gcloud', 'deployment-manager', 'deployments', 'delete']
2024-12-02 11:49:55,774 DEBUG    root            Loaded Command Group: ['gcloud', 'deployment-manager', 'deployments', 'update']
2024-12-02 11:49:55,775 DEBUG    root            Loaded Command Group: ['gcloud', 'deployment-manager', 'deployments', 'list']
2024-12-02 11:49:55,777 DEBUG    root            Loaded Command Group: ['gcloud', 'deployment-manager', 'deployments', 'stop']
2024-12-02 11:49:55,778 DEBUG    root            Loaded Command Group: ['gcloud', 'deployment-manager', 'deployments', 'create']
2024-12-02 11:49:55,779 DEBUG    root            Loaded Command Group: ['gcloud', 'deployment-manager', 'deployments', 'cancel_preview']
2024-12-02 11:49:55,780 DEBUG    root            Loaded Command Group: ['gcloud', 'deployment-manager', 'resources']
2024-12-02 11:49:55,781 DEBUG    root            Loaded Command Group: ['gcloud', 'deployment-manager', 'resources', 'describe']
2024-12-02 11:49:55,782 DEBUG    root            Loaded Command Group: ['gcloud', 'deployment-manager', 'resources', 'list']
2024-12-02 11:49:55,783 DEBUG    root            Loaded Command Group: ['gcloud', 'deployment-manager', 'manifests']
2024-12-02 11:49:55,784 DEBUG    root            Loaded Command Group: ['gcloud', 'deployment-manager', 'manifests', 'describe']
2024-12-02 11:49:55,784 DEBUG    root            Loaded Command Group: ['gcloud', 'deployment-manager', 'manifests', 'list']
2024-12-02 11:49:55,785 DEBUG    root            Loaded Command Group: ['gcloud', 'deployment-manager', 'operations']
2024-12-02 11:49:55,786 DEBUG    root            Loaded Command Group: ['gcloud', 'deployment-manager', 'operations', 'wait']
2024-12-02 11:49:55,786 DEBUG    root            Loaded Command Group: ['gcloud', 'deployment-manager', 'operations', 'describe']
2024-12-02 11:49:55,787 DEBUG    root            Loaded Command Group: ['gcloud', 'deployment-manager', 'operations', 'list']
2024-12-02 11:49:55,787 DEBUG    root            Loaded Command Group: ['gcloud', 'alpha', 'asset']
2024-12-02 11:49:55,787 DEBUG    root            Loaded Command Group: ['gcloud', 'alpha', 'asset', 'analyze_iam_policy']
2024-12-02 11:49:55,788 DEBUG    root            Loaded Command Group: ['gcloud', 'alpha', 'asset', 'analyze_iam_policy_longrunning']
2024-12-02 11:49:55,789 DEBUG    root            No implementation for release track [ALPHA] for element: [/Users/gabrielpaura/Library/Application Support/cloud-code/installer/google-cloud-sdk/lib/surface/asset/analyze_move]
2024-12-02 11:49:55,789 DEBUG    root            No implementation for release track [ALPHA] for element: [/Users/gabrielpaura/Library/Application Support/cloud-code/installer/google-cloud-sdk/lib/surface/asset/search_all_resources]
2024-12-02 11:49:55,789 DEBUG    root            Loaded Command Group: ['gcloud', 'alpha', 'asset', 'export']
2024-12-02 11:49:55,794 DEBUG    root            Loaded Command Group: ['gcloud', 'alpha', 'asset', 'operations']
2024-12-02 11:49:55,794 DEBUG    root            Loaded Command Group: ['gcloud', 'alpha', 'asset', 'operations', 'describe']
2024-12-02 11:49:55,795 DEBUG    root            Loaded Command Group: ['gcloud', 'alpha', 'asset', 'saved_queries']
2024-12-02 11:49:55,795 DEBUG    root            Loaded Command Group: ['gcloud', 'alpha', 'asset', 'saved-queries', 'describe']
2024-12-02 11:49:55,795 DEBUG    root            Loaded Command Group: ['gcloud', 'alpha', 'asset', 'saved-queries', 'delete']
2024-12-02 11:49:55,795 DEBUG    root            Loaded Command Group: ['gcloud', 'alpha', 'asset', 'saved-queries', 'update']
2024-12-02 11:49:55,796 DEBUG    root            Loaded Command Group: ['gcloud', 'alpha', 'asset', 'saved-queries', 'list']
2024-12-02 11:49:55,796 DEBUG    root            Loaded Command Group: ['gcloud', 'alpha', 'asset', 'saved-queries', 'create']
2024-12-02 11:49:55,796 DEBUG    root            No implementation for release track [ALPHA] for element: [/Users/gabrielpaura/Library/Application Support/cloud-code/installer/google-cloud-sdk/lib/surface/asset/search_all_iam_policies]
2024-12-02 11:49:55,796 DEBUG    root            No implementation for release track [ALPHA] for element: [/Users/gabrielpaura/Library/Application Support/cloud-code/installer/google-cloud-sdk/lib/surface/asset/analyze_org_policy_governed_assets]
2024-12-02 11:49:55,797 DEBUG    root            Loaded Command Group: ['gcloud', 'alpha', 'asset', 'analyze_org_policy_governed_containers']
2024-12-02 11:49:55,797 DEBUG    root            Loaded Command Group: ['gcloud', 'alpha', 'asset', 'query']
2024-12-02 11:49:55,802 DEBUG    root            Loaded Command Group: ['gcloud', 'alpha', 'asset', 'get_history']
2024-12-02 11:49:55,802 DEBUG    root            Loaded Command Group: ['gcloud', 'alpha', 'asset', 'feeds']
2024-12-02 11:49:55,802 DEBUG    root            Loaded Command Group: ['gcloud', 'alpha', 'asset', 'feeds', 'describe']
2024-12-02 11:49:55,803 DEBUG    root            Loaded Command Group: ['gcloud', 'alpha', 'asset', 'feeds', 'delete']
2024-12-02 11:49:55,803 DEBUG    root            Loaded Command Group: ['gcloud', 'alpha', 'asset', 'feeds', 'update']
2024-12-02 11:49:55,804 DEBUG    root            Loaded Command Group: ['gcloud', 'alpha', 'asset', 'feeds', 'list']
2024-12-02 11:49:55,804 DEBUG    root            Loaded Command Group: ['gcloud', 'alpha', 'asset', 'feeds', 'create']
2024-12-02 11:49:55,804 DEBUG    root            No implementation for release track [ALPHA] for element: [/Users/gabrielpaura/Library/Application Support/cloud-code/installer/google-cloud-sdk/lib/surface/asset/get_effective_iam_policy]
2024-12-02 11:49:55,804 DEBUG    root            Loaded Command Group: ['gcloud', 'alpha', 'asset', 'analyze_org_policies']
2024-12-02 11:49:55,805 DEBUG    root            Loaded Command Group: ['gcloud', 'alpha', 'asset', 'list']
2024-12-02 11:49:55,805 DEBUG    root            Loaded Command Group: ['gcloud', 'alpha', 'deployment_manager']
2024-12-02 11:49:55,805 DEBUG    root            Loaded Command Group: ['gcloud', 'alpha', 'deployment-manager', 'type_providers']
2024-12-02 11:49:55,807 DEBUG    root            Loaded Command Group: ['gcloud', 'alpha', 'deployment-manager', 'type-providers', 'describe']
2024-12-02 11:49:55,808 DEBUG    root            Loaded Command Group: ['gcloud', 'alpha', 'deployment-manager', 'type-providers', 'delete']
2024-12-02 11:49:55,809 DEBUG    root            Loaded Command Group: ['gcloud', 'alpha', 'deployment-manager', 'type-providers', 'update']
2024-12-02 11:49:55,810 DEBUG    root            Loaded Command Group: ['gcloud', 'alpha', 'deployment-manager', 'type-providers', 'list']
2024-12-02 11:49:55,811 DEBUG    root            Loaded Command Group: ['gcloud', 'alpha', 'deployment-manager', 'type-providers', 'create']
2024-12-02 11:49:55,811 DEBUG    root            Loaded Command Group: ['gcloud', 'alpha', 'deployment-manager', 'types']
2024-12-02 11:49:55,811 DEBUG    root            Loaded Command Group: ['gcloud', 'alpha', 'deployment-manager', 'types', 'describe']
2024-12-02 11:49:55,812 DEBUG    root            Loaded Command Group: ['gcloud', 'alpha', 'deployment-manager', 'types', 'delete']
2024-12-02 11:49:55,812 DEBUG    root            Loaded Command Group: ['gcloud', 'alpha', 'deployment-manager', 'types', 'update']
2024-12-02 11:49:55,812 DEBUG    root            Loaded Command Group: ['gcloud', 'alpha', 'deployment-manager', 'types', 'list']
2024-12-02 11:49:55,813 DEBUG    root            Loaded Command Group: ['gcloud', 'alpha', 'deployment-manager', 'types', 'create']
2024-12-02 11:49:55,813 DEBUG    root            Loaded Command Group: ['gcloud', 'alpha', 'deployment-manager', 'deployments']
2024-12-02 11:49:55,813 DEBUG    root            Loaded Command Group: ['gcloud', 'alpha', 'deployment-manager', 'deployments', 'describe']
2024-12-02 11:49:55,814 DEBUG    root            Loaded Command Group: ['gcloud', 'alpha', 'deployment-manager', 'deployments', 'delete']
2024-12-02 11:49:55,814 DEBUG    root            Loaded Command Group: ['gcloud', 'alpha', 'deployment-manager', 'deployments', 'update']
2024-12-02 11:49:55,814 DEBUG    root            Loaded Command Group: ['gcloud', 'alpha', 'deployment-manager', 'deployments', 'list']
2024-12-02 11:49:55,815 DEBUG    root            Loaded Command Group: ['gcloud', 'alpha', 'deployment-manager', 'deployments', 'stop']
2024-12-02 11:49:55,816 DEBUG    root            Loaded Command Group: ['gcloud', 'alpha', 'deployment-manager', 'deployments', 'create']
2024-12-02 11:49:55,816 DEBUG    root            Loaded Command Group: ['gcloud', 'alpha', 'deployment-manager', 'deployments', 'cancel_preview']
2024-12-02 11:49:55,816 DEBUG    root            Loaded Command Group: ['gcloud', 'alpha', 'deployment-manager', 'resources']
2024-12-02 11:49:55,817 DEBUG    root            Loaded Command Group: ['gcloud', 'alpha', 'deployment-manager', 'resources', 'describe']
2024-12-02 11:49:55,817 DEBUG    root            Loaded Command Group: ['gcloud', 'alpha', 'deployment-manager', 'resources', 'list']
2024-12-02 11:49:55,817 DEBUG    root            Loaded Command Group: ['gcloud', 'alpha', 'deployment-manager', 'manifests']
2024-12-02 11:49:55,818 DEBUG    root            Loaded Command Group: ['gcloud', 'alpha', 'deployment-manager', 'manifests', 'describe']
2024-12-02 11:49:55,818 DEBUG    root            Loaded Command Group: ['gcloud', 'alpha', 'deployment-manager', 'manifests', 'list']
2024-12-02 11:49:55,818 DEBUG    root            Loaded Command Group: ['gcloud', 'alpha', 'deployment-manager', 'operations']
2024-12-02 11:49:55,818 DEBUG    root            Loaded Command Group: ['gcloud', 'alpha', 'deployment-manager', 'operations', 'wait']
2024-12-02 11:49:55,819 DEBUG    root            Loaded Command Group: ['gcloud', 'alpha', 'deployment-manager', 'operations', 'describe']
2024-12-02 11:49:55,819 DEBUG    root            Loaded Command Group: ['gcloud', 'alpha', 'deployment-manager', 'operations', 'list']
2024-12-02 11:49:55,877 DEBUG    root            Loaded Command Group: ['gcloud', 'alpha', 'compute']
2024-12-02 11:49:55,882 DEBUG    root            Loaded Command Group: ['gcloud', 'alpha', 'compute', 'instance_settings']
2024-12-02 11:49:55,899 DEBUG    root            Loaded Command Group: ['gcloud', 'alpha', 'compute', 'instance-settings', 'set_service_account']
2024-12-02 11:49:55,899 DEBUG    root            Loaded Command Group: ['gcloud', 'alpha', 'compute', 'instance-settings', 'describe']
2024-12-02 11:49:55,900 DEBUG    root            Loaded Command Group: ['gcloud', 'alpha', 'compute', 'instance-settings', 'update']
2024-12-02 11:49:55,901 DEBUG    root            Loaded Command Group: ['gcloud', 'alpha', 'compute', 'images']
2024-12-02 11:49:55,905 DEBUG    root            Loaded Command Group: ['gcloud', 'alpha', 'compute', 'images', 'delete']
2024-12-02 11:49:55,906 DEBUG    root            Loaded Command Group: ['gcloud', 'alpha', 'compute', 'images', 'describe']
2024-12-02 11:49:55,960 DEBUG    root            Loaded Command Group: ['gcloud', 'alpha', 'compute', 'images', 'export']
2024-12-02 11:49:55,963 DEBUG    root            Loaded Command Group: ['gcloud', 'alpha', 'compute', 'images', 'add_labels']
2024-12-02 11:49:55,964 DEBUG    root            Loaded Command Group: ['gcloud', 'alpha', 'compute', 'images', 'vulnerabilities']
2024-12-02 11:49:55,965 DEBUG    root            Loaded Command Group: ['gcloud', 'alpha', 'compute', 'images', 'vulnerabilities', 'describe_note']
2024-12-02 11:49:55,966 DEBUG    root            Loaded Command Group: ['gcloud', 'alpha', 'compute', 'images', 'vulnerabilities', 'list']
2024-12-02 11:49:55,967 DEBUG    root            Loaded Command Group: ['gcloud', 'alpha', 'compute', 'images', 'packages']
2024-12-02 11:49:55,971 DEBUG    root            Loaded Command Group: ['gcloud', 'alpha', 'compute', 'images', 'packages', 'diff']
2024-12-02 11:49:56,210 DEBUG    root            Loaded Command Group: ['gcloud', 'alpha', 'compute', 'images', 'packages', 'list']
2024-12-02 11:49:56,212 DEBUG    root            Loaded Command Group: ['gcloud', 'alpha', 'compute', 'images', 'describe_from_family']
2024-12-02 11:49:56,495 DEBUG    root            Loaded Command Group: ['gcloud', 'alpha', 'compute', 'images', 'set_iam_policy']
2024-12-02 11:49:56,504 DEBUG    root            Loaded Command Group: ['gcloud', 'alpha', 'compute', 'images', 'remove_iam_policy_binding']
2024-12-02 11:49:56,509 DEBUG    root            Loaded Command Group: ['gcloud', 'alpha', 'compute', 'images', 'remove_labels']
2024-12-02 11:49:56,511 DEBUG    root            Loaded Command Group: ['gcloud', 'alpha', 'compute', 'images', 'create']
2024-12-02 11:49:56,531 DEBUG    root            Loaded Command Group: ['gcloud', 'alpha', 'compute', 'images', 'add_iam_policy_binding']
2024-12-02 11:49:56,538 DEBUG    root            Loaded Command Group: ['gcloud', 'alpha', 'compute', 'images', 'import']
2024-12-02 11:49:56,540 DEBUG    root            Loaded Command Group: ['gcloud', 'alpha', 'compute', 'images', 'deprecate']
2024-12-02 11:49:56,541 DEBUG    root            Loaded Command Group: ['gcloud', 'alpha', 'compute', 'images', 'update']
2024-12-02 11:49:56,545 DEBUG    root            Loaded Command Group: ['gcloud', 'alpha', 'compute', 'images', 'list']
2024-12-02 11:49:56,548 DEBUG    root            Loaded Command Group: ['gcloud', 'alpha', 'compute', 'images', 'get_iam_policy']
2024-12-02 11:49:56,553 DEBUG    root            Loaded Command Group: ['gcloud', 'alpha', 'compute', 'machine_types']
2024-12-02 11:49:56,554 DEBUG    root            Loaded Command Group: ['gcloud', 'alpha', 'compute', 'machine-types', 'describe']
2024-12-02 11:49:56,555 DEBUG    root            Loaded Command Group: ['gcloud', 'alpha', 'compute', 'machine-types', 'list']
2024-12-02 11:49:56,557 DEBUG    root            Loaded Command Group: ['gcloud', 'alpha', 'compute', 'sign_url']
2024-12-02 11:49:56,558 DEBUG    root            Loaded Command Group: ['gcloud', 'alpha', 'compute', 'target_ssl_proxies']
2024-12-02 11:49:56,559 DEBUG    root            Loaded Command Group: ['gcloud', 'alpha', 'compute', 'target-ssl-proxies', 'describe']
2024-12-02 11:49:56,560 DEBUG    root            Loaded Command Group: ['gcloud', 'alpha', 'compute', 'target-ssl-proxies', 'delete']
2024-12-02 11:49:56,571 DEBUG    root            Loaded Command Group: ['gcloud', 'alpha', 'compute', 'target-ssl-proxies', 'update']
2024-12-02 11:49:56,582 DEBUG    root            Loaded Command Group: ['gcloud', 'alpha', 'compute', 'target-ssl-proxies', 'list']
2024-12-02 11:49:56,583 DEBUG    root            Loaded Command Group: ['gcloud', 'alpha', 'compute', 'target-ssl-proxies', 'config']
2024-12-02 11:49:56,605 DEBUG    root            Loaded Command Group: ['gcloud', 'alpha', 'compute', 'target-ssl-proxies', 'config', 'export']
2024-12-02 11:49:56,610 DEBUG    root            Loaded Command Group: ['gcloud', 'alpha', 'compute', 'target-ssl-proxies', 'create']
2024-12-02 11:49:56,611 DEBUG    root            Loaded Command Group: ['gcloud', 'alpha', 'compute', 'reservations']
2024-12-02 11:49:56,614 DEBUG    root            Loaded Command Group: ['gcloud', 'alpha', 'compute', 'reservations', 'describe']
2024-12-02 11:49:56,622 DEBUG    root            Loaded Command Group: ['gcloud', 'alpha', 'compute', 'reservations', 'delete']
2024-12-02 11:49:56,630 DEBUG    root            Loaded Command Group: ['gcloud', 'alpha', 'compute', 'reservations', 'remove_iam_policy_binding']
2024-12-02 11:49:56,635 DEBUG    root            Loaded Command Group: ['gcloud', 'alpha', 'compute', 'reservations', 'blocks']
2024-12-02 11:49:56,637 DEBUG    root            Loaded Command Group: ['gcloud', 'alpha', 'compute', 'reservations', 'blocks', 'describe']
2024-12-02 11:49:56,638 DEBUG    root            Loaded Command Group: ['gcloud', 'alpha', 'compute', 'reservations', 'blocks', 'list']
2024-12-02 11:49:56,644 DEBUG    root            Loaded Command Group: ['gcloud', 'alpha', 'compute', 'reservations', 'create']
2024-12-02 11:49:56,648 DEBUG    root            Loaded Command Group: ['gcloud', 'alpha', 'compute', 'reservations', 'add_iam_policy_binding']
2024-12-02 11:49:56,653 DEBUG    root            Loaded Command Group: ['gcloud', 'alpha', 'compute', 'reservations', 'update']
2024-12-02 11:49:56,657 DEBUG    root            Loaded Command Group: ['gcloud', 'alpha', 'compute', 'reservations', 'set_iam_policy']
2024-12-02 11:49:56,661 DEBUG    root            Loaded Command Group: ['gcloud', 'alpha', 'compute', 'reservations', 'list']
2024-12-02 11:49:56,664 DEBUG    root            Loaded Command Group: ['gcloud', 'alpha', 'compute', 'reservations', 'get_iam_policy']
2024-12-02 11:49:56,669 DEBUG    root            Loaded Command Group: ['gcloud', 'alpha', 'compute', 'target_http_proxies']
2024-12-02 11:49:56,671 DEBUG    root            Loaded Command Group: ['gcloud', 'alpha', 'compute', 'target-http-proxies', 'describe']
2024-12-02 11:49:56,672 DEBUG    root            Loaded Command Group: ['gcloud', 'alpha', 'compute', 'target-http-proxies', 'delete']
2024-12-02 11:49:56,676 DEBUG    root            Loaded Command Group: ['gcloud', 'alpha', 'compute', 'target-http-proxies', 'export']
2024-12-02 11:49:56,677 DEBUG    root            Loaded Command Group: ['gcloud', 'alpha', 'compute', 'target-http-proxies', 'config']
2024-12-02 11:49:56,678 DEBUG    root            Loaded Command Group: ['gcloud', 'alpha', 'compute', 'target-http-proxies', 'config', 'export']
2024-12-02 11:49:56,683 DEBUG    root            Loaded Command Group: ['gcloud', 'alpha', 'compute', 'target-http-proxies', 'create']
2024-12-02 11:49:56,685 DEBUG    root            Loaded Command Group: ['gcloud', 'alpha', 'compute', 'target-http-proxies', 'import']
2024-12-02 11:49:56,686 DEBUG    root            Loaded Command Group: ['gcloud', 'alpha', 'compute', 'target-http-proxies', 'update']
2024-12-02 11:49:56,687 DEBUG    root            Loaded Command Group: ['gcloud', 'alpha', 'compute', 'target-http-proxies', 'list']
2024-12-02 11:49:56,727 DEBUG    root            Loaded Command Group: ['gcloud', 'alpha', 'compute', 'scp']
2024-12-02 11:49:56,729 DEBUG    root            Loaded Command Group: ['gcloud', 'alpha', 'compute', 'network_firewall_policies']
2024-12-02 11:49:56,735 DEBUG    root            Loaded Command Group: ['gcloud', 'alpha', 'compute', 'network-firewall-policies', 'describe']
2024-12-02 11:49:56,736 DEBUG    root            Loaded Command Group: ['gcloud', 'alpha', 'compute', 'network-firewall-policies', 'mirroring_rules']
2024-12-02 11:49:56,738 DEBUG    root            Loaded Command Group: ['gcloud', 'alpha', 'compute', 'network-firewall-policies', 'mirroring-rules', 'describe']
2024-12-02 11:49:56,739 DEBUG    root            Loaded Command Group: ['gcloud', 'alpha', 'compute', 'network-firewall-policies', 'mirroring-rules', 'delete']
2024-12-02 11:49:56,740 DEBUG    root            Loaded Command Group: ['gcloud', 'alpha', 'compute', 'network-firewall-policies', 'mirroring-rules', 'update']
2024-12-02 11:49:56,741 DEBUG    root            Loaded Command Group: ['gcloud', 'alpha', 'compute', 'network-firewall-policies', 'mirroring-rules', 'create']
2024-12-02 11:49:56,742 DEBUG    root            Loaded Command Group: ['gcloud', 'alpha', 'compute', 'network-firewall-policies', 'delete']
2024-12-02 11:49:56,743 DEBUG    root            Loaded Command Group: ['gcloud', 'alpha', 'compute', 'network-firewall-policies', 'export_rules']
2024-12-02 11:49:56,747 DEBUG    root            Loaded Command Group: ['gcloud', 'alpha', 'compute', 'network-firewall-policies', 'get_effective_firewalls']
2024-12-02 11:49:56,747 DEBUG    root            Loaded Command Group: ['gcloud', 'alpha', 'compute', 'network-firewall-policies', 'associations']
2024-12-02 11:49:56,748 DEBUG    root            Loaded Command Group: ['gcloud', 'alpha', 'compute', 'network-firewall-policies', 'associations', 'delete']
2024-12-02 11:49:56,749 DEBUG    root            Loaded Command Group: ['gcloud', 'alpha', 'compute', 'network-firewall-policies', 'associations', 'update']
2024-12-02 11:49:56,750 DEBUG    root            Loaded Command Group: ['gcloud', 'alpha', 'compute', 'network-firewall-policies', 'associations', 'create']
2024-12-02 11:49:56,751 DEBUG    root            Loaded Command Group: ['gcloud', 'alpha', 'compute', 'network-firewall-policies', 'create']
2024-12-02 11:49:56,752 DEBUG    root            Loaded Command Group: ['gcloud', 'alpha', 'compute', 'network-firewall-policies', 'import_rules']
2024-12-02 11:49:56,753 DEBUG    root            Loaded Command Group: ['gcloud', 'alpha', 'compute', 'network-firewall-policies', 'clone_rules']
2024-12-02 11:49:56,754 DEBUG    root            Loaded Command Group: ['gcloud', 'alpha', 'compute', 'network-firewall-policies', 'update']
2024-12-02 11:49:56,755 DEBUG    root            Loaded Command Group: ['gcloud', 'alpha', 'compute', 'network-firewall-policies', 'list']
2024-12-02 11:49:56,755 DEBUG    root            Loaded Command Group: ['gcloud', 'alpha', 'compute', 'network-firewall-policies', 'rules']
2024-12-02 11:49:56,756 DEBUG    root            Loaded Command Group: ['gcloud', 'alpha', 'compute', 'network-firewall-policies', 'rules', 'describe']
2024-12-02 11:49:56,757 DEBUG    root            Loaded Command Group: ['gcloud', 'alpha', 'compute', 'network-firewall-policies', 'rules', 'delete']
2024-12-02 11:49:56,769 DEBUG    root            Loaded Command Group: ['gcloud', 'alpha', 'compute', 'network-firewall-policies', 'rules', 'update']
2024-12-02 11:49:56,771 DEBUG    root            Loaded Command Group: ['gcloud', 'alpha', 'compute', 'network-firewall-policies', 'rules', 'create']
2024-12-02 11:49:56,772 DEBUG    root            Loaded Command Group: ['gcloud', 'alpha', 'compute', 'http_health_checks']
2024-12-02 11:49:56,774 DEBUG    root            Loaded Command Group: ['gcloud', 'alpha', 'compute', 'http-health-checks', 'describe']
2024-12-02 11:49:56,775 DEBUG    root            Loaded Command Group: ['gcloud', 'alpha', 'compute', 'http-health-checks', 'delete']
2024-12-02 11:49:56,777 DEBUG    root            Loaded Command Group: ['gcloud', 'alpha', 'compute', 'http-health-checks', 'update']
2024-12-02 11:49:56,778 DEBUG    root            Loaded Command Group: ['gcloud', 'alpha', 'compute', 'http-health-checks', 'list']
2024-12-02 11:49:56,779 DEBUG    root            Loaded Command Group: ['gcloud', 'alpha', 'compute', 'http-health-checks', 'create']
2024-12-02 11:49:56,780 DEBUG    root            Loaded Command Group: ['gcloud', 'alpha', 'compute', 'vpn_tunnels']
2024-12-02 11:49:56,783 DEBUG    root            Loaded Command Group: ['gcloud', 'alpha', 'compute', 'vpn-tunnels', 'describe']
2024-12-02 11:49:56,784 DEBUG    root            Loaded Command Group: ['gcloud', 'alpha', 'compute', 'vpn-tunnels', 'delete']
2024-12-02 11:49:56,785 DEBUG    root            Loaded Command Group: ['gcloud', 'alpha', 'compute', 'vpn-tunnels', 'update']
2024-12-02 11:49:56,786 DEBUG    root            Loaded Command Group: ['gcloud', 'alpha', 'compute', 'vpn-tunnels', 'list']
2024-12-02 11:49:56,787 DEBUG    root            Loaded Command Group: ['gcloud', 'alpha', 'compute', 'vpn-tunnels', 'config']
2024-12-02 11:49:56,788 DEBUG    root            Loaded Command Group: ['gcloud', 'alpha', 'compute', 'vpn-tunnels', 'config', 'export']
2024-12-02 11:49:56,800 DEBUG    root            Loaded Command Group: ['gcloud', 'alpha', 'compute', 'vpn-tunnels', 'create']
2024-12-02 11:49:56,800 DEBUG    root            Loaded Command Group: ['gcloud', 'alpha', 'compute', 'networks']
2024-12-02 11:49:56,802 DEBUG    root            Loaded Command Group: ['gcloud', 'alpha', 'compute', 'networks', 'subnets']
2024-12-02 11:49:56,834 DEBUG    root            Loaded Command Group: ['gcloud', 'alpha', 'compute', 'networks', 'subnets', 'describe']
2024-12-02 11:49:56,835 DEBUG    root            Loaded Command Group: ['gcloud', 'alpha', 'compute', 'networks', 'subnets', 'delete']
2024-12-02 11:49:56,839 DEBUG    root            Loaded Command Group: ['gcloud', 'alpha', 'compute', 'networks', 'subnets', 'remove_iam_policy_binding']
2024-12-02 11:49:56,844 DEBUG    root            Loaded Command Group: ['gcloud', 'alpha', 'compute', 'networks', 'subnets', 'config']
2024-12-02 11:49:56,845 DEBUG    root            Loaded Command Group: ['gcloud', 'alpha', 'compute', 'networks', 'subnets', 'config', 'export']
2024-12-02 11:49:56,850 DEBUG    root            Loaded Command Group: ['gcloud', 'alpha', 'compute', 'networks', 'subnets', 'expand_ip_range']
2024-12-02 11:49:56,853 DEBUG    root            Loaded Command Group: ['gcloud', 'alpha', 'compute', 'networks', 'subnets', 'create']
2024-12-02 11:49:56,858 DEBUG    root            Loaded Command Group: ['gcloud', 'alpha', 'compute', 'networks', 'subnets', 'add_iam_policy_binding']
2024-12-02 11:49:56,863 DEBUG    root            Loaded Command Group: ['gcloud', 'alpha', 'compute', 'networks', 'subnets', 'update']
2024-12-02 11:49:56,867 DEBUG    root            Loaded Command Group: ['gcloud', 'alpha', 'compute', 'networks', 'subnets', 'set_iam_policy']
2024-12-02 11:49:56,872 DEBUG    root            Loaded Command Group: ['gcloud', 'alpha', 'compute', 'networks', 'subnets', 'list']
2024-12-02 11:49:56,875 DEBUG    root            Loaded Command Group: ['gcloud', 'alpha', 'compute', 'networks', 'subnets', 'get_iam_policy']
2024-12-02 11:49:56,880 DEBUG    root            Loaded Command Group: ['gcloud', 'alpha', 'compute', 'networks', 'subnets', 'list_usable']
2024-12-02 11:49:56,881 DEBUG    root            Loaded Command Group: ['gcloud', 'alpha', 'compute', 'networks', 'get_effective_firewalls']
2024-12-02 11:49:56,883 DEBUG    root            Loaded Command Group: ['gcloud', 'alpha', 'compute', 'networks', 'describe']
2024-12-02 11:49:56,884 DEBUG    root            Loaded Command Group: ['gcloud', 'alpha', 'compute', 'networks', 'delete']
2024-12-02 11:49:56,884 DEBUG    root            Loaded Command Group: ['gcloud', 'alpha', 'compute', 'networks', 'list_ip_addresses']
2024-12-02 11:49:56,885 DEBUG    root            Loaded Command Group: ['gcloud', 'alpha', 'compute', 'networks', 'peerings']
2024-12-02 11:49:56,886 DEBUG    root            Loaded Command Group: ['gcloud', 'alpha', 'compute', 'networks', 'peerings', 'delete']
2024-12-02 11:49:56,887 DEBUG    root            Loaded Command Group: ['gcloud', 'alpha', 'compute', 'networks', 'peerings', 'update']
2024-12-02 11:49:56,888 DEBUG    root            Loaded Command Group: ['gcloud', 'alpha', 'compute', 'networks', 'peerings', 'list']
2024-12-02 11:49:56,889 DEBUG    root            Loaded Command Group: ['gcloud', 'alpha', 'compute', 'networks', 'peerings', 'list_routes']
2024-12-02 11:49:56,890 DEBUG    root            Loaded Command Group: ['gcloud', 'alpha', 'compute', 'networks', 'peerings', 'create']
2024-12-02 11:49:56,893 DEBUG    root            Loaded Command Group: ['gcloud', 'alpha', 'compute', 'networks', 'create']
2024-12-02 11:49:56,894 DEBUG    root            Loaded Command Group: ['gcloud', 'alpha', 'compute', 'networks', 'list_ip_owners']
2024-12-02 11:49:56,894 DEBUG    root            Loaded Command Group: ['gcloud', 'alpha', 'compute', 'networks', 'vpc_access']
2024-12-02 11:49:56,895 DEBUG    root            Loaded Command Group: ['gcloud', 'alpha', 'compute', 'networks', 'vpc-access', 'locations']
2024-12-02 11:49:56,908 DEBUG    root            Loaded Command Group: ['gcloud', 'alpha', 'compute', 'networks', 'vpc-access', 'locations', 'list']
2024-12-02 11:49:56,910 DEBUG    root            Loaded Command Group: ['gcloud', 'alpha', 'compute', 'networks', 'vpc-access', 'connectors']
2024-12-02 11:49:56,912 DEBUG    root            Loaded Command Group: ['gcloud', 'alpha', 'compute', 'networks', 'vpc-access', 'connectors', 'describe']
2024-12-02 11:49:56,917 DEBUG    root            Loaded Command Group: ['gcloud', 'alpha', 'compute', 'networks', 'vpc-access', 'connectors', 'delete']
2024-12-02 11:49:56,924 DEBUG    root            Loaded Command Group: ['gcloud', 'alpha', 'compute', 'networks', 'vpc-access', 'connectors', 'update']
2024-12-02 11:49:56,930 DEBUG    root            Loaded Command Group: ['gcloud', 'alpha', 'compute', 'networks', 'vpc-access', 'connectors', 'list']
2024-12-02 11:49:56,939 DEBUG    root            Loaded Command Group: ['gcloud', 'alpha', 'compute', 'networks', 'vpc-access', 'connectors', 'create']
2024-12-02 11:49:56,942 DEBUG    root            Loaded Command Group: ['gcloud', 'alpha', 'compute', 'networks', 'vpc-access', 'operations']
2024-12-02 11:49:56,944 DEBUG    root            Loaded Command Group: ['gcloud', 'alpha', 'compute', 'networks', 'vpc-access', 'operations', 'describe']
2024-12-02 11:49:56,949 DEBUG    root            Loaded Command Group: ['gcloud', 'alpha', 'compute', 'networks', 'vpc-access', 'operations', 'list']
2024-12-02 11:49:56,953 DEBUG    root            Loaded Command Group: ['gcloud', 'alpha', 'compute', 'networks', 'update']
2024-12-02 11:49:56,954 DEBUG    root            Loaded Command Group: ['gcloud', 'alpha', 'compute', 'networks', 'list']
2024-12-02 11:49:56,955 DEBUG    root            Loaded Command Group: ['gcloud', 'alpha', 'compute', 'snapshot_settings']
2024-12-02 11:49:56,956 DEBUG    root            Loaded Command Group: ['gcloud', 'alpha', 'compute', 'snapshot-settings', 'describe']
2024-12-02 11:49:56,958 DEBUG    root            Loaded Command Group: ['gcloud', 'alpha', 'compute', 'snapshot-settings', 'update']
2024-12-02 11:49:56,958 DEBUG    root            Loaded Command Group: ['gcloud', 'alpha', 'compute', 'ssl_certificates']
2024-12-02 11:49:56,960 DEBUG    root            Loaded Command Group: ['gcloud', 'alpha', 'compute', 'ssl-certificates', 'describe']
2024-12-02 11:49:56,961 DEBUG    root            Loaded Command Group: ['gcloud', 'alpha', 'compute', 'ssl-certificates', 'delete']
2024-12-02 11:49:56,962 DEBUG    root            Loaded Command Group: ['gcloud', 'alpha', 'compute', 'ssl-certificates', 'create']
2024-12-02 11:49:56,963 DEBUG    root            Loaded Command Group: ['gcloud', 'alpha', 'compute', 'ssl-certificates', 'list']
2024-12-02 11:49:56,965 DEBUG    root            Loaded Command Group: ['gcloud', 'alpha', 'compute', 'copy_files']
2024-12-02 11:49:56,967 DEBUG    root            Loaded Command Group: ['gcloud', 'alpha', 'compute', 'instant_snapshots']
2024-12-02 11:49:56,978 DEBUG    root            Loaded Command Group: ['gcloud', 'alpha', 'compute', 'instant-snapshots', 'add_labels']
2024-12-02 11:49:56,982 DEBUG    root            Loaded Command Group: ['gcloud', 'alpha', 'compute', 'instant-snapshots', 'describe']
2024-12-02 11:49:56,984 DEBUG    root            Loaded Command Group: ['gcloud', 'alpha', 'compute', 'instant-snapshots', 'delete']
2024-12-02 11:49:56,987 DEBUG    root            Loaded Command Group: ['gcloud', 'alpha', 'compute', 'instant-snapshots', 'list']
2024-12-02 11:49:56,989 DEBUG    root            Loaded Command Group: ['gcloud', 'alpha', 'compute', 'instant-snapshots', 'create']
2024-12-02 11:49:56,991 DEBUG    root            Loaded Command Group: ['gcloud', 'alpha', 'compute', 'machine_images']
2024-12-02 11:49:57,000 DEBUG    root            Loaded Command Group: ['gcloud', 'alpha', 'compute', 'machine-images', 'describe']
2024-12-02 11:49:57,003 DEBUG    root            Loaded Command Group: ['gcloud', 'alpha', 'compute', 'machine-images', 'delete']
2024-12-02 11:49:57,009 DEBUG    root            Loaded Command Group: ['gcloud', 'alpha', 'compute', 'machine-images', 'remove_iam_policy_binding']
2024-12-02 11:49:57,018 DEBUG    root            Loaded Command Group: ['gcloud', 'alpha', 'compute', 'machine-images', 'create']
2024-12-02 11:49:57,025 DEBUG    root            Loaded Command Group: ['gcloud', 'alpha', 'compute', 'machine-images', 'add_iam_policy_binding']
2024-12-02 11:49:57,036 DEBUG    root            Loaded Command Group: ['gcloud', 'alpha', 'compute', 'machine-images', 'import']
