2024-12-02 11:49:48,447 DEBUG    root            Loaded Command Group: ['gcloud', 'components']
2024-12-02 11:49:48,449 DEBUG    root            Loaded Command Group: ['gcloud', 'components', 'install']
2024-12-02 11:49:48,450 DEBUG    root            Running [gcloud.components.install] with arguments: [--no-compile-python: "False", --quiet: "True", COMPONENT-IDS:6: "['alpha', 'beta', 'gke-gcloud-auth-plugin', 'kubectl', 'skaffold', 'minikube']"]
2024-12-02 11:49:48,459 DEBUG    urllib3.connectionpool Starting new HTTPS connection (1): dl.google.com:443
2024-12-02 11:49:48,599 DEBUG    urllib3.connectionpool https://dl.google.com:443 "GET /dl/cloudsdk/channels/rapid/components-v502.0.0.json HTTP/1.1" 200 227816
2024-12-02 11:49:48,645 INFO     ___FILE_ONLY___ 

2024-12-02 11:49:48,645 INFO     ___FILE_ONLY___ 
Your current Google Cloud CLI version is: 502.0.0

2024-12-02 11:49:48,645 INFO     ___FILE_ONLY___ Installing components from version: 502.0.0

2024-12-02 11:49:48,645 INFO     ___FILE_ONLY___ 

2024-12-02 11:49:48,645 DEBUG    root            Chosen display Format:table[box,title="These components will be removed."](details.display_name:label=Name:align=left,version.version_string:label=Version:align=right,data.size.size(zero="",min=1048576):label=Size:align=right)
2024-12-02 11:49:48,645 DEBUG    root            Chosen display Format:table[box,title="These components will be updated."](details.display_name:label=Name:align=left,version.version_string:label=Version:align=right,data.size.size(zero="",min=1048576):label=Size:align=right)
2024-12-02 11:49:48,645 DEBUG    root            Chosen display Format:table[box,title="These components will be installed."](details.display_name:label=Name:align=left,version.version_string:label=Version:align=right,data.size.size(zero="",min=1048576):label=Size:align=right)
2024-12-02 11:49:48,654 INFO     ___FILE_ONLY___ ┌─────────────────────────────────────────────────────────────────────┐
2024-12-02 11:49:48,654 INFO     ___FILE_ONLY___ 

2024-12-02 11:49:48,654 INFO     ___FILE_ONLY___ │                 These components will be installed.                 │
2024-12-02 11:49:48,655 INFO     ___FILE_ONLY___ 

2024-12-02 11:49:48,655 INFO     ___FILE_ONLY___ ├─────────────────────────────────────────────┬────────────┬──────────┤
2024-12-02 11:49:48,655 INFO     ___FILE_ONLY___ 

2024-12-02 11:49:48,655 INFO     ___FILE_ONLY___ │                     Name                    │  Version   │   Size   │
2024-12-02 11:49:48,655 INFO     ___FILE_ONLY___ 

2024-12-02 11:49:48,655 INFO     ___FILE_ONLY___ ├─────────────────────────────────────────────┼────────────┼──────────┤
2024-12-02 11:49:48,655 INFO     ___FILE_ONLY___ 

2024-12-02 11:49:48,655 INFO     ___FILE_ONLY___ │ 
2024-12-02 11:49:48,655 INFO     ___FILE_ONLY___ Minikube (Platform Specific)               
2024-12-02 11:49:48,655 INFO     ___FILE_ONLY___  
2024-12-02 11:49:48,655 INFO     ___FILE_ONLY___ │ 
2024-12-02 11:49:48,655 INFO     ___FILE_ONLY___     1.34.0
2024-12-02 11:49:48,655 INFO     ___FILE_ONLY___  
2024-12-02 11:49:48,655 INFO     ___FILE_ONLY___ │ 
2024-12-02 11:49:48,655 INFO     ___FILE_ONLY___ 37.2 MiB
2024-12-02 11:49:48,655 INFO     ___FILE_ONLY___  
2024-12-02 11:49:48,655 INFO     ___FILE_ONLY___ │
2024-12-02 11:49:48,655 INFO     ___FILE_ONLY___ 

2024-12-02 11:49:48,655 INFO     ___FILE_ONLY___ │ 
2024-12-02 11:49:48,655 INFO     ___FILE_ONLY___ Skaffold (Platform Specific)               
2024-12-02 11:49:48,655 INFO     ___FILE_ONLY___  
2024-12-02 11:49:48,655 INFO     ___FILE_ONLY___ │ 
2024-12-02 11:49:48,655 INFO     ___FILE_ONLY___     2.13.1
2024-12-02 11:49:48,655 INFO     ___FILE_ONLY___  
2024-12-02 11:49:48,655 INFO     ___FILE_ONLY___ │ 
2024-12-02 11:49:48,655 INFO     ___FILE_ONLY___ 22.9 MiB
2024-12-02 11:49:48,655 INFO     ___FILE_ONLY___  
2024-12-02 11:49:48,655 INFO     ___FILE_ONLY___ │
2024-12-02 11:49:48,655 INFO     ___FILE_ONLY___ 

2024-12-02 11:49:48,655 INFO     ___FILE_ONLY___ │ 
2024-12-02 11:49:48,655 INFO     ___FILE_ONLY___ gcloud Alpha Commands                      
2024-12-02 11:49:48,655 INFO     ___FILE_ONLY___  
2024-12-02 11:49:48,655 INFO     ___FILE_ONLY___ │ 
2024-12-02 11:49:48,655 INFO     ___FILE_ONLY___ 2024.11.15
2024-12-02 11:49:48,655 INFO     ___FILE_ONLY___  
2024-12-02 11:49:48,655 INFO     ___FILE_ONLY___ │ 
2024-12-02 11:49:48,655 INFO     ___FILE_ONLY___  < 1 MiB
2024-12-02 11:49:48,655 INFO     ___FILE_ONLY___  
2024-12-02 11:49:48,655 INFO     ___FILE_ONLY___ │
2024-12-02 11:49:48,655 INFO     ___FILE_ONLY___ 

2024-12-02 11:49:48,655 INFO     ___FILE_ONLY___ │ 
2024-12-02 11:49:48,655 INFO     ___FILE_ONLY___ gcloud Beta Commands                       
2024-12-02 11:49:48,655 INFO     ___FILE_ONLY___  
2024-12-02 11:49:48,656 INFO     ___FILE_ONLY___ │ 
2024-12-02 11:49:48,656 INFO     ___FILE_ONLY___ 2024.11.15
2024-12-02 11:49:48,656 INFO     ___FILE_ONLY___  
2024-12-02 11:49:48,656 INFO     ___FILE_ONLY___ │ 
2024-12-02 11:49:48,656 INFO     ___FILE_ONLY___  < 1 MiB
2024-12-02 11:49:48,656 INFO     ___FILE_ONLY___  
2024-12-02 11:49:48,656 INFO     ___FILE_ONLY___ │
2024-12-02 11:49:48,656 INFO     ___FILE_ONLY___ 

2024-12-02 11:49:48,656 INFO     ___FILE_ONLY___ │ 
2024-12-02 11:49:48,656 INFO     ___FILE_ONLY___ gcloud cli dependencies (Platform Specific)
2024-12-02 11:49:48,656 INFO     ___FILE_ONLY___  
2024-12-02 11:49:48,656 INFO     ___FILE_ONLY___ │ 
2024-12-02 11:49:48,656 INFO     ___FILE_ONLY___ 2021.04.16
2024-12-02 11:49:48,656 INFO     ___FILE_ONLY___  
2024-12-02 11:49:48,656 INFO     ___FILE_ONLY___ │ 
2024-12-02 11:49:48,656 INFO     ___FILE_ONLY___  < 1 MiB
2024-12-02 11:49:48,656 INFO     ___FILE_ONLY___  
2024-12-02 11:49:48,656 INFO     ___FILE_ONLY___ │
2024-12-02 11:49:48,656 INFO     ___FILE_ONLY___ 

2024-12-02 11:49:48,656 INFO     ___FILE_ONLY___ │ 
2024-12-02 11:49:48,656 INFO     ___FILE_ONLY___ gke-gcloud-auth-plugin (Platform Specific) 
2024-12-02 11:49:48,656 INFO     ___FILE_ONLY___  
2024-12-02 11:49:48,656 INFO     ___FILE_ONLY___ │ 
2024-12-02 11:49:48,656 INFO     ___FILE_ONLY___      0.5.9
2024-12-02 11:49:48,656 INFO     ___FILE_ONLY___  
2024-12-02 11:49:48,656 INFO     ___FILE_ONLY___ │ 
2024-12-02 11:49:48,656 INFO     ___FILE_ONLY___  4.0 MiB
2024-12-02 11:49:48,656 INFO     ___FILE_ONLY___  
2024-12-02 11:49:48,656 INFO     ___FILE_ONLY___ │
2024-12-02 11:49:48,656 INFO     ___FILE_ONLY___ 

2024-12-02 11:49:48,656 INFO     ___FILE_ONLY___ │ 
2024-12-02 11:49:48,656 INFO     ___FILE_ONLY___ kubectl                                    
2024-12-02 11:49:48,656 INFO     ___FILE_ONLY___  
2024-12-02 11:49:48,656 INFO     ___FILE_ONLY___ │ 
2024-12-02 11:49:48,656 INFO     ___FILE_ONLY___     1.30.5
2024-12-02 11:49:48,656 INFO     ___FILE_ONLY___  
2024-12-02 11:49:48,656 INFO     ___FILE_ONLY___ │ 
2024-12-02 11:49:48,656 INFO     ___FILE_ONLY___  < 1 MiB
2024-12-02 11:49:48,656 INFO     ___FILE_ONLY___  
2024-12-02 11:49:48,656 INFO     ___FILE_ONLY___ │
2024-12-02 11:49:48,656 INFO     ___FILE_ONLY___ 

2024-12-02 11:49:48,656 INFO     ___FILE_ONLY___ │ 
2024-12-02 11:49:48,657 INFO     ___FILE_ONLY___ kubectl (Platform Specific)                
2024-12-02 11:49:48,657 INFO     ___FILE_ONLY___  
2024-12-02 11:49:48,657 INFO     ___FILE_ONLY___ │ 
2024-12-02 11:49:48,657 INFO     ___FILE_ONLY___     1.30.6
2024-12-02 11:49:48,657 INFO     ___FILE_ONLY___  
2024-12-02 11:49:48,657 INFO     ___FILE_ONLY___ │ 
2024-12-02 11:49:48,657 INFO     ___FILE_ONLY___ 86.1 MiB
2024-12-02 11:49:48,657 INFO     ___FILE_ONLY___  
2024-12-02 11:49:48,657 INFO     ___FILE_ONLY___ │
2024-12-02 11:49:48,657 INFO     ___FILE_ONLY___ 

2024-12-02 11:49:48,657 INFO     ___FILE_ONLY___ └─────────────────────────────────────────────┴────────────┴──────────┘
2024-12-02 11:49:48,657 INFO     ___FILE_ONLY___ 

2024-12-02 11:49:48,657 INFO     ___FILE_ONLY___ 

2024-12-02 11:49:48,659 DEBUG    urllib3.connectionpool Starting new HTTPS connection (1): dl.google.com:443
2024-12-02 11:49:48,809 DEBUG    urllib3.connectionpool https://dl.google.com:443 "GET /dl/cloudsdk/channels/rapid/RELEASE_NOTES HTTP/1.1" 200 1314602
2024-12-02 11:49:48,889 INFO     ___FILE_ONLY___ For the latest full release notes, please visit:
  https://cloud.google.com/sdk/release_notes


2024-12-02 11:49:48,890 INFO     ___FILE_ONLY___ Performing in place update...


2024-12-02 11:49:48,896 INFO     ___FILE_ONLY___ ╔════════════════════════════════════════════════════════════╗

2024-12-02 11:49:48,896 INFO     ___FILE_ONLY___ ╠═ Downloading: Minikube (Platform Specific)                ═╣

2024-12-02 11:49:48,896 INFO     ___FILE_ONLY___ ╚
2024-12-02 11:49:48,903 DEBUG    urllib3.connectionpool Starting new HTTPS connection (1): dl.google.com:443
2024-12-02 11:49:49,053 DEBUG    urllib3.connectionpool https://dl.google.com:443 "GET /dl/cloudsdk/channels/rapid/components/google-cloud-sdk-minikube-darwin-arm-20240927140238.tar.gz HTTP/1.1" 200 38981244
2024-12-02 11:49:49,563 INFO     ___FILE_ONLY___ ═
2024-12-02 11:49:49,564 INFO     ___FILE_ONLY___ ═
2024-12-02 11:49:49,564 INFO     ___FILE_ONLY___ ═
2024-12-02 11:49:49,564 INFO     ___FILE_ONLY___ ═
2024-12-02 11:49:49,565 INFO     ___FILE_ONLY___ ═
2024-12-02 11:49:49,565 INFO     ___FILE_ONLY___ ═
2024-12-02 11:49:49,566 INFO     ___FILE_ONLY___ ═
2024-12-02 11:49:49,566 INFO     ___FILE_ONLY___ ═
2024-12-02 11:49:49,566 INFO     ___FILE_ONLY___ ═
2024-12-02 11:49:49,567 INFO     ___FILE_ONLY___ ═
2024-12-02 11:49:49,567 INFO     ___FILE_ONLY___ ═
2024-12-02 11:49:49,567 INFO     ___FILE_ONLY___ ═
2024-12-02 11:49:49,568 INFO     ___FILE_ONLY___ ═
2024-12-02 11:49:49,568 INFO     ___FILE_ONLY___ ═
2024-12-02 11:49:49,568 INFO     ___FILE_ONLY___ ═
2024-12-02 11:49:49,569 INFO     ___FILE_ONLY___ ═
2024-12-02 11:49:49,569 INFO     ___FILE_ONLY___ ═
2024-12-02 11:49:49,569 INFO     ___FILE_ONLY___ ═
2024-12-02 11:49:49,570 INFO     ___FILE_ONLY___ ═
2024-12-02 11:49:49,570 INFO     ___FILE_ONLY___ ═
2024-12-02 11:49:49,570 INFO     ___FILE_ONLY___ ═
2024-12-02 11:49:49,572 INFO     ___FILE_ONLY___ ═
2024-12-02 11:49:49,573 INFO     ___FILE_ONLY___ ═
2024-12-02 11:49:49,573 INFO     ___FILE_ONLY___ ═
2024-12-02 11:49:49,574 INFO     ___FILE_ONLY___ ═
2024-12-02 11:49:49,575 INFO     ___FILE_ONLY___ ═
2024-12-02 11:49:49,575 INFO     ___FILE_ONLY___ ═
2024-12-02 11:49:49,575 INFO     ___FILE_ONLY___ ═
2024-12-02 11:49:49,576 INFO     ___FILE_ONLY___ ═
2024-12-02 11:49:49,576 INFO     ___FILE_ONLY___ ═
2024-12-02 11:49:49,577 INFO     ___FILE_ONLY___ ═
2024-12-02 11:49:49,577 INFO     ___FILE_ONLY___ ═
2024-12-02 11:49:49,578 INFO     ___FILE_ONLY___ ═
2024-12-02 11:49:49,578 INFO     ___FILE_ONLY___ ═
2024-12-02 11:49:49,580 INFO     ___FILE_ONLY___ ═
2024-12-02 11:49:49,581 INFO     ___FILE_ONLY___ ═
2024-12-02 11:49:49,582 INFO     ___FILE_ONLY___ ═
2024-12-02 11:49:49,583 INFO     ___FILE_ONLY___ ═
2024-12-02 11:49:49,583 INFO     ___FILE_ONLY___ ═
2024-12-02 11:49:49,584 INFO     ___FILE_ONLY___ ═
2024-12-02 11:49:49,584 INFO     ___FILE_ONLY___ ═
2024-12-02 11:49:49,584 INFO     ___FILE_ONLY___ ═
2024-12-02 11:49:49,585 INFO     ___FILE_ONLY___ ═
2024-12-02 11:49:49,585 INFO     ___FILE_ONLY___ ═
2024-12-02 11:49:49,585 INFO     ___FILE_ONLY___ ═
2024-12-02 11:49:49,586 INFO     ___FILE_ONLY___ ═
2024-12-02 11:49:49,587 INFO     ___FILE_ONLY___ ═
2024-12-02 11:49:49,587 INFO     ___FILE_ONLY___ ═
2024-12-02 11:49:49,587 INFO     ___FILE_ONLY___ ═
2024-12-02 11:49:49,587 INFO     ___FILE_ONLY___ ═
2024-12-02 11:49:49,588 INFO     ___FILE_ONLY___ ═
2024-12-02 11:49:49,588 INFO     ___FILE_ONLY___ ═
2024-12-02 11:49:49,589 INFO     ___FILE_ONLY___ ═
2024-12-02 11:49:49,589 INFO     ___FILE_ONLY___ ═
2024-12-02 11:49:49,590 INFO     ___FILE_ONLY___ ═
2024-12-02 11:49:49,591 INFO     ___FILE_ONLY___ ═
2024-12-02 11:49:49,591 INFO     ___FILE_ONLY___ ═
2024-12-02 11:49:49,591 INFO     ___FILE_ONLY___ ═
2024-12-02 11:49:49,592 INFO     ___FILE_ONLY___ ═
2024-12-02 11:49:49,592 INFO     ___FILE_ONLY___ ═
2024-12-02 11:49:49,592 INFO     ___FILE_ONLY___ ╝

2024-12-02 11:49:49,601 INFO     ___FILE_ONLY___ ╔════════════════════════════════════════════════════════════╗

2024-12-02 11:49:49,601 INFO     ___FILE_ONLY___ ╠═ Downloading: Skaffold                                    ═╣

2024-12-02 11:49:49,601 INFO     ___FILE_ONLY___ ╚
2024-12-02 11:49:49,601 INFO     ___FILE_ONLY___ ════════════════════════════════════════════════════════════
2024-12-02 11:49:49,601 INFO     ___FILE_ONLY___ ╝

2024-12-02 11:49:49,606 INFO     ___FILE_ONLY___ ╔════════════════════════════════════════════════════════════╗

2024-12-02 11:49:49,606 INFO     ___FILE_ONLY___ ╠═ Downloading: Skaffold (Platform Specific)                ═╣

2024-12-02 11:49:49,606 INFO     ___FILE_ONLY___ ╚
2024-12-02 11:49:49,609 DEBUG    urllib3.connectionpool Starting new HTTPS connection (1): dl.google.com:443
2024-12-02 11:49:49,756 DEBUG    urllib3.connectionpool https://dl.google.com:443 "GET /dl/cloudsdk/channels/rapid/components/google-cloud-sdk-skaffold-darwin-arm-20240806142304.tar.gz HTTP/1.1" 200 24031362
2024-12-02 11:49:50,088 INFO     ___FILE_ONLY___ ═
2024-12-02 11:49:50,088 INFO     ___FILE_ONLY___ ═
2024-12-02 11:49:50,088 INFO     ___FILE_ONLY___ ═
2024-12-02 11:49:50,088 INFO     ___FILE_ONLY___ ═
2024-12-02 11:49:50,089 INFO     ___FILE_ONLY___ ═
2024-12-02 11:49:50,089 INFO     ___FILE_ONLY___ ═
2024-12-02 11:49:50,089 INFO     ___FILE_ONLY___ ═
2024-12-02 11:49:50,089 INFO     ___FILE_ONLY___ ═
2024-12-02 11:49:50,090 INFO     ___FILE_ONLY___ ═
2024-12-02 11:49:50,090 INFO     ___FILE_ONLY___ ═
2024-12-02 11:49:50,090 INFO     ___FILE_ONLY___ ═
2024-12-02 11:49:50,091 INFO     ___FILE_ONLY___ ═
2024-12-02 11:49:50,091 INFO     ___FILE_ONLY___ ═
2024-12-02 11:49:50,091 INFO     ___FILE_ONLY___ ═
2024-12-02 11:49:50,091 INFO     ___FILE_ONLY___ ═
2024-12-02 11:49:50,092 INFO     ___FILE_ONLY___ ═
2024-12-02 11:49:50,092 INFO     ___FILE_ONLY___ ═
2024-12-02 11:49:50,092 INFO     ___FILE_ONLY___ ═
2024-12-02 11:49:50,092 INFO     ___FILE_ONLY___ ═
2024-12-02 11:49:50,093 INFO     ___FILE_ONLY___ ═
2024-12-02 11:49:50,093 INFO     ___FILE_ONLY___ ═
2024-12-02 11:49:50,093 INFO     ___FILE_ONLY___ ═
2024-12-02 11:49:50,094 INFO     ___FILE_ONLY___ ═
2024-12-02 11:49:50,094 INFO     ___FILE_ONLY___ ═
2024-12-02 11:49:50,094 INFO     ___FILE_ONLY___ ═
2024-12-02 11:49:50,094 INFO     ___FILE_ONLY___ ═
2024-12-02 11:49:50,095 INFO     ___FILE_ONLY___ ═
2024-12-02 11:49:50,095 INFO     ___FILE_ONLY___ ═
2024-12-02 11:49:50,095 INFO     ___FILE_ONLY___ ═
2024-12-02 11:49:50,095 INFO     ___FILE_ONLY___ ═
2024-12-02 11:49:50,096 INFO     ___FILE_ONLY___ ═
2024-12-02 11:49:50,096 INFO     ___FILE_ONLY___ ═
2024-12-02 11:49:50,096 INFO     ___FILE_ONLY___ ═
2024-12-02 11:49:50,096 INFO     ___FILE_ONLY___ ═
2024-12-02 11:49:50,097 INFO     ___FILE_ONLY___ ═
2024-12-02 11:49:50,097 INFO     ___FILE_ONLY___ ═
2024-12-02 11:49:50,097 INFO     ___FILE_ONLY___ ═
2024-12-02 11:49:50,097 INFO     ___FILE_ONLY___ ═
2024-12-02 11:49:50,098 INFO     ___FILE_ONLY___ ═
2024-12-02 11:49:50,098 INFO     ___FILE_ONLY___ ═
2024-12-02 11:49:50,098 INFO     ___FILE_ONLY___ ═
2024-12-02 11:49:50,099 INFO     ___FILE_ONLY___ ═
2024-12-02 11:49:50,099 INFO     ___FILE_ONLY___ ═
2024-12-02 11:49:50,099 INFO     ___FILE_ONLY___ ═
2024-12-02 11:49:50,099 INFO     ___FILE_ONLY___ ═
2024-12-02 11:49:50,100 INFO     ___FILE_ONLY___ ═
2024-12-02 11:49:50,100 INFO     ___FILE_ONLY___ ═
2024-12-02 11:49:50,100 INFO     ___FILE_ONLY___ ═
2024-12-02 11:49:50,100 INFO     ___FILE_ONLY___ ═
2024-12-02 11:49:50,101 INFO     ___FILE_ONLY___ ═
2024-12-02 11:49:50,101 INFO     ___FILE_ONLY___ ═
2024-12-02 11:49:50,101 INFO     ___FILE_ONLY___ ═
2024-12-02 11:49:50,101 INFO     ___FILE_ONLY___ ═
2024-12-02 11:49:50,102 INFO     ___FILE_ONLY___ ═
2024-12-02 11:49:50,102 INFO     ___FILE_ONLY___ ═
2024-12-02 11:49:50,102 INFO     ___FILE_ONLY___ ═
2024-12-02 11:49:50,102 INFO     ___FILE_ONLY___ ═
2024-12-02 11:49:50,103 INFO     ___FILE_ONLY___ ═
2024-12-02 11:49:50,103 INFO     ___FILE_ONLY___ ═
2024-12-02 11:49:50,103 INFO     ___FILE_ONLY___ ═
2024-12-02 11:49:50,103 INFO     ___FILE_ONLY___ ╝

2024-12-02 11:49:50,174 INFO     ___FILE_ONLY___ ╔════════════════════════════════════════════════════════════╗

2024-12-02 11:49:50,174 INFO     ___FILE_ONLY___ ╠═ Downloading: gcloud Alpha Commands                       ═╣

2024-12-02 11:49:50,174 INFO     ___FILE_ONLY___ ╚
2024-12-02 11:49:50,184 DEBUG    urllib3.connectionpool Starting new HTTPS connection (1): dl.google.com:443
2024-12-02 11:49:50,332 DEBUG    urllib3.connectionpool https://dl.google.com:443 "GET /dl/cloudsdk/channels/rapid/components/google-cloud-sdk-alpha-20241115154308.tar.gz HTTP/1.1" 200 800
2024-12-02 11:49:50,332 INFO     ___FILE_ONLY___ ════════════════════════════════════════════════════════════
2024-12-02 11:49:50,332 INFO     ___FILE_ONLY___ ╝

2024-12-02 11:49:50,339 INFO     ___FILE_ONLY___ ╔════════════════════════════════════════════════════════════╗

2024-12-02 11:49:50,339 INFO     ___FILE_ONLY___ ╠═ Downloading: gcloud Beta Commands                        ═╣

2024-12-02 11:49:50,339 INFO     ___FILE_ONLY___ ╚
2024-12-02 11:49:50,341 DEBUG    urllib3.connectionpool Starting new HTTPS connection (1): dl.google.com:443
2024-12-02 11:49:50,487 DEBUG    urllib3.connectionpool https://dl.google.com:443 "GET /dl/cloudsdk/channels/rapid/components/google-cloud-sdk-beta-20241115154308.tar.gz HTTP/1.1" 200 797
2024-12-02 11:49:50,487 INFO     ___FILE_ONLY___ ════════════════════════════════════════════════════════════
2024-12-02 11:49:50,487 INFO     ___FILE_ONLY___ ╝

2024-12-02 11:49:50,493 INFO     ___FILE_ONLY___ ╔════════════════════════════════════════════════════════════╗

2024-12-02 11:49:50,493 INFO     ___FILE_ONLY___ ╠═ Downloading: gcloud cli dependencies (Platform Specific) ═╣

2024-12-02 11:49:50,493 INFO     ___FILE_ONLY___ ╚
2024-12-02 11:49:50,495 DEBUG    urllib3.connectionpool Starting new HTTPS connection (1): dl.google.com:443
2024-12-02 11:49:50,640 DEBUG    urllib3.connectionpool https://dl.google.com:443 "GET /dl/cloudsdk/channels/rapid/components/google-cloud-sdk-gcloud-deps-darwin-x86_64-20210416153011.tar.gz HTTP/1.1" 200 105
2024-12-02 11:49:50,640 INFO     ___FILE_ONLY___ ════════════════════════════════════════════════════════════
2024-12-02 11:49:50,640 INFO     ___FILE_ONLY___ ╝

2024-12-02 11:49:50,648 INFO     ___FILE_ONLY___ ╔════════════════════════════════════════════════════════════╗

2024-12-02 11:49:50,648 INFO     ___FILE_ONLY___ ╠═ Downloading: gke-gcloud-auth-plugin                      ═╣

2024-12-02 11:49:50,648 INFO     ___FILE_ONLY___ ╚
2024-12-02 11:49:50,648 INFO     ___FILE_ONLY___ ════════════════════════════════════════════════════════════
2024-12-02 11:49:50,648 INFO     ___FILE_ONLY___ ╝

2024-12-02 11:49:50,652 INFO     ___FILE_ONLY___ ╔════════════════════════════════════════════════════════════╗

2024-12-02 11:49:50,652 INFO     ___FILE_ONLY___ ╠═ Downloading: gke-gcloud-auth-plugin (Platform Specific)  ═╣

2024-12-02 11:49:50,652 INFO     ___FILE_ONLY___ ╚
2024-12-02 11:49:50,655 DEBUG    urllib3.connectionpool Starting new HTTPS connection (1): dl.google.com:443
2024-12-02 11:49:50,804 DEBUG    urllib3.connectionpool https://dl.google.com:443 "GET /dl/cloudsdk/channels/rapid/components/google-cloud-sdk-gke-gcloud-auth-plugin-darwin-arm-20240628141907.tar.gz HTTP/1.1" 200 4148014
2024-12-02 11:49:50,905 INFO     ___FILE_ONLY___ ═
2024-12-02 11:49:50,906 INFO     ___FILE_ONLY___ ═
2024-12-02 11:49:50,906 INFO     ___FILE_ONLY___ ═
2024-12-02 11:49:50,906 INFO     ___FILE_ONLY___ ═
2024-12-02 11:49:50,906 INFO     ___FILE_ONLY___ ═
2024-12-02 11:49:50,906 INFO     ___FILE_ONLY___ ═
2024-12-02 11:49:50,906 INFO     ___FILE_ONLY___ ═
2024-12-02 11:49:50,906 INFO     ___FILE_ONLY___ ═
2024-12-02 11:49:50,907 INFO     ___FILE_ONLY___ ═
2024-12-02 11:49:50,907 INFO     ___FILE_ONLY___ ═
2024-12-02 11:49:50,907 INFO     ___FILE_ONLY___ ═
2024-12-02 11:49:50,907 INFO     ___FILE_ONLY___ ═
2024-12-02 11:49:50,907 INFO     ___FILE_ONLY___ ═
2024-12-02 11:49:50,907 INFO     ___FILE_ONLY___ ═
2024-12-02 11:49:50,908 INFO     ___FILE_ONLY___ ═
2024-12-02 11:49:50,908 INFO     ___FILE_ONLY___ ═
2024-12-02 11:49:50,908 INFO     ___FILE_ONLY___ ═
2024-12-02 11:49:50,908 INFO     ___FILE_ONLY___ ═
2024-12-02 11:49:50,908 INFO     ___FILE_ONLY___ ═
2024-12-02 11:49:50,908 INFO     ___FILE_ONLY___ ═
2024-12-02 11:49:50,908 INFO     ___FILE_ONLY___ ═
2024-12-02 11:49:50,909 INFO     ___FILE_ONLY___ ═
2024-12-02 11:49:50,909 INFO     ___FILE_ONLY___ ═
2024-12-02 11:49:50,909 INFO     ___FILE_ONLY___ ═
2024-12-02 11:49:50,909 INFO     ___FILE_ONLY___ ═
2024-12-02 11:49:50,909 INFO     ___FILE_ONLY___ ═
2024-12-02 11:49:50,909 INFO     ___FILE_ONLY___ ═
2024-12-02 11:49:50,909 INFO     ___FILE_ONLY___ ═
2024-12-02 11:49:50,909 INFO     ___FILE_ONLY___ ═
2024-12-02 11:49:50,909 INFO     ___FILE_ONLY___ ═
2024-12-02 11:49:50,909 INFO     ___FILE_ONLY___ ═
2024-12-02 11:49:50,909 INFO     ___FILE_ONLY___ ═
2024-12-02 11:49:50,910 INFO     ___FILE_ONLY___ ═
2024-12-02 11:49:50,910 INFO     ___FILE_ONLY___ ═
2024-12-02 11:49:50,910 INFO     ___FILE_ONLY___ ═
2024-12-02 11:49:50,910 INFO     ___FILE_ONLY___ ═
2024-12-02 11:49:50,910 INFO     ___FILE_ONLY___ ═
2024-12-02 11:49:50,910 INFO     ___FILE_ONLY___ ═
2024-12-02 11:49:50,910 INFO     ___FILE_ONLY___ ═
2024-12-02 11:49:50,910 INFO     ___FILE_ONLY___ ═
2024-12-02 11:49:50,910 INFO     ___FILE_ONLY___ ═
2024-12-02 11:49:50,910 INFO     ___FILE_ONLY___ ═
2024-12-02 11:49:50,910 INFO     ___FILE_ONLY___ ═
2024-12-02 11:49:50,910 INFO     ___FILE_ONLY___ ═
2024-12-02 11:49:50,910 INFO     ___FILE_ONLY___ ═
2024-12-02 11:49:50,910 INFO     ___FILE_ONLY___ ═
2024-12-02 11:49:50,910 INFO     ___FILE_ONLY___ ═
2024-12-02 11:49:50,910 INFO     ___FILE_ONLY___ ═
2024-12-02 11:49:50,910 INFO     ___FILE_ONLY___ ═
2024-12-02 11:49:50,911 INFO     ___FILE_ONLY___ ═
2024-12-02 11:49:50,911 INFO     ___FILE_ONLY___ ═
2024-12-02 11:49:50,911 INFO     ___FILE_ONLY___ ═
2024-12-02 11:49:50,911 INFO     ___FILE_ONLY___ ═
2024-12-02 11:49:50,911 INFO     ___FILE_ONLY___ ═
2024-12-02 11:49:50,911 INFO     ___FILE_ONLY___ ═
2024-12-02 11:49:50,911 INFO     ___FILE_ONLY___ ═
2024-12-02 11:49:50,911 INFO     ___FILE_ONLY___ ═
2024-12-02 11:49:50,911 INFO     ___FILE_ONLY___ ═
2024-12-02 11:49:50,911 INFO     ___FILE_ONLY___ ═
2024-12-02 11:49:50,911 INFO     ___FILE_ONLY___ ═
2024-12-02 11:49:50,911 INFO     ___FILE_ONLY___ ╝

2024-12-02 11:49:50,918 INFO     ___FILE_ONLY___ ╔════════════════════════════════════════════════════════════╗

2024-12-02 11:49:50,918 INFO     ___FILE_ONLY___ ╠═ Downloading: kubectl                                     ═╣

2024-12-02 11:49:50,918 INFO     ___FILE_ONLY___ ╚
2024-12-02 11:49:50,921 DEBUG    urllib3.connectionpool Starting new HTTPS connection (1): dl.google.com:443
2024-12-02 11:49:51,058 DEBUG    urllib3.connectionpool https://dl.google.com:443 "GET /dl/cloudsdk/channels/rapid/components/google-cloud-sdk-kubectl-20241004144944.tar.gz HTTP/1.1" 200 36206
2024-12-02 11:49:51,068 INFO     ___FILE_ONLY___ ═══════════════════════════
2024-12-02 11:49:51,068 INFO     ___FILE_ONLY___ ═══════════════════════════
2024-12-02 11:49:51,069 INFO     ___FILE_ONLY___ ══════
2024-12-02 11:49:51,069 INFO     ___FILE_ONLY___ ╝

2024-12-02 11:49:51,075 INFO     ___FILE_ONLY___ ╔════════════════════════════════════════════════════════════╗

2024-12-02 11:49:51,075 INFO     ___FILE_ONLY___ ╠═ Downloading: kubectl (Platform Specific)                 ═╣

2024-12-02 11:49:51,075 INFO     ___FILE_ONLY___ ╚
2024-12-02 11:49:51,078 DEBUG    urllib3.connectionpool Starting new HTTPS connection (1): dl.google.com:443
2024-12-02 11:49:51,225 DEBUG    urllib3.connectionpool https://dl.google.com:443 "GET /dl/cloudsdk/channels/rapid/components/google-cloud-sdk-kubectl-darwin-arm-20241108162203.tar.gz HTTP/1.1" 200 90277960
2024-12-02 11:49:52,401 INFO     ___FILE_ONLY___ ═
2024-12-02 11:49:52,402 INFO     ___FILE_ONLY___ ═
2024-12-02 11:49:52,403 INFO     ___FILE_ONLY___ ═
2024-12-02 11:49:52,403 INFO     ___FILE_ONLY___ ═
2024-12-02 11:49:52,404 INFO     ___FILE_ONLY___ ═
2024-12-02 11:49:52,405 INFO     ___FILE_ONLY___ ═
2024-12-02 11:49:52,406 INFO     ___FILE_ONLY___ ═
2024-12-02 11:49:52,407 INFO     ___FILE_ONLY___ ═
2024-12-02 11:49:52,408 INFO     ___FILE_ONLY___ ═
2024-12-02 11:49:52,408 INFO     ___FILE_ONLY___ ═
2024-12-02 11:49:52,409 INFO     ___FILE_ONLY___ ═
2024-12-02 11:49:52,410 INFO     ___FILE_ONLY___ ═
2024-12-02 11:49:52,411 INFO     ___FILE_ONLY___ ═
2024-12-02 11:49:52,412 INFO     ___FILE_ONLY___ ═
2024-12-02 11:49:52,412 INFO     ___FILE_ONLY___ ═
2024-12-02 11:49:52,413 INFO     ___FILE_ONLY___ ═
2024-12-02 11:49:52,414 INFO     ___FILE_ONLY___ ═
2024-12-02 11:49:52,415 INFO     ___FILE_ONLY___ ═
2024-12-02 11:49:52,416 INFO     ___FILE_ONLY___ ═
2024-12-02 11:49:52,416 INFO     ___FILE_ONLY___ ═
2024-12-02 11:49:52,417 INFO     ___FILE_ONLY___ ═
2024-12-02 11:49:52,418 INFO     ___FILE_ONLY___ ═
2024-12-02 11:49:52,419 INFO     ___FILE_ONLY___ ═
2024-12-02 11:49:52,420 INFO     ___FILE_ONLY___ ═
2024-12-02 11:49:52,421 INFO     ___FILE_ONLY___ ═
2024-12-02 11:49:52,422 INFO     ___FILE_ONLY___ ═
2024-12-02 11:49:52,422 INFO     ___FILE_ONLY___ ═
2024-12-02 11:49:52,423 INFO     ___FILE_ONLY___ ═
2024-12-02 11:49:52,424 INFO     ___FILE_ONLY___ ═
2024-12-02 11:49:52,425 INFO     ___FILE_ONLY___ ═
2024-12-02 11:49:52,426 INFO     ___FILE_ONLY___ ═
2024-12-02 11:49:52,426 INFO     ___FILE_ONLY___ ═
2024-12-02 11:49:52,427 INFO     ___FILE_ONLY___ ═
2024-12-02 11:49:52,428 INFO     ___FILE_ONLY___ ═
2024-12-02 11:49:52,429 INFO     ___FILE_ONLY___ ═
2024-12-02 11:49:52,430 INFO     ___FILE_ONLY___ ═
2024-12-02 11:49:52,430 INFO     ___FILE_ONLY___ ═
2024-12-02 11:49:52,431 INFO     ___FILE_ONLY___ ═
2024-12-02 11:49:52,432 INFO     ___FILE_ONLY___ ═
2024-12-02 11:49:52,433 INFO     ___FILE_ONLY___ ═
2024-12-02 11:49:52,434 INFO     ___FILE_ONLY___ ═
2024-12-02 11:49:52,435 INFO     ___FILE_ONLY___ ═
2024-12-02 11:49:52,435 INFO     ___FILE_ONLY___ ═
2024-12-02 11:49:52,436 INFO     ___FILE_ONLY___ ═
2024-12-02 11:49:52,437 INFO     ___FILE_ONLY___ ═
2024-12-02 11:49:52,438 INFO     ___FILE_ONLY___ ═
2024-12-02 11:49:52,438 INFO     ___FILE_ONLY___ ═
2024-12-02 11:49:52,439 INFO     ___FILE_ONLY___ ═
2024-12-02 11:49:52,440 INFO     ___FILE_ONLY___ ═
2024-12-02 11:49:52,441 INFO     ___FILE_ONLY___ ═
2024-12-02 11:49:52,442 INFO     ___FILE_ONLY___ ═
2024-12-02 11:49:52,443 INFO     ___FILE_ONLY___ ═
2024-12-02 11:49:52,444 INFO     ___FILE_ONLY___ ═
2024-12-02 11:49:52,444 INFO     ___FILE_ONLY___ ═
2024-12-02 11:49:52,445 INFO     ___FILE_ONLY___ ═
2024-12-02 11:49:52,446 INFO     ___FILE_ONLY___ ═
2024-12-02 11:49:52,447 INFO     ___FILE_ONLY___ ═
2024-12-02 11:49:52,448 INFO     ___FILE_ONLY___ ═
2024-12-02 11:49:52,449 INFO     ___FILE_ONLY___ ═
2024-12-02 11:49:52,450 INFO     ___FILE_ONLY___ ═
2024-12-02 11:49:52,450 INFO     ___FILE_ONLY___ ╝

2024-12-02 11:49:52,459 INFO     ___FILE_ONLY___ ╔════════════════════════════════════════════════════════════╗

2024-12-02 11:49:52,460 INFO     ___FILE_ONLY___ ╠═ Installing: Minikube (Platform Specific)                 ═╣

2024-12-02 11:49:52,460 INFO     ___FILE_ONLY___ ╚
2024-12-02 11:49:52,787 INFO     ___FILE_ONLY___ ════════════════════════════════════════════════════════════
2024-12-02 11:49:52,788 INFO     ___FILE_ONLY___ ╝

2024-12-02 11:49:52,799 INFO     ___FILE_ONLY___ ╔════════════════════════════════════════════════════════════╗

2024-12-02 11:49:52,799 INFO     ___FILE_ONLY___ ╠═ Installing: Skaffold                                     ═╣

2024-12-02 11:49:52,799 INFO     ___FILE_ONLY___ ╚
2024-12-02 11:49:52,801 INFO     ___FILE_ONLY___ ════════════════════════════════════════════════════════════
2024-12-02 11:49:52,801 INFO     ___FILE_ONLY___ ╝

2024-12-02 11:49:52,805 INFO     ___FILE_ONLY___ ╔════════════════════════════════════════════════════════════╗

2024-12-02 11:49:52,806 INFO     ___FILE_ONLY___ ╠═ Installing: Skaffold (Platform Specific)                 ═╣

2024-12-02 11:49:52,806 INFO     ___FILE_ONLY___ ╚
2024-12-02 11:49:53,107 INFO     ___FILE_ONLY___ ════════════════════════════════════════════════════════════
2024-12-02 11:49:53,107 INFO     ___FILE_ONLY___ ╝

2024-12-02 11:49:53,116 INFO     ___FILE_ONLY___ ╔════════════════════════════════════════════════════════════╗

2024-12-02 11:49:53,116 INFO     ___FILE_ONLY___ ╠═ Installing: gcloud Alpha Commands                        ═╣

2024-12-02 11:49:53,116 INFO     ___FILE_ONLY___ ╚
2024-12-02 11:49:53,117 INFO     ___FILE_ONLY___ ════════════════════════════════════════════════════════════
2024-12-02 11:49:53,117 INFO     ___FILE_ONLY___ ╝

2024-12-02 11:49:53,123 INFO     ___FILE_ONLY___ ╔════════════════════════════════════════════════════════════╗

2024-12-02 11:49:53,123 INFO     ___FILE_ONLY___ ╠═ Installing: gcloud Beta Commands                         ═╣

2024-12-02 11:49:53,123 INFO     ___FILE_ONLY___ ╚
2024-12-02 11:49:53,124 INFO     ___FILE_ONLY___ ════════════════════════════════════════════════════════════
2024-12-02 11:49:53,124 INFO     ___FILE_ONLY___ ╝

2024-12-02 11:49:53,130 INFO     ___FILE_ONLY___ ╔════════════════════════════════════════════════════════════╗

2024-12-02 11:49:53,130 INFO     ___FILE_ONLY___ ╠═ Installing: gcloud cli dependencies (Platform Specific)  ═╣

2024-12-02 11:49:53,130 INFO     ___FILE_ONLY___ ╚
2024-12-02 11:49:53,130 INFO     ___FILE_ONLY___ ════════════════════════════════════════════════════════════
2024-12-02 11:49:53,130 INFO     ___FILE_ONLY___ ╝

2024-12-02 11:49:53,136 INFO     ___FILE_ONLY___ ╔════════════════════════════════════════════════════════════╗

2024-12-02 11:49:53,136 INFO     ___FILE_ONLY___ ╠═ Installing: gke-gcloud-auth-plugin                       ═╣

2024-12-02 11:49:53,136 INFO     ___FILE_ONLY___ ╚
2024-12-02 11:49:53,137 INFO     ___FILE_ONLY___ ════════════════════════════════════════════════════════════
2024-12-02 11:49:53,137 INFO     ___FILE_ONLY___ ╝

2024-12-02 11:49:53,142 INFO     ___FILE_ONLY___ ╔════════════════════════════════════════════════════════════╗

2024-12-02 11:49:53,142 INFO     ___FILE_ONLY___ ╠═ Installing: gke-gcloud-auth-plugin (Platform Specific)   ═╣

2024-12-02 11:49:53,142 INFO     ___FILE_ONLY___ ╚
2024-12-02 11:49:53,191 INFO     ___FILE_ONLY___ ════════════════════════════════════════════════════════════
2024-12-02 11:49:53,191 INFO     ___FILE_ONLY___ ╝

2024-12-02 11:49:53,201 INFO     ___FILE_ONLY___ ╔════════════════════════════════════════════════════════════╗

2024-12-02 11:49:53,201 INFO     ___FILE_ONLY___ ╠═ Installing: kubectl                                      ═╣

2024-12-02 11:49:53,201 INFO     ___FILE_ONLY___ ╚
2024-12-02 11:49:53,202 INFO     ___FILE_ONLY___ ════════════════════════════════════════════════════════════
2024-12-02 11:49:53,203 INFO     ___FILE_ONLY___ ╝

2024-12-02 11:49:53,269 INFO     ___FILE_ONLY___ ╔════════════════════════════════════════════════════════════╗

2024-12-02 11:49:53,270 INFO     ___FILE_ONLY___ ╠═ Installing: kubectl (Platform Specific)                  ═╣

2024-12-02 11:49:53,270 INFO     ___FILE_ONLY___ ╚
2024-12-02 11:49:53,850 INFO     ___FILE_ONLY___ ══════════
2024-12-02 11:49:53,957 INFO     ___FILE_ONLY___ ══════════
2024-12-02 11:49:54,077 INFO     ___FILE_ONLY___ ══════════
2024-12-02 11:49:54,205 INFO     ___FILE_ONLY___ ══════════
2024-12-02 11:49:54,309 INFO     ___FILE_ONLY___ ══════════
2024-12-02 11:49:54,423 INFO     ___FILE_ONLY___ ══════════
2024-12-02 11:49:54,423 INFO     ___FILE_ONLY___ ╝

2024-12-02 11:49:54,429 DEBUG    root            Updating notification cache...
2024-12-02 11:49:54,429 INFO     ___FILE_ONLY___ 

2024-12-02 11:49:54,437 INFO     ___FILE_ONLY___ Performing post processing steps...
2024-12-02 11:49:54,437 DEBUG    root            Executing command: ['/Users/gabrielpaura/Library/Application Support/cloud-code/installer/google-cloud-sdk/bin/gcloud', 'components', 'post-process', '--no-compile-python']
2024-12-02 11:49:54,966 DEBUG    ___FILE_ONLY___ 
2024-12-02 11:49:54,966 DEBUG    ___FILE_ONLY___ 
2024-12-02 11:49:55,204 INFO     ___FILE_ONLY___ 
Update done!


2024-12-02 11:49:55,206 WARNING  root              There are other instances of Google Cloud tools on your system PATH.
  Please remove the following to avoid confusion or accidental invocation:

  /Applications/Docker.app/Contents/Resources/bin/kubectl

  
2024-12-02 11:49:55,211 DEBUG    root            Chosen display Format:none
2024-12-02 11:49:55,211 INFO     root            Display format: "none"
2024-12-02 11:49:55,217 DEBUG    root            Metrics reporting process started...
