2024-11-29 09:53:51,976 DEBUG    root            Metrics collector initialized...
2024-11-29 09:53:51,977 DEBUG    root            Loaded Command Group: ['gcloud', 'components']
2024-11-29 09:53:51,982 DEBUG    root            Loaded Command Group: ['gcloud', 'components', 'update']
2024-11-29 09:53:51,983 DEBUG    root            Running [gcloud.components.update] with arguments: [--no-compile-python: "False", --quiet: "True", COMPONENT-IDS:6: "['alpha', 'beta', 'gke-gcloud-auth-plugin', 'kubectl', 'skaffold', 'minikube']"]
2024-11-29 09:53:51,983 INFO     ___FILE_ONLY___ Beginning update. This process may take several minutes.

2024-11-29 09:53:52,000 DEBUG    urllib3.connectionpool Starting new HTTPS connection (1): dl.google.com:443
2024-11-29 09:53:52,159 DEBUG    urllib3.connectionpool https://dl.google.com:443 "GET /dl/cloudsdk/channels/rapid/components-2.json HTTP/1.1" 200 227816
2024-11-29 09:53:52,201 INFO     ___FILE_ONLY___ 

2024-11-29 09:53:52,202 INFO     ___FILE_ONLY___ 
Your current Google Cloud CLI version is: 502.0.0

2024-11-29 09:53:52,202 INFO     ___FILE_ONLY___ Installing components from version: 502.0.0

2024-11-29 09:53:52,202 INFO     ___FILE_ONLY___ 

2024-11-29 09:53:52,202 DEBUG    root            Chosen display Format:table[box,title="These components will be removed."](details.display_name:label=Name:align=left,version.version_string:label=Version:align=right,data.size.size(zero="",min=1048576):label=Size:align=right)
2024-11-29 09:53:52,202 DEBUG    root            Chosen display Format:table[box,title="These components will be updated."](details.display_name:label=Name:align=left,version.version_string:label=Version:align=right,data.size.size(zero="",min=1048576):label=Size:align=right)
2024-11-29 09:53:52,202 DEBUG    root            Chosen display Format:table[box,title="These components will be installed."](details.display_name:label=Name:align=left,version.version_string:label=Version:align=right,data.size.size(zero="",min=1048576):label=Size:align=right)
2024-11-29 09:53:52,227 INFO     ___FILE_ONLY___ ┌─────────────────────────────────────────────────────────────────────────────┐
2024-11-29 09:53:52,227 INFO     ___FILE_ONLY___ 

2024-11-29 09:53:52,227 INFO     ___FILE_ONLY___ │                     These components will be installed.                     │
2024-11-29 09:53:52,227 INFO     ___FILE_ONLY___ 

2024-11-29 09:53:52,227 INFO     ___FILE_ONLY___ ├─────────────────────────────────────────────────────┬────────────┬──────────┤
2024-11-29 09:53:52,227 INFO     ___FILE_ONLY___ 

2024-11-29 09:53:52,227 INFO     ___FILE_ONLY___ │                         Name                        │  Version   │   Size   │
2024-11-29 09:53:52,227 INFO     ___FILE_ONLY___ 

2024-11-29 09:53:52,227 INFO     ___FILE_ONLY___ ├─────────────────────────────────────────────────────┼────────────┼──────────┤
2024-11-29 09:53:52,227 INFO     ___FILE_ONLY___ 

2024-11-29 09:53:52,227 INFO     ___FILE_ONLY___ │ 
2024-11-29 09:53:52,227 INFO     ___FILE_ONLY___ Google Cloud CLI Core Libraries (Platform Specific)
2024-11-29 09:53:52,227 INFO     ___FILE_ONLY___  
2024-11-29 09:53:52,227 INFO     ___FILE_ONLY___ │ 
2024-11-29 09:53:52,227 INFO     ___FILE_ONLY___ 2024.08.30
2024-11-29 09:53:52,227 INFO     ___FILE_ONLY___  
2024-11-29 09:53:52,227 INFO     ___FILE_ONLY___ │ 
2024-11-29 09:53:52,227 INFO     ___FILE_ONLY___  < 1 MiB
2024-11-29 09:53:52,227 INFO     ___FILE_ONLY___  
2024-11-29 09:53:52,227 INFO     ___FILE_ONLY___ │
2024-11-29 09:53:52,227 INFO     ___FILE_ONLY___ 

2024-11-29 09:53:52,227 INFO     ___FILE_ONLY___ │ 
2024-11-29 09:53:52,228 INFO     ___FILE_ONLY___ Minikube (Platform Specific)                       
2024-11-29 09:53:52,228 INFO     ___FILE_ONLY___  
2024-11-29 09:53:52,228 INFO     ___FILE_ONLY___ │ 
2024-11-29 09:53:52,228 INFO     ___FILE_ONLY___     1.34.0
2024-11-29 09:53:52,228 INFO     ___FILE_ONLY___  
2024-11-29 09:53:52,228 INFO     ___FILE_ONLY___ │ 
2024-11-29 09:53:52,228 INFO     ___FILE_ONLY___ 37.2 MiB
2024-11-29 09:53:52,228 INFO     ___FILE_ONLY___  
2024-11-29 09:53:52,228 INFO     ___FILE_ONLY___ │
2024-11-29 09:53:52,228 INFO     ___FILE_ONLY___ 

2024-11-29 09:53:52,228 INFO     ___FILE_ONLY___ │ 
2024-11-29 09:53:52,228 INFO     ___FILE_ONLY___ Skaffold (Platform Specific)                       
2024-11-29 09:53:52,228 INFO     ___FILE_ONLY___  
2024-11-29 09:53:52,228 INFO     ___FILE_ONLY___ │ 
2024-11-29 09:53:52,228 INFO     ___FILE_ONLY___     2.13.1
2024-11-29 09:53:52,228 INFO     ___FILE_ONLY___  
2024-11-29 09:53:52,228 INFO     ___FILE_ONLY___ │ 
2024-11-29 09:53:52,228 INFO     ___FILE_ONLY___ 22.9 MiB
2024-11-29 09:53:52,228 INFO     ___FILE_ONLY___  
2024-11-29 09:53:52,228 INFO     ___FILE_ONLY___ │
2024-11-29 09:53:52,228 INFO     ___FILE_ONLY___ 

2024-11-29 09:53:52,228 INFO     ___FILE_ONLY___ │ 
2024-11-29 09:53:52,228 INFO     ___FILE_ONLY___ gcloud Alpha Commands                              
2024-11-29 09:53:52,228 INFO     ___FILE_ONLY___  
2024-11-29 09:53:52,228 INFO     ___FILE_ONLY___ │ 
2024-11-29 09:53:52,228 INFO     ___FILE_ONLY___ 2024.11.15
2024-11-29 09:53:52,228 INFO     ___FILE_ONLY___  
2024-11-29 09:53:52,228 INFO     ___FILE_ONLY___ │ 
2024-11-29 09:53:52,228 INFO     ___FILE_ONLY___  < 1 MiB
2024-11-29 09:53:52,228 INFO     ___FILE_ONLY___  
2024-11-29 09:53:52,228 INFO     ___FILE_ONLY___ │
2024-11-29 09:53:52,228 INFO     ___FILE_ONLY___ 

2024-11-29 09:53:52,228 INFO     ___FILE_ONLY___ │ 
2024-11-29 09:53:52,228 INFO     ___FILE_ONLY___ gcloud Beta Commands                               
2024-11-29 09:53:52,228 INFO     ___FILE_ONLY___  
2024-11-29 09:53:52,228 INFO     ___FILE_ONLY___ │ 
2024-11-29 09:53:52,228 INFO     ___FILE_ONLY___ 2024.11.15
2024-11-29 09:53:52,228 INFO     ___FILE_ONLY___  
2024-11-29 09:53:52,228 INFO     ___FILE_ONLY___ │ 
2024-11-29 09:53:52,228 INFO     ___FILE_ONLY___  < 1 MiB
2024-11-29 09:53:52,228 INFO     ___FILE_ONLY___  
2024-11-29 09:53:52,228 INFO     ___FILE_ONLY___ │
2024-11-29 09:53:52,228 INFO     ___FILE_ONLY___ 

2024-11-29 09:53:52,228 INFO     ___FILE_ONLY___ │ 
2024-11-29 09:53:52,228 INFO     ___FILE_ONLY___ gcloud cli dependencies (Platform Specific)        
2024-11-29 09:53:52,228 INFO     ___FILE_ONLY___  
2024-11-29 09:53:52,228 INFO     ___FILE_ONLY___ │ 
2024-11-29 09:53:52,228 INFO     ___FILE_ONLY___ 2021.04.16
2024-11-29 09:53:52,228 INFO     ___FILE_ONLY___  
2024-11-29 09:53:52,228 INFO     ___FILE_ONLY___ │ 
2024-11-29 09:53:52,228 INFO     ___FILE_ONLY___  < 1 MiB
2024-11-29 09:53:52,228 INFO     ___FILE_ONLY___  
2024-11-29 09:53:52,228 INFO     ___FILE_ONLY___ │
2024-11-29 09:53:52,228 INFO     ___FILE_ONLY___ 

2024-11-29 09:53:52,228 INFO     ___FILE_ONLY___ │ 
2024-11-29 09:53:52,228 INFO     ___FILE_ONLY___ gke-gcloud-auth-plugin (Platform Specific)         
2024-11-29 09:53:52,228 INFO     ___FILE_ONLY___  
2024-11-29 09:53:52,228 INFO     ___FILE_ONLY___ │ 
2024-11-29 09:53:52,228 INFO     ___FILE_ONLY___      0.5.9
2024-11-29 09:53:52,228 INFO     ___FILE_ONLY___  
2024-11-29 09:53:52,228 INFO     ___FILE_ONLY___ │ 
2024-11-29 09:53:52,228 INFO     ___FILE_ONLY___  4.0 MiB
2024-11-29 09:53:52,228 INFO     ___FILE_ONLY___  
2024-11-29 09:53:52,228 INFO     ___FILE_ONLY___ │
2024-11-29 09:53:52,228 INFO     ___FILE_ONLY___ 

2024-11-29 09:53:52,228 INFO     ___FILE_ONLY___ │ 
2024-11-29 09:53:52,228 INFO     ___FILE_ONLY___ kubectl                                            
2024-11-29 09:53:52,229 INFO     ___FILE_ONLY___  
2024-11-29 09:53:52,229 INFO     ___FILE_ONLY___ │ 
2024-11-29 09:53:52,229 INFO     ___FILE_ONLY___     1.30.5
2024-11-29 09:53:52,229 INFO     ___FILE_ONLY___  
2024-11-29 09:53:52,229 INFO     ___FILE_ONLY___ │ 
2024-11-29 09:53:52,229 INFO     ___FILE_ONLY___  < 1 MiB
2024-11-29 09:53:52,229 INFO     ___FILE_ONLY___  
2024-11-29 09:53:52,229 INFO     ___FILE_ONLY___ │
2024-11-29 09:53:52,229 INFO     ___FILE_ONLY___ 

2024-11-29 09:53:52,229 INFO     ___FILE_ONLY___ │ 
2024-11-29 09:53:52,229 INFO     ___FILE_ONLY___ kubectl (Platform Specific)                        
2024-11-29 09:53:52,229 INFO     ___FILE_ONLY___  
2024-11-29 09:53:52,229 INFO     ___FILE_ONLY___ │ 
2024-11-29 09:53:52,229 INFO     ___FILE_ONLY___     1.30.6
2024-11-29 09:53:52,229 INFO     ___FILE_ONLY___  
2024-11-29 09:53:52,229 INFO     ___FILE_ONLY___ │ 
2024-11-29 09:53:52,229 INFO     ___FILE_ONLY___ 86.1 MiB
2024-11-29 09:53:52,229 INFO     ___FILE_ONLY___  
2024-11-29 09:53:52,229 INFO     ___FILE_ONLY___ │
2024-11-29 09:53:52,229 INFO     ___FILE_ONLY___ 

2024-11-29 09:53:52,229 INFO     ___FILE_ONLY___ └─────────────────────────────────────────────────────┴────────────┴──────────┘
2024-11-29 09:53:52,229 INFO     ___FILE_ONLY___ 

2024-11-29 09:53:52,229 INFO     ___FILE_ONLY___ 

2024-11-29 09:53:52,230 DEBUG    urllib3.connectionpool Starting new HTTPS connection (1): dl.google.com:443
2024-11-29 09:53:52,372 DEBUG    urllib3.connectionpool https://dl.google.com:443 "GET /dl/cloudsdk/channels/rapid/RELEASE_NOTES HTTP/1.1" 200 1314602
2024-11-29 09:53:52,465 INFO     ___FILE_ONLY___ For the latest full release notes, please visit:
  https://cloud.google.com/sdk/release_notes


2024-11-29 09:53:52,465 INFO     ___FILE_ONLY___ Performing in place update...


2024-11-29 09:53:52,475 INFO     ___FILE_ONLY___ ╔════════════════════════════════════════════════════════════╗

2024-11-29 09:53:52,475 INFO     ___FILE_ONLY___ ╠═ Downloading: Google Cloud CLI Core Libraries (Platfor... ═╣

2024-11-29 09:53:52,475 INFO     ___FILE_ONLY___ ╚
2024-11-29 09:53:52,481 DEBUG    urllib3.connectionpool Starting new HTTPS connection (1): dl.google.com:443
2024-11-29 09:53:52,625 DEBUG    urllib3.connectionpool https://dl.google.com:443 "GET /dl/cloudsdk/channels/rapid/components/google-cloud-sdk-core-nix-20240830134514.tar.gz HTTP/1.1" 200 2306
2024-11-29 09:53:52,627 INFO     ___FILE_ONLY___ ════════════════════════════════════════════════════════════
2024-11-29 09:53:52,627 INFO     ___FILE_ONLY___ ╝

2024-11-29 09:53:52,640 INFO     ___FILE_ONLY___ ╔════════════════════════════════════════════════════════════╗

2024-11-29 09:53:52,640 INFO     ___FILE_ONLY___ ╠═ Downloading: Minikube                                    ═╣

2024-11-29 09:53:52,640 INFO     ___FILE_ONLY___ ╚
2024-11-29 09:53:52,640 INFO     ___FILE_ONLY___ ════════════════════════════════════════════════════════════
2024-11-29 09:53:52,640 INFO     ___FILE_ONLY___ ╝

2024-11-29 09:53:52,649 INFO     ___FILE_ONLY___ ╔════════════════════════════════════════════════════════════╗

2024-11-29 09:53:52,649 INFO     ___FILE_ONLY___ ╠═ Downloading: Minikube (Platform Specific)                ═╣

2024-11-29 09:53:52,649 INFO     ___FILE_ONLY___ ╚
2024-11-29 09:53:52,653 DEBUG    urllib3.connectionpool Starting new HTTPS connection (1): dl.google.com:443
2024-11-29 09:53:52,801 DEBUG    urllib3.connectionpool https://dl.google.com:443 "GET /dl/cloudsdk/channels/rapid/components/google-cloud-sdk-minikube-darwin-arm-20240927140238.tar.gz HTTP/1.1" 200 38981244
2024-11-29 09:53:53,324 INFO     ___FILE_ONLY___ ═
2024-11-29 09:53:53,326 INFO     ___FILE_ONLY___ ═
2024-11-29 09:53:53,327 INFO     ___FILE_ONLY___ ═
2024-11-29 09:53:53,329 INFO     ___FILE_ONLY___ ═
2024-11-29 09:53:53,330 INFO     ___FILE_ONLY___ ═
2024-11-29 09:53:53,332 INFO     ___FILE_ONLY___ ═
2024-11-29 09:53:53,334 INFO     ___FILE_ONLY___ ═
2024-11-29 09:53:53,335 INFO     ___FILE_ONLY___ ═
2024-11-29 09:53:53,337 INFO     ___FILE_ONLY___ ═
2024-11-29 09:53:53,339 INFO     ___FILE_ONLY___ ═
2024-11-29 09:53:53,340 INFO     ___FILE_ONLY___ ═
2024-11-29 09:53:53,341 INFO     ___FILE_ONLY___ ═
2024-11-29 09:53:53,342 INFO     ___FILE_ONLY___ ═
2024-11-29 09:53:53,343 INFO     ___FILE_ONLY___ ═
2024-11-29 09:53:53,344 INFO     ___FILE_ONLY___ ═
2024-11-29 09:53:53,344 INFO     ___FILE_ONLY___ ═
2024-11-29 09:53:53,345 INFO     ___FILE_ONLY___ ═
2024-11-29 09:53:53,345 INFO     ___FILE_ONLY___ ═
2024-11-29 09:53:53,346 INFO     ___FILE_ONLY___ ═
2024-11-29 09:53:53,346 INFO     ___FILE_ONLY___ ═
2024-11-29 09:53:53,347 INFO     ___FILE_ONLY___ ═
2024-11-29 09:53:53,348 INFO     ___FILE_ONLY___ ═
2024-11-29 09:53:53,349 INFO     ___FILE_ONLY___ ═
2024-11-29 09:53:53,350 INFO     ___FILE_ONLY___ ═
2024-11-29 09:53:53,351 INFO     ___FILE_ONLY___ ═
2024-11-29 09:53:53,352 INFO     ___FILE_ONLY___ ═
2024-11-29 09:53:53,353 INFO     ___FILE_ONLY___ ═
2024-11-29 09:53:53,354 INFO     ___FILE_ONLY___ ═
2024-11-29 09:53:53,355 INFO     ___FILE_ONLY___ ═
2024-11-29 09:53:53,356 INFO     ___FILE_ONLY___ ═
2024-11-29 09:53:53,357 INFO     ___FILE_ONLY___ ═
2024-11-29 09:53:53,358 INFO     ___FILE_ONLY___ ═
2024-11-29 09:53:53,359 INFO     ___FILE_ONLY___ ═
2024-11-29 09:53:53,360 INFO     ___FILE_ONLY___ ═
2024-11-29 09:53:53,361 INFO     ___FILE_ONLY___ ═
2024-11-29 09:53:53,361 INFO     ___FILE_ONLY___ ═
2024-11-29 09:53:53,362 INFO     ___FILE_ONLY___ ═
2024-11-29 09:53:53,363 INFO     ___FILE_ONLY___ ═
2024-11-29 09:53:53,364 INFO     ___FILE_ONLY___ ═
2024-11-29 09:53:53,364 INFO     ___FILE_ONLY___ ═
2024-11-29 09:53:53,365 INFO     ___FILE_ONLY___ ═
2024-11-29 09:53:53,365 INFO     ___FILE_ONLY___ ═
2024-11-29 09:53:53,366 INFO     ___FILE_ONLY___ ═
2024-11-29 09:53:53,366 INFO     ___FILE_ONLY___ ═
2024-11-29 09:53:53,366 INFO     ___FILE_ONLY___ ═
2024-11-29 09:53:53,367 INFO     ___FILE_ONLY___ ═
2024-11-29 09:53:53,367 INFO     ___FILE_ONLY___ ═
2024-11-29 09:53:53,367 INFO     ___FILE_ONLY___ ═
2024-11-29 09:53:53,368 INFO     ___FILE_ONLY___ ═
2024-11-29 09:53:53,368 INFO     ___FILE_ONLY___ ═
2024-11-29 09:53:53,369 INFO     ___FILE_ONLY___ ═
2024-11-29 09:53:53,370 INFO     ___FILE_ONLY___ ═
2024-11-29 09:53:53,370 INFO     ___FILE_ONLY___ ═
2024-11-29 09:53:53,371 INFO     ___FILE_ONLY___ ═
2024-11-29 09:53:53,372 INFO     ___FILE_ONLY___ ═
2024-11-29 09:53:53,373 INFO     ___FILE_ONLY___ ═
2024-11-29 09:53:53,374 INFO     ___FILE_ONLY___ ═
2024-11-29 09:53:53,374 INFO     ___FILE_ONLY___ ═
2024-11-29 09:53:53,374 INFO     ___FILE_ONLY___ ═
2024-11-29 09:53:53,375 INFO     ___FILE_ONLY___ ═
2024-11-29 09:53:53,375 INFO     ___FILE_ONLY___ ╝

2024-11-29 09:53:53,382 INFO     ___FILE_ONLY___ ╔════════════════════════════════════════════════════════════╗

2024-11-29 09:53:53,382 INFO     ___FILE_ONLY___ ╠═ Downloading: Skaffold                                    ═╣

2024-11-29 09:53:53,382 INFO     ___FILE_ONLY___ ╚
2024-11-29 09:53:53,382 INFO     ___FILE_ONLY___ ════════════════════════════════════════════════════════════
2024-11-29 09:53:53,382 INFO     ___FILE_ONLY___ ╝

2024-11-29 09:53:53,386 INFO     ___FILE_ONLY___ ╔════════════════════════════════════════════════════════════╗

2024-11-29 09:53:53,386 INFO     ___FILE_ONLY___ ╠═ Downloading: Skaffold (Platform Specific)                ═╣

2024-11-29 09:53:53,387 INFO     ___FILE_ONLY___ ╚
2024-11-29 09:53:53,388 DEBUG    urllib3.connectionpool Starting new HTTPS connection (1): dl.google.com:443
2024-11-29 09:53:53,536 DEBUG    urllib3.connectionpool https://dl.google.com:443 "GET /dl/cloudsdk/channels/rapid/components/google-cloud-sdk-skaffold-darwin-arm-20240806142304.tar.gz HTTP/1.1" 200 24031362
2024-11-29 09:53:53,893 INFO     ___FILE_ONLY___ ═
2024-11-29 09:53:53,894 INFO     ___FILE_ONLY___ ═
2024-11-29 09:53:53,894 INFO     ___FILE_ONLY___ ═
2024-11-29 09:53:53,895 INFO     ___FILE_ONLY___ ═
2024-11-29 09:53:53,895 INFO     ___FILE_ONLY___ ═
2024-11-29 09:53:53,895 INFO     ___FILE_ONLY___ ═
2024-11-29 09:53:53,895 INFO     ___FILE_ONLY___ ═
2024-11-29 09:53:53,896 INFO     ___FILE_ONLY___ ═
2024-11-29 09:53:53,896 INFO     ___FILE_ONLY___ ═
2024-11-29 09:53:53,896 INFO     ___FILE_ONLY___ ═
2024-11-29 09:53:53,896 INFO     ___FILE_ONLY___ ═
2024-11-29 09:53:53,897 INFO     ___FILE_ONLY___ ═
2024-11-29 09:53:53,897 INFO     ___FILE_ONLY___ ═
2024-11-29 09:53:53,897 INFO     ___FILE_ONLY___ ═
2024-11-29 09:53:53,897 INFO     ___FILE_ONLY___ ═
2024-11-29 09:53:53,898 INFO     ___FILE_ONLY___ ═
2024-11-29 09:53:53,898 INFO     ___FILE_ONLY___ ═
2024-11-29 09:53:53,898 INFO     ___FILE_ONLY___ ═
2024-11-29 09:53:53,898 INFO     ___FILE_ONLY___ ═
2024-11-29 09:53:53,898 INFO     ___FILE_ONLY___ ═
2024-11-29 09:53:53,899 INFO     ___FILE_ONLY___ ═
2024-11-29 09:53:53,899 INFO     ___FILE_ONLY___ ═
2024-11-29 09:53:53,899 INFO     ___FILE_ONLY___ ═
2024-11-29 09:53:53,899 INFO     ___FILE_ONLY___ ═
2024-11-29 09:53:53,900 INFO     ___FILE_ONLY___ ═
2024-11-29 09:53:53,900 INFO     ___FILE_ONLY___ ═
2024-11-29 09:53:53,900 INFO     ___FILE_ONLY___ ═
2024-11-29 09:53:53,900 INFO     ___FILE_ONLY___ ═
2024-11-29 09:53:53,900 INFO     ___FILE_ONLY___ ═
2024-11-29 09:53:53,901 INFO     ___FILE_ONLY___ ═
2024-11-29 09:53:53,901 INFO     ___FILE_ONLY___ ═
2024-11-29 09:53:53,901 INFO     ___FILE_ONLY___ ═
2024-11-29 09:53:53,901 INFO     ___FILE_ONLY___ ═
2024-11-29 09:53:53,901 INFO     ___FILE_ONLY___ ═
2024-11-29 09:53:53,902 INFO     ___FILE_ONLY___ ═
2024-11-29 09:53:53,902 INFO     ___FILE_ONLY___ ═
2024-11-29 09:53:53,902 INFO     ___FILE_ONLY___ ═
2024-11-29 09:53:53,902 INFO     ___FILE_ONLY___ ═
2024-11-29 09:53:53,903 INFO     ___FILE_ONLY___ ═
2024-11-29 09:53:53,903 INFO     ___FILE_ONLY___ ═
2024-11-29 09:53:53,904 INFO     ___FILE_ONLY___ ═
2024-11-29 09:53:53,905 INFO     ___FILE_ONLY___ ═
2024-11-29 09:53:53,905 INFO     ___FILE_ONLY___ ═
2024-11-29 09:53:53,905 INFO     ___FILE_ONLY___ ═
2024-11-29 09:53:53,906 INFO     ___FILE_ONLY___ ═
2024-11-29 09:53:53,906 INFO     ___FILE_ONLY___ ═
2024-11-29 09:53:53,906 INFO     ___FILE_ONLY___ ═
2024-11-29 09:53:53,907 INFO     ___FILE_ONLY___ ═
2024-11-29 09:53:53,907 INFO     ___FILE_ONLY___ ═
2024-11-29 09:53:53,907 INFO     ___FILE_ONLY___ ═
2024-11-29 09:53:53,907 INFO     ___FILE_ONLY___ ═
2024-11-29 09:53:53,907 INFO     ___FILE_ONLY___ ═
2024-11-29 09:53:53,908 INFO     ___FILE_ONLY___ ═
2024-11-29 09:53:53,908 INFO     ___FILE_ONLY___ ═
2024-11-29 09:53:53,908 INFO     ___FILE_ONLY___ ═
2024-11-29 09:53:53,908 INFO     ___FILE_ONLY___ ═
2024-11-29 09:53:53,909 INFO     ___FILE_ONLY___ ═
2024-11-29 09:53:53,909 INFO     ___FILE_ONLY___ ═
2024-11-29 09:53:53,909 INFO     ___FILE_ONLY___ ═
2024-11-29 09:53:53,909 INFO     ___FILE_ONLY___ ═
2024-11-29 09:53:53,909 INFO     ___FILE_ONLY___ ╝

2024-11-29 09:53:53,917 INFO     ___FILE_ONLY___ ╔════════════════════════════════════════════════════════════╗

2024-11-29 09:53:53,917 INFO     ___FILE_ONLY___ ╠═ Downloading: gcloud Alpha Commands                       ═╣

2024-11-29 09:53:53,917 INFO     ___FILE_ONLY___ ╚
2024-11-29 09:53:53,919 DEBUG    urllib3.connectionpool Starting new HTTPS connection (1): dl.google.com:443
2024-11-29 09:53:54,087 DEBUG    urllib3.connectionpool https://dl.google.com:443 "GET /dl/cloudsdk/channels/rapid/components/google-cloud-sdk-alpha-20241115154308.tar.gz HTTP/1.1" 200 800
2024-11-29 09:53:54,088 INFO     ___FILE_ONLY___ ════════════════════════════════════════════════════════════
2024-11-29 09:53:54,088 INFO     ___FILE_ONLY___ ╝

2024-11-29 09:53:54,094 INFO     ___FILE_ONLY___ ╔════════════════════════════════════════════════════════════╗

2024-11-29 09:53:54,094 INFO     ___FILE_ONLY___ ╠═ Downloading: gcloud Beta Commands                        ═╣

2024-11-29 09:53:54,094 INFO     ___FILE_ONLY___ ╚
2024-11-29 09:53:54,096 DEBUG    urllib3.connectionpool Starting new HTTPS connection (1): dl.google.com:443
2024-11-29 09:53:54,246 DEBUG    urllib3.connectionpool https://dl.google.com:443 "GET /dl/cloudsdk/channels/rapid/components/google-cloud-sdk-beta-20241115154308.tar.gz HTTP/1.1" 200 797
2024-11-29 09:53:54,247 INFO     ___FILE_ONLY___ ════════════════════════════════════════════════════════════
2024-11-29 09:53:54,247 INFO     ___FILE_ONLY___ ╝

2024-11-29 09:53:54,256 INFO     ___FILE_ONLY___ ╔════════════════════════════════════════════════════════════╗

2024-11-29 09:53:54,256 INFO     ___FILE_ONLY___ ╠═ Downloading: gcloud cli dependencies (Platform Specific) ═╣

2024-11-29 09:53:54,256 INFO     ___FILE_ONLY___ ╚
2024-11-29 09:53:54,258 DEBUG    urllib3.connectionpool Starting new HTTPS connection (1): dl.google.com:443
2024-11-29 09:53:54,398 DEBUG    urllib3.connectionpool https://dl.google.com:443 "GET /dl/cloudsdk/channels/rapid/components/google-cloud-sdk-gcloud-deps-darwin-x86_64-20210416153011.tar.gz HTTP/1.1" 200 105
2024-11-29 09:53:54,399 INFO     ___FILE_ONLY___ ════════════════════════════════════════════════════════════
2024-11-29 09:53:54,399 INFO     ___FILE_ONLY___ ╝

2024-11-29 09:53:54,408 INFO     ___FILE_ONLY___ ╔════════════════════════════════════════════════════════════╗

2024-11-29 09:53:54,409 INFO     ___FILE_ONLY___ ╠═ Downloading: gke-gcloud-auth-plugin                      ═╣

2024-11-29 09:53:54,409 INFO     ___FILE_ONLY___ ╚
2024-11-29 09:53:54,409 INFO     ___FILE_ONLY___ ════════════════════════════════════════════════════════════
2024-11-29 09:53:54,409 INFO     ___FILE_ONLY___ ╝

2024-11-29 09:53:54,416 INFO     ___FILE_ONLY___ ╔════════════════════════════════════════════════════════════╗

2024-11-29 09:53:54,416 INFO     ___FILE_ONLY___ ╠═ Downloading: gke-gcloud-auth-plugin (Platform Specific)  ═╣

2024-11-29 09:53:54,416 INFO     ___FILE_ONLY___ ╚
2024-11-29 09:53:54,418 DEBUG    urllib3.connectionpool Starting new HTTPS connection (1): dl.google.com:443
2024-11-29 09:53:54,563 DEBUG    urllib3.connectionpool https://dl.google.com:443 "GET /dl/cloudsdk/channels/rapid/components/google-cloud-sdk-gke-gcloud-auth-plugin-darwin-arm-20240628141907.tar.gz HTTP/1.1" 200 4148014
2024-11-29 09:53:54,672 INFO     ___FILE_ONLY___ ═
2024-11-29 09:53:54,672 INFO     ___FILE_ONLY___ ═
2024-11-29 09:53:54,673 INFO     ___FILE_ONLY___ ═
2024-11-29 09:53:54,673 INFO     ___FILE_ONLY___ ═
2024-11-29 09:53:54,673 INFO     ___FILE_ONLY___ ═
2024-11-29 09:53:54,673 INFO     ___FILE_ONLY___ ═
2024-11-29 09:53:54,673 INFO     ___FILE_ONLY___ ═
2024-11-29 09:53:54,673 INFO     ___FILE_ONLY___ ═
2024-11-29 09:53:54,673 INFO     ___FILE_ONLY___ ═
2024-11-29 09:53:54,674 INFO     ___FILE_ONLY___ ═
2024-11-29 09:53:54,674 INFO     ___FILE_ONLY___ ═
2024-11-29 09:53:54,674 INFO     ___FILE_ONLY___ ═
2024-11-29 09:53:54,674 INFO     ___FILE_ONLY___ ═
2024-11-29 09:53:54,674 INFO     ___FILE_ONLY___ ═
2024-11-29 09:53:54,674 INFO     ___FILE_ONLY___ ═
2024-11-29 09:53:54,674 INFO     ___FILE_ONLY___ ═
2024-11-29 09:53:54,675 INFO     ___FILE_ONLY___ ═
2024-11-29 09:53:54,675 INFO     ___FILE_ONLY___ ═
2024-11-29 09:53:54,675 INFO     ___FILE_ONLY___ ═
2024-11-29 09:53:54,675 INFO     ___FILE_ONLY___ ═
2024-11-29 09:53:54,675 INFO     ___FILE_ONLY___ ═
2024-11-29 09:53:54,675 INFO     ___FILE_ONLY___ ═
2024-11-29 09:53:54,676 INFO     ___FILE_ONLY___ ═
2024-11-29 09:53:54,676 INFO     ___FILE_ONLY___ ═
2024-11-29 09:53:54,676 INFO     ___FILE_ONLY___ ═
2024-11-29 09:53:54,676 INFO     ___FILE_ONLY___ ═
2024-11-29 09:53:54,676 INFO     ___FILE_ONLY___ ═
2024-11-29 09:53:54,676 INFO     ___FILE_ONLY___ ═
2024-11-29 09:53:54,677 INFO     ___FILE_ONLY___ ═
2024-11-29 09:53:54,677 INFO     ___FILE_ONLY___ ═
2024-11-29 09:53:54,677 INFO     ___FILE_ONLY___ ═
2024-11-29 09:53:54,677 INFO     ___FILE_ONLY___ ═
2024-11-29 09:53:54,678 INFO     ___FILE_ONLY___ ═
2024-11-29 09:53:54,678 INFO     ___FILE_ONLY___ ═
2024-11-29 09:53:54,678 INFO     ___FILE_ONLY___ ═
2024-11-29 09:53:54,678 INFO     ___FILE_ONLY___ ═
2024-11-29 09:53:54,678 INFO     ___FILE_ONLY___ ═
2024-11-29 09:53:54,679 INFO     ___FILE_ONLY___ ═
2024-11-29 09:53:54,679 INFO     ___FILE_ONLY___ ═
2024-11-29 09:53:54,679 INFO     ___FILE_ONLY___ ═
2024-11-29 09:53:54,679 INFO     ___FILE_ONLY___ ═
2024-11-29 09:53:54,679 INFO     ___FILE_ONLY___ ═
2024-11-29 09:53:54,679 INFO     ___FILE_ONLY___ ═
2024-11-29 09:53:54,679 INFO     ___FILE_ONLY___ ═
2024-11-29 09:53:54,679 INFO     ___FILE_ONLY___ ═
2024-11-29 09:53:54,680 INFO     ___FILE_ONLY___ ═
2024-11-29 09:53:54,680 INFO     ___FILE_ONLY___ ═
2024-11-29 09:53:54,680 INFO     ___FILE_ONLY___ ═
2024-11-29 09:53:54,680 INFO     ___FILE_ONLY___ ═
2024-11-29 09:53:54,680 INFO     ___FILE_ONLY___ ═
2024-11-29 09:53:54,680 INFO     ___FILE_ONLY___ ═
2024-11-29 09:53:54,680 INFO     ___FILE_ONLY___ ═
2024-11-29 09:53:54,680 INFO     ___FILE_ONLY___ ═
2024-11-29 09:53:54,681 INFO     ___FILE_ONLY___ ═
2024-11-29 09:53:54,681 INFO     ___FILE_ONLY___ ═
2024-11-29 09:53:54,681 INFO     ___FILE_ONLY___ ═
2024-11-29 09:53:54,681 INFO     ___FILE_ONLY___ ═
2024-11-29 09:53:54,681 INFO     ___FILE_ONLY___ ═
2024-11-29 09:53:54,681 INFO     ___FILE_ONLY___ ═
2024-11-29 09:53:54,681 INFO     ___FILE_ONLY___ ═
2024-11-29 09:53:54,681 INFO     ___FILE_ONLY___ ╝

2024-11-29 09:53:54,694 INFO     ___FILE_ONLY___ ╔════════════════════════════════════════════════════════════╗

2024-11-29 09:53:54,695 INFO     ___FILE_ONLY___ ╠═ Downloading: kubectl                                     ═╣

2024-11-29 09:53:54,695 INFO     ___FILE_ONLY___ ╚
2024-11-29 09:53:54,707 DEBUG    urllib3.connectionpool Starting new HTTPS connection (1): dl.google.com:443
2024-11-29 09:53:54,852 DEBUG    urllib3.connectionpool https://dl.google.com:443 "GET /dl/cloudsdk/channels/rapid/components/google-cloud-sdk-kubectl-20241004144944.tar.gz HTTP/1.1" 200 36206
2024-11-29 09:53:54,859 INFO     ___FILE_ONLY___ ═══════════════════════════
2024-11-29 09:53:54,860 INFO     ___FILE_ONLY___ ═══════════════════════════
2024-11-29 09:53:54,860 INFO     ___FILE_ONLY___ ══════
2024-11-29 09:53:54,860 INFO     ___FILE_ONLY___ ╝

2024-11-29 09:53:54,874 INFO     ___FILE_ONLY___ ╔════════════════════════════════════════════════════════════╗

2024-11-29 09:53:54,874 INFO     ___FILE_ONLY___ ╠═ Downloading: kubectl (Platform Specific)                 ═╣

2024-11-29 09:53:54,874 INFO     ___FILE_ONLY___ ╚
2024-11-29 09:53:54,878 DEBUG    urllib3.connectionpool Starting new HTTPS connection (1): dl.google.com:443
2024-11-29 09:53:55,031 DEBUG    urllib3.connectionpool https://dl.google.com:443 "GET /dl/cloudsdk/channels/rapid/components/google-cloud-sdk-kubectl-darwin-arm-20241108162203.tar.gz HTTP/1.1" 200 90277960
2024-11-29 09:53:56,261 INFO     ___FILE_ONLY___ ═
2024-11-29 09:53:56,262 INFO     ___FILE_ONLY___ ═
2024-11-29 09:53:56,264 INFO     ___FILE_ONLY___ ═
2024-11-29 09:53:56,264 INFO     ___FILE_ONLY___ ═
2024-11-29 09:53:56,265 INFO     ___FILE_ONLY___ ═
2024-11-29 09:53:56,266 INFO     ___FILE_ONLY___ ═
2024-11-29 09:53:56,267 INFO     ___FILE_ONLY___ ═
2024-11-29 09:53:56,268 INFO     ___FILE_ONLY___ ═
2024-11-29 09:53:56,270 INFO     ___FILE_ONLY___ ═
2024-11-29 09:53:56,271 INFO     ___FILE_ONLY___ ═
2024-11-29 09:53:56,271 INFO     ___FILE_ONLY___ ═
2024-11-29 09:53:56,273 INFO     ___FILE_ONLY___ ═
2024-11-29 09:53:56,273 INFO     ___FILE_ONLY___ ═
2024-11-29 09:53:56,274 INFO     ___FILE_ONLY___ ═
2024-11-29 09:53:56,276 INFO     ___FILE_ONLY___ ═
2024-11-29 09:53:56,277 INFO     ___FILE_ONLY___ ═
2024-11-29 09:53:56,279 INFO     ___FILE_ONLY___ ═
2024-11-29 09:53:56,279 INFO     ___FILE_ONLY___ ═
2024-11-29 09:53:56,280 INFO     ___FILE_ONLY___ ═
2024-11-29 09:53:56,281 INFO     ___FILE_ONLY___ ═
2024-11-29 09:53:56,282 INFO     ___FILE_ONLY___ ═
2024-11-29 09:53:56,283 INFO     ___FILE_ONLY___ ═
2024-11-29 09:53:56,285 INFO     ___FILE_ONLY___ ═
2024-11-29 09:53:56,286 INFO     ___FILE_ONLY___ ═
2024-11-29 09:53:56,288 INFO     ___FILE_ONLY___ ═
2024-11-29 09:53:56,288 INFO     ___FILE_ONLY___ ═
2024-11-29 09:53:56,289 INFO     ___FILE_ONLY___ ═
2024-11-29 09:53:56,290 INFO     ___FILE_ONLY___ ═
2024-11-29 09:53:56,291 INFO     ___FILE_ONLY___ ═
2024-11-29 09:53:56,292 INFO     ___FILE_ONLY___ ═
2024-11-29 09:53:56,293 INFO     ___FILE_ONLY___ ═
2024-11-29 09:53:56,295 INFO     ___FILE_ONLY___ ═
2024-11-29 09:53:56,297 INFO     ___FILE_ONLY___ ═
2024-11-29 09:53:56,298 INFO     ___FILE_ONLY___ ═
2024-11-29 09:53:56,299 INFO     ___FILE_ONLY___ ═
2024-11-29 09:53:56,300 INFO     ___FILE_ONLY___ ═
2024-11-29 09:53:56,301 INFO     ___FILE_ONLY___ ═
2024-11-29 09:53:56,302 INFO     ___FILE_ONLY___ ═
2024-11-29 09:53:56,303 INFO     ___FILE_ONLY___ ═
2024-11-29 09:53:56,304 INFO     ___FILE_ONLY___ ═
2024-11-29 09:53:56,304 INFO     ___FILE_ONLY___ ═
2024-11-29 09:53:56,305 INFO     ___FILE_ONLY___ ═
2024-11-29 09:53:56,306 INFO     ___FILE_ONLY___ ═
2024-11-29 09:53:56,307 INFO     ___FILE_ONLY___ ═
2024-11-29 09:53:56,309 INFO     ___FILE_ONLY___ ═
2024-11-29 09:53:56,309 INFO     ___FILE_ONLY___ ═
2024-11-29 09:53:56,310 INFO     ___FILE_ONLY___ ═
2024-11-29 09:53:56,311 INFO     ___FILE_ONLY___ ═
2024-11-29 09:53:56,312 INFO     ___FILE_ONLY___ ═
2024-11-29 09:53:56,312 INFO     ___FILE_ONLY___ ═
2024-11-29 09:53:56,313 INFO     ___FILE_ONLY___ ═
2024-11-29 09:53:56,315 INFO     ___FILE_ONLY___ ═
2024-11-29 09:53:56,316 INFO     ___FILE_ONLY___ ═
2024-11-29 09:53:56,316 INFO     ___FILE_ONLY___ ═
2024-11-29 09:53:56,317 INFO     ___FILE_ONLY___ ═
2024-11-29 09:53:56,318 INFO     ___FILE_ONLY___ ═
2024-11-29 09:53:56,319 INFO     ___FILE_ONLY___ ═
2024-11-29 09:53:56,320 INFO     ___FILE_ONLY___ ═
2024-11-29 09:53:56,322 INFO     ___FILE_ONLY___ ═
2024-11-29 09:53:56,323 INFO     ___FILE_ONLY___ ═
2024-11-29 09:53:56,324 INFO     ___FILE_ONLY___ ╝

2024-11-29 09:53:56,334 INFO     ___FILE_ONLY___ ╔════════════════════════════════════════════════════════════╗

2024-11-29 09:53:56,334 INFO     ___FILE_ONLY___ ╠═ Installing: Google Cloud CLI Core Libraries (Platform... ═╣

2024-11-29 09:53:56,334 INFO     ___FILE_ONLY___ ╚
2024-11-29 09:53:56,335 INFO     ___FILE_ONLY___ ══════════════════════════════
2024-11-29 09:53:56,335 INFO     ___FILE_ONLY___ ══════════════════════════════
2024-11-29 09:53:56,335 INFO     ___FILE_ONLY___ ╝

2024-11-29 09:53:56,345 INFO     ___FILE_ONLY___ ╔════════════════════════════════════════════════════════════╗

2024-11-29 09:53:56,345 INFO     ___FILE_ONLY___ ╠═ Installing: Minikube                                     ═╣

2024-11-29 09:53:56,345 INFO     ___FILE_ONLY___ ╚
2024-11-29 09:53:56,347 INFO     ___FILE_ONLY___ ════════════════════════════════════════════════════════════
2024-11-29 09:53:56,347 INFO     ___FILE_ONLY___ ╝

2024-11-29 09:53:56,351 INFO     ___FILE_ONLY___ ╔════════════════════════════════════════════════════════════╗

2024-11-29 09:53:56,351 INFO     ___FILE_ONLY___ ╠═ Installing: Minikube (Platform Specific)                 ═╣

2024-11-29 09:53:56,351 INFO     ___FILE_ONLY___ ╚
2024-11-29 09:53:56,764 INFO     ___FILE_ONLY___ ════════════════════════════════════════════════════════════
2024-11-29 09:53:56,765 INFO     ___FILE_ONLY___ ════════════════════════════════════════════════════════════
2024-11-29 09:53:56,765 DEBUG    root            [Errno 32] Broken pipe
Traceback (most recent call last):
  File "/Users/gabrielpaura/Library/Application Support/cloud-code/installer/google-cloud-sdk/lib/googlecloudsdk/core/updater/update_manager.py", line 908, in _UpdateWithProgressBar
    result = action_func(component.id, progress_callback=pb.SetProgress)
             ^^^^^^^^^^^^^^^^^^^^^^^^^^^^^^^^^^^^^^^^^^^^^^^^^^^^^^^^^^^
  File "/Users/gabrielpaura/Library/Application Support/cloud-code/installer/google-cloud-sdk/lib/googlecloudsdk/core/updater/update_manager.py", line 934, in Inner
    return install_state.Install(
           ^^^^^^^^^^^^^^^^^^^^^^
  File "/Users/gabrielpaura/Library/Application Support/cloud-code/installer/google-cloud-sdk/lib/googlecloudsdk/core/updater/local_state.py", line 104, in _TryFunc
    return func(*args, **kwargs)
           ^^^^^^^^^^^^^^^^^^^^^
  File "/Users/gabrielpaura/Library/Application Support/cloud-code/installer/google-cloud-sdk/lib/googlecloudsdk/core/updater/local_state.py", line 484, in Install
    files = self._component_installer.Extract(
            ^^^^^^^^^^^^^^^^^^^^^^^^^^^^^^^^^^
  File "/Users/gabrielpaura/Library/Application Support/cloud-code/installer/google-cloud-sdk/lib/googlecloudsdk/core/updater/installers.py", line 357, in Extract
    return ExtractTar(
           ^^^^^^^^^^^
  File "/Users/gabrielpaura/Library/Application Support/cloud-code/installer/google-cloud-sdk/lib/googlecloudsdk/core/updater/installers.py", line 271, in ExtractTar
    progress_callback(num / total_files)
  File "/Users/gabrielpaura/Library/Application Support/cloud-code/installer/google-cloud-sdk/lib/googlecloudsdk/core/console/console_io.py", line 872, in SetProgress
    self._Write(self._box.d_h * new_ticks)
  File "/Users/gabrielpaura/Library/Application Support/cloud-code/installer/google-cloud-sdk/lib/googlecloudsdk/core/console/console_io.py", line 884, in _Write
    self._stream.write(msg)
  File "/Users/gabrielpaura/Library/Application Support/cloud-code/installer/google-cloud-sdk/lib/googlecloudsdk/core/log.py", line 237, in write
    self._Write(plain_text, styled_text)
  File "/Users/gabrielpaura/Library/Application Support/cloud-code/installer/google-cloud-sdk/lib/googlecloudsdk/core/log.py", line 232, in _Write
    self.flush()
  File "/Users/gabrielpaura/Library/Application Support/cloud-code/installer/google-cloud-sdk/lib/googlecloudsdk/core/log.py", line 247, in flush
    self.__stream_wrapper.stream.flush()
BrokenPipeError: [Errno 32] Broken pipe

During handling of the above exception, another exception occurred:

Traceback (most recent call last):
  File "/Users/gabrielpaura/Library/Application Support/cloud-code/installer/google-cloud-sdk/lib/googlecloudsdk/calliope/cli.py", line 998, in Execute
    resources = calliope_command.Run(cli=self, args=args)
                ^^^^^^^^^^^^^^^^^^^^^^^^^^^^^^^^^^^^^^^^^
  File "/Users/gabrielpaura/Library/Application Support/cloud-code/installer/google-cloud-sdk/lib/googlecloudsdk/calliope/backend.py", line 843, in Run
    resources = command_instance.Run(args)
                ^^^^^^^^^^^^^^^^^^^^^^^^^^
  File "/Users/gabrielpaura/Library/Application Support/cloud-code/installer/google-cloud-sdk/lib/surface/components/update.py", line 119, in Run
    update_manager.Update(args.component_ids, version=args.version)
  File "/Users/gabrielpaura/Library/Application Support/cloud-code/installer/google-cloud-sdk/lib/googlecloudsdk/core/updater/update_manager.py", line 1086, in Update
    self._UpdateWithProgressBar(
  File "/Users/gabrielpaura/Library/Application Support/cloud-code/installer/google-cloud-sdk/lib/googlecloudsdk/core/updater/update_manager.py", line 905, in _UpdateWithProgressBar
    with console_io.ProgressBar(
         ^^^^^^^^^^^^^^^^^^^^^^^
  File "/Users/gabrielpaura/Library/Application Support/cloud-code/installer/google-cloud-sdk/lib/googlecloudsdk/core/console/console_io.py", line 891, in __exit__
    self.Finish()
  File "/Users/gabrielpaura/Library/Application Support/cloud-code/installer/google-cloud-sdk/lib/googlecloudsdk/core/console/console_io.py", line 881, in Finish
    self.SetProgress(1)
  File "/Users/gabrielpaura/Library/Application Support/cloud-code/installer/google-cloud-sdk/lib/googlecloudsdk/core/console/console_io.py", line 872, in SetProgress
    self._Write(self._box.d_h * new_ticks)
  File "/Users/gabrielpaura/Library/Application Support/cloud-code/installer/google-cloud-sdk/lib/googlecloudsdk/core/console/console_io.py", line 884, in _Write
    self._stream.write(msg)
  File "/Users/gabrielpaura/Library/Application Support/cloud-code/installer/google-cloud-sdk/lib/googlecloudsdk/core/log.py", line 237, in write
    self._Write(plain_text, styled_text)
  File "/Users/gabrielpaura/Library/Application Support/cloud-code/installer/google-cloud-sdk/lib/googlecloudsdk/core/log.py", line 232, in _Write
    self.flush()
  File "/Users/gabrielpaura/Library/Application Support/cloud-code/installer/google-cloud-sdk/lib/googlecloudsdk/core/log.py", line 247, in flush
    self.__stream_wrapper.stream.flush()
BrokenPipeError: [Errno 32] Broken pipe
